 line   address	contents
    1                      ; Linked by DLX-LD.
    2                      ; MemSize 24576
    3                      ; Data size: 125
    4                      ; Text size: 4892
    5                      ; Stack size: 8192
    6  00000000          	.text 0x1000
    7  00001000          	.data 0x3000
    8                      ; Compiled by GCC
    9  00003000          	.text
   10  00001000          	.align 2
   11  00001000          	.proc _isspace
   12  00001000          	.global _isspace
   13  00001000          	_isspace:
   14                      ;  Function 'isspace'; 0 bytes of locals, 1 regs to save.
   15  00001000  afbefffc	sw	-4(r29),r30; push fp
   16  00001004  001df020	add	r30,r0,r29; fp = sp
   17  00001008  afbffff8	sw	-8(r29),r31; push ret addr
   18  0000100c  2fbd0010	subui	r29,r29,#16; alloc local storage
   19  00001010  afa20000	sw	0(r29),r2
   20  00001014  83c20003	lb	r2,3(r30)
   21  00001018  201f0000	addi	r31,r0,#0
   22  0000101c  304100ff	andi	r1,r2,#0x00ff
   23  00001020  60210020	seqi	r1,r1,#32
   24  00001024  14200018	bnez	r1,L6_LF0
   25  00001028  54000000	nop; not filled.
   26  0000102c  2041fff7	addi	r1,r2,#-9
   27  00001030  302100ff	andi	r1,r1,#0x00ff
   28  00001034  70210001	sleui	r1,r1,#1
   29  00001038  10200008	beqz	r1,L5_LF0
   30  0000103c  54000000	nop; not filled.
   31  00001040          	L6_LF0:
   32  00001040  201f0001	addi	r31,r0,#1
   33  00001044          	L5_LF0:
   34  00001044  001f0820	add	r1,r0,r31
   35  00001048  8fa20000	lw	r2,0(r29)
   36  0000104c  8fdffff8	lw	r31,-8(r30)
   37  00001050  001ee820	add	r29,r0,r30
   38  00001054  8fdefffc	lw	r30,-4(r30)
   39  00001058  4be00000	jr	r31
   40  0000105c  54000000	nop
   41  00001060          	.endproc _isspace
   42  00001060          	.align 2
   43  00001060          	.proc _isxdigit
   44  00001060          	.global _isxdigit
   45  00001060          	_isxdigit:
   46                      ;  Function 'isxdigit'; 0 bytes of locals, 1 regs to save.
   47  00001060  afbefffc	sw	-4(r29),r30; push fp
   48  00001064  001df020	add	r30,r0,r29; fp = sp
   49  00001068  afbffff8	sw	-8(r29),r31; push ret addr
   50  0000106c  2fbd0010	subui	r29,r29,#16; alloc local storage
   51  00001070  afa20000	sw	0(r29),r2
   52  00001074  83df0003	lb	r31,3(r30)
   53  00001078  20020000	addi	r2,r0,#0
   54  0000107c  23e1ffd0	addi	r1,r31,#-48
   55  00001080  302100ff	andi	r1,r1,#0x00ff
   56  00001084  70210009	sleui	r1,r1,#9
   57  00001088  14200028	bnez	r1,L12_LF0
   58  0000108c  54000000	nop; not filled.
   59  00001090  23e1ff9f	addi	r1,r31,#-97
   60  00001094  302100ff	andi	r1,r1,#0x00ff
   61  00001098  70210005	sleui	r1,r1,#5
   62  0000109c  14200014	bnez	r1,L12_LF0
   63  000010a0  54000000	nop; not filled.
   64  000010a4  33e100ff	andi	r1,r31,#0x00ff
   65  000010a8  64210041	snei	r1,r1,#65
   66  000010ac  14200008	bnez	r1,L11_LF0
   67  000010b0  54000000	nop; not filled.
   68  000010b4          	L12_LF0:
   69  000010b4  20020001	addi	r2,r0,#1
   70  000010b8          	L11_LF0:
   71  000010b8  00020820	add	r1,r0,r2
   72  000010bc  8fa20000	lw	r2,0(r29)
   73  000010c0  8fdffff8	lw	r31,-8(r30)
   74  000010c4  001ee820	add	r29,r0,r30
   75  000010c8  8fdefffc	lw	r30,-4(r30)
   76  000010cc  4be00000	jr	r31
   77  000010d0  54000000	nop
   78  000010d4          	.endproc _isxdigit
   79  000010d4          	.data
   80  00003000          	.align 2
   81  00003000          	LC0_LF0:
   82  00003000  496e636f	.ascii "Incorrect Arguments for %s\n\000"
   82  00003004  72726563	
   82  00003008  74204172	
   82  0000300c  67756d65	
   82  00003010  6e747320	
   82  00003014  666f7220	
   82  00003018  25730a00	
   83  0000301c          	.align 2
   84  0000301c          	LC1_LF0:
   85  0000301c  42616420	.ascii "Bad semaphore sem_procs_completed (%d) in \000"
   85  00003020  73656d61	
   85  00003024  70686f72	
   85  00003028  65207365	
   85  0000302c  6d5f7072	
   85  00003030  6f63735f	
   85  00003034  636f6d70	
   85  00003038  6c657465	
   85  0000303c  64202825	
   85  00003040  64292069	
   85  00003044  6e2000  	
   86  00003047          	.align 2
   87  00003048          	LC2_LF0:
   88  00003048  2c206578	.ascii ", exiting...\n\000"
   88  0000304c  6974696e	
   88  00003050  672e2e2e	
   88  00003054  0a00    	
   89  00003056          	.align 2
   90  00003058          	LC3_LF0:
   91  00003058  32204832	.ascii "2 H2O -> 2 H2 + O2 reacted, PID: %d\n\000"
   91  0000305c  4f202d3e	
   91  00003060  20322048	
   91  00003064  32202b20	
   91  00003068  4f322072	
   91  0000306c  65616374	
   91  00003070  65642c20	
   91  00003074  5049443a	
   91  00003078  2025640a	
   91  0000307c  00      	
   92  0000307d          	.text
   93  000010d4          	.align 2
   94  000010d4          	.proc _main
   95  000010d4          	.global _main
   96  000010d4          	_main:
   97                      ;  Function 'main'; 0 bytes of locals, 0 regs to save.
   98  000010d4  afbefffc	sw	-4(r29),r30; push fp
   99  000010d8  001df020	add	r30,r0,r29; fp = sp
  100  000010dc  afbffff8	sw	-8(r29),r31; push ret addr
  101  000010e0  2fbd0008	subui	r29,r29,#8; alloc local storage
  102  000010e4  8fc20000	lw	r2,(r30)
  103  000010e8  8fc40004	lw	r4,4(r30)
  104  000010ec  0c001224	jal	___main
  105  000010f0  54000000	nop; not filled.
  106  000010f4  64410006	snei	r1,r2,#6
  107  000010f8  10200030	beqz	r1,L14_LF0
  108  000010fc  54000000	nop; not filled.
  109  00001100  23bdfff8	addi	r29,r29,#-8
  110  00001104  3c090000	lhi	r9,((LC0_LF0)>>16)&0xffff
  111  00001108  25293000	addui	r9,r9,(LC0_LF0)&0xffff
  112  0000110c  afa90000	sw	(r29),r9
  113  00001110  8c810000	lw	r1,(r4)
  114  00001114  afa10004	sw	4(r29),r1
  115  00001118  0c0003f0	jal	_Printf
  116  0000111c  54000000	nop; not filled.
  117  00001120  0c00049c	jal	_Exit
  118  00001124  54000000	nop; not filled.
  119  00001128  23bd0008	addi	r29,r29,#8
  120  0000112c          	L14_LF0:
  121  0000112c  23bdfff0	addi	r29,r29,#-16
  122  00001130  8c890004	lw	r9,4(r4)
  123  00001134  afa90000	sw	(r29),r9
  124  00001138  20090000	addi	r9,r0,#0
  125  0000113c  afa90004	sw	4(r29),r9
  126  00001140  2009000a	addi	r9,r0,#10
  127  00001144  afa90008	sw	8(r29),r9
  128  00001148  0c000d20	jal	_dstrtol
  129  0000114c  54000000	nop; not filled.
  130  00001150  00011020	add	r2,r0,r1
  131  00001154  8c890008	lw	r9,8(r4)
  132  00001158  afa90000	sw	(r29),r9
  133  0000115c  20090000	addi	r9,r0,#0
  134  00001160  afa90004	sw	4(r29),r9
  135  00001164  2009000a	addi	r9,r0,#10
  136  00001168  afa90008	sw	8(r29),r9
  137  0000116c  0c000cfc	jal	_dstrtol
  138  00001170  54000000	nop; not filled.
  139  00001174  00013020	add	r6,r0,r1
  140  00001178  8c89000c	lw	r9,12(r4)
  141  0000117c  afa90000	sw	(r29),r9
  142  00001180  20090000	addi	r9,r0,#0
  143  00001184  afa90004	sw	4(r29),r9
  144  00001188  2009000a	addi	r9,r0,#10
  145  0000118c  afa90008	sw	8(r29),r9
  146  00001190  0c000cd8	jal	_dstrtol
  147  00001194  54000000	nop; not filled.
  148  00001198  00012820	add	r5,r0,r1
  149  0000119c  8c890010	lw	r9,16(r4)
  150  000011a0  afa90000	sw	(r29),r9
  151  000011a4  20090000	addi	r9,r0,#0
  152  000011a8  afa90004	sw	4(r29),r9
  153  000011ac  2009000a	addi	r9,r0,#10
  154  000011b0  afa90008	sw	8(r29),r9
  155  000011b4  0c000cb4	jal	_dstrtol
  156  000011b8  54000000	nop; not filled.
  157  000011bc  00014020	add	r8,r0,r1
  158  000011c0  8c890014	lw	r9,20(r4)
  159  000011c4  afa90000	sw	(r29),r9
  160  000011c8  20090000	addi	r9,r0,#0
  161  000011cc  afa90004	sw	4(r29),r9
  162  000011d0  2009000a	addi	r9,r0,#10
  163  000011d4  afa90008	sw	8(r29),r9
  164  000011d8  0c000c90	jal	_dstrtol
  165  000011dc  54000000	nop; not filled.
  166  000011e0  00013820	add	r7,r0,r1
  167  000011e4  20030000	addi	r3,r0,#0
  168  000011e8  23bd0010	addi	r29,r29,#16
  169  000011ec  0067082a	slt	r1,r3,r7
  170  000011f0  10200258	beqz	r1,L16_LF0
  171  000011f4  54000000	nop; not filled.
  172  000011f8          	L18_LF0:
  173  000011f8  23bdfff8	addi	r29,r29,#-8
  174  000011fc  afa60000	sw	(r29),r6
  175  00001200  0c000350	jal	_sem_wait
  176  00001204  54000000	nop; not filled.
  177  00001208  23bd0008	addi	r29,r29,#8
  178  0000120c  64210001	snei	r1,r1,#1
  179  00001210  10200050	beqz	r1,L19_LF0
  180  00001214  54000000	nop; not filled.
  181  00001218  23bdfff8	addi	r29,r29,#-8
  182  0000121c  3c090000	lhi	r9,((LC1_LF0)>>16)&0xffff
  183  00001220  2529301c	addui	r9,r9,(LC1_LF0)&0xffff
  184  00001224  afa90000	sw	(r29),r9
  185  00001228  afa20004	sw	4(r29),r2
  186  0000122c  0c0002dc	jal	_Printf
  187  00001230  54000000	nop; not filled.
  188  00001234  8c890000	lw	r9,(r4)
  189  00001238  afa90000	sw	(r29),r9
  190  0000123c  0c0002cc	jal	_Printf
  191  00001240  54000000	nop; not filled.
  192  00001244  3c090000	lhi	r9,((LC2_LF0)>>16)&0xffff
  193  00001248  25293048	addui	r9,r9,(LC2_LF0)&0xffff
  194  0000124c  afa90000	sw	(r29),r9
  195  00001250  0c0002b8	jal	_Printf
  196  00001254  54000000	nop; not filled.
  197  00001258  0c000364	jal	_Exit
  198  0000125c  54000000	nop; not filled.
  199  00001260  23bd0008	addi	r29,r29,#8
  200  00001264          	L19_LF0:
  201  00001264  23bdfff8	addi	r29,r29,#-8
  202  00001268  afa60000	sw	(r29),r6
  203  0000126c  0c0002e4	jal	_sem_wait
  204  00001270  54000000	nop; not filled.
  205  00001274  23bd0008	addi	r29,r29,#8
  206  00001278  64210001	snei	r1,r1,#1
  207  0000127c  10200050	beqz	r1,L20_LF0
  208  00001280  54000000	nop; not filled.
  209  00001284  23bdfff8	addi	r29,r29,#-8
  210  00001288  3c090000	lhi	r9,((LC1_LF0)>>16)&0xffff
  211  0000128c  2529301c	addui	r9,r9,(LC1_LF0)&0xffff
  212  00001290  afa90000	sw	(r29),r9
  213  00001294  afa20004	sw	4(r29),r2
  214  00001298  0c000270	jal	_Printf
  215  0000129c  54000000	nop; not filled.
  216  000012a0  8c890000	lw	r9,(r4)
  217  000012a4  afa90000	sw	(r29),r9
  218  000012a8  0c000260	jal	_Printf
  219  000012ac  54000000	nop; not filled.
  220  000012b0  3c090000	lhi	r9,((LC2_LF0)>>16)&0xffff
  221  000012b4  25293048	addui	r9,r9,(LC2_LF0)&0xffff
  222  000012b8  afa90000	sw	(r29),r9
  223  000012bc  0c00024c	jal	_Printf
  224  000012c0  54000000	nop; not filled.
  225  000012c4  0c0002f8	jal	_Exit
  226  000012c8  54000000	nop; not filled.
  227  000012cc  23bd0008	addi	r29,r29,#8
  228  000012d0          	L20_LF0:
  229  000012d0  23bdfff8	addi	r29,r29,#-8
  230  000012d4  afa50000	sw	(r29),r5
  231  000012d8  0c000284	jal	_sem_signal
  232  000012dc  54000000	nop; not filled.
  233  000012e0  23bd0008	addi	r29,r29,#8
  234  000012e4  64210001	snei	r1,r1,#1
  235  000012e8  10200050	beqz	r1,L21_LF0
  236  000012ec  54000000	nop; not filled.
  237  000012f0  23bdfff8	addi	r29,r29,#-8
  238  000012f4  3c090000	lhi	r9,((LC1_LF0)>>16)&0xffff
  239  000012f8  2529301c	addui	r9,r9,(LC1_LF0)&0xffff
  240  000012fc  afa90000	sw	(r29),r9
  241  00001300  afa20004	sw	4(r29),r2
  242  00001304  0c000204	jal	_Printf
  243  00001308  54000000	nop; not filled.
  244  0000130c  8c890000	lw	r9,(r4)
  245  00001310  afa90000	sw	(r29),r9
  246  00001314  0c0001f4	jal	_Printf
  247  00001318  54000000	nop; not filled.
  248  0000131c  3c090000	lhi	r9,((LC2_LF0)>>16)&0xffff
  249  00001320  25293048	addui	r9,r9,(LC2_LF0)&0xffff
  250  00001324  afa90000	sw	(r29),r9
  251  00001328  0c0001e0	jal	_Printf
  252  0000132c  54000000	nop; not filled.
  253  00001330  0c00028c	jal	_Exit
  254  00001334  54000000	nop; not filled.
  255  00001338  23bd0008	addi	r29,r29,#8
  256  0000133c          	L21_LF0:
  257  0000133c  23bdfff8	addi	r29,r29,#-8
  258  00001340  afa50000	sw	(r29),r5
  259  00001344  0c000218	jal	_sem_signal
  260  00001348  54000000	nop; not filled.
  261  0000134c  23bd0008	addi	r29,r29,#8
  262  00001350  64210001	snei	r1,r1,#1
  263  00001354  10200050	beqz	r1,L22_LF0
  264  00001358  54000000	nop; not filled.
  265  0000135c  23bdfff8	addi	r29,r29,#-8
  266  00001360  3c090000	lhi	r9,((LC1_LF0)>>16)&0xffff
  267  00001364  2529301c	addui	r9,r9,(LC1_LF0)&0xffff
  268  00001368  afa90000	sw	(r29),r9
  269  0000136c  afa20004	sw	4(r29),r2
  270  00001370  0c000198	jal	_Printf
  271  00001374  54000000	nop; not filled.
  272  00001378  8c890000	lw	r9,(r4)
  273  0000137c  afa90000	sw	(r29),r9
  274  00001380  0c000188	jal	_Printf
  275  00001384  54000000	nop; not filled.
  276  00001388  3c090000	lhi	r9,((LC2_LF0)>>16)&0xffff
  277  0000138c  25293048	addui	r9,r9,(LC2_LF0)&0xffff
  278  00001390  afa90000	sw	(r29),r9
  279  00001394  0c000174	jal	_Printf
  280  00001398  54000000	nop; not filled.
  281  0000139c  0c000220	jal	_Exit
  282  000013a0  54000000	nop; not filled.
  283  000013a4  23bd0008	addi	r29,r29,#8
  284  000013a8          	L22_LF0:
  285  000013a8  23bdfff8	addi	r29,r29,#-8
  286  000013ac  afa80000	sw	(r29),r8
  287  000013b0  0c0001ac	jal	_sem_signal
  288  000013b4  54000000	nop; not filled.
  289  000013b8  23bd0008	addi	r29,r29,#8
  290  000013bc  64210001	snei	r1,r1,#1
  291  000013c0  10200050	beqz	r1,L23_LF0
  292  000013c4  54000000	nop; not filled.
  293  000013c8  23bdfff8	addi	r29,r29,#-8
  294  000013cc  3c090000	lhi	r9,((LC1_LF0)>>16)&0xffff
  295  000013d0  2529301c	addui	r9,r9,(LC1_LF0)&0xffff
  296  000013d4  afa90000	sw	(r29),r9
  297  000013d8  afa20004	sw	4(r29),r2
  298  000013dc  0c00012c	jal	_Printf
  299  000013e0  54000000	nop; not filled.
  300  000013e4  8c890000	lw	r9,(r4)
  301  000013e8  afa90000	sw	(r29),r9
  302  000013ec  0c00011c	jal	_Printf
  303  000013f0  54000000	nop; not filled.
  304  000013f4  3c090000	lhi	r9,((LC2_LF0)>>16)&0xffff
  305  000013f8  25293048	addui	r9,r9,(LC2_LF0)&0xffff
  306  000013fc  afa90000	sw	(r29),r9
  307  00001400  0c000108	jal	_Printf
  308  00001404  54000000	nop; not filled.
  309  00001408  0c0001b4	jal	_Exit
  310  0000140c  54000000	nop; not filled.
  311  00001410  23bd0008	addi	r29,r29,#8
  312  00001414          	L23_LF0:
  313  00001414  0c000100	jal	_getpid
  314  00001418  54000000	nop; not filled.
  315  0000141c  23bdfff8	addi	r29,r29,#-8
  316  00001420  3c090000	lhi	r9,((LC3_LF0)>>16)&0xffff
  317  00001424  25293058	addui	r9,r9,(LC3_LF0)&0xffff
  318  00001428  afa90000	sw	(r29),r9
  319  0000142c  afa10004	sw	4(r29),r1
  320  00001430  0c0000d8	jal	_Printf
  321  00001434  54000000	nop; not filled.
  322  00001438  23bd0008	addi	r29,r29,#8
  323  0000143c  20630001	addi	r3,r3,#1
  324  00001440  0067082a	slt	r1,r3,r7
  325  00001444  1420fdb0	bnez	r1,L18_LF0
  326  00001448  54000000	nop; not filled.
  327  0000144c          	L16_LF0:
  328  0000144c  23bdfff8	addi	r29,r29,#-8
  329  00001450  afa20000	sw	(r29),r2
  330  00001454  0c000108	jal	_sem_signal
  331  00001458  54000000	nop; not filled.
  332  0000145c  23bd0008	addi	r29,r29,#8
  333  00001460  64210001	snei	r1,r1,#1
  334  00001464  10200050	beqz	r1,L25_LF0
  335  00001468  54000000	nop; not filled.
  336  0000146c  23bdfff8	addi	r29,r29,#-8
  337  00001470  3c090000	lhi	r9,((LC1_LF0)>>16)&0xffff
  338  00001474  2529301c	addui	r9,r9,(LC1_LF0)&0xffff
  339  00001478  afa90000	sw	(r29),r9
  340  0000147c  afa20004	sw	4(r29),r2
  341  00001480  0c000088	jal	_Printf
  342  00001484  54000000	nop; not filled.
  343  00001488  8c840000	lw	r4,(r4)
  344  0000148c  afa40000	sw	(r29),r4
  345  00001490  0c000078	jal	_Printf
  346  00001494  54000000	nop; not filled.
  347  00001498  3c090000	lhi	r9,((LC2_LF0)>>16)&0xffff
  348  0000149c  25293048	addui	r9,r9,(LC2_LF0)&0xffff
  349  000014a0  afa90000	sw	(r29),r9
  350  000014a4  0c000064	jal	_Printf
  351  000014a8  54000000	nop; not filled.
  352  000014ac  0c000110	jal	_Exit
  353  000014b0  54000000	nop; not filled.
  354  000014b4  23bd0008	addi	r29,r29,#8
  355  000014b8          	L25_LF0:
  356  000014b8  20010000	addi	r1,r0,#0
  357  000014bc  0c000e48	jal	_exit
  358  000014c0  54000000	nop
  359  000014c4          	.endproc _main
  360                      ;;;
  361                      ;;; Stub functions for DLX traps.
  362                      ;;;
  363                      ;;; Ethan L. Miller, 1999.  Released to the public domain.
  364                      ;;;
  365                      ;;; The traps such as Open and Close
  366                      ;;; (note the capital letters) are for use by user programs.  The traps
  367                      ;;; with names such as open and close (lower case) are for use by the OS.
  368                      ;;;
  371  000014c4          	.align 2
  373                      ;;; The following are the traps to be used by user-level programs
  374                      ;;;
  376  000014c4          	.align 2
  377  000014c4          	.proc _Open
  378  000014c4          	.global _Open
  379  000014c4          	_Open:
  380                      ;;; Note that trap #0x213 actually causes a trap vector in the OS of
  381                      ;;; 0x1213.  The same is true for other user traps.  Thus, a user trap
  382                      ;;; with trap #0x240 will result in a trap vector of 0x1240 in the OS.
  383  000014c4  44000213	trap	#0x213
  384  000014c8  4be00000	jr	r31
  385  000014cc  54000000	nop
  386  000014d0          	.endproc _Open
  388  000014d0          	.proc _Close
  389  000014d0          	.global _Close
  390  000014d0          	_Close:
  391  000014d0  44000214	trap	#0x214
  392  000014d4  4be00000	jr	r31
  393  000014d8  54000000	nop
  394  000014dc          	.endproc _Close
  396  000014dc          	.proc _Read
  397  000014dc          	.global _Read
  398  000014dc          	_Read:
  399  000014dc  44000210	trap	#0x210
  400  000014e0  4be00000	jr	r31
  401  000014e4  54000000	nop
  402  000014e8          	.endproc _Read
  404  000014e8          	.proc _Write
  405  000014e8          	.global _Write
  406  000014e8          	_Write:
  407  000014e8  44000211	trap	#0x211
  408  000014ec  4be00000	jr	r31
  409  000014f0  54000000	nop
  410  000014f4          	.endproc _Write
  412  000014f4          	.proc _Lseek
  413  000014f4          	.global _Lseek
  414  000014f4          	_Lseek:
  415  000014f4  44000212	trap	#0x212
  416  000014f8  4be00000	jr	r31
  417  000014fc  54000000	nop
  418  00001500          	.endproc _Lseek
  420  00001500          	.proc _Putchar
  421  00001500          	.global _Putchar
  422  00001500          	_Putchar:
  423  00001500  44000280	trap	#0x280
  424  00001504  4be00000	jr	r31
  425  00001508  54000000	nop
  426  0000150c          	.endproc _Putchar
  428  0000150c          	.proc _Printf
  429  0000150c          	.global _Printf
  430  0000150c          	_Printf:
  431  0000150c  44000201	trap	#0x201
  432  00001510  4be00000	jr	r31
  433  00001514  54000000	nop
  434  00001518          	.endproc _Printf
  436  00001518          	.proc _getpid
  437  00001518          	.global _getpid
  438  00001518          	_getpid:
  439  00001518  44000431	trap	#0x431
  440  0000151c  4be00000	jr	r31
  441  00001520  54000000	nop
  442  00001524          	.endproc _getpid
  444  00001524          	.proc _process_create
  445  00001524          	.global _process_create
  446  00001524          	_process_create:
  447  00001524  44000432	trap	#0x432
  448  00001528  4be00000	jr	r31
  449  0000152c  54000000	nop
  450  00001530          	.endproc _process_create
  452  00001530          	.proc _shmget
  453  00001530          	.global _shmget
  454  00001530          	_shmget:
  455  00001530  44000440	trap	#0x440
  456  00001534  4be00000	jr	r31
  457  00001538  54000000	nop
  458  0000153c          	.endproc _shmget
  460  0000153c          	.proc _shmat
  461  0000153c          	.global _shmat
  462  0000153c          	_shmat:
  463  0000153c  44000441	trap	#0x441
  464  00001540  4be00000	jr	r31
  465  00001544  54000000	nop
  466  00001548          	.endproc _shmat
  468  00001548          	.proc _sem_create
  469  00001548          	.global _sem_create
  470  00001548          	_sem_create:
  471  00001548  44000450	trap	#0x450
  472  0000154c  4be00000	jr	r31
  473  00001550  54000000	nop
  474  00001554          	.endproc _sem_create
  476  00001554          	.proc _sem_wait
  477  00001554          	.global _sem_wait
  478  00001554          	_sem_wait:
  479  00001554  44000451	trap	#0x451
  480  00001558  4be00000	jr	r31
  481  0000155c  54000000	nop
  482  00001560          	.endproc _sem_wait
  484  00001560          	.proc _sem_signal
  485  00001560          	.global _sem_signal
  486  00001560          	_sem_signal:
  487  00001560  44000452	trap	#0x452
  488  00001564  4be00000	jr	r31
  489  00001568  54000000	nop
  490  0000156c          	.endproc _sem_signal
  492  0000156c          	.proc _lock_create
  493  0000156c          	.global _lock_create
  494  0000156c          	_lock_create:
  495  0000156c  44000453	trap	#0x453
  496  00001570  4be00000	jr	r31
  497  00001574  54000000	nop
  498  00001578          	.endproc _lock_create
  500  00001578          	.proc _lock_acquire
  501  00001578          	.global _lock_acquire
  502  00001578          	_lock_acquire:
  503  00001578  44000454	trap	#0x454
  504  0000157c  4be00000	jr	r31
  505  00001580  54000000	nop
  506  00001584          	.endproc _lock_acquire
  508  00001584          	.proc _lock_release
  509  00001584          	.global _lock_release
  510  00001584          	_lock_release:
  511  00001584  44000455	trap	#0x455
  512  00001588  4be00000	jr	r31
  513  0000158c  54000000	nop
  514  00001590          	.endproc _lock_release
  516  00001590          	.proc _cond_create
  517  00001590          	.global _cond_create
  518  00001590          	_cond_create:
  519  00001590  44000456	trap	#0x456
  520  00001594  4be00000	jr	r31
  521  00001598  54000000	nop
  522  0000159c          	.endproc _cond_create
  524  0000159c          	.proc _cond_wait
  525  0000159c          	.global _cond_wait
  526  0000159c          	_cond_wait:
  527  0000159c  44000457	trap	#0x457
  528  000015a0  4be00000	jr	r31
  529  000015a4  54000000	nop
  530  000015a8          	.endproc _cond_wait
  532  000015a8          	.proc _cond_signal
  533  000015a8          	.global _cond_signal
  534  000015a8          	_cond_signal:
  535  000015a8  44000458	trap	#0x458
  536  000015ac  4be00000	jr	r31
  537  000015b0  54000000	nop
  538  000015b4          	.endproc _cond_signal
  540  000015b4          	.proc _cond_broadcast
  541  000015b4          	.global _cond_broadcast
  542  000015b4          	_cond_broadcast:
  543  000015b4  44000459	trap	#0x459
  544  000015b8  4be00000	jr	r31
  545  000015bc  54000000	nop
  546  000015c0          	.endproc _cond_broadcast
  548  000015c0          	.proc _Exit
  549  000015c0          	.global _Exit
  550  000015c0          	_Exit:
  551  000015c0  44000500	trap	#0x500
  552  000015c4  4be00000	jr	r31
  553  000015c8  54000000	nop
  554  000015cc          	.endproc _Exit
  555                      ; Compiled by GCC
  557  000015cc          	.align 2
  558  000015cc          	.proc _isspace
  559  000015cc          	.global _isspace
  560  000015cc          	_isspace:
  561                      ;  Function 'isspace'; 0 bytes of locals, 3 regs to save.
  562  000015cc  afbefffc	sw	-4(r29),r30; push fp
  563  000015d0  001df020	add	r30,r0,r29; fp = sp
  564  000015d4  afbffff8	sw	-8(r29),r31; push ret addr
  565  000015d8  2fbd0018	subui	r29,r29,#24; alloc local storage
  566  000015dc  afa20000	sw	0(r29),r2
  567  000015e0  afa30004	sw	4(r29),r3
  568  000015e4  afa40008	sw	8(r29),r4
  569  000015e8  83c20003	lb	r2,3(r30)
  570  000015ec  20010000	addi	r1,r0,#0
  571  000015f0  304300ff	andi	r3,r2,#0x00ff
  572  000015f4  60640020	seqi	r4,r3,#32
  573  000015f8  1480002c	bnez	r4,L3_LF2
  574  000015fc  54000000	nop; delay slot nop
  575  00001600  304300ff	andi	r3,r2,#0x00ff
  576  00001604  60640009	seqi	r4,r3,#9
  577  00001608  1480001c	bnez	r4,L3_LF2
  578  0000160c  54000000	nop; delay slot nop
  579  00001610  304300ff	andi	r3,r2,#0x00ff
  580  00001614  6064000a	seqi	r4,r3,#10
  581  00001618  1480000c	bnez	r4,L3_LF2
  582  0000161c  54000000	nop; delay slot nop
  583  00001620  08000008	j	L2_LF2
  584  00001624  54000000	nop; delay slot nop
  585  00001628          	L3_LF2:
  586  00001628  20010001	addi	r1,r0,#1
  587  0000162c          	L2_LF2:
  588  0000162c  08000004	j	L1_LF2
  589  00001630  54000000	nop; delay slot nop
  590  00001634          	L1_LF2:
  591  00001634  8fa20000	lw	r2,0(r29)
  592  00001638  8fa30004	lw	r3,4(r29)
  593  0000163c  8fa40008	lw	r4,8(r29)
  594  00001640  8fdffff8	lw	r31,-8(r30)
  595  00001644  001ee820	add	r29,r0,r30
  596  00001648  8fdefffc	lw	r30,-4(r30)
  597  0000164c  4be00000	jr	r31
  598  00001650  54000000	nop
  599  00001654          	.endproc _isspace
  600  00001654          	.align 2
  601  00001654          	.proc _isxdigit
  602  00001654          	.global _isxdigit
  603  00001654          	_isxdigit:
  604                      ;  Function 'isxdigit'; 0 bytes of locals, 3 regs to save.
  605  00001654  afbefffc	sw	-4(r29),r30; push fp
  606  00001658  001df020	add	r30,r0,r29; fp = sp
  607  0000165c  afbffff8	sw	-8(r29),r31; push ret addr
  608  00001660  2fbd0018	subui	r29,r29,#24; alloc local storage
  609  00001664  afa20000	sw	0(r29),r2
  610  00001668  afa30004	sw	4(r29),r3
  611  0000166c  afa40008	sw	8(r29),r4
  612  00001670  83c20003	lb	r2,3(r30)
  613  00001674  20010000	addi	r1,r0,#0
  614  00001678  304300ff	andi	r3,r2,#0x00ff
  615  0000167c  6c64002f	sgtui	r4,r3,#47
  616  00001680  1080001c	beqz	r4,L7_LF2
  617  00001684  54000000	nop; delay slot nop
  618  00001688  304300ff	andi	r3,r2,#0x00ff
  619  0000168c  70640039	sleui	r4,r3,#57
  620  00001690  1480005c	bnez	r4,L6_LF2
  621  00001694  54000000	nop; delay slot nop
  622  00001698  08000004	j	L7_LF2
  623  0000169c  54000000	nop; delay slot nop
  624  000016a0          	L7_LF2:
  625  000016a0  304300ff	andi	r3,r2,#0x00ff
  626  000016a4  6c640060	sgtui	r4,r3,#96
  627  000016a8  1080001c	beqz	r4,L8_LF2
  628  000016ac  54000000	nop; delay slot nop
  629  000016b0  304300ff	andi	r3,r2,#0x00ff
  630  000016b4  70640066	sleui	r4,r3,#102
  631  000016b8  14800034	bnez	r4,L6_LF2
  632  000016bc  54000000	nop; delay slot nop
  633  000016c0  08000004	j	L8_LF2
  634  000016c4  54000000	nop; delay slot nop
  635  000016c8          	L8_LF2:
  636  000016c8  304300ff	andi	r3,r2,#0x00ff
  637  000016cc  6c640040	sgtui	r4,r3,#64
  638  000016d0  10800020	beqz	r4,L5_LF2
  639  000016d4  54000000	nop; delay slot nop
  640  000016d8  304300ff	andi	r3,r2,#0x00ff
  641  000016dc  70640041	sleui	r4,r3,#65
  642  000016e0  1480000c	bnez	r4,L6_LF2
  643  000016e4  54000000	nop; delay slot nop
  644  000016e8  08000008	j	L5_LF2
  645  000016ec  54000000	nop; delay slot nop
  646  000016f0          	L6_LF2:
  647  000016f0  20010001	addi	r1,r0,#1
  648  000016f4          	L5_LF2:
  649  000016f4  08000004	j	L4_LF2
  650  000016f8  54000000	nop; delay slot nop
  651  000016fc          	L4_LF2:
  652  000016fc  8fa20000	lw	r2,0(r29)
  653  00001700  8fa30004	lw	r3,4(r29)
  654  00001704  8fa40008	lw	r4,8(r29)
  655  00001708  8fdffff8	lw	r31,-8(r30)
  656  0000170c  001ee820	add	r29,r0,r30
  657  00001710  8fdefffc	lw	r30,-4(r30)
  658  00001714  4be00000	jr	r31
  659  00001718  54000000	nop
  660  0000171c          	.endproc _isxdigit
  661  0000171c          	.align 2
  662  0000171c          	.proc _dstrcpy
  663  0000171c          	.global _dstrcpy
  664  0000171c          	_dstrcpy:
  665                      ;  Function 'dstrcpy'; 8 bytes of locals, 2 regs to save.
  666  0000171c  afbefffc	sw	-4(r29),r30; push fp
  667  00001720  001df020	add	r30,r0,r29; fp = sp
  668  00001724  afbffff8	sw	-8(r29),r31; push ret addr
  669  00001728  2fbd0018	subui	r29,r29,#24; alloc local storage
  670  0000172c  afa20000	sw	0(r29),r2
  671  00001730  afa30004	sw	4(r29),r3
  672  00001734  8fc10000	lw	r1,(r30)
  673  00001738  afc1fff4	sw	-12(r30),r1
  674  0000173c          	L10_LF2:
  675  0000173c  8fc10000	lw	r1,(r30)
  676  00001740  20220001	addi	r2,r1,#1
  677  00001744  afc20000	sw	(r30),r2
  678  00001748  8fc20004	lw	r2,4(r30)
  679  0000174c  20430001	addi	r3,r2,#1
  680  00001750  afc30004	sw	4(r30),r3
  681  00001754  80420000	lb	r2,(r2)
  682  00001758  a0220000	sb	(r1),r2
  683  0000175c  a3c2fff3	sb	-13(r30),r2
  684  00001760          	L12_LF2:
  685  00001760  93c1fff3	lbu	r1,-13(r30)
  686  00001764  64220000	snei	r2,r1,#0
  687  00001768  1440000c	bnez	r2,L13_LF2
  688  0000176c  54000000	nop; delay slot nop
  689  00001770  0800000c	j	L11_LF2
  690  00001774  54000000	nop; delay slot nop
  691  00001778          	L13_LF2:
  692  00001778  0bffffc0	j	L10_LF2
  693  0000177c  54000000	nop; delay slot nop
  694  00001780          	L11_LF2:
  695  00001780  8fc1fff4	lw	r1,-12(r30)
  696  00001784  08000004	j	L9_LF2
  697  00001788  54000000	nop; delay slot nop
  698  0000178c          	L9_LF2:
  699  0000178c  8fa20000	lw	r2,0(r29)
  700  00001790  8fa30004	lw	r3,4(r29)
  701  00001794  8fdffff8	lw	r31,-8(r30)
  702  00001798  001ee820	add	r29,r0,r30
  703  0000179c  8fdefffc	lw	r30,-4(r30)
  704  000017a0  4be00000	jr	r31
  705  000017a4  54000000	nop
  706  000017a8          	.endproc _dstrcpy
  707  000017a8          	.align 2
  708  000017a8          	.proc _dstrncpy
  709  000017a8          	.global _dstrncpy
  710  000017a8          	_dstrncpy:
  711                      ;  Function 'dstrncpy'; 8 bytes of locals, 2 regs to save.
  712  000017a8  afbefffc	sw	-4(r29),r30; push fp
  713  000017ac  001df020	add	r30,r0,r29; fp = sp
  714  000017b0  afbffff8	sw	-8(r29),r31; push ret addr
  715  000017b4  2fbd0018	subui	r29,r29,#24; alloc local storage
  716  000017b8  afa20000	sw	0(r29),r2
  717  000017bc  afa30004	sw	4(r29),r3
  718  000017c0  8fc10000	lw	r1,(r30)
  719  000017c4  afc1fff4	sw	-12(r30),r1
  720  000017c8          	L15_LF2:
  721  000017c8  8fc10008	lw	r1,8(r30)
  722  000017cc  2022ffff	addi	r2,r1,#-1
  723  000017d0  afc20008	sw	8(r30),r2
  724  000017d4  70210000	slei	r1,r1,#0
  725  000017d8  1020000c	beqz	r1,L18_LF2
  726  000017dc  54000000	nop; delay slot nop
  727  000017e0  08000048	j	L16_LF2
  728  000017e4  54000000	nop; delay slot nop
  729  000017e8          	L18_LF2:
  730  000017e8  8fc10000	lw	r1,(r30)
  731  000017ec  20220001	addi	r2,r1,#1
  732  000017f0  afc20000	sw	(r30),r2
  733  000017f4  8fc20004	lw	r2,4(r30)
  734  000017f8  20430001	addi	r3,r2,#1
  735  000017fc  afc30004	sw	4(r30),r3
  736  00001800  80420000	lb	r2,(r2)
  737  00001804  a0220000	sb	(r1),r2
  738  00001808  a3c2fff3	sb	-13(r30),r2
  739  0000180c          	L17_LF2:
  740  0000180c  93c1fff3	lbu	r1,-13(r30)
  741  00001810  64220000	snei	r2,r1,#0
  742  00001814  1440000c	bnez	r2,L19_LF2
  743  00001818  54000000	nop; delay slot nop
  744  0000181c  0800000c	j	L16_LF2
  745  00001820  54000000	nop; delay slot nop
  746  00001824          	L19_LF2:
  747  00001824  0bffffa0	j	L15_LF2
  748  00001828  54000000	nop; delay slot nop
  749  0000182c          	L16_LF2:
  750  0000182c  8fc1fff4	lw	r1,-12(r30)
  751  00001830  08000004	j	L14_LF2
  752  00001834  54000000	nop; delay slot nop
  753  00001838          	L14_LF2:
  754  00001838  8fa20000	lw	r2,0(r29)
  755  0000183c  8fa30004	lw	r3,4(r29)
  756  00001840  8fdffff8	lw	r31,-8(r30)
  757  00001844  001ee820	add	r29,r0,r30
  758  00001848  8fdefffc	lw	r30,-4(r30)
  759  0000184c  4be00000	jr	r31
  760  00001850  54000000	nop
  761  00001854          	.endproc _dstrncpy
  762  00001854          	.align 2
  763  00001854          	.proc _dstrcat
  764  00001854          	.global _dstrcat
  765  00001854          	_dstrcat:
  766                      ;  Function 'dstrcat'; 8 bytes of locals, 1 regs to save.
  767  00001854  afbefffc	sw	-4(r29),r30; push fp
  768  00001858  001df020	add	r30,r0,r29; fp = sp
  769  0000185c  afbffff8	sw	-8(r29),r31; push ret addr
  770  00001860  2fbd0018	subui	r29,r29,#24; alloc local storage
  771  00001864  afa20000	sw	0(r29),r2
  772  00001868  8fc10000	lw	r1,(r30)
  773  0000186c  afc1fff4	sw	-12(r30),r1
  774  00001870          	L21_LF2:
  775  00001870  8fc10000	lw	r1,(r30)
  776  00001874  90220000	lbu	r2,(r1)
  777  00001878  64410000	snei	r1,r2,#0
  778  0000187c  1420000c	bnez	r1,L23_LF2
  779  00001880  54000000	nop; delay slot nop
  780  00001884  0800001c	j	L22_LF2
  781  00001888  54000000	nop; delay slot nop
  782  0000188c          	L23_LF2:
  783  0000188c  8fc20000	lw	r2,(r30)
  784  00001890  20410001	addi	r1,r2,#1
  785  00001894  00011020	add	r2,r0,r1
  786  00001898  afc20000	sw	(r30),r2
  787  0000189c  0bffffd0	j	L21_LF2
  788  000018a0  54000000	nop; delay slot nop
  789  000018a4          	L22_LF2:
  790  000018a4  23bdfff8	addi	r29,r29,#-8
  791  000018a8  001d0820	add	r1,r0,r29
  792  000018ac  8fc20000	lw	r2,(r30)
  793  000018b0  ac220000	sw	(r1),r2
  794  000018b4  8fc20004	lw	r2,4(r30)
  795  000018b8  ac220004	sw	4(r1),r2
  796  000018bc  0ffffe5c	jal	_dstrcpy
  797  000018c0  54000000	nop; delay slot nop
  798  000018c4  23bd0008	addi	r29,r29,#8
  799  000018c8  8fc1fff4	lw	r1,-12(r30)
  800  000018cc  08000004	j	L20_LF2
  801  000018d0  54000000	nop; delay slot nop
  802  000018d4          	L20_LF2:
  803  000018d4  8fa20000	lw	r2,0(r29)
  804  000018d8  8fdffff8	lw	r31,-8(r30)
  805  000018dc  001ee820	add	r29,r0,r30
  806  000018e0  8fdefffc	lw	r30,-4(r30)
  807  000018e4  4be00000	jr	r31
  808  000018e8  54000000	nop
  809  000018ec          	.endproc _dstrcat
  810  000018ec          	.align 2
  811  000018ec          	.proc _dstrncmp
  812  000018ec          	.global _dstrncmp
  813  000018ec          	_dstrncmp:
  814                      ;  Function 'dstrncmp'; 8 bytes of locals, 2 regs to save.
  815  000018ec  afbefffc	sw	-4(r29),r30; push fp
  816  000018f0  001df020	add	r30,r0,r29; fp = sp
  817  000018f4  afbffff8	sw	-8(r29),r31; push ret addr
  818  000018f8  2fbd0018	subui	r29,r29,#24; alloc local storage
  819  000018fc  afa20000	sw	0(r29),r2
  820  00001900  afa30004	sw	4(r29),r3
  821  00001904  54000000	nop
  822  00001908  20010000	addi	r1,r0,#0
  823  0000190c  afc1fff4	sw	-12(r30),r1
  824  00001910          	L25_LF2:
  825  00001910  8fc1fff4	lw	r1,-12(r30)
  826  00001914  8fc20008	lw	r2,8(r30)
  827  00001918  0022082a	slt	r1,r1,r2
  828  0000191c  1420000c	bnez	r1,L28_LF2
  829  00001920  54000000	nop; delay slot nop
  830  00001924  08000088	j	L26_LF2
  831  00001928  54000000	nop; delay slot nop
  832  0000192c          	L28_LF2:
  833  0000192c  8fc10004	lw	r1,4(r30)
  834  00001930  90220000	lbu	r2,(r1)
  835  00001934  64410000	snei	r1,r2,#0
  836  00001938  14200018	bnez	r1,L29_LF2
  837  0000193c  54000000	nop; delay slot nop
  838  00001940  20010000	addi	r1,r0,#0
  839  00001944  080000d8	j	L24_LF2
  840  00001948  54000000	nop; delay slot nop
  841  0000194c  08000028	j	L30_LF2
  842  00001950  54000000	nop; delay slot nop
  843  00001954          	L29_LF2:
  844  00001954  8fc10000	lw	r1,(r30)
  845  00001958  8fc20004	lw	r2,4(r30)
  846  0000195c  90210000	lbu	r1,(r1)
  847  00001960  90420000	lbu	r2,(r2)
  848  00001964  00220829	sne	r1,r1,r2
  849  00001968  1020000c	beqz	r1,L30_LF2
  850  0000196c  54000000	nop; delay slot nop
  851  00001970  0800003c	j	L26_LF2
  852  00001974  54000000	nop; delay slot nop
  853  00001978          	L31_LF2:
  854  00001978          	L30_LF2:
  855  00001978  8fc20000	lw	r2,(r30)
  856  0000197c  20410001	addi	r1,r2,#1
  857  00001980  00011020	add	r2,r0,r1
  858  00001984  afc20000	sw	(r30),r2
  859  00001988  8fc20004	lw	r2,4(r30)
  860  0000198c  20410001	addi	r1,r2,#1
  861  00001990  00011020	add	r2,r0,r1
  862  00001994  afc20004	sw	4(r30),r2
  863  00001998          	L27_LF2:
  864  00001998  8fc2fff4	lw	r2,-12(r30)
  865  0000199c  20410001	addi	r1,r2,#1
  866  000019a0  00011020	add	r2,r0,r1
  867  000019a4  afc2fff4	sw	-12(r30),r2
  868  000019a8  0bffff64	j	L25_LF2
  869  000019ac  54000000	nop; delay slot nop
  870  000019b0          	L26_LF2:
  871  000019b0  8fc1fff4	lw	r1,-12(r30)
  872  000019b4  8fc20008	lw	r2,8(r30)
  873  000019b8  00220828	seq	r1,r1,r2
  874  000019bc  10200018	beqz	r1,L32_LF2
  875  000019c0  54000000	nop; delay slot nop
  876  000019c4  20010000	addi	r1,r0,#0
  877  000019c8  08000054	j	L24_LF2
  878  000019cc  54000000	nop; delay slot nop
  879  000019d0  0800004c	j	L33_LF2
  880  000019d4  54000000	nop; delay slot nop
  881  000019d8          	L32_LF2:
  882  000019d8  8fc20000	lw	r2,(r30)
  883  000019dc  90410000	lbu	r1,(r2)
  884  000019e0  8fc20004	lw	r2,4(r30)
  885  000019e4  90430000	lbu	r3,(r2)
  886  000019e8  00230822	sub	r1,r1,r3
  887  000019ec  74220000	sgei	r2,r1,#0
  888  000019f0  10400020	beqz	r2,L34_LF2
  889  000019f4  54000000	nop; delay slot nop
  890  000019f8  8fc10000	lw	r1,(r30)
  891  000019fc  8fc20004	lw	r2,4(r30)
  892  00001a00  90210000	lbu	r1,(r1)
  893  00001a04  90420000	lbu	r2,(r2)
  894  00001a08  00220829	sne	r1,r1,r2
  895  00001a0c  08000008	j	L35_LF2
  896  00001a10  54000000	nop; delay slot nop
  897  00001a14          	L34_LF2:
  898  00001a14  2001ffff	addi	r1,r0,#-1
  899  00001a18          	L35_LF2:
  900  00001a18  08000004	j	L24_LF2
  901  00001a1c  54000000	nop; delay slot nop
  902  00001a20          	L33_LF2:
  903  00001a20          	L24_LF2:
  904  00001a20  8fa20000	lw	r2,0(r29)
  905  00001a24  8fa30004	lw	r3,4(r29)
  906  00001a28  8fdffff8	lw	r31,-8(r30)
  907  00001a2c  001ee820	add	r29,r0,r30
  908  00001a30  8fdefffc	lw	r30,-4(r30)
  909  00001a34  4be00000	jr	r31
  910  00001a38  54000000	nop
  911  00001a3c          	.endproc _dstrncmp
  912  00001a3c          	.align 2
  913  00001a3c          	.proc _dstrlen
  914  00001a3c          	.global _dstrlen
  915  00001a3c          	_dstrlen:
  916                      ;  Function 'dstrlen'; 8 bytes of locals, 1 regs to save.
  917  00001a3c  afbefffc	sw	-4(r29),r30; push fp
  918  00001a40  001df020	add	r30,r0,r29; fp = sp
  919  00001a44  afbffff8	sw	-8(r29),r31; push ret addr
  920  00001a48  2fbd0018	subui	r29,r29,#24; alloc local storage
  921  00001a4c  afa20000	sw	0(r29),r2
  922  00001a50  20010000	addi	r1,r0,#0
  923  00001a54  afc1fff4	sw	-12(r30),r1
  924  00001a58          	L37_LF2:
  925  00001a58  8fc10000	lw	r1,(r30)
  926  00001a5c  20220001	addi	r2,r1,#1
  927  00001a60  afc20000	sw	(r30),r2
  928  00001a64  90210000	lbu	r1,(r1)
  929  00001a68  64220000	snei	r2,r1,#0
  930  00001a6c  1440000c	bnez	r2,L39_LF2
  931  00001a70  54000000	nop; delay slot nop
  932  00001a74  0800001c	j	L38_LF2
  933  00001a78  54000000	nop; delay slot nop
  934  00001a7c          	L39_LF2:
  935  00001a7c  8fc2fff4	lw	r2,-12(r30)
  936  00001a80  20410001	addi	r1,r2,#1
  937  00001a84  00011020	add	r2,r0,r1
  938  00001a88  afc2fff4	sw	-12(r30),r2
  939  00001a8c  0bffffc8	j	L37_LF2
  940  00001a90  54000000	nop; delay slot nop
  941  00001a94          	L38_LF2:
  942  00001a94  8fc1fff4	lw	r1,-12(r30)
  943  00001a98  08000004	j	L36_LF2
  944  00001a9c  54000000	nop; delay slot nop
  945  00001aa0          	L36_LF2:
  946  00001aa0  8fa20000	lw	r2,0(r29)
  947  00001aa4  8fdffff8	lw	r31,-8(r30)
  948  00001aa8  001ee820	add	r29,r0,r30
  949  00001aac  8fdefffc	lw	r30,-4(r30)
  950  00001ab0  4be00000	jr	r31
  951  00001ab4  54000000	nop
  952  00001ab8          	.endproc _dstrlen
  953  00001ab8          	.align 2
  954  00001ab8          	.proc _dstrstr
  955  00001ab8          	.global _dstrstr
  956  00001ab8          	_dstrstr:
  957                      ;  Function 'dstrstr'; 8 bytes of locals, 1 regs to save.
  958  00001ab8  afbefffc	sw	-4(r29),r30; push fp
  959  00001abc  001df020	add	r30,r0,r29; fp = sp
  960  00001ac0  afbffff8	sw	-8(r29),r31; push ret addr
  961  00001ac4  2fbd0018	subui	r29,r29,#24; alloc local storage
  962  00001ac8  afa20000	sw	0(r29),r2
  963  00001acc  23bdfff8	addi	r29,r29,#-8
  964  00001ad0  001d0820	add	r1,r0,r29
  965  00001ad4  8fc20004	lw	r2,4(r30)
  966  00001ad8  ac220000	sw	(r1),r2
  967  00001adc  0fffff5c	jal	_dstrlen
  968  00001ae0  54000000	nop; delay slot nop
  969  00001ae4  23bd0008	addi	r29,r29,#8
  970  00001ae8  afc1fff4	sw	-12(r30),r1
  971  00001aec          	L41_LF2:
  972  00001aec  8fc10000	lw	r1,(r30)
  973  00001af0  90220000	lbu	r2,(r1)
  974  00001af4  64410000	snei	r1,r2,#0
  975  00001af8  1420000c	bnez	r1,L43_LF2
  976  00001afc  54000000	nop; delay slot nop
  977  00001b00  08000060	j	L42_LF2
  978  00001b04  54000000	nop; delay slot nop
  979  00001b08          	L43_LF2:
  980  00001b08  23bdfff0	addi	r29,r29,#-16
  981  00001b0c  001d0820	add	r1,r0,r29
  982  00001b10  8fc20000	lw	r2,(r30)
  983  00001b14  ac220000	sw	(r1),r2
  984  00001b18  8fc20004	lw	r2,4(r30)
  985  00001b1c  ac220004	sw	4(r1),r2
  986  00001b20  8fc2fff4	lw	r2,-12(r30)
  987  00001b24  ac220008	sw	8(r1),r2
  988  00001b28  0ffffdc0	jal	_dstrncmp
  989  00001b2c  54000000	nop; delay slot nop
  990  00001b30  23bd0010	addi	r29,r29,#16
  991  00001b34  64220000	snei	r2,r1,#0
  992  00001b38  14400010	bnez	r2,L44_LF2
  993  00001b3c  54000000	nop; delay slot nop
  994  00001b40  8fc10000	lw	r1,(r30)
  995  00001b44  08000028	j	L40_LF2
  996  00001b48  54000000	nop; delay slot nop
  997  00001b4c          	L44_LF2:
  998  00001b4c  8fc20000	lw	r2,(r30)
  999  00001b50  20410001	addi	r1,r2,#1
 1000  00001b54  00011020	add	r2,r0,r1
 1001  00001b58  afc20000	sw	(r30),r2
 1002  00001b5c  0bffff8c	j	L41_LF2
 1003  00001b60  54000000	nop; delay slot nop
 1004  00001b64          	L42_LF2:
 1005  00001b64  20010000	addi	r1,r0,#0
 1006  00001b68  08000004	j	L40_LF2
 1007  00001b6c  54000000	nop; delay slot nop
 1008  00001b70          	L40_LF2:
 1009  00001b70  8fa20000	lw	r2,0(r29)
 1010  00001b74  8fdffff8	lw	r31,-8(r30)
 1011  00001b78  001ee820	add	r29,r0,r30
 1012  00001b7c  8fdefffc	lw	r30,-4(r30)
 1013  00001b80  4be00000	jr	r31
 1014  00001b84  54000000	nop
 1015  00001b88          	.endproc _dstrstr
 1016  00001b88          	.align 2
 1017  00001b88          	.proc _dmindex
 1018  00001b88          	.global _dmindex
 1019  00001b88          	_dmindex:
 1020                      ;  Function 'dmindex'; 8 bytes of locals, 1 regs to save.
 1021  00001b88  afbefffc	sw	-4(r29),r30; push fp
 1022  00001b8c  001df020	add	r30,r0,r29; fp = sp
 1023  00001b90  afbffff8	sw	-8(r29),r31; push ret addr
 1024  00001b94  2fbd0018	subui	r29,r29,#24; alloc local storage
 1025  00001b98  afa20000	sw	0(r29),r2
 1026  00001b9c  54000000	nop
 1027  00001ba0          	L46_LF2:
 1028  00001ba0  8fc10000	lw	r1,(r30)
 1029  00001ba4  90220000	lbu	r2,(r1)
 1030  00001ba8  64410000	snei	r1,r2,#0
 1031  00001bac  1420000c	bnez	r1,L48_LF2
 1032  00001bb0  54000000	nop; delay slot nop
 1033  00001bb4  08000070	j	L47_LF2
 1034  00001bb8  54000000	nop; delay slot nop
 1035  00001bbc          	L48_LF2:
 1036  00001bbc  8fc10004	lw	r1,4(r30)
 1037  00001bc0  afc1fff4	sw	-12(r30),r1
 1038  00001bc4          	L49_LF2:
 1039  00001bc4  8fc1fff4	lw	r1,-12(r30)
 1040  00001bc8  90220000	lbu	r2,(r1)
 1041  00001bcc  64410000	snei	r1,r2,#0
 1042  00001bd0  1420000c	bnez	r1,L52_LF2
 1043  00001bd4  54000000	nop; delay slot nop
 1044  00001bd8  08000044	j	L50_LF2
 1045  00001bdc  54000000	nop; delay slot nop
 1046  00001be0          	L52_LF2:
 1047  00001be0  8fc10000	lw	r1,(r30)
 1048  00001be4  8fc2fff4	lw	r2,-12(r30)
 1049  00001be8  90210000	lbu	r1,(r1)
 1050  00001bec  90420000	lbu	r2,(r2)
 1051  00001bf0  00220828	seq	r1,r1,r2
 1052  00001bf4  10200010	beqz	r1,L51_LF2
 1053  00001bf8  54000000	nop; delay slot nop
 1054  00001bfc  8fc10000	lw	r1,(r30)
 1055  00001c00  08000030	j	L45_LF2
 1056  00001c04  54000000	nop; delay slot nop
 1057  00001c08          	L53_LF2:
 1058  00001c08          	L51_LF2:
 1059  00001c08  8fc2fff4	lw	r2,-12(r30)
 1060  00001c0c  20410001	addi	r1,r2,#1
 1061  00001c10  00011020	add	r2,r0,r1
 1062  00001c14  afc2fff4	sw	-12(r30),r2
 1063  00001c18  0bffffa8	j	L49_LF2
 1064  00001c1c  54000000	nop; delay slot nop
 1065  00001c20          	L50_LF2:
 1066  00001c20  0bffff7c	j	L46_LF2
 1067  00001c24  54000000	nop; delay slot nop
 1068  00001c28          	L47_LF2:
 1069  00001c28  20010000	addi	r1,r0,#0
 1070  00001c2c  08000004	j	L45_LF2
 1071  00001c30  54000000	nop; delay slot nop
 1072  00001c34          	L45_LF2:
 1073  00001c34  8fa20000	lw	r2,0(r29)
 1074  00001c38  8fdffff8	lw	r31,-8(r30)
 1075  00001c3c  001ee820	add	r29,r0,r30
 1076  00001c40  8fdefffc	lw	r30,-4(r30)
 1077  00001c44  4be00000	jr	r31
 1078  00001c48  54000000	nop
 1079  00001c4c          	.endproc _dmindex
 1080  00001c4c          	.align 2
 1081  00001c4c          	.proc _dindex
 1082  00001c4c          	.global _dindex
 1083  00001c4c          	_dindex:
 1084                      ;  Function 'dindex'; 0 bytes of locals, 1 regs to save.
 1085  00001c4c  afbefffc	sw	-4(r29),r30; push fp
 1086  00001c50  001df020	add	r30,r0,r29; fp = sp
 1087  00001c54  afbffff8	sw	-8(r29),r31; push ret addr
 1088  00001c58  2fbd0010	subui	r29,r29,#16; alloc local storage
 1089  00001c5c  afa20000	sw	0(r29),r2
 1090  00001c60  54000000	nop
 1091  00001c64          	L55_LF2:
 1092  00001c64  8fc10000	lw	r1,(r30)
 1093  00001c68  90220000	lbu	r2,(r1)
 1094  00001c6c  64410000	snei	r1,r2,#0
 1095  00001c70  1420000c	bnez	r1,L57_LF2
 1096  00001c74  54000000	nop; delay slot nop
 1097  00001c78  08000040	j	L56_LF2
 1098  00001c7c  54000000	nop; delay slot nop
 1099  00001c80          	L57_LF2:
 1100  00001c80  8fc10000	lw	r1,(r30)
 1101  00001c84  90220000	lbu	r2,(r1)
 1102  00001c88  8fc10004	lw	r1,4(r30)
 1103  00001c8c  00411028	seq	r2,r2,r1
 1104  00001c90  10400010	beqz	r2,L58_LF2
 1105  00001c94  54000000	nop; delay slot nop
 1106  00001c98  8fc10000	lw	r1,(r30)
 1107  00001c9c  08000028	j	L54_LF2
 1108  00001ca0  54000000	nop; delay slot nop
 1109  00001ca4          	L58_LF2:
 1110  00001ca4  8fc20000	lw	r2,(r30)
 1111  00001ca8  20410001	addi	r1,r2,#1
 1112  00001cac  00011020	add	r2,r0,r1
 1113  00001cb0  afc20000	sw	(r30),r2
 1114  00001cb4  0bffffac	j	L55_LF2
 1115  00001cb8  54000000	nop; delay slot nop
 1116  00001cbc          	L56_LF2:
 1117  00001cbc  20010000	addi	r1,r0,#0
 1118  00001cc0  08000004	j	L54_LF2
 1119  00001cc4  54000000	nop; delay slot nop
 1120  00001cc8          	L54_LF2:
 1121  00001cc8  8fa20000	lw	r2,0(r29)
 1122  00001ccc  8fdffff8	lw	r31,-8(r30)
 1123  00001cd0  001ee820	add	r29,r0,r30
 1124  00001cd4  8fdefffc	lw	r30,-4(r30)
 1125  00001cd8  4be00000	jr	r31
 1126  00001cdc  54000000	nop
 1127  00001ce0          	.endproc _dindex
 1128  00001ce0          	.align 2
 1129  00001ce0          	.proc _ditoa
 1130  00001ce0          	.global _ditoa
 1131  00001ce0          	_ditoa:
 1132                      ;  Function 'ditoa'; 8 bytes of locals, 2 regs to save.
 1133  00001ce0  afbefffc	sw	-4(r29),r30; push fp
 1134  00001ce4  001df020	add	r30,r0,r29; fp = sp
 1135  00001ce8  afbffff8	sw	-8(r29),r31; push ret addr
 1136  00001cec  2fbd0018	subui	r29,r29,#24; alloc local storage
 1137  00001cf0  afa20000	sw	0(r29),r2
 1138  00001cf4  afa30004	sw	4(r29),r3
 1139  00001cf8  8fc10000	lw	r1,(r30)
 1140  00001cfc  68220000	slti	r2,r1,#0
 1141  00001d00  1040002c	beqz	r2,L60_LF2
 1142  00001d04  54000000	nop; delay slot nop
 1143  00001d08  8fc10004	lw	r1,4(r30)
 1144  00001d0c  20220001	addi	r2,r1,#1
 1145  00001d10  afc20004	sw	4(r30),r2
 1146  00001d14  2002002d	addi	r2,r0,(#0x2d)&0xff
 1147  00001d18  a0220000	sb	(r1),r2
 1148  00001d1c  8fc10000	lw	r1,(r30)
 1149  00001d20  00011022	sub	r2,r0,r1
 1150  00001d24  afc20000	sw	(r30),r2
 1151  00001d28  08000118	j	L61_LF2
 1152  00001d2c  54000000	nop; delay slot nop
 1153  00001d30          	L60_LF2:
 1154  00001d30  8fc10000	lw	r1,(r30)
 1155  00001d34  64220000	snei	r2,r1,#0
 1156  00001d38  14400020	bnez	r2,L62_LF2
 1157  00001d3c  54000000	nop; delay slot nop
 1158  00001d40  8fc10004	lw	r1,4(r30)
 1159  00001d44  20220001	addi	r2,r1,#1
 1160  00001d48  afc20004	sw	4(r30),r2
 1161  00001d4c  20020030	addi	r2,r0,(#0x30)&0xff
 1162  00001d50  a0220000	sb	(r1),r2
 1163  00001d54  080000ec	j	L61_LF2
 1164  00001d58  54000000	nop; delay slot nop
 1165  00001d5c          	L62_LF2:
 1166  00001d5c  20010001	addi	r1,r0,#1
 1167  00001d60  afc1fff4	sw	-12(r30),r1
 1168  00001d64          	L64_LF2:
 1169  00001d64  8fc1fff4	lw	r1,-12(r30)
 1170  00001d68  8fc20000	lw	r2,(r30)
 1171  00001d6c  0022082c	sle	r1,r1,r2
 1172  00001d70  1420000c	bnez	r1,L66_LF2
 1173  00001d74  54000000	nop; delay slot nop
 1174  00001d78  08000024	j	L65_LF2
 1175  00001d7c  54000000	nop; delay slot nop
 1176  00001d80          	L67_LF2:
 1177  00001d80          	L66_LF2:
 1178  00001d80  8fc1fff4	lw	r1,-12(r30)
 1179  00001d84  00011820	add	r3,r0,r1
 1180  00001d88  50620002	slli	r2,r3,#0x2
 1181  00001d8c  00411020	add	r2,r2,r1
 1182  00001d90  50410001	slli	r1,r2,#0x1
 1183  00001d94  afc1fff4	sw	-12(r30),r1
 1184  00001d98  0bffffc8	j	L64_LF2
 1185  00001d9c  54000000	nop; delay slot nop
 1186  00001da0          	L65_LF2:
 1187  00001da0  54000000	nop
 1188  00001da4          	L68_LF2:
 1189  00001da4  8fc1fff4	lw	r1,-12(r30)
 1190  00001da8  2002000a	addi	r2,r0,#10
 1191  00001dac  00200035	movi2fp	f0,r1
 1192  00001db0  00400835	movi2fp	f1,r2
 1193  00001db4  0401000f	div	f0,f0,f1
 1194  00001db8  00000834	movfp2i	r1,f0
 1195  00001dbc  afc1fff4	sw	-12(r30),r1
 1196  00001dc0  8fc10004	lw	r1,4(r30)
 1197  00001dc4  20220001	addi	r2,r1,#1
 1198  00001dc8  afc20004	sw	4(r30),r2
 1199  00001dcc  8fc20000	lw	r2,(r30)
 1200  00001dd0  8fc3fff4	lw	r3,-12(r30)
 1201  00001dd4  00400035	movi2fp	f0,r2
 1202  00001dd8  00600835	movi2fp	f1,r3
 1203  00001ddc  0401000f	div	f0,f0,f1
 1204  00001de0  00001034	movfp2i	r2,f0
 1205  00001de4  00021820	add	r3,r0,r2
 1206  00001de8  20620030	addi	r2,r3,#48
 1207  00001dec  a0220000	sb	(r1),r2
 1208  00001df0  8fc10000	lw	r1,(r30)
 1209  00001df4  8fc3fff4	lw	r3,-12(r30)
 1210  00001df8  00200035	movi2fp	f0,r1
 1211  00001dfc  00600835	movi2fp	f1,r3
 1212  00001e00  0401000f	div	f0,f0,f1
 1213  00001e04  00001034	movfp2i	r2,f0
 1214  00001e08  8fc3fff4	lw	r3,-12(r30)
 1215  00001e0c  00400035	movi2fp	f0,r2
 1216  00001e10  00600835	movi2fp	f1,r3
 1217  00001e14  0401000e	mult	f0,f0,f1
 1218  00001e18  00001034	movfp2i	r2,f0
 1219  00001e1c  00220822	sub	r1,r1,r2
 1220  00001e20  afc10000	sw	(r30),r1
 1221  00001e24          	L70_LF2:
 1222  00001e24  8fc1fff4	lw	r1,-12(r30)
 1223  00001e28  6c220001	sgti	r2,r1,#1
 1224  00001e2c  1440000c	bnez	r2,L71_LF2
 1225  00001e30  54000000	nop; delay slot nop
 1226  00001e34  0800000c	j	L61_LF2
 1227  00001e38  54000000	nop; delay slot nop
 1228  00001e3c          	L71_LF2:
 1229  00001e3c  0bffff64	j	L68_LF2
 1230  00001e40  54000000	nop; delay slot nop
 1231  00001e44          	L69_LF2:
 1232  00001e44          	L63_LF2:
 1233  00001e44          	L61_LF2:
 1234  00001e44  8fc10004	lw	r1,4(r30)
 1235  00001e48  20020000	addi	r2,r0,(#0x0)&0xff
 1236  00001e4c  a0220000	sb	(r1),r2
 1237  00001e50          	L59_LF2:
 1238  00001e50  8fa20000	lw	r2,0(r29)
 1239  00001e54  8fa30004	lw	r3,4(r29)
 1240  00001e58  8fdffff8	lw	r31,-8(r30)
 1241  00001e5c  001ee820	add	r29,r0,r30
 1242  00001e60  8fdefffc	lw	r30,-4(r30)
 1243  00001e64  4be00000	jr	r31
 1244  00001e68  54000000	nop
 1245  00001e6c          	.endproc _ditoa
 1246  00001e6c          	.align 2
 1247  00001e6c          	.proc _dstrtol
 1248  00001e6c          	.global _dstrtol
 1249  00001e6c          	_dstrtol:
 1250                      ;  Function 'dstrtol'; 16 bytes of locals, 1 regs to save.
 1251  00001e6c  afbefffc	sw	-4(r29),r30; push fp
 1252  00001e70  001df020	add	r30,r0,r29; fp = sp
 1253  00001e74  afbffff8	sw	-8(r29),r31; push ret addr
 1254  00001e78  2fbd0020	subui	r29,r29,#32; alloc local storage
 1255  00001e7c  afa20000	sw	0(r29),r2
 1256  00001e80  20010000	addi	r1,r0,#0
 1257  00001e84  afc1fff4	sw	-12(r30),r1
 1258  00001e88          	L73_LF2:
 1259  00001e88  8fc10000	lw	r1,(r30)
 1260  00001e8c  90220000	lbu	r2,(r1)
 1261  00001e90  60410020	seqi	r1,r2,#32
 1262  00001e94  14200034	bnez	r1,L75_LF2
 1263  00001e98  54000000	nop; delay slot nop
 1264  00001e9c  8fc10000	lw	r1,(r30)
 1265  00001ea0  90220000	lbu	r2,(r1)
 1266  00001ea4  60410009	seqi	r1,r2,#9
 1267  00001ea8  14200020	bnez	r1,L75_LF2
 1268  00001eac  54000000	nop; delay slot nop
 1269  00001eb0  8fc10000	lw	r1,(r30)
 1270  00001eb4  90220000	lbu	r2,(r1)
 1271  00001eb8  6041000a	seqi	r1,r2,#10
 1272  00001ebc  1420000c	bnez	r1,L75_LF2
 1273  00001ec0  54000000	nop; delay slot nop
 1274  00001ec4  0800001c	j	L74_LF2
 1275  00001ec8  54000000	nop; delay slot nop
 1276  00001ecc          	L75_LF2:
 1277  00001ecc  8fc20000	lw	r2,(r30)
 1278  00001ed0  20410001	addi	r1,r2,#1
 1279  00001ed4  00011020	add	r2,r0,r1
 1280  00001ed8  afc20000	sw	(r30),r2
 1281  00001edc  0bffffa8	j	L73_LF2
 1282  00001ee0  54000000	nop; delay slot nop
 1283  00001ee4          	L74_LF2:
 1284  00001ee4  8fc10004	lw	r1,4(r30)
 1285  00001ee8  64220000	snei	r2,r1,#0
 1286  00001eec  10400010	beqz	r2,L76_LF2
 1287  00001ef0  54000000	nop; delay slot nop
 1288  00001ef4  8fc10004	lw	r1,4(r30)
 1289  00001ef8  8fc20000	lw	r2,(r30)
 1290  00001efc  ac220000	sw	(r1),r2
 1291  00001f00          	L76_LF2:
 1292  00001f00  8fc10000	lw	r1,(r30)
 1293  00001f04  90220000	lbu	r2,(r1)
 1294  00001f08  64410000	snei	r1,r2,#0
 1295  00001f0c  14200010	bnez	r1,L77_LF2
 1296  00001f10  54000000	nop; delay slot nop
 1297  00001f14  8fc1fff4	lw	r1,-12(r30)
 1298  00001f18  08000294	j	L72_LF2
 1299  00001f1c  54000000	nop; delay slot nop
 1300  00001f20          	L77_LF2:
 1301  00001f20  8fc10000	lw	r1,(r30)
 1302  00001f24  90220000	lbu	r2,(r1)
 1303  00001f28  6041002d	seqi	r1,r2,#45
 1304  00001f2c  10200024	beqz	r1,L78_LF2
 1305  00001f30  54000000	nop; delay slot nop
 1306  00001f34  2001ffff	addi	r1,r0,#-1
 1307  00001f38  afc1ffec	sw	-20(r30),r1
 1308  00001f3c  8fc20000	lw	r2,(r30)
 1309  00001f40  20410001	addi	r1,r2,#1
 1310  00001f44  00011020	add	r2,r0,r1
 1311  00001f48  afc20000	sw	(r30),r2
 1312  00001f4c  0800000c	j	L79_LF2
 1313  00001f50  54000000	nop; delay slot nop
 1314  00001f54          	L78_LF2:
 1315  00001f54  20010001	addi	r1,r0,#1
 1316  00001f58  afc1ffec	sw	-20(r30),r1
 1317  00001f5c          	L79_LF2:
 1318  00001f5c  8fc10008	lw	r1,8(r30)
 1319  00001f60  64220000	snei	r2,r1,#0
 1320  00001f64  14400090	bnez	r2,L80_LF2
 1321  00001f68  54000000	nop; delay slot nop
 1322  00001f6c  8fc10000	lw	r1,(r30)
 1323  00001f70  90220000	lbu	r2,(r1)
 1324  00001f74  60410030	seqi	r1,r2,#48
 1325  00001f78  10200074	beqz	r1,L81_LF2
 1326  00001f7c  54000000	nop; delay slot nop
 1327  00001f80  8fc20000	lw	r2,(r30)
 1328  00001f84  20410001	addi	r1,r2,#1
 1329  00001f88  00011020	add	r2,r0,r1
 1330  00001f8c  afc20000	sw	(r30),r2
 1331  00001f90  8fc10000	lw	r1,(r30)
 1332  00001f94  90220000	lbu	r2,(r1)
 1333  00001f98  60410078	seqi	r1,r2,#120
 1334  00001f9c  14200020	bnez	r1,L83_LF2
 1335  00001fa0  54000000	nop; delay slot nop
 1336  00001fa4  8fc10000	lw	r1,(r30)
 1337  00001fa8  90220000	lbu	r2,(r1)
 1338  00001fac  60410058	seqi	r1,r2,#88
 1339  00001fb0  1420000c	bnez	r1,L83_LF2
 1340  00001fb4  54000000	nop; delay slot nop
 1341  00001fb8  08000024	j	L82_LF2
 1342  00001fbc  54000000	nop; delay slot nop
 1343  00001fc0          	L83_LF2:
 1344  00001fc0  20010010	addi	r1,r0,#16
 1345  00001fc4  afc10008	sw	8(r30),r1
 1346  00001fc8  8fc20000	lw	r2,(r30)
 1347  00001fcc  20410001	addi	r1,r2,#1
 1348  00001fd0  00011020	add	r2,r0,r1
 1349  00001fd4  afc20000	sw	(r30),r2
 1350  00001fd8  0800000c	j	L84_LF2
 1351  00001fdc  54000000	nop; delay slot nop
 1352  00001fe0          	L82_LF2:
 1353  00001fe0  20010008	addi	r1,r0,#8
 1354  00001fe4  afc10008	sw	8(r30),r1
 1355  00001fe8          	L84_LF2:
 1356  00001fe8  0800000c	j	L80_LF2
 1357  00001fec  54000000	nop; delay slot nop
 1358  00001ff0          	L81_LF2:
 1359  00001ff0  2001000a	addi	r1,r0,#10
 1360  00001ff4  afc10008	sw	8(r30),r1
 1361  00001ff8          	L85_LF2:
 1362  00001ff8          	L80_LF2:
 1363  00001ff8  8fc10008	lw	r1,8(r30)
 1364  00001ffc  70220000	slei	r2,r1,#0
 1365  00002000  1440001c	bnez	r2,L87_LF2
 1366  00002004  54000000	nop; delay slot nop
 1367  00002008  8fc10008	lw	r1,8(r30)
 1368  0000200c  6c220010	sgti	r2,r1,#16
 1369  00002010  1440000c	bnez	r2,L87_LF2
 1370  00002014  54000000	nop; delay slot nop
 1371  00002018  08000010	j	L86_LF2
 1372  0000201c  54000000	nop; delay slot nop
 1373  00002020          	L87_LF2:
 1374  00002020  8fc1fff4	lw	r1,-12(r30)
 1375  00002024  08000188	j	L72_LF2
 1376  00002028  54000000	nop; delay slot nop
 1377  0000202c          	L86_LF2:
 1378  0000202c  54000000	nop
 1379  00002030          	L88_LF2:
 1380  00002030  8fc10000	lw	r1,(r30)
 1381  00002034  90220000	lbu	r2,(r1)
 1382  00002038  6c41002f	sgtui	r1,r2,#47
 1383  0000203c  10200030	beqz	r1,L91_LF2
 1384  00002040  54000000	nop; delay slot nop
 1385  00002044  8fc10000	lw	r1,(r30)
 1386  00002048  90220000	lbu	r2,(r1)
 1387  0000204c  70410039	sleui	r1,r2,#57
 1388  00002050  1020001c	beqz	r1,L91_LF2
 1389  00002054  54000000	nop; delay slot nop
 1390  00002058  8fc10000	lw	r1,(r30)
 1391  0000205c  90220000	lbu	r2,(r1)
 1392  00002060  2041ffd0	addi	r1,r2,#-48
 1393  00002064  afc1fff0	sw	-16(r30),r1
 1394  00002068  0800008c	j	L92_LF2
 1395  0000206c  54000000	nop; delay slot nop
 1396  00002070          	L91_LF2:
 1397  00002070  8fc10000	lw	r1,(r30)
 1398  00002074  90220000	lbu	r2,(r1)
 1399  00002078  6c410060	sgtui	r1,r2,#96
 1400  0000207c  10200030	beqz	r1,L93_LF2
 1401  00002080  54000000	nop; delay slot nop
 1402  00002084  8fc10000	lw	r1,(r30)
 1403  00002088  90220000	lbu	r2,(r1)
 1404  0000208c  7041007a	sleui	r1,r2,#122
 1405  00002090  1020001c	beqz	r1,L93_LF2
 1406  00002094  54000000	nop; delay slot nop
 1407  00002098  8fc10000	lw	r1,(r30)
 1408  0000209c  90220000	lbu	r2,(r1)
 1409  000020a0  2041ffa9	addi	r1,r2,#-87
 1410  000020a4  afc1fff0	sw	-16(r30),r1
 1411  000020a8  0800004c	j	L92_LF2
 1412  000020ac  54000000	nop; delay slot nop
 1413  000020b0          	L93_LF2:
 1414  000020b0  8fc10000	lw	r1,(r30)
 1415  000020b4  90220000	lbu	r2,(r1)
 1416  000020b8  6c410040	sgtui	r1,r2,#64
 1417  000020bc  10200030	beqz	r1,L95_LF2
 1418  000020c0  54000000	nop; delay slot nop
 1419  000020c4  8fc10000	lw	r1,(r30)
 1420  000020c8  90220000	lbu	r2,(r1)
 1421  000020cc  7041005a	sleui	r1,r2,#90
 1422  000020d0  1020001c	beqz	r1,L95_LF2
 1423  000020d4  54000000	nop; delay slot nop
 1424  000020d8  8fc10000	lw	r1,(r30)
 1425  000020dc  90220000	lbu	r2,(r1)
 1426  000020e0  2041ffc9	addi	r1,r2,#-55
 1427  000020e4  afc1fff0	sw	-16(r30),r1
 1428  000020e8  0800000c	j	L92_LF2
 1429  000020ec  54000000	nop; delay slot nop
 1430  000020f0          	L95_LF2:
 1431  000020f0  200103e8	addi	r1,r0,#1000
 1432  000020f4  afc1fff0	sw	-16(r30),r1
 1433  000020f8          	L96_LF2:
 1434  000020f8          	L94_LF2:
 1435  000020f8          	L92_LF2:
 1436  000020f8  8fc1fff0	lw	r1,-16(r30)
 1437  000020fc  8fc20008	lw	r2,8(r30)
 1438  00002100  0022082a	slt	r1,r1,r2
 1439  00002104  10200040	beqz	r1,L90_LF2
 1440  00002108  54000000	nop; delay slot nop
 1441  0000210c  8fc1fff4	lw	r1,-12(r30)
 1442  00002110  8fc20008	lw	r2,8(r30)
 1443  00002114  00200035	movi2fp	f0,r1
 1444  00002118  00400835	movi2fp	f1,r2
 1445  0000211c  0401000e	mult	f0,f0,f1
 1446  00002120  00000834	movfp2i	r1,f0
 1447  00002124  afc1fff4	sw	-12(r30),r1
 1448  00002128  8fc1fff4	lw	r1,-12(r30)
 1449  0000212c  8fc2fff0	lw	r2,-16(r30)
 1450  00002130  00220820	add	r1,r1,r2
 1451  00002134  afc1fff4	sw	-12(r30),r1
 1452  00002138  8fc20000	lw	r2,(r30)
 1453  0000213c  20410001	addi	r1,r2,#1
 1454  00002140  00011020	add	r2,r0,r1
 1455  00002144  afc20000	sw	(r30),r2
 1456  00002148          	L97_LF2:
 1457  00002148          	L90_LF2:
 1458  00002148  8fc1fff0	lw	r1,-16(r30)
 1459  0000214c  8fc20008	lw	r2,8(r30)
 1460  00002150  0022082a	slt	r1,r1,r2
 1461  00002154  1420000c	bnez	r1,L98_LF2
 1462  00002158  54000000	nop; delay slot nop
 1463  0000215c  0800000c	j	L89_LF2
 1464  00002160  54000000	nop; delay slot nop
 1465  00002164          	L98_LF2:
 1466  00002164  0bfffec8	j	L88_LF2
 1467  00002168  54000000	nop; delay slot nop
 1468  0000216c          	L89_LF2:
 1469  0000216c  8fc10004	lw	r1,4(r30)
 1470  00002170  64220000	snei	r2,r1,#0
 1471  00002174  10400010	beqz	r2,L99_LF2
 1472  00002178  54000000	nop; delay slot nop
 1473  0000217c  8fc10004	lw	r1,4(r30)
 1474  00002180  8fc20000	lw	r2,(r30)
 1475  00002184  ac220000	sw	(r1),r2
 1476  00002188          	L99_LF2:
 1477  00002188  8fc1fff4	lw	r1,-12(r30)
 1478  0000218c  8fc2ffec	lw	r2,-20(r30)
 1479  00002190  00200035	movi2fp	f0,r1
 1480  00002194  00400835	movi2fp	f1,r2
 1481  00002198  0401000e	mult	f0,f0,f1
 1482  0000219c  00000834	movfp2i	r1,f0
 1483  000021a0  afc1fff4	sw	-12(r30),r1
 1484  000021a4  8fc1fff4	lw	r1,-12(r30)
 1485  000021a8  08000004	j	L72_LF2
 1486  000021ac  54000000	nop; delay slot nop
 1487  000021b0          	L72_LF2:
 1488  000021b0  8fa20000	lw	r2,0(r29)
 1489  000021b4  8fdffff8	lw	r31,-8(r30)
 1490  000021b8  001ee820	add	r29,r0,r30
 1491  000021bc  8fdefffc	lw	r30,-4(r30)
 1492  000021c0  4be00000	jr	r31
 1493  000021c4  54000000	nop
 1494  000021c8          	.endproc _dstrtol
 1495  000021c8          	.align 2
 1496  000021c8          	.proc _bcopy
 1497  000021c8          	.global _bcopy
 1498  000021c8          	_bcopy:
 1499                      ;  Function 'bcopy'; 0 bytes of locals, 2 regs to save.
 1500  000021c8  afbefffc	sw	-4(r29),r30; push fp
 1501  000021cc  001df020	add	r30,r0,r29; fp = sp
 1502  000021d0  afbffff8	sw	-8(r29),r31; push ret addr
 1503  000021d4  2fbd0010	subui	r29,r29,#16; alloc local storage
 1504  000021d8  afa20000	sw	0(r29),r2
 1505  000021dc  afa30004	sw	4(r29),r3
 1506  000021e0  54000000	nop
 1507  000021e4          	L101_LF2:
 1508  000021e4  8fc10008	lw	r1,8(r30)
 1509  000021e8  2022ffff	addi	r2,r1,#-1
 1510  000021ec  afc20008	sw	8(r30),r2
 1511  000021f0  6c210000	sgti	r1,r1,#0
 1512  000021f4  1420000c	bnez	r1,L103_LF2
 1513  000021f8  54000000	nop; delay slot nop
 1514  000021fc  0800002c	j	L102_LF2
 1515  00002200  54000000	nop; delay slot nop
 1516  00002204          	L103_LF2:
 1517  00002204  8fc10004	lw	r1,4(r30)
 1518  00002208  20220001	addi	r2,r1,#1
 1519  0000220c  afc20004	sw	4(r30),r2
 1520  00002210  8fc20000	lw	r2,(r30)
 1521  00002214  20430001	addi	r3,r2,#1
 1522  00002218  afc30000	sw	(r30),r3
 1523  0000221c  80420000	lb	r2,(r2)
 1524  00002220  a0220000	sb	(r1),r2
 1525  00002224  0bffffbc	j	L101_LF2
 1526  00002228  54000000	nop; delay slot nop
 1527  0000222c          	L102_LF2:
 1528  0000222c          	L100_LF2:
 1529  0000222c  8fa20000	lw	r2,0(r29)
 1530  00002230  8fa30004	lw	r3,4(r29)
 1531  00002234  8fdffff8	lw	r31,-8(r30)
 1532  00002238  001ee820	add	r29,r0,r30
 1533  0000223c  8fdefffc	lw	r30,-4(r30)
 1534  00002240  4be00000	jr	r31
 1535  00002244  54000000	nop
 1536  00002248          	.endproc _bcopy
 1537  00002248          	.align 2
 1538  00002248          	.proc _bzero
 1539  00002248          	.global _bzero
 1540  00002248          	_bzero:
 1541                      ;  Function 'bzero'; 0 bytes of locals, 1 regs to save.
 1542  00002248  afbefffc	sw	-4(r29),r30; push fp
 1543  0000224c  001df020	add	r30,r0,r29; fp = sp
 1544  00002250  afbffff8	sw	-8(r29),r31; push ret addr
 1545  00002254  2fbd0010	subui	r29,r29,#16; alloc local storage
 1546  00002258  afa20000	sw	0(r29),r2
 1547  0000225c  54000000	nop
 1548  00002260          	L105_LF2:
 1549  00002260  8fc10004	lw	r1,4(r30)
 1550  00002264  2022ffff	addi	r2,r1,#-1
 1551  00002268  afc20004	sw	4(r30),r2
 1552  0000226c  6c210000	sgti	r1,r1,#0
 1553  00002270  1420000c	bnez	r1,L107_LF2
 1554  00002274  54000000	nop; delay slot nop
 1555  00002278  08000020	j	L106_LF2
 1556  0000227c  54000000	nop; delay slot nop
 1557  00002280          	L107_LF2:
 1558  00002280  8fc10000	lw	r1,(r30)
 1559  00002284  20220001	addi	r2,r1,#1
 1560  00002288  afc20000	sw	(r30),r2
 1561  0000228c  20020000	addi	r2,r0,(#0x0)&0xff
 1562  00002290  a0220000	sb	(r1),r2
 1563  00002294  0bffffc8	j	L105_LF2
 1564  00002298  54000000	nop; delay slot nop
 1565  0000229c          	L106_LF2:
 1566  0000229c          	L104_LF2:
 1567  0000229c  8fa20000	lw	r2,0(r29)
 1568  000022a0  8fdffff8	lw	r31,-8(r30)
 1569  000022a4  001ee820	add	r29,r0,r30
 1570  000022a8  8fdefffc	lw	r30,-4(r30)
 1571  000022ac  4be00000	jr	r31
 1572  000022b0  54000000	nop
 1573  000022b4          	.endproc _bzero
 1574  000022b4          	.align 2
 1575  000022b4          	.proc _min
 1576  000022b4          	.global _min
 1577  000022b4          	_min:
 1578                      ;  Function 'min'; 0 bytes of locals, 2 regs to save.
 1579  000022b4  afbefffc	sw	-4(r29),r30; push fp
 1580  000022b8  001df020	add	r30,r0,r29; fp = sp
 1581  000022bc  afbffff8	sw	-8(r29),r31; push ret addr
 1582  000022c0  2fbd0010	subui	r29,r29,#16; alloc local storage
 1583  000022c4  afa20000	sw	0(r29),r2
 1584  000022c8  afa30004	sw	4(r29),r3
 1585  000022cc  8fc10000	lw	r1,(r30)
 1586  000022d0  8fc20004	lw	r2,4(r30)
 1587  000022d4  0022182c	sle	r3,r1,r2
 1588  000022d8  14600008	bnez	r3,L109_LF2
 1589  000022dc  54000000	nop; delay slot nop
 1590  000022e0  8fc10004	lw	r1,4(r30)
 1591  000022e4          	L109_LF2:
 1592  000022e4  08000004	j	L108_LF2
 1593  000022e8  54000000	nop; delay slot nop
 1594  000022ec          	L108_LF2:
 1595  000022ec  8fa20000	lw	r2,0(r29)
 1596  000022f0  8fa30004	lw	r3,4(r29)
 1597  000022f4  8fdffff8	lw	r31,-8(r30)
 1598  000022f8  001ee820	add	r29,r0,r30
 1599  000022fc  8fdefffc	lw	r30,-4(r30)
 1600  00002300  4be00000	jr	r31
 1601  00002304  54000000	nop
 1602  00002308          	.endproc _min
 1603                      ;;; Ethan L. Miller, 1999.  Released to the public domain
 1604                      ;;;
 1605                      ;;; Most of the traps are called in files from libtraps.
 1608  00002308          	.align 2
 1609  00002308          	.proc _exit
 1610  00002308          	.global _exit
 1611  00002308          	_exit:
 1612  00002308  44000300	trap	#0x300
 1613  0000230c  4be00000	jr	r31
 1614  00002310  54000000	nop
 1615  00002314          	.endproc _exit
 1617                      ; for the benefit of gcc.
 1618  00002314          	.proc ___main
 1619  00002314          	.global ___main
 1620  00002314          	___main:
 1621  00002314  4be00000	jr	r31
 1622  00002318  54000000	nop
 1623  0000231c          	.endproc ___main
 1624  0000231c          	.text
 1625  0000231c          	.global _etext
 1626  0000231c          	_etext:
 1627  0000231c          	.align 3
 1628  00002320          	.data
 1629  0000307d          	.global _edata
 1630  0000307d          	_edata:
