 line   address	contents
    1                      ; Linked by DLX-LD.
    2                      ; MemSize 24576
    3                      ; Data size: 206
    4                      ; Text size: 4496
    5                      ; Stack size: 8192
    6  00000000          	.text 0x1000
    7  00001000          	.data 0x3000
    8                      ; Compiled by GCC
    9  00003000          	.text
   10  00001000          	.align 2
   11  00001000          	.proc _isspace
   12  00001000          	.global _isspace
   13  00001000          	_isspace:
   14                      ;  Function 'isspace'; 0 bytes of locals, 1 regs to save.
   15  00001000  afbefffc	sw	-4(r29),r30; push fp
   16  00001004  001df020	add	r30,r0,r29; fp = sp
   17  00001008  afbffff8	sw	-8(r29),r31; push ret addr
   18  0000100c  2fbd0010	subui	r29,r29,#16; alloc local storage
   19  00001010  afa20000	sw	0(r29),r2
   20  00001014  83c20003	lb	r2,3(r30)
   21  00001018  201f0000	addi	r31,r0,#0
   22  0000101c  304100ff	andi	r1,r2,#0x00ff
   23  00001020  60210020	seqi	r1,r1,#32
   24  00001024  14200018	bnez	r1,L6_LF0
   25  00001028  54000000	nop; not filled.
   26  0000102c  2041fff7	addi	r1,r2,#-9
   27  00001030  302100ff	andi	r1,r1,#0x00ff
   28  00001034  70210001	sleui	r1,r1,#1
   29  00001038  10200008	beqz	r1,L5_LF0
   30  0000103c  54000000	nop; not filled.
   31  00001040          	L6_LF0:
   32  00001040  201f0001	addi	r31,r0,#1
   33  00001044          	L5_LF0:
   34  00001044  001f0820	add	r1,r0,r31
   35  00001048  8fa20000	lw	r2,0(r29)
   36  0000104c  8fdffff8	lw	r31,-8(r30)
   37  00001050  001ee820	add	r29,r0,r30
   38  00001054  8fdefffc	lw	r30,-4(r30)
   39  00001058  4be00000	jr	r31
   40  0000105c  54000000	nop
   41  00001060          	.endproc _isspace
   42  00001060          	.align 2
   43  00001060          	.proc _isxdigit
   44  00001060          	.global _isxdigit
   45  00001060          	_isxdigit:
   46                      ;  Function 'isxdigit'; 0 bytes of locals, 1 regs to save.
   47  00001060  afbefffc	sw	-4(r29),r30; push fp
   48  00001064  001df020	add	r30,r0,r29; fp = sp
   49  00001068  afbffff8	sw	-8(r29),r31; push ret addr
   50  0000106c  2fbd0010	subui	r29,r29,#16; alloc local storage
   51  00001070  afa20000	sw	0(r29),r2
   52  00001074  83df0003	lb	r31,3(r30)
   53  00001078  20020000	addi	r2,r0,#0
   54  0000107c  23e1ffd0	addi	r1,r31,#-48
   55  00001080  302100ff	andi	r1,r1,#0x00ff
   56  00001084  70210009	sleui	r1,r1,#9
   57  00001088  14200028	bnez	r1,L12_LF0
   58  0000108c  54000000	nop; not filled.
   59  00001090  23e1ff9f	addi	r1,r31,#-97
   60  00001094  302100ff	andi	r1,r1,#0x00ff
   61  00001098  70210005	sleui	r1,r1,#5
   62  0000109c  14200014	bnez	r1,L12_LF0
   63  000010a0  54000000	nop; not filled.
   64  000010a4  33e100ff	andi	r1,r31,#0x00ff
   65  000010a8  64210041	snei	r1,r1,#65
   66  000010ac  14200008	bnez	r1,L11_LF0
   67  000010b0  54000000	nop; not filled.
   68  000010b4          	L12_LF0:
   69  000010b4  20020001	addi	r2,r0,#1
   70  000010b8          	L11_LF0:
   71  000010b8  00020820	add	r1,r0,r2
   72  000010bc  8fa20000	lw	r2,0(r29)
   73  000010c0  8fdffff8	lw	r31,-8(r30)
   74  000010c4  001ee820	add	r29,r0,r30
   75  000010c8  8fdefffc	lw	r30,-4(r30)
   76  000010cc  4be00000	jr	r31
   77  000010d0  54000000	nop
   78  000010d4          	.endproc _isxdigit
   79  000010d4          	.data
   80  00003000          	.align 2
   81  00003000          	LC0_LF0:
   82  00003000  55736167	.ascii "Usage: \000"
   82  00003004  653a2000	
   83  00003008          	.align 2
   84  00003008          	LC1_LF0:
   85  00003008  203c6861	.ascii " <handle_to_shared_memory_page> <handle_to_page_mapped_semaphore>\n\000"
   85  0000300c  6e646c65	
   85  00003010  5f746f5f	
   85  00003014  73686172	
   85  00003018  65645f6d	
   85  0000301c  656d6f72	
   85  00003020  795f7061	
   85  00003024  67653e20	
   85  00003028  3c68616e	
   85  0000302c  646c655f	
   85  00003030  746f5f70	
   85  00003034  6167655f	
   85  00003038  6d617070	
   85  0000303c  65645f73	
   85  00003040  656d6170	
   85  00003044  686f7265	
   85  00003048  3e0a00  	
   86  0000304b          	.align 2
   87  0000304c          	LC2_LF0:
   88  0000304c  436f756c	.ascii "Could not map virtual address to memory in \000"
   88  00003050  64206e6f	
   88  00003054  74206d61	
   88  00003058  70207669	
   88  0000305c  72747561	
   88  00003060  6c206164	
   88  00003064  64726573	
   88  00003068  7320746f	
   88  0000306c  206d656d	
   88  00003070  6f727920	
   88  00003074  696e2000	
   89  00003078          	.align 2
   90  00003078          	LC3_LF0:
   91  00003078  436f6e73	.ascii "Consumer %d removed: %c\n\000"
   91  0000307c  756d6572	
   91  00003080  20256420	
   91  00003084  72656d6f	
   91  00003088  7665643a	
   91  0000308c  2025630a	
   91  00003090  00      	
   92  00003091          	.align 2
   93  00003094          	LC4_LF0:
   94  00003094  42616420	.ascii "Bad semaphore sem_procs_completed (%d) in \000"
   94  00003098  73656d61	
   94  0000309c  70686f72	
   94  000030a0  65207365	
   94  000030a4  6d5f7072	
   94  000030a8  6f63735f	
   94  000030ac  636f6d70	
   94  000030b0  6c657465	
   94  000030b4  64202825	
   94  000030b8  64292069	
   94  000030bc  6e2000  	
   95  000030bf          	.align 2
   96  000030c0          	LC5_LF0:
   97  000030c0  2c206578	.ascii ", exiting...\n\000"
   97  000030c4  6974696e	
   97  000030c8  672e2e2e	
   97  000030cc  0a00    	
   98  000030ce          	.text
   99  000010d4          	.align 2
  100  000010d4          	.proc _main
  101  000010d4          	.global _main
  102  000010d4          	_main:
  103                      ;  Function 'main'; 0 bytes of locals, 0 regs to save.
  104  000010d4  afbefffc	sw	-4(r29),r30; push fp
  105  000010d8  001df020	add	r30,r0,r29; fp = sp
  106  000010dc  afbffff8	sw	-8(r29),r31; push ret addr
  107  000010e0  2fbd0008	subui	r29,r29,#8; alloc local storage
  108  000010e4  8fc20000	lw	r2,(r30)
  109  000010e8  8fc70004	lw	r7,4(r30)
  110  000010ec  0c001098	jal	___main
  111  000010f0  54000000	nop; not filled.
  112  000010f4  64410004	snei	r1,r2,#4
  113  000010f8  1020004c	beqz	r1,L14_LF0
  114  000010fc  54000000	nop; not filled.
  115  00001100  23bdfff8	addi	r29,r29,#-8
  116  00001104  3c0a0000	lhi	r10,((LC0_LF0)>>16)&0xffff
  117  00001108  254a3000	addui	r10,r10,(LC0_LF0)&0xffff
  118  0000110c  afaa0000	sw	(r29),r10
  119  00001110  0c00026c	jal	_Printf
  120  00001114  54000000	nop; not filled.
  121  00001118  8cea0000	lw	r10,(r7)
  122  0000111c  afaa0000	sw	(r29),r10
  123  00001120  0c00025c	jal	_Printf
  124  00001124  54000000	nop; not filled.
  125  00001128  3c0a0000	lhi	r10,((LC1_LF0)>>16)&0xffff
  126  0000112c  254a3008	addui	r10,r10,(LC1_LF0)&0xffff
  127  00001130  afaa0000	sw	(r29),r10
  128  00001134  0c000248	jal	_Printf
  129  00001138  54000000	nop; not filled.
  130  0000113c  0c0002f4	jal	_Exit
  131  00001140  54000000	nop; not filled.
  132  00001144  23bd0008	addi	r29,r29,#8
  133  00001148          	L14_LF0:
  134  00001148  23bdfff0	addi	r29,r29,#-16
  135  0000114c  8cea0004	lw	r10,4(r7)
  136  00001150  afaa0000	sw	(r29),r10
  137  00001154  200a0000	addi	r10,r0,#0
  138  00001158  afaa0004	sw	4(r29),r10
  139  0000115c  200a000a	addi	r10,r0,#10
  140  00001160  afaa0008	sw	8(r29),r10
  141  00001164  0c000b78	jal	_dstrtol
  142  00001168  54000000	nop; not filled.
  143  0000116c  00014820	add	r9,r0,r1
  144  00001170  8cea0008	lw	r10,8(r7)
  145  00001174  afaa0000	sw	(r29),r10
  146  00001178  200a0000	addi	r10,r0,#0
  147  0000117c  afaa0004	sw	4(r29),r10
  148  00001180  200a000a	addi	r10,r0,#10
  149  00001184  afaa0008	sw	8(r29),r10
  150  00001188  0c000b54	jal	_dstrtol
  151  0000118c  54000000	nop; not filled.
  152  00001190  00011020	add	r2,r0,r1
  153  00001194  8cea000c	lw	r10,12(r7)
  154  00001198  afaa0000	sw	(r29),r10
  155  0000119c  200a0000	addi	r10,r0,#0
  156  000011a0  afaa0004	sw	4(r29),r10
  157  000011a4  200a000a	addi	r10,r0,#10
  158  000011a8  afaa0008	sw	8(r29),r10
  159  000011ac  0c000b30	jal	_dstrtol
  160  000011b0  54000000	nop; not filled.
  161  000011b4  00013020	add	r6,r0,r1
  162  000011b8  afa20000	sw	(r29),r2
  163  000011bc  0c0001f0	jal	_shmat
  164  000011c0  54000000	nop; not filled.
  165  000011c4  00012020	add	r4,r0,r1
  166  000011c8  23bd0010	addi	r29,r29,#16
  167  000011cc  64810000	snei	r1,r4,#0
  168  000011d0  14200038	bnez	r1,L15_LF0
  169  000011d4  54000000	nop; not filled.
  170  000011d8  23bdfff8	addi	r29,r29,#-8
  171  000011dc  3c0a0000	lhi	r10,((LC2_LF0)>>16)&0xffff
  172  000011e0  254a304c	addui	r10,r10,(LC2_LF0)&0xffff
  173  000011e4  afaa0000	sw	(r29),r10
  174  000011e8  0c000194	jal	_Printf
  175  000011ec  54000000	nop; not filled.
  176  000011f0  8cea0000	lw	r10,(r7)
  177  000011f4  afaa0000	sw	(r29),r10
  178  000011f8  0c000184	jal	_Printf
  179  000011fc  54000000	nop; not filled.
  180  00001200  0c000230	jal	_Exit
  181  00001204  54000000	nop; not filled.
  182  00001208  23bd0008	addi	r29,r29,#8
  183  0000120c          	L15_LF0:
  184  0000120c  20050000	addi	r5,r0,#0
  185  00001210  20080005	addi	r8,r0,#5
  186  00001214          	L18_LF0:
  187  00001214  23bdfff8	addi	r29,r29,#-8
  188  00001218  afa60000	sw	(r29),r6
  189  0000121c  0c0001cc	jal	_lock_acquire
  190  00001220  54000000	nop; not filled.
  191  00001224  8c820008	lw	r2,8(r4)
  192  00001228  8c81000c	lw	r1,12(r4)
  193  0000122c  23bd0008	addi	r29,r29,#8
  194  00001230  00410829	sne	r1,r2,r1
  195  00001234  10200068	beqz	r1,L19_LF0
  196  00001238  54000000	nop; not filled.
  197  0000123c  0c00014c	jal	_getpid
  198  00001240  54000000	nop; not filled.
  199  00001244  23bdfff0	addi	r29,r29,#-16
  200  00001248  3c0a0000	lhi	r10,((LC3_LF0)>>16)&0xffff
  201  0000124c  254a3078	addui	r10,r10,(LC3_LF0)&0xffff
  202  00001250  afaa0000	sw	(r29),r10
  203  00001254  afa10004	sw	4(r29),r1
  204  00001258  8c810008	lw	r1,8(r4)
  205  0000125c  00810820	add	r1,r4,r1
  206  00001260  90210000	lbu	r1,(r1)
  207  00001264  afa10008	sw	8(r29),r1
  208  00001268  0c000114	jal	_Printf
  209  0000126c  54000000	nop; not filled.
  210  00001270  8c810008	lw	r1,8(r4)
  211  00001274  20230001	addi	r3,r1,#1
  212  00001278  00600035	movi2fp	f0,r3
  213  0000127c  01000835	movi2fp	f1,r8
  214  00001280  0401000f	div	f0,f0,f1
  215  00001284  00001034	movfp2i	r2,f0
  216  00001288  50410002	slli	r1,r2,#0x2
  217  0000128c  00220820	add	r1,r1,r2
  218  00001290  00610822	sub	r1,r3,r1
  219  00001294  ac810008	sw	8(r4),r1
  220  00001298  20a50001	addi	r5,r5,#1
  221  0000129c  23bd0010	addi	r29,r29,#16
  222  000012a0          	L19_LF0:
  223  000012a0  23bdfff8	addi	r29,r29,#-8
  224  000012a4  afa60000	sw	(r29),r6
  225  000012a8  0c00014c	jal	_lock_release
  226  000012ac  54000000	nop; not filled.
  227  000012b0  23bd0008	addi	r29,r29,#8
  228  000012b4  70a1000a	slei	r1,r5,#10
  229  000012b8  1420ff58	bnez	r1,L18_LF0
  230  000012bc  54000000	nop; not filled.
  231  000012c0  23bdfff8	addi	r29,r29,#-8
  232  000012c4  afa90000	sw	(r29),r9
  233  000012c8  0c000108	jal	_sem_signal
  234  000012cc  54000000	nop; not filled.
  235  000012d0  23bd0008	addi	r29,r29,#8
  236  000012d4  64210001	snei	r1,r1,#1
  237  000012d8  10200050	beqz	r1,L21_LF0
  238  000012dc  54000000	nop; not filled.
  239  000012e0  23bdfff8	addi	r29,r29,#-8
  240  000012e4  3c0a0000	lhi	r10,((LC4_LF0)>>16)&0xffff
  241  000012e8  254a3094	addui	r10,r10,(LC4_LF0)&0xffff
  242  000012ec  afaa0000	sw	(r29),r10
  243  000012f0  afa90004	sw	4(r29),r9
  244  000012f4  0c000088	jal	_Printf
  245  000012f8  54000000	nop; not filled.
  246  000012fc  8ce70000	lw	r7,(r7)
  247  00001300  afa70000	sw	(r29),r7
  248  00001304  0c000078	jal	_Printf
  249  00001308  54000000	nop; not filled.
  250  0000130c  3c0a0000	lhi	r10,((LC5_LF0)>>16)&0xffff
  251  00001310  254a30c0	addui	r10,r10,(LC5_LF0)&0xffff
  252  00001314  afaa0000	sw	(r29),r10
  253  00001318  0c000064	jal	_Printf
  254  0000131c  54000000	nop; not filled.
  255  00001320  0c000110	jal	_Exit
  256  00001324  54000000	nop; not filled.
  257  00001328  23bd0008	addi	r29,r29,#8
  258  0000132c          	L21_LF0:
  259  0000132c  20010000	addi	r1,r0,#0
  260  00001330  0c000e48	jal	_exit
  261  00001334  54000000	nop
  262  00001338          	.endproc _main
  263                      ;;;
  264                      ;;; Stub functions for DLX traps.
  265                      ;;;
  266                      ;;; Ethan L. Miller, 1999.  Released to the public domain.
  267                      ;;;
  268                      ;;; The traps such as Open and Close
  269                      ;;; (note the capital letters) are for use by user programs.  The traps
  270                      ;;; with names such as open and close (lower case) are for use by the OS.
  271                      ;;;
  274  00001338          	.align 2
  276                      ;;; The following are the traps to be used by user-level programs
  277                      ;;;
  279  00001338          	.align 2
  280  00001338          	.proc _Open
  281  00001338          	.global _Open
  282  00001338          	_Open:
  283                      ;;; Note that trap #0x213 actually causes a trap vector in the OS of
  284                      ;;; 0x1213.  The same is true for other user traps.  Thus, a user trap
  285                      ;;; with trap #0x240 will result in a trap vector of 0x1240 in the OS.
  286  00001338  44000213	trap	#0x213
  287  0000133c  4be00000	jr	r31
  288  00001340  54000000	nop
  289  00001344          	.endproc _Open
  291  00001344          	.proc _Close
  292  00001344          	.global _Close
  293  00001344          	_Close:
  294  00001344  44000214	trap	#0x214
  295  00001348  4be00000	jr	r31
  296  0000134c  54000000	nop
  297  00001350          	.endproc _Close
  299  00001350          	.proc _Read
  300  00001350          	.global _Read
  301  00001350          	_Read:
  302  00001350  44000210	trap	#0x210
  303  00001354  4be00000	jr	r31
  304  00001358  54000000	nop
  305  0000135c          	.endproc _Read
  307  0000135c          	.proc _Write
  308  0000135c          	.global _Write
  309  0000135c          	_Write:
  310  0000135c  44000211	trap	#0x211
  311  00001360  4be00000	jr	r31
  312  00001364  54000000	nop
  313  00001368          	.endproc _Write
  315  00001368          	.proc _Lseek
  316  00001368          	.global _Lseek
  317  00001368          	_Lseek:
  318  00001368  44000212	trap	#0x212
  319  0000136c  4be00000	jr	r31
  320  00001370  54000000	nop
  321  00001374          	.endproc _Lseek
  323  00001374          	.proc _Putchar
  324  00001374          	.global _Putchar
  325  00001374          	_Putchar:
  326  00001374  44000280	trap	#0x280
  327  00001378  4be00000	jr	r31
  328  0000137c  54000000	nop
  329  00001380          	.endproc _Putchar
  331  00001380          	.proc _Printf
  332  00001380          	.global _Printf
  333  00001380          	_Printf:
  334  00001380  44000201	trap	#0x201
  335  00001384  4be00000	jr	r31
  336  00001388  54000000	nop
  337  0000138c          	.endproc _Printf
  339  0000138c          	.proc _getpid
  340  0000138c          	.global _getpid
  341  0000138c          	_getpid:
  342  0000138c  44000431	trap	#0x431
  343  00001390  4be00000	jr	r31
  344  00001394  54000000	nop
  345  00001398          	.endproc _getpid
  347  00001398          	.proc _process_create
  348  00001398          	.global _process_create
  349  00001398          	_process_create:
  350  00001398  44000432	trap	#0x432
  351  0000139c  4be00000	jr	r31
  352  000013a0  54000000	nop
  353  000013a4          	.endproc _process_create
  355  000013a4          	.proc _shmget
  356  000013a4          	.global _shmget
  357  000013a4          	_shmget:
  358  000013a4  44000440	trap	#0x440
  359  000013a8  4be00000	jr	r31
  360  000013ac  54000000	nop
  361  000013b0          	.endproc _shmget
  363  000013b0          	.proc _shmat
  364  000013b0          	.global _shmat
  365  000013b0          	_shmat:
  366  000013b0  44000441	trap	#0x441
  367  000013b4  4be00000	jr	r31
  368  000013b8  54000000	nop
  369  000013bc          	.endproc _shmat
  371  000013bc          	.proc _sem_create
  372  000013bc          	.global _sem_create
  373  000013bc          	_sem_create:
  374  000013bc  44000450	trap	#0x450
  375  000013c0  4be00000	jr	r31
  376  000013c4  54000000	nop
  377  000013c8          	.endproc _sem_create
  379  000013c8          	.proc _sem_wait
  380  000013c8          	.global _sem_wait
  381  000013c8          	_sem_wait:
  382  000013c8  44000451	trap	#0x451
  383  000013cc  4be00000	jr	r31
  384  000013d0  54000000	nop
  385  000013d4          	.endproc _sem_wait
  387  000013d4          	.proc _sem_signal
  388  000013d4          	.global _sem_signal
  389  000013d4          	_sem_signal:
  390  000013d4  44000452	trap	#0x452
  391  000013d8  4be00000	jr	r31
  392  000013dc  54000000	nop
  393  000013e0          	.endproc _sem_signal
  395  000013e0          	.proc _lock_create
  396  000013e0          	.global _lock_create
  397  000013e0          	_lock_create:
  398  000013e0  44000453	trap	#0x453
  399  000013e4  4be00000	jr	r31
  400  000013e8  54000000	nop
  401  000013ec          	.endproc _lock_create
  403  000013ec          	.proc _lock_acquire
  404  000013ec          	.global _lock_acquire
  405  000013ec          	_lock_acquire:
  406  000013ec  44000454	trap	#0x454
  407  000013f0  4be00000	jr	r31
  408  000013f4  54000000	nop
  409  000013f8          	.endproc _lock_acquire
  411  000013f8          	.proc _lock_release
  412  000013f8          	.global _lock_release
  413  000013f8          	_lock_release:
  414  000013f8  44000455	trap	#0x455
  415  000013fc  4be00000	jr	r31
  416  00001400  54000000	nop
  417  00001404          	.endproc _lock_release
  419  00001404          	.proc _cond_create
  420  00001404          	.global _cond_create
  421  00001404          	_cond_create:
  422  00001404  44000456	trap	#0x456
  423  00001408  4be00000	jr	r31
  424  0000140c  54000000	nop
  425  00001410          	.endproc _cond_create
  427  00001410          	.proc _cond_wait
  428  00001410          	.global _cond_wait
  429  00001410          	_cond_wait:
  430  00001410  44000457	trap	#0x457
  431  00001414  4be00000	jr	r31
  432  00001418  54000000	nop
  433  0000141c          	.endproc _cond_wait
  435  0000141c          	.proc _cond_signal
  436  0000141c          	.global _cond_signal
  437  0000141c          	_cond_signal:
  438  0000141c  44000458	trap	#0x458
  439  00001420  4be00000	jr	r31
  440  00001424  54000000	nop
  441  00001428          	.endproc _cond_signal
  443  00001428          	.proc _cond_broadcast
  444  00001428          	.global _cond_broadcast
  445  00001428          	_cond_broadcast:
  446  00001428  44000459	trap	#0x459
  447  0000142c  4be00000	jr	r31
  448  00001430  54000000	nop
  449  00001434          	.endproc _cond_broadcast
  451  00001434          	.proc _Exit
  452  00001434          	.global _Exit
  453  00001434          	_Exit:
  454  00001434  44000500	trap	#0x500
  455  00001438  4be00000	jr	r31
  456  0000143c  54000000	nop
  457  00001440          	.endproc _Exit
  458                      ; Compiled by GCC
  460  00001440          	.align 2
  461  00001440          	.proc _isspace
  462  00001440          	.global _isspace
  463  00001440          	_isspace:
  464                      ;  Function 'isspace'; 0 bytes of locals, 3 regs to save.
  465  00001440  afbefffc	sw	-4(r29),r30; push fp
  466  00001444  001df020	add	r30,r0,r29; fp = sp
  467  00001448  afbffff8	sw	-8(r29),r31; push ret addr
  468  0000144c  2fbd0018	subui	r29,r29,#24; alloc local storage
  469  00001450  afa20000	sw	0(r29),r2
  470  00001454  afa30004	sw	4(r29),r3
  471  00001458  afa40008	sw	8(r29),r4
  472  0000145c  83c20003	lb	r2,3(r30)
  473  00001460  20010000	addi	r1,r0,#0
  474  00001464  304300ff	andi	r3,r2,#0x00ff
  475  00001468  60640020	seqi	r4,r3,#32
  476  0000146c  1480002c	bnez	r4,L3_LF2
  477  00001470  54000000	nop; delay slot nop
  478  00001474  304300ff	andi	r3,r2,#0x00ff
  479  00001478  60640009	seqi	r4,r3,#9
  480  0000147c  1480001c	bnez	r4,L3_LF2
  481  00001480  54000000	nop; delay slot nop
  482  00001484  304300ff	andi	r3,r2,#0x00ff
  483  00001488  6064000a	seqi	r4,r3,#10
  484  0000148c  1480000c	bnez	r4,L3_LF2
  485  00001490  54000000	nop; delay slot nop
  486  00001494  08000008	j	L2_LF2
  487  00001498  54000000	nop; delay slot nop
  488  0000149c          	L3_LF2:
  489  0000149c  20010001	addi	r1,r0,#1
  490  000014a0          	L2_LF2:
  491  000014a0  08000004	j	L1_LF2
  492  000014a4  54000000	nop; delay slot nop
  493  000014a8          	L1_LF2:
  494  000014a8  8fa20000	lw	r2,0(r29)
  495  000014ac  8fa30004	lw	r3,4(r29)
  496  000014b0  8fa40008	lw	r4,8(r29)
  497  000014b4  8fdffff8	lw	r31,-8(r30)
  498  000014b8  001ee820	add	r29,r0,r30
  499  000014bc  8fdefffc	lw	r30,-4(r30)
  500  000014c0  4be00000	jr	r31
  501  000014c4  54000000	nop
  502  000014c8          	.endproc _isspace
  503  000014c8          	.align 2
  504  000014c8          	.proc _isxdigit
  505  000014c8          	.global _isxdigit
  506  000014c8          	_isxdigit:
  507                      ;  Function 'isxdigit'; 0 bytes of locals, 3 regs to save.
  508  000014c8  afbefffc	sw	-4(r29),r30; push fp
  509  000014cc  001df020	add	r30,r0,r29; fp = sp
  510  000014d0  afbffff8	sw	-8(r29),r31; push ret addr
  511  000014d4  2fbd0018	subui	r29,r29,#24; alloc local storage
  512  000014d8  afa20000	sw	0(r29),r2
  513  000014dc  afa30004	sw	4(r29),r3
  514  000014e0  afa40008	sw	8(r29),r4
  515  000014e4  83c20003	lb	r2,3(r30)
  516  000014e8  20010000	addi	r1,r0,#0
  517  000014ec  304300ff	andi	r3,r2,#0x00ff
  518  000014f0  6c64002f	sgtui	r4,r3,#47
  519  000014f4  1080001c	beqz	r4,L7_LF2
  520  000014f8  54000000	nop; delay slot nop
  521  000014fc  304300ff	andi	r3,r2,#0x00ff
  522  00001500  70640039	sleui	r4,r3,#57
  523  00001504  1480005c	bnez	r4,L6_LF2
  524  00001508  54000000	nop; delay slot nop
  525  0000150c  08000004	j	L7_LF2
  526  00001510  54000000	nop; delay slot nop
  527  00001514          	L7_LF2:
  528  00001514  304300ff	andi	r3,r2,#0x00ff
  529  00001518  6c640060	sgtui	r4,r3,#96
  530  0000151c  1080001c	beqz	r4,L8_LF2
  531  00001520  54000000	nop; delay slot nop
  532  00001524  304300ff	andi	r3,r2,#0x00ff
  533  00001528  70640066	sleui	r4,r3,#102
  534  0000152c  14800034	bnez	r4,L6_LF2
  535  00001530  54000000	nop; delay slot nop
  536  00001534  08000004	j	L8_LF2
  537  00001538  54000000	nop; delay slot nop
  538  0000153c          	L8_LF2:
  539  0000153c  304300ff	andi	r3,r2,#0x00ff
  540  00001540  6c640040	sgtui	r4,r3,#64
  541  00001544  10800020	beqz	r4,L5_LF2
  542  00001548  54000000	nop; delay slot nop
  543  0000154c  304300ff	andi	r3,r2,#0x00ff
  544  00001550  70640041	sleui	r4,r3,#65
  545  00001554  1480000c	bnez	r4,L6_LF2
  546  00001558  54000000	nop; delay slot nop
  547  0000155c  08000008	j	L5_LF2
  548  00001560  54000000	nop; delay slot nop
  549  00001564          	L6_LF2:
  550  00001564  20010001	addi	r1,r0,#1
  551  00001568          	L5_LF2:
  552  00001568  08000004	j	L4_LF2
  553  0000156c  54000000	nop; delay slot nop
  554  00001570          	L4_LF2:
  555  00001570  8fa20000	lw	r2,0(r29)
  556  00001574  8fa30004	lw	r3,4(r29)
  557  00001578  8fa40008	lw	r4,8(r29)
  558  0000157c  8fdffff8	lw	r31,-8(r30)
  559  00001580  001ee820	add	r29,r0,r30
  560  00001584  8fdefffc	lw	r30,-4(r30)
  561  00001588  4be00000	jr	r31
  562  0000158c  54000000	nop
  563  00001590          	.endproc _isxdigit
  564  00001590          	.align 2
  565  00001590          	.proc _dstrcpy
  566  00001590          	.global _dstrcpy
  567  00001590          	_dstrcpy:
  568                      ;  Function 'dstrcpy'; 8 bytes of locals, 2 regs to save.
  569  00001590  afbefffc	sw	-4(r29),r30; push fp
  570  00001594  001df020	add	r30,r0,r29; fp = sp
  571  00001598  afbffff8	sw	-8(r29),r31; push ret addr
  572  0000159c  2fbd0018	subui	r29,r29,#24; alloc local storage
  573  000015a0  afa20000	sw	0(r29),r2
  574  000015a4  afa30004	sw	4(r29),r3
  575  000015a8  8fc10000	lw	r1,(r30)
  576  000015ac  afc1fff4	sw	-12(r30),r1
  577  000015b0          	L10_LF2:
  578  000015b0  8fc10000	lw	r1,(r30)
  579  000015b4  20220001	addi	r2,r1,#1
  580  000015b8  afc20000	sw	(r30),r2
  581  000015bc  8fc20004	lw	r2,4(r30)
  582  000015c0  20430001	addi	r3,r2,#1
  583  000015c4  afc30004	sw	4(r30),r3
  584  000015c8  80420000	lb	r2,(r2)
  585  000015cc  a0220000	sb	(r1),r2
  586  000015d0  a3c2fff3	sb	-13(r30),r2
  587  000015d4          	L12_LF2:
  588  000015d4  93c1fff3	lbu	r1,-13(r30)
  589  000015d8  64220000	snei	r2,r1,#0
  590  000015dc  1440000c	bnez	r2,L13_LF2
  591  000015e0  54000000	nop; delay slot nop
  592  000015e4  0800000c	j	L11_LF2
  593  000015e8  54000000	nop; delay slot nop
  594  000015ec          	L13_LF2:
  595  000015ec  0bffffc0	j	L10_LF2
  596  000015f0  54000000	nop; delay slot nop
  597  000015f4          	L11_LF2:
  598  000015f4  8fc1fff4	lw	r1,-12(r30)
  599  000015f8  08000004	j	L9_LF2
  600  000015fc  54000000	nop; delay slot nop
  601  00001600          	L9_LF2:
  602  00001600  8fa20000	lw	r2,0(r29)
  603  00001604  8fa30004	lw	r3,4(r29)
  604  00001608  8fdffff8	lw	r31,-8(r30)
  605  0000160c  001ee820	add	r29,r0,r30
  606  00001610  8fdefffc	lw	r30,-4(r30)
  607  00001614  4be00000	jr	r31
  608  00001618  54000000	nop
  609  0000161c          	.endproc _dstrcpy
  610  0000161c          	.align 2
  611  0000161c          	.proc _dstrncpy
  612  0000161c          	.global _dstrncpy
  613  0000161c          	_dstrncpy:
  614                      ;  Function 'dstrncpy'; 8 bytes of locals, 2 regs to save.
  615  0000161c  afbefffc	sw	-4(r29),r30; push fp
  616  00001620  001df020	add	r30,r0,r29; fp = sp
  617  00001624  afbffff8	sw	-8(r29),r31; push ret addr
  618  00001628  2fbd0018	subui	r29,r29,#24; alloc local storage
  619  0000162c  afa20000	sw	0(r29),r2
  620  00001630  afa30004	sw	4(r29),r3
  621  00001634  8fc10000	lw	r1,(r30)
  622  00001638  afc1fff4	sw	-12(r30),r1
  623  0000163c          	L15_LF2:
  624  0000163c  8fc10008	lw	r1,8(r30)
  625  00001640  2022ffff	addi	r2,r1,#-1
  626  00001644  afc20008	sw	8(r30),r2
  627  00001648  70210000	slei	r1,r1,#0
  628  0000164c  1020000c	beqz	r1,L18_LF2
  629  00001650  54000000	nop; delay slot nop
  630  00001654  08000048	j	L16_LF2
  631  00001658  54000000	nop; delay slot nop
  632  0000165c          	L18_LF2:
  633  0000165c  8fc10000	lw	r1,(r30)
  634  00001660  20220001	addi	r2,r1,#1
  635  00001664  afc20000	sw	(r30),r2
  636  00001668  8fc20004	lw	r2,4(r30)
  637  0000166c  20430001	addi	r3,r2,#1
  638  00001670  afc30004	sw	4(r30),r3
  639  00001674  80420000	lb	r2,(r2)
  640  00001678  a0220000	sb	(r1),r2
  641  0000167c  a3c2fff3	sb	-13(r30),r2
  642  00001680          	L17_LF2:
  643  00001680  93c1fff3	lbu	r1,-13(r30)
  644  00001684  64220000	snei	r2,r1,#0
  645  00001688  1440000c	bnez	r2,L19_LF2
  646  0000168c  54000000	nop; delay slot nop
  647  00001690  0800000c	j	L16_LF2
  648  00001694  54000000	nop; delay slot nop
  649  00001698          	L19_LF2:
  650  00001698  0bffffa0	j	L15_LF2
  651  0000169c  54000000	nop; delay slot nop
  652  000016a0          	L16_LF2:
  653  000016a0  8fc1fff4	lw	r1,-12(r30)
  654  000016a4  08000004	j	L14_LF2
  655  000016a8  54000000	nop; delay slot nop
  656  000016ac          	L14_LF2:
  657  000016ac  8fa20000	lw	r2,0(r29)
  658  000016b0  8fa30004	lw	r3,4(r29)
  659  000016b4  8fdffff8	lw	r31,-8(r30)
  660  000016b8  001ee820	add	r29,r0,r30
  661  000016bc  8fdefffc	lw	r30,-4(r30)
  662  000016c0  4be00000	jr	r31
  663  000016c4  54000000	nop
  664  000016c8          	.endproc _dstrncpy
  665  000016c8          	.align 2
  666  000016c8          	.proc _dstrcat
  667  000016c8          	.global _dstrcat
  668  000016c8          	_dstrcat:
  669                      ;  Function 'dstrcat'; 8 bytes of locals, 1 regs to save.
  670  000016c8  afbefffc	sw	-4(r29),r30; push fp
  671  000016cc  001df020	add	r30,r0,r29; fp = sp
  672  000016d0  afbffff8	sw	-8(r29),r31; push ret addr
  673  000016d4  2fbd0018	subui	r29,r29,#24; alloc local storage
  674  000016d8  afa20000	sw	0(r29),r2
  675  000016dc  8fc10000	lw	r1,(r30)
  676  000016e0  afc1fff4	sw	-12(r30),r1
  677  000016e4          	L21_LF2:
  678  000016e4  8fc10000	lw	r1,(r30)
  679  000016e8  90220000	lbu	r2,(r1)
  680  000016ec  64410000	snei	r1,r2,#0
  681  000016f0  1420000c	bnez	r1,L23_LF2
  682  000016f4  54000000	nop; delay slot nop
  683  000016f8  0800001c	j	L22_LF2
  684  000016fc  54000000	nop; delay slot nop
  685  00001700          	L23_LF2:
  686  00001700  8fc20000	lw	r2,(r30)
  687  00001704  20410001	addi	r1,r2,#1
  688  00001708  00011020	add	r2,r0,r1
  689  0000170c  afc20000	sw	(r30),r2
  690  00001710  0bffffd0	j	L21_LF2
  691  00001714  54000000	nop; delay slot nop
  692  00001718          	L22_LF2:
  693  00001718  23bdfff8	addi	r29,r29,#-8
  694  0000171c  001d0820	add	r1,r0,r29
  695  00001720  8fc20000	lw	r2,(r30)
  696  00001724  ac220000	sw	(r1),r2
  697  00001728  8fc20004	lw	r2,4(r30)
  698  0000172c  ac220004	sw	4(r1),r2
  699  00001730  0ffffe5c	jal	_dstrcpy
  700  00001734  54000000	nop; delay slot nop
  701  00001738  23bd0008	addi	r29,r29,#8
  702  0000173c  8fc1fff4	lw	r1,-12(r30)
  703  00001740  08000004	j	L20_LF2
  704  00001744  54000000	nop; delay slot nop
  705  00001748          	L20_LF2:
  706  00001748  8fa20000	lw	r2,0(r29)
  707  0000174c  8fdffff8	lw	r31,-8(r30)
  708  00001750  001ee820	add	r29,r0,r30
  709  00001754  8fdefffc	lw	r30,-4(r30)
  710  00001758  4be00000	jr	r31
  711  0000175c  54000000	nop
  712  00001760          	.endproc _dstrcat
  713  00001760          	.align 2
  714  00001760          	.proc _dstrncmp
  715  00001760          	.global _dstrncmp
  716  00001760          	_dstrncmp:
  717                      ;  Function 'dstrncmp'; 8 bytes of locals, 2 regs to save.
  718  00001760  afbefffc	sw	-4(r29),r30; push fp
  719  00001764  001df020	add	r30,r0,r29; fp = sp
  720  00001768  afbffff8	sw	-8(r29),r31; push ret addr
  721  0000176c  2fbd0018	subui	r29,r29,#24; alloc local storage
  722  00001770  afa20000	sw	0(r29),r2
  723  00001774  afa30004	sw	4(r29),r3
  724  00001778  54000000	nop
  725  0000177c  20010000	addi	r1,r0,#0
  726  00001780  afc1fff4	sw	-12(r30),r1
  727  00001784          	L25_LF2:
  728  00001784  8fc1fff4	lw	r1,-12(r30)
  729  00001788  8fc20008	lw	r2,8(r30)
  730  0000178c  0022082a	slt	r1,r1,r2
  731  00001790  1420000c	bnez	r1,L28_LF2
  732  00001794  54000000	nop; delay slot nop
  733  00001798  08000088	j	L26_LF2
  734  0000179c  54000000	nop; delay slot nop
  735  000017a0          	L28_LF2:
  736  000017a0  8fc10004	lw	r1,4(r30)
  737  000017a4  90220000	lbu	r2,(r1)
  738  000017a8  64410000	snei	r1,r2,#0
  739  000017ac  14200018	bnez	r1,L29_LF2
  740  000017b0  54000000	nop; delay slot nop
  741  000017b4  20010000	addi	r1,r0,#0
  742  000017b8  080000d8	j	L24_LF2
  743  000017bc  54000000	nop; delay slot nop
  744  000017c0  08000028	j	L30_LF2
  745  000017c4  54000000	nop; delay slot nop
  746  000017c8          	L29_LF2:
  747  000017c8  8fc10000	lw	r1,(r30)
  748  000017cc  8fc20004	lw	r2,4(r30)
  749  000017d0  90210000	lbu	r1,(r1)
  750  000017d4  90420000	lbu	r2,(r2)
  751  000017d8  00220829	sne	r1,r1,r2
  752  000017dc  1020000c	beqz	r1,L30_LF2
  753  000017e0  54000000	nop; delay slot nop
  754  000017e4  0800003c	j	L26_LF2
  755  000017e8  54000000	nop; delay slot nop
  756  000017ec          	L31_LF2:
  757  000017ec          	L30_LF2:
  758  000017ec  8fc20000	lw	r2,(r30)
  759  000017f0  20410001	addi	r1,r2,#1
  760  000017f4  00011020	add	r2,r0,r1
  761  000017f8  afc20000	sw	(r30),r2
  762  000017fc  8fc20004	lw	r2,4(r30)
  763  00001800  20410001	addi	r1,r2,#1
  764  00001804  00011020	add	r2,r0,r1
  765  00001808  afc20004	sw	4(r30),r2
  766  0000180c          	L27_LF2:
  767  0000180c  8fc2fff4	lw	r2,-12(r30)
  768  00001810  20410001	addi	r1,r2,#1
  769  00001814  00011020	add	r2,r0,r1
  770  00001818  afc2fff4	sw	-12(r30),r2
  771  0000181c  0bffff64	j	L25_LF2
  772  00001820  54000000	nop; delay slot nop
  773  00001824          	L26_LF2:
  774  00001824  8fc1fff4	lw	r1,-12(r30)
  775  00001828  8fc20008	lw	r2,8(r30)
  776  0000182c  00220828	seq	r1,r1,r2
  777  00001830  10200018	beqz	r1,L32_LF2
  778  00001834  54000000	nop; delay slot nop
  779  00001838  20010000	addi	r1,r0,#0
  780  0000183c  08000054	j	L24_LF2
  781  00001840  54000000	nop; delay slot nop
  782  00001844  0800004c	j	L33_LF2
  783  00001848  54000000	nop; delay slot nop
  784  0000184c          	L32_LF2:
  785  0000184c  8fc20000	lw	r2,(r30)
  786  00001850  90410000	lbu	r1,(r2)
  787  00001854  8fc20004	lw	r2,4(r30)
  788  00001858  90430000	lbu	r3,(r2)
  789  0000185c  00230822	sub	r1,r1,r3
  790  00001860  74220000	sgei	r2,r1,#0
  791  00001864  10400020	beqz	r2,L34_LF2
  792  00001868  54000000	nop; delay slot nop
  793  0000186c  8fc10000	lw	r1,(r30)
  794  00001870  8fc20004	lw	r2,4(r30)
  795  00001874  90210000	lbu	r1,(r1)
  796  00001878  90420000	lbu	r2,(r2)
  797  0000187c  00220829	sne	r1,r1,r2
  798  00001880  08000008	j	L35_LF2
  799  00001884  54000000	nop; delay slot nop
  800  00001888          	L34_LF2:
  801  00001888  2001ffff	addi	r1,r0,#-1
  802  0000188c          	L35_LF2:
  803  0000188c  08000004	j	L24_LF2
  804  00001890  54000000	nop; delay slot nop
  805  00001894          	L33_LF2:
  806  00001894          	L24_LF2:
  807  00001894  8fa20000	lw	r2,0(r29)
  808  00001898  8fa30004	lw	r3,4(r29)
  809  0000189c  8fdffff8	lw	r31,-8(r30)
  810  000018a0  001ee820	add	r29,r0,r30
  811  000018a4  8fdefffc	lw	r30,-4(r30)
  812  000018a8  4be00000	jr	r31
  813  000018ac  54000000	nop
  814  000018b0          	.endproc _dstrncmp
  815  000018b0          	.align 2
  816  000018b0          	.proc _dstrlen
  817  000018b0          	.global _dstrlen
  818  000018b0          	_dstrlen:
  819                      ;  Function 'dstrlen'; 8 bytes of locals, 1 regs to save.
  820  000018b0  afbefffc	sw	-4(r29),r30; push fp
  821  000018b4  001df020	add	r30,r0,r29; fp = sp
  822  000018b8  afbffff8	sw	-8(r29),r31; push ret addr
  823  000018bc  2fbd0018	subui	r29,r29,#24; alloc local storage
  824  000018c0  afa20000	sw	0(r29),r2
  825  000018c4  20010000	addi	r1,r0,#0
  826  000018c8  afc1fff4	sw	-12(r30),r1
  827  000018cc          	L37_LF2:
  828  000018cc  8fc10000	lw	r1,(r30)
  829  000018d0  20220001	addi	r2,r1,#1
  830  000018d4  afc20000	sw	(r30),r2
  831  000018d8  90210000	lbu	r1,(r1)
  832  000018dc  64220000	snei	r2,r1,#0
  833  000018e0  1440000c	bnez	r2,L39_LF2
  834  000018e4  54000000	nop; delay slot nop
  835  000018e8  0800001c	j	L38_LF2
  836  000018ec  54000000	nop; delay slot nop
  837  000018f0          	L39_LF2:
  838  000018f0  8fc2fff4	lw	r2,-12(r30)
  839  000018f4  20410001	addi	r1,r2,#1
  840  000018f8  00011020	add	r2,r0,r1
  841  000018fc  afc2fff4	sw	-12(r30),r2
  842  00001900  0bffffc8	j	L37_LF2
  843  00001904  54000000	nop; delay slot nop
  844  00001908          	L38_LF2:
  845  00001908  8fc1fff4	lw	r1,-12(r30)
  846  0000190c  08000004	j	L36_LF2
  847  00001910  54000000	nop; delay slot nop
  848  00001914          	L36_LF2:
  849  00001914  8fa20000	lw	r2,0(r29)
  850  00001918  8fdffff8	lw	r31,-8(r30)
  851  0000191c  001ee820	add	r29,r0,r30
  852  00001920  8fdefffc	lw	r30,-4(r30)
  853  00001924  4be00000	jr	r31
  854  00001928  54000000	nop
  855  0000192c          	.endproc _dstrlen
  856  0000192c          	.align 2
  857  0000192c          	.proc _dstrstr
  858  0000192c          	.global _dstrstr
  859  0000192c          	_dstrstr:
  860                      ;  Function 'dstrstr'; 8 bytes of locals, 1 regs to save.
  861  0000192c  afbefffc	sw	-4(r29),r30; push fp
  862  00001930  001df020	add	r30,r0,r29; fp = sp
  863  00001934  afbffff8	sw	-8(r29),r31; push ret addr
  864  00001938  2fbd0018	subui	r29,r29,#24; alloc local storage
  865  0000193c  afa20000	sw	0(r29),r2
  866  00001940  23bdfff8	addi	r29,r29,#-8
  867  00001944  001d0820	add	r1,r0,r29
  868  00001948  8fc20004	lw	r2,4(r30)
  869  0000194c  ac220000	sw	(r1),r2
  870  00001950  0fffff5c	jal	_dstrlen
  871  00001954  54000000	nop; delay slot nop
  872  00001958  23bd0008	addi	r29,r29,#8
  873  0000195c  afc1fff4	sw	-12(r30),r1
  874  00001960          	L41_LF2:
  875  00001960  8fc10000	lw	r1,(r30)
  876  00001964  90220000	lbu	r2,(r1)
  877  00001968  64410000	snei	r1,r2,#0
  878  0000196c  1420000c	bnez	r1,L43_LF2
  879  00001970  54000000	nop; delay slot nop
  880  00001974  08000060	j	L42_LF2
  881  00001978  54000000	nop; delay slot nop
  882  0000197c          	L43_LF2:
  883  0000197c  23bdfff0	addi	r29,r29,#-16
  884  00001980  001d0820	add	r1,r0,r29
  885  00001984  8fc20000	lw	r2,(r30)
  886  00001988  ac220000	sw	(r1),r2
  887  0000198c  8fc20004	lw	r2,4(r30)
  888  00001990  ac220004	sw	4(r1),r2
  889  00001994  8fc2fff4	lw	r2,-12(r30)
  890  00001998  ac220008	sw	8(r1),r2
  891  0000199c  0ffffdc0	jal	_dstrncmp
  892  000019a0  54000000	nop; delay slot nop
  893  000019a4  23bd0010	addi	r29,r29,#16
  894  000019a8  64220000	snei	r2,r1,#0
  895  000019ac  14400010	bnez	r2,L44_LF2
  896  000019b0  54000000	nop; delay slot nop
  897  000019b4  8fc10000	lw	r1,(r30)
  898  000019b8  08000028	j	L40_LF2
  899  000019bc  54000000	nop; delay slot nop
  900  000019c0          	L44_LF2:
  901  000019c0  8fc20000	lw	r2,(r30)
  902  000019c4  20410001	addi	r1,r2,#1
  903  000019c8  00011020	add	r2,r0,r1
  904  000019cc  afc20000	sw	(r30),r2
  905  000019d0  0bffff8c	j	L41_LF2
  906  000019d4  54000000	nop; delay slot nop
  907  000019d8          	L42_LF2:
  908  000019d8  20010000	addi	r1,r0,#0
  909  000019dc  08000004	j	L40_LF2
  910  000019e0  54000000	nop; delay slot nop
  911  000019e4          	L40_LF2:
  912  000019e4  8fa20000	lw	r2,0(r29)
  913  000019e8  8fdffff8	lw	r31,-8(r30)
  914  000019ec  001ee820	add	r29,r0,r30
  915  000019f0  8fdefffc	lw	r30,-4(r30)
  916  000019f4  4be00000	jr	r31
  917  000019f8  54000000	nop
  918  000019fc          	.endproc _dstrstr
  919  000019fc          	.align 2
  920  000019fc          	.proc _dmindex
  921  000019fc          	.global _dmindex
  922  000019fc          	_dmindex:
  923                      ;  Function 'dmindex'; 8 bytes of locals, 1 regs to save.
  924  000019fc  afbefffc	sw	-4(r29),r30; push fp
  925  00001a00  001df020	add	r30,r0,r29; fp = sp
  926  00001a04  afbffff8	sw	-8(r29),r31; push ret addr
  927  00001a08  2fbd0018	subui	r29,r29,#24; alloc local storage
  928  00001a0c  afa20000	sw	0(r29),r2
  929  00001a10  54000000	nop
  930  00001a14          	L46_LF2:
  931  00001a14  8fc10000	lw	r1,(r30)
  932  00001a18  90220000	lbu	r2,(r1)
  933  00001a1c  64410000	snei	r1,r2,#0
  934  00001a20  1420000c	bnez	r1,L48_LF2
  935  00001a24  54000000	nop; delay slot nop
  936  00001a28  08000070	j	L47_LF2
  937  00001a2c  54000000	nop; delay slot nop
  938  00001a30          	L48_LF2:
  939  00001a30  8fc10004	lw	r1,4(r30)
  940  00001a34  afc1fff4	sw	-12(r30),r1
  941  00001a38          	L49_LF2:
  942  00001a38  8fc1fff4	lw	r1,-12(r30)
  943  00001a3c  90220000	lbu	r2,(r1)
  944  00001a40  64410000	snei	r1,r2,#0
  945  00001a44  1420000c	bnez	r1,L52_LF2
  946  00001a48  54000000	nop; delay slot nop
  947  00001a4c  08000044	j	L50_LF2
  948  00001a50  54000000	nop; delay slot nop
  949  00001a54          	L52_LF2:
  950  00001a54  8fc10000	lw	r1,(r30)
  951  00001a58  8fc2fff4	lw	r2,-12(r30)
  952  00001a5c  90210000	lbu	r1,(r1)
  953  00001a60  90420000	lbu	r2,(r2)
  954  00001a64  00220828	seq	r1,r1,r2
  955  00001a68  10200010	beqz	r1,L51_LF2
  956  00001a6c  54000000	nop; delay slot nop
  957  00001a70  8fc10000	lw	r1,(r30)
  958  00001a74  08000030	j	L45_LF2
  959  00001a78  54000000	nop; delay slot nop
  960  00001a7c          	L53_LF2:
  961  00001a7c          	L51_LF2:
  962  00001a7c  8fc2fff4	lw	r2,-12(r30)
  963  00001a80  20410001	addi	r1,r2,#1
  964  00001a84  00011020	add	r2,r0,r1
  965  00001a88  afc2fff4	sw	-12(r30),r2
  966  00001a8c  0bffffa8	j	L49_LF2
  967  00001a90  54000000	nop; delay slot nop
  968  00001a94          	L50_LF2:
  969  00001a94  0bffff7c	j	L46_LF2
  970  00001a98  54000000	nop; delay slot nop
  971  00001a9c          	L47_LF2:
  972  00001a9c  20010000	addi	r1,r0,#0
  973  00001aa0  08000004	j	L45_LF2
  974  00001aa4  54000000	nop; delay slot nop
  975  00001aa8          	L45_LF2:
  976  00001aa8  8fa20000	lw	r2,0(r29)
  977  00001aac  8fdffff8	lw	r31,-8(r30)
  978  00001ab0  001ee820	add	r29,r0,r30
  979  00001ab4  8fdefffc	lw	r30,-4(r30)
  980  00001ab8  4be00000	jr	r31
  981  00001abc  54000000	nop
  982  00001ac0          	.endproc _dmindex
  983  00001ac0          	.align 2
  984  00001ac0          	.proc _dindex
  985  00001ac0          	.global _dindex
  986  00001ac0          	_dindex:
  987                      ;  Function 'dindex'; 0 bytes of locals, 1 regs to save.
  988  00001ac0  afbefffc	sw	-4(r29),r30; push fp
  989  00001ac4  001df020	add	r30,r0,r29; fp = sp
  990  00001ac8  afbffff8	sw	-8(r29),r31; push ret addr
  991  00001acc  2fbd0010	subui	r29,r29,#16; alloc local storage
  992  00001ad0  afa20000	sw	0(r29),r2
  993  00001ad4  54000000	nop
  994  00001ad8          	L55_LF2:
  995  00001ad8  8fc10000	lw	r1,(r30)
  996  00001adc  90220000	lbu	r2,(r1)
  997  00001ae0  64410000	snei	r1,r2,#0
  998  00001ae4  1420000c	bnez	r1,L57_LF2
  999  00001ae8  54000000	nop; delay slot nop
 1000  00001aec  08000040	j	L56_LF2
 1001  00001af0  54000000	nop; delay slot nop
 1002  00001af4          	L57_LF2:
 1003  00001af4  8fc10000	lw	r1,(r30)
 1004  00001af8  90220000	lbu	r2,(r1)
 1005  00001afc  8fc10004	lw	r1,4(r30)
 1006  00001b00  00411028	seq	r2,r2,r1
 1007  00001b04  10400010	beqz	r2,L58_LF2
 1008  00001b08  54000000	nop; delay slot nop
 1009  00001b0c  8fc10000	lw	r1,(r30)
 1010  00001b10  08000028	j	L54_LF2
 1011  00001b14  54000000	nop; delay slot nop
 1012  00001b18          	L58_LF2:
 1013  00001b18  8fc20000	lw	r2,(r30)
 1014  00001b1c  20410001	addi	r1,r2,#1
 1015  00001b20  00011020	add	r2,r0,r1
 1016  00001b24  afc20000	sw	(r30),r2
 1017  00001b28  0bffffac	j	L55_LF2
 1018  00001b2c  54000000	nop; delay slot nop
 1019  00001b30          	L56_LF2:
 1020  00001b30  20010000	addi	r1,r0,#0
 1021  00001b34  08000004	j	L54_LF2
 1022  00001b38  54000000	nop; delay slot nop
 1023  00001b3c          	L54_LF2:
 1024  00001b3c  8fa20000	lw	r2,0(r29)
 1025  00001b40  8fdffff8	lw	r31,-8(r30)
 1026  00001b44  001ee820	add	r29,r0,r30
 1027  00001b48  8fdefffc	lw	r30,-4(r30)
 1028  00001b4c  4be00000	jr	r31
 1029  00001b50  54000000	nop
 1030  00001b54          	.endproc _dindex
 1031  00001b54          	.align 2
 1032  00001b54          	.proc _ditoa
 1033  00001b54          	.global _ditoa
 1034  00001b54          	_ditoa:
 1035                      ;  Function 'ditoa'; 8 bytes of locals, 2 regs to save.
 1036  00001b54  afbefffc	sw	-4(r29),r30; push fp
 1037  00001b58  001df020	add	r30,r0,r29; fp = sp
 1038  00001b5c  afbffff8	sw	-8(r29),r31; push ret addr
 1039  00001b60  2fbd0018	subui	r29,r29,#24; alloc local storage
 1040  00001b64  afa20000	sw	0(r29),r2
 1041  00001b68  afa30004	sw	4(r29),r3
 1042  00001b6c  8fc10000	lw	r1,(r30)
 1043  00001b70  68220000	slti	r2,r1,#0
 1044  00001b74  1040002c	beqz	r2,L60_LF2
 1045  00001b78  54000000	nop; delay slot nop
 1046  00001b7c  8fc10004	lw	r1,4(r30)
 1047  00001b80  20220001	addi	r2,r1,#1
 1048  00001b84  afc20004	sw	4(r30),r2
 1049  00001b88  2002002d	addi	r2,r0,(#0x2d)&0xff
 1050  00001b8c  a0220000	sb	(r1),r2
 1051  00001b90  8fc10000	lw	r1,(r30)
 1052  00001b94  00011022	sub	r2,r0,r1
 1053  00001b98  afc20000	sw	(r30),r2
 1054  00001b9c  08000118	j	L61_LF2
 1055  00001ba0  54000000	nop; delay slot nop
 1056  00001ba4          	L60_LF2:
 1057  00001ba4  8fc10000	lw	r1,(r30)
 1058  00001ba8  64220000	snei	r2,r1,#0
 1059  00001bac  14400020	bnez	r2,L62_LF2
 1060  00001bb0  54000000	nop; delay slot nop
 1061  00001bb4  8fc10004	lw	r1,4(r30)
 1062  00001bb8  20220001	addi	r2,r1,#1
 1063  00001bbc  afc20004	sw	4(r30),r2
 1064  00001bc0  20020030	addi	r2,r0,(#0x30)&0xff
 1065  00001bc4  a0220000	sb	(r1),r2
 1066  00001bc8  080000ec	j	L61_LF2
 1067  00001bcc  54000000	nop; delay slot nop
 1068  00001bd0          	L62_LF2:
 1069  00001bd0  20010001	addi	r1,r0,#1
 1070  00001bd4  afc1fff4	sw	-12(r30),r1
 1071  00001bd8          	L64_LF2:
 1072  00001bd8  8fc1fff4	lw	r1,-12(r30)
 1073  00001bdc  8fc20000	lw	r2,(r30)
 1074  00001be0  0022082c	sle	r1,r1,r2
 1075  00001be4  1420000c	bnez	r1,L66_LF2
 1076  00001be8  54000000	nop; delay slot nop
 1077  00001bec  08000024	j	L65_LF2
 1078  00001bf0  54000000	nop; delay slot nop
 1079  00001bf4          	L67_LF2:
 1080  00001bf4          	L66_LF2:
 1081  00001bf4  8fc1fff4	lw	r1,-12(r30)
 1082  00001bf8  00011820	add	r3,r0,r1
 1083  00001bfc  50620002	slli	r2,r3,#0x2
 1084  00001c00  00411020	add	r2,r2,r1
 1085  00001c04  50410001	slli	r1,r2,#0x1
 1086  00001c08  afc1fff4	sw	-12(r30),r1
 1087  00001c0c  0bffffc8	j	L64_LF2
 1088  00001c10  54000000	nop; delay slot nop
 1089  00001c14          	L65_LF2:
 1090  00001c14  54000000	nop
 1091  00001c18          	L68_LF2:
 1092  00001c18  8fc1fff4	lw	r1,-12(r30)
 1093  00001c1c  2002000a	addi	r2,r0,#10
 1094  00001c20  00200035	movi2fp	f0,r1
 1095  00001c24  00400835	movi2fp	f1,r2
 1096  00001c28  0401000f	div	f0,f0,f1
 1097  00001c2c  00000834	movfp2i	r1,f0
 1098  00001c30  afc1fff4	sw	-12(r30),r1
 1099  00001c34  8fc10004	lw	r1,4(r30)
 1100  00001c38  20220001	addi	r2,r1,#1
 1101  00001c3c  afc20004	sw	4(r30),r2
 1102  00001c40  8fc20000	lw	r2,(r30)
 1103  00001c44  8fc3fff4	lw	r3,-12(r30)
 1104  00001c48  00400035	movi2fp	f0,r2
 1105  00001c4c  00600835	movi2fp	f1,r3
 1106  00001c50  0401000f	div	f0,f0,f1
 1107  00001c54  00001034	movfp2i	r2,f0
 1108  00001c58  00021820	add	r3,r0,r2
 1109  00001c5c  20620030	addi	r2,r3,#48
 1110  00001c60  a0220000	sb	(r1),r2
 1111  00001c64  8fc10000	lw	r1,(r30)
 1112  00001c68  8fc3fff4	lw	r3,-12(r30)
 1113  00001c6c  00200035	movi2fp	f0,r1
 1114  00001c70  00600835	movi2fp	f1,r3
 1115  00001c74  0401000f	div	f0,f0,f1
 1116  00001c78  00001034	movfp2i	r2,f0
 1117  00001c7c  8fc3fff4	lw	r3,-12(r30)
 1118  00001c80  00400035	movi2fp	f0,r2
 1119  00001c84  00600835	movi2fp	f1,r3
 1120  00001c88  0401000e	mult	f0,f0,f1
 1121  00001c8c  00001034	movfp2i	r2,f0
 1122  00001c90  00220822	sub	r1,r1,r2
 1123  00001c94  afc10000	sw	(r30),r1
 1124  00001c98          	L70_LF2:
 1125  00001c98  8fc1fff4	lw	r1,-12(r30)
 1126  00001c9c  6c220001	sgti	r2,r1,#1
 1127  00001ca0  1440000c	bnez	r2,L71_LF2
 1128  00001ca4  54000000	nop; delay slot nop
 1129  00001ca8  0800000c	j	L61_LF2
 1130  00001cac  54000000	nop; delay slot nop
 1131  00001cb0          	L71_LF2:
 1132  00001cb0  0bffff64	j	L68_LF2
 1133  00001cb4  54000000	nop; delay slot nop
 1134  00001cb8          	L69_LF2:
 1135  00001cb8          	L63_LF2:
 1136  00001cb8          	L61_LF2:
 1137  00001cb8  8fc10004	lw	r1,4(r30)
 1138  00001cbc  20020000	addi	r2,r0,(#0x0)&0xff
 1139  00001cc0  a0220000	sb	(r1),r2
 1140  00001cc4          	L59_LF2:
 1141  00001cc4  8fa20000	lw	r2,0(r29)
 1142  00001cc8  8fa30004	lw	r3,4(r29)
 1143  00001ccc  8fdffff8	lw	r31,-8(r30)
 1144  00001cd0  001ee820	add	r29,r0,r30
 1145  00001cd4  8fdefffc	lw	r30,-4(r30)
 1146  00001cd8  4be00000	jr	r31
 1147  00001cdc  54000000	nop
 1148  00001ce0          	.endproc _ditoa
 1149  00001ce0          	.align 2
 1150  00001ce0          	.proc _dstrtol
 1151  00001ce0          	.global _dstrtol
 1152  00001ce0          	_dstrtol:
 1153                      ;  Function 'dstrtol'; 16 bytes of locals, 1 regs to save.
 1154  00001ce0  afbefffc	sw	-4(r29),r30; push fp
 1155  00001ce4  001df020	add	r30,r0,r29; fp = sp
 1156  00001ce8  afbffff8	sw	-8(r29),r31; push ret addr
 1157  00001cec  2fbd0020	subui	r29,r29,#32; alloc local storage
 1158  00001cf0  afa20000	sw	0(r29),r2
 1159  00001cf4  20010000	addi	r1,r0,#0
 1160  00001cf8  afc1fff4	sw	-12(r30),r1
 1161  00001cfc          	L73_LF2:
 1162  00001cfc  8fc10000	lw	r1,(r30)
 1163  00001d00  90220000	lbu	r2,(r1)
 1164  00001d04  60410020	seqi	r1,r2,#32
 1165  00001d08  14200034	bnez	r1,L75_LF2
 1166  00001d0c  54000000	nop; delay slot nop
 1167  00001d10  8fc10000	lw	r1,(r30)
 1168  00001d14  90220000	lbu	r2,(r1)
 1169  00001d18  60410009	seqi	r1,r2,#9
 1170  00001d1c  14200020	bnez	r1,L75_LF2
 1171  00001d20  54000000	nop; delay slot nop
 1172  00001d24  8fc10000	lw	r1,(r30)
 1173  00001d28  90220000	lbu	r2,(r1)
 1174  00001d2c  6041000a	seqi	r1,r2,#10
 1175  00001d30  1420000c	bnez	r1,L75_LF2
 1176  00001d34  54000000	nop; delay slot nop
 1177  00001d38  0800001c	j	L74_LF2
 1178  00001d3c  54000000	nop; delay slot nop
 1179  00001d40          	L75_LF2:
 1180  00001d40  8fc20000	lw	r2,(r30)
 1181  00001d44  20410001	addi	r1,r2,#1
 1182  00001d48  00011020	add	r2,r0,r1
 1183  00001d4c  afc20000	sw	(r30),r2
 1184  00001d50  0bffffa8	j	L73_LF2
 1185  00001d54  54000000	nop; delay slot nop
 1186  00001d58          	L74_LF2:
 1187  00001d58  8fc10004	lw	r1,4(r30)
 1188  00001d5c  64220000	snei	r2,r1,#0
 1189  00001d60  10400010	beqz	r2,L76_LF2
 1190  00001d64  54000000	nop; delay slot nop
 1191  00001d68  8fc10004	lw	r1,4(r30)
 1192  00001d6c  8fc20000	lw	r2,(r30)
 1193  00001d70  ac220000	sw	(r1),r2
 1194  00001d74          	L76_LF2:
 1195  00001d74  8fc10000	lw	r1,(r30)
 1196  00001d78  90220000	lbu	r2,(r1)
 1197  00001d7c  64410000	snei	r1,r2,#0
 1198  00001d80  14200010	bnez	r1,L77_LF2
 1199  00001d84  54000000	nop; delay slot nop
 1200  00001d88  8fc1fff4	lw	r1,-12(r30)
 1201  00001d8c  08000294	j	L72_LF2
 1202  00001d90  54000000	nop; delay slot nop
 1203  00001d94          	L77_LF2:
 1204  00001d94  8fc10000	lw	r1,(r30)
 1205  00001d98  90220000	lbu	r2,(r1)
 1206  00001d9c  6041002d	seqi	r1,r2,#45
 1207  00001da0  10200024	beqz	r1,L78_LF2
 1208  00001da4  54000000	nop; delay slot nop
 1209  00001da8  2001ffff	addi	r1,r0,#-1
 1210  00001dac  afc1ffec	sw	-20(r30),r1
 1211  00001db0  8fc20000	lw	r2,(r30)
 1212  00001db4  20410001	addi	r1,r2,#1
 1213  00001db8  00011020	add	r2,r0,r1
 1214  00001dbc  afc20000	sw	(r30),r2
 1215  00001dc0  0800000c	j	L79_LF2
 1216  00001dc4  54000000	nop; delay slot nop
 1217  00001dc8          	L78_LF2:
 1218  00001dc8  20010001	addi	r1,r0,#1
 1219  00001dcc  afc1ffec	sw	-20(r30),r1
 1220  00001dd0          	L79_LF2:
 1221  00001dd0  8fc10008	lw	r1,8(r30)
 1222  00001dd4  64220000	snei	r2,r1,#0
 1223  00001dd8  14400090	bnez	r2,L80_LF2
 1224  00001ddc  54000000	nop; delay slot nop
 1225  00001de0  8fc10000	lw	r1,(r30)
 1226  00001de4  90220000	lbu	r2,(r1)
 1227  00001de8  60410030	seqi	r1,r2,#48
 1228  00001dec  10200074	beqz	r1,L81_LF2
 1229  00001df0  54000000	nop; delay slot nop
 1230  00001df4  8fc20000	lw	r2,(r30)
 1231  00001df8  20410001	addi	r1,r2,#1
 1232  00001dfc  00011020	add	r2,r0,r1
 1233  00001e00  afc20000	sw	(r30),r2
 1234  00001e04  8fc10000	lw	r1,(r30)
 1235  00001e08  90220000	lbu	r2,(r1)
 1236  00001e0c  60410078	seqi	r1,r2,#120
 1237  00001e10  14200020	bnez	r1,L83_LF2
 1238  00001e14  54000000	nop; delay slot nop
 1239  00001e18  8fc10000	lw	r1,(r30)
 1240  00001e1c  90220000	lbu	r2,(r1)
 1241  00001e20  60410058	seqi	r1,r2,#88
 1242  00001e24  1420000c	bnez	r1,L83_LF2
 1243  00001e28  54000000	nop; delay slot nop
 1244  00001e2c  08000024	j	L82_LF2
 1245  00001e30  54000000	nop; delay slot nop
 1246  00001e34          	L83_LF2:
 1247  00001e34  20010010	addi	r1,r0,#16
 1248  00001e38  afc10008	sw	8(r30),r1
 1249  00001e3c  8fc20000	lw	r2,(r30)
 1250  00001e40  20410001	addi	r1,r2,#1
 1251  00001e44  00011020	add	r2,r0,r1
 1252  00001e48  afc20000	sw	(r30),r2
 1253  00001e4c  0800000c	j	L84_LF2
 1254  00001e50  54000000	nop; delay slot nop
 1255  00001e54          	L82_LF2:
 1256  00001e54  20010008	addi	r1,r0,#8
 1257  00001e58  afc10008	sw	8(r30),r1
 1258  00001e5c          	L84_LF2:
 1259  00001e5c  0800000c	j	L80_LF2
 1260  00001e60  54000000	nop; delay slot nop
 1261  00001e64          	L81_LF2:
 1262  00001e64  2001000a	addi	r1,r0,#10
 1263  00001e68  afc10008	sw	8(r30),r1
 1264  00001e6c          	L85_LF2:
 1265  00001e6c          	L80_LF2:
 1266  00001e6c  8fc10008	lw	r1,8(r30)
 1267  00001e70  70220000	slei	r2,r1,#0
 1268  00001e74  1440001c	bnez	r2,L87_LF2
 1269  00001e78  54000000	nop; delay slot nop
 1270  00001e7c  8fc10008	lw	r1,8(r30)
 1271  00001e80  6c220010	sgti	r2,r1,#16
 1272  00001e84  1440000c	bnez	r2,L87_LF2
 1273  00001e88  54000000	nop; delay slot nop
 1274  00001e8c  08000010	j	L86_LF2
 1275  00001e90  54000000	nop; delay slot nop
 1276  00001e94          	L87_LF2:
 1277  00001e94  8fc1fff4	lw	r1,-12(r30)
 1278  00001e98  08000188	j	L72_LF2
 1279  00001e9c  54000000	nop; delay slot nop
 1280  00001ea0          	L86_LF2:
 1281  00001ea0  54000000	nop
 1282  00001ea4          	L88_LF2:
 1283  00001ea4  8fc10000	lw	r1,(r30)
 1284  00001ea8  90220000	lbu	r2,(r1)
 1285  00001eac  6c41002f	sgtui	r1,r2,#47
 1286  00001eb0  10200030	beqz	r1,L91_LF2
 1287  00001eb4  54000000	nop; delay slot nop
 1288  00001eb8  8fc10000	lw	r1,(r30)
 1289  00001ebc  90220000	lbu	r2,(r1)
 1290  00001ec0  70410039	sleui	r1,r2,#57
 1291  00001ec4  1020001c	beqz	r1,L91_LF2
 1292  00001ec8  54000000	nop; delay slot nop
 1293  00001ecc  8fc10000	lw	r1,(r30)
 1294  00001ed0  90220000	lbu	r2,(r1)
 1295  00001ed4  2041ffd0	addi	r1,r2,#-48
 1296  00001ed8  afc1fff0	sw	-16(r30),r1
 1297  00001edc  0800008c	j	L92_LF2
 1298  00001ee0  54000000	nop; delay slot nop
 1299  00001ee4          	L91_LF2:
 1300  00001ee4  8fc10000	lw	r1,(r30)
 1301  00001ee8  90220000	lbu	r2,(r1)
 1302  00001eec  6c410060	sgtui	r1,r2,#96
 1303  00001ef0  10200030	beqz	r1,L93_LF2
 1304  00001ef4  54000000	nop; delay slot nop
 1305  00001ef8  8fc10000	lw	r1,(r30)
 1306  00001efc  90220000	lbu	r2,(r1)
 1307  00001f00  7041007a	sleui	r1,r2,#122
 1308  00001f04  1020001c	beqz	r1,L93_LF2
 1309  00001f08  54000000	nop; delay slot nop
 1310  00001f0c  8fc10000	lw	r1,(r30)
 1311  00001f10  90220000	lbu	r2,(r1)
 1312  00001f14  2041ffa9	addi	r1,r2,#-87
 1313  00001f18  afc1fff0	sw	-16(r30),r1
 1314  00001f1c  0800004c	j	L92_LF2
 1315  00001f20  54000000	nop; delay slot nop
 1316  00001f24          	L93_LF2:
 1317  00001f24  8fc10000	lw	r1,(r30)
 1318  00001f28  90220000	lbu	r2,(r1)
 1319  00001f2c  6c410040	sgtui	r1,r2,#64
 1320  00001f30  10200030	beqz	r1,L95_LF2
 1321  00001f34  54000000	nop; delay slot nop
 1322  00001f38  8fc10000	lw	r1,(r30)
 1323  00001f3c  90220000	lbu	r2,(r1)
 1324  00001f40  7041005a	sleui	r1,r2,#90
 1325  00001f44  1020001c	beqz	r1,L95_LF2
 1326  00001f48  54000000	nop; delay slot nop
 1327  00001f4c  8fc10000	lw	r1,(r30)
 1328  00001f50  90220000	lbu	r2,(r1)
 1329  00001f54  2041ffc9	addi	r1,r2,#-55
 1330  00001f58  afc1fff0	sw	-16(r30),r1
 1331  00001f5c  0800000c	j	L92_LF2
 1332  00001f60  54000000	nop; delay slot nop
 1333  00001f64          	L95_LF2:
 1334  00001f64  200103e8	addi	r1,r0,#1000
 1335  00001f68  afc1fff0	sw	-16(r30),r1
 1336  00001f6c          	L96_LF2:
 1337  00001f6c          	L94_LF2:
 1338  00001f6c          	L92_LF2:
 1339  00001f6c  8fc1fff0	lw	r1,-16(r30)
 1340  00001f70  8fc20008	lw	r2,8(r30)
 1341  00001f74  0022082a	slt	r1,r1,r2
 1342  00001f78  10200040	beqz	r1,L90_LF2
 1343  00001f7c  54000000	nop; delay slot nop
 1344  00001f80  8fc1fff4	lw	r1,-12(r30)
 1345  00001f84  8fc20008	lw	r2,8(r30)
 1346  00001f88  00200035	movi2fp	f0,r1
 1347  00001f8c  00400835	movi2fp	f1,r2
 1348  00001f90  0401000e	mult	f0,f0,f1
 1349  00001f94  00000834	movfp2i	r1,f0
 1350  00001f98  afc1fff4	sw	-12(r30),r1
 1351  00001f9c  8fc1fff4	lw	r1,-12(r30)
 1352  00001fa0  8fc2fff0	lw	r2,-16(r30)
 1353  00001fa4  00220820	add	r1,r1,r2
 1354  00001fa8  afc1fff4	sw	-12(r30),r1
 1355  00001fac  8fc20000	lw	r2,(r30)
 1356  00001fb0  20410001	addi	r1,r2,#1
 1357  00001fb4  00011020	add	r2,r0,r1
 1358  00001fb8  afc20000	sw	(r30),r2
 1359  00001fbc          	L97_LF2:
 1360  00001fbc          	L90_LF2:
 1361  00001fbc  8fc1fff0	lw	r1,-16(r30)
 1362  00001fc0  8fc20008	lw	r2,8(r30)
 1363  00001fc4  0022082a	slt	r1,r1,r2
 1364  00001fc8  1420000c	bnez	r1,L98_LF2
 1365  00001fcc  54000000	nop; delay slot nop
 1366  00001fd0  0800000c	j	L89_LF2
 1367  00001fd4  54000000	nop; delay slot nop
 1368  00001fd8          	L98_LF2:
 1369  00001fd8  0bfffec8	j	L88_LF2
 1370  00001fdc  54000000	nop; delay slot nop
 1371  00001fe0          	L89_LF2:
 1372  00001fe0  8fc10004	lw	r1,4(r30)
 1373  00001fe4  64220000	snei	r2,r1,#0
 1374  00001fe8  10400010	beqz	r2,L99_LF2
 1375  00001fec  54000000	nop; delay slot nop
 1376  00001ff0  8fc10004	lw	r1,4(r30)
 1377  00001ff4  8fc20000	lw	r2,(r30)
 1378  00001ff8  ac220000	sw	(r1),r2
 1379  00001ffc          	L99_LF2:
 1380  00001ffc  8fc1fff4	lw	r1,-12(r30)
 1381  00002000  8fc2ffec	lw	r2,-20(r30)
 1382  00002004  00200035	movi2fp	f0,r1
 1383  00002008  00400835	movi2fp	f1,r2
 1384  0000200c  0401000e	mult	f0,f0,f1
 1385  00002010  00000834	movfp2i	r1,f0
 1386  00002014  afc1fff4	sw	-12(r30),r1
 1387  00002018  8fc1fff4	lw	r1,-12(r30)
 1388  0000201c  08000004	j	L72_LF2
 1389  00002020  54000000	nop; delay slot nop
 1390  00002024          	L72_LF2:
 1391  00002024  8fa20000	lw	r2,0(r29)
 1392  00002028  8fdffff8	lw	r31,-8(r30)
 1393  0000202c  001ee820	add	r29,r0,r30
 1394  00002030  8fdefffc	lw	r30,-4(r30)
 1395  00002034  4be00000	jr	r31
 1396  00002038  54000000	nop
 1397  0000203c          	.endproc _dstrtol
 1398  0000203c          	.align 2
 1399  0000203c          	.proc _bcopy
 1400  0000203c          	.global _bcopy
 1401  0000203c          	_bcopy:
 1402                      ;  Function 'bcopy'; 0 bytes of locals, 2 regs to save.
 1403  0000203c  afbefffc	sw	-4(r29),r30; push fp
 1404  00002040  001df020	add	r30,r0,r29; fp = sp
 1405  00002044  afbffff8	sw	-8(r29),r31; push ret addr
 1406  00002048  2fbd0010	subui	r29,r29,#16; alloc local storage
 1407  0000204c  afa20000	sw	0(r29),r2
 1408  00002050  afa30004	sw	4(r29),r3
 1409  00002054  54000000	nop
 1410  00002058          	L101_LF2:
 1411  00002058  8fc10008	lw	r1,8(r30)
 1412  0000205c  2022ffff	addi	r2,r1,#-1
 1413  00002060  afc20008	sw	8(r30),r2
 1414  00002064  6c210000	sgti	r1,r1,#0
 1415  00002068  1420000c	bnez	r1,L103_LF2
 1416  0000206c  54000000	nop; delay slot nop
 1417  00002070  0800002c	j	L102_LF2
 1418  00002074  54000000	nop; delay slot nop
 1419  00002078          	L103_LF2:
 1420  00002078  8fc10004	lw	r1,4(r30)
 1421  0000207c  20220001	addi	r2,r1,#1
 1422  00002080  afc20004	sw	4(r30),r2
 1423  00002084  8fc20000	lw	r2,(r30)
 1424  00002088  20430001	addi	r3,r2,#1
 1425  0000208c  afc30000	sw	(r30),r3
 1426  00002090  80420000	lb	r2,(r2)
 1427  00002094  a0220000	sb	(r1),r2
 1428  00002098  0bffffbc	j	L101_LF2
 1429  0000209c  54000000	nop; delay slot nop
 1430  000020a0          	L102_LF2:
 1431  000020a0          	L100_LF2:
 1432  000020a0  8fa20000	lw	r2,0(r29)
 1433  000020a4  8fa30004	lw	r3,4(r29)
 1434  000020a8  8fdffff8	lw	r31,-8(r30)
 1435  000020ac  001ee820	add	r29,r0,r30
 1436  000020b0  8fdefffc	lw	r30,-4(r30)
 1437  000020b4  4be00000	jr	r31
 1438  000020b8  54000000	nop
 1439  000020bc          	.endproc _bcopy
 1440  000020bc          	.align 2
 1441  000020bc          	.proc _bzero
 1442  000020bc          	.global _bzero
 1443  000020bc          	_bzero:
 1444                      ;  Function 'bzero'; 0 bytes of locals, 1 regs to save.
 1445  000020bc  afbefffc	sw	-4(r29),r30; push fp
 1446  000020c0  001df020	add	r30,r0,r29; fp = sp
 1447  000020c4  afbffff8	sw	-8(r29),r31; push ret addr
 1448  000020c8  2fbd0010	subui	r29,r29,#16; alloc local storage
 1449  000020cc  afa20000	sw	0(r29),r2
 1450  000020d0  54000000	nop
 1451  000020d4          	L105_LF2:
 1452  000020d4  8fc10004	lw	r1,4(r30)
 1453  000020d8  2022ffff	addi	r2,r1,#-1
 1454  000020dc  afc20004	sw	4(r30),r2
 1455  000020e0  6c210000	sgti	r1,r1,#0
 1456  000020e4  1420000c	bnez	r1,L107_LF2
 1457  000020e8  54000000	nop; delay slot nop
 1458  000020ec  08000020	j	L106_LF2
 1459  000020f0  54000000	nop; delay slot nop
 1460  000020f4          	L107_LF2:
 1461  000020f4  8fc10000	lw	r1,(r30)
 1462  000020f8  20220001	addi	r2,r1,#1
 1463  000020fc  afc20000	sw	(r30),r2
 1464  00002100  20020000	addi	r2,r0,(#0x0)&0xff
 1465  00002104  a0220000	sb	(r1),r2
 1466  00002108  0bffffc8	j	L105_LF2
 1467  0000210c  54000000	nop; delay slot nop
 1468  00002110          	L106_LF2:
 1469  00002110          	L104_LF2:
 1470  00002110  8fa20000	lw	r2,0(r29)
 1471  00002114  8fdffff8	lw	r31,-8(r30)
 1472  00002118  001ee820	add	r29,r0,r30
 1473  0000211c  8fdefffc	lw	r30,-4(r30)
 1474  00002120  4be00000	jr	r31
 1475  00002124  54000000	nop
 1476  00002128          	.endproc _bzero
 1477  00002128          	.align 2
 1478  00002128          	.proc _min
 1479  00002128          	.global _min
 1480  00002128          	_min:
 1481                      ;  Function 'min'; 0 bytes of locals, 2 regs to save.
 1482  00002128  afbefffc	sw	-4(r29),r30; push fp
 1483  0000212c  001df020	add	r30,r0,r29; fp = sp
 1484  00002130  afbffff8	sw	-8(r29),r31; push ret addr
 1485  00002134  2fbd0010	subui	r29,r29,#16; alloc local storage
 1486  00002138  afa20000	sw	0(r29),r2
 1487  0000213c  afa30004	sw	4(r29),r3
 1488  00002140  8fc10000	lw	r1,(r30)
 1489  00002144  8fc20004	lw	r2,4(r30)
 1490  00002148  0022182c	sle	r3,r1,r2
 1491  0000214c  14600008	bnez	r3,L109_LF2
 1492  00002150  54000000	nop; delay slot nop
 1493  00002154  8fc10004	lw	r1,4(r30)
 1494  00002158          	L109_LF2:
 1495  00002158  08000004	j	L108_LF2
 1496  0000215c  54000000	nop; delay slot nop
 1497  00002160          	L108_LF2:
 1498  00002160  8fa20000	lw	r2,0(r29)
 1499  00002164  8fa30004	lw	r3,4(r29)
 1500  00002168  8fdffff8	lw	r31,-8(r30)
 1501  0000216c  001ee820	add	r29,r0,r30
 1502  00002170  8fdefffc	lw	r30,-4(r30)
 1503  00002174  4be00000	jr	r31
 1504  00002178  54000000	nop
 1505  0000217c          	.endproc _min
 1506                      ;;; Ethan L. Miller, 1999.  Released to the public domain
 1507                      ;;;
 1508                      ;;; Most of the traps are called in files from libtraps.
 1511  0000217c          	.align 2
 1512  0000217c          	.proc _exit
 1513  0000217c          	.global _exit
 1514  0000217c          	_exit:
 1515  0000217c  44000300	trap	#0x300
 1516  00002180  4be00000	jr	r31
 1517  00002184  54000000	nop
 1518  00002188          	.endproc _exit
 1520                      ; for the benefit of gcc.
 1521  00002188          	.proc ___main
 1522  00002188          	.global ___main
 1523  00002188          	___main:
 1524  00002188  4be00000	jr	r31
 1525  0000218c  54000000	nop
 1526  00002190          	.endproc ___main
 1527  00002190          	.text
 1528  00002190          	.global _etext
 1529  00002190          	_etext:
 1530  00002190          	.align 3
 1531  00002190          	.data
 1532  000030ce          	.global _edata
 1533  000030ce          	_edata:
