 line   address	contents
    1                      ; Linked by DLX-LD.
    2                      ; MemSize 24576
    3                      ; Data size: 267
    4                      ; Text size: 4372
    5                      ; Stack size: 8192
    6  00000000          	.text 0x1000
    7  00001000          	.data 0x3000
    8                      ; Compiled by GCC
    9  00003000          	.text
   10  00001000          	.align 2
   11  00001000          	.proc _isspace
   12  00001000          	.global _isspace
   13  00001000          	_isspace:
   14                      ;  Function 'isspace'; 0 bytes of locals, 1 regs to save.
   15  00001000  afbefffc	sw	-4(r29),r30; push fp
   16  00001004  001df020	add	r30,r0,r29; fp = sp
   17  00001008  afbffff8	sw	-8(r29),r31; push ret addr
   18  0000100c  2fbd0010	subui	r29,r29,#16; alloc local storage
   19  00001010  afa20000	sw	0(r29),r2
   20  00001014  83c20003	lb	r2,3(r30)
   21  00001018  201f0000	addi	r31,r0,#0
   22  0000101c  304100ff	andi	r1,r2,#0x00ff
   23  00001020  60210020	seqi	r1,r1,#32
   24  00001024  14200018	bnez	r1,L6_LF0
   25  00001028  54000000	nop; not filled.
   26  0000102c  2041fff7	addi	r1,r2,#-9
   27  00001030  302100ff	andi	r1,r1,#0x00ff
   28  00001034  70210001	sleui	r1,r1,#1
   29  00001038  10200008	beqz	r1,L5_LF0
   30  0000103c  54000000	nop; not filled.
   31  00001040          	L6_LF0:
   32  00001040  201f0001	addi	r31,r0,#1
   33  00001044          	L5_LF0:
   34  00001044  001f0820	add	r1,r0,r31
   35  00001048  8fa20000	lw	r2,0(r29)
   36  0000104c  8fdffff8	lw	r31,-8(r30)
   37  00001050  001ee820	add	r29,r0,r30
   38  00001054  8fdefffc	lw	r30,-4(r30)
   39  00001058  4be00000	jr	r31
   40  0000105c  54000000	nop
   41  00001060          	.endproc _isspace
   42  00001060          	.align 2
   43  00001060          	.proc _isxdigit
   44  00001060          	.global _isxdigit
   45  00001060          	_isxdigit:
   46                      ;  Function 'isxdigit'; 0 bytes of locals, 1 regs to save.
   47  00001060  afbefffc	sw	-4(r29),r30; push fp
   48  00001064  001df020	add	r30,r0,r29; fp = sp
   49  00001068  afbffff8	sw	-8(r29),r31; push ret addr
   50  0000106c  2fbd0010	subui	r29,r29,#16; alloc local storage
   51  00001070  afa20000	sw	0(r29),r2
   52  00001074  83df0003	lb	r31,3(r30)
   53  00001078  20020000	addi	r2,r0,#0
   54  0000107c  23e1ffd0	addi	r1,r31,#-48
   55  00001080  302100ff	andi	r1,r1,#0x00ff
   56  00001084  70210009	sleui	r1,r1,#9
   57  00001088  14200028	bnez	r1,L12_LF0
   58  0000108c  54000000	nop; not filled.
   59  00001090  23e1ff9f	addi	r1,r31,#-97
   60  00001094  302100ff	andi	r1,r1,#0x00ff
   61  00001098  70210005	sleui	r1,r1,#5
   62  0000109c  14200014	bnez	r1,L12_LF0
   63  000010a0  54000000	nop; not filled.
   64  000010a4  33e100ff	andi	r1,r31,#0x00ff
   65  000010a8  64210041	snei	r1,r1,#65
   66  000010ac  14200008	bnez	r1,L11_LF0
   67  000010b0  54000000	nop; not filled.
   68  000010b4          	L12_LF0:
   69  000010b4  20020001	addi	r2,r0,#1
   70  000010b8          	L11_LF0:
   71  000010b8  00020820	add	r1,r0,r2
   72  000010bc  8fa20000	lw	r2,0(r29)
   73  000010c0  8fdffff8	lw	r31,-8(r30)
   74  000010c4  001ee820	add	r29,r0,r30
   75  000010c8  8fdefffc	lw	r30,-4(r30)
   76  000010cc  4be00000	jr	r31
   77  000010d0  54000000	nop
   78  000010d4          	.endproc _isxdigit
   79  000010d4          	.data
   80  00003000          	.align 2
   81  00003000          	LC0_LF0:
   82  00003000  55736167	.ascii "Usage: %s <handle_to_procs_completed_semaphore>\n\000"
   82  00003004  653a2025	
   82  00003008  73203c68	
   82  0000300c  616e646c	
   82  00003010  655f746f	
   82  00003014  5f70726f	
   82  00003018  63735f63	
   82  0000301c  6f6d706c	
   82  00003020  65746564	
   82  00003024  5f73656d	
   82  00003028  6170686f	
   82  0000302c  72653e0a	
   82  00003030  00      	
   83  00003031          	.align 2
   84  00003034          	LC1_LF0:
   85  00003034  70617274	.ascii "part2: Attempting to Access memory beyond the maximum virtual address."
   85  00003038  323a2041	
   85  0000303c  7474656d	
   85  00003040  7074696e	
   85  00003044  6720746f	
   85  00003048  20416363	
   85  0000304c  65737320	
   85  00003050  6d656d6f	
   85  00003054  72792062	
   85  00003058  65796f6e	
   85  0000305c  64207468	
   85  00003060  65206d61	
   85  00003064  78696d75	
   85  00003068  6d207669	
   85  0000306c  72747561	
   85  00003070  6c206164	
   85  00003074  64726573	
   85  00003078  732e    	
   86  0000307a  0a00    	.ascii "\n\000"
   87  0000307c          	.align 2
   88  0000307c          	LC2_LF0:
   89  0000307c  70617274	.ascii "part2 : Bad semaphore s_procs_completed !\n\000"
   89  00003080  32203a20	
   89  00003084  42616420	
   89  00003088  73656d61	
   89  0000308c  70686f72	
   89  00003090  6520735f	
   89  00003094  70726f63	
   89  00003098  735f636f	
   89  0000309c  6d706c65	
   89  000030a0  74656420	
   89  000030a4  210a00  	
   90  000030a7          	.align 2
   91  000030a8          	LC3_LF0:
   92  000030a8  70617274	.ascii "part2 : address to be accessed: %d\n\000"
   92  000030ac  32203a20	
   92  000030b0  61646472	
   92  000030b4  65737320	
   92  000030b8  746f2062	
   92  000030bc  65206163	
   92  000030c0  63657373	
   92  000030c4  65643a20	
   92  000030c8  25640a00	
   93  000030cc          	.align 2
   94  000030cc          	LC4_LF0:
   95  000030cc  70617274	.ascii "part2 : accessing virtual memory location: %d \n\000"
   95  000030d0  32203a20	
   95  000030d4  61636365	
   95  000030d8  7373696e	
   95  000030dc  67207669	
   95  000030e0  72747561	
   95  000030e4  6c206d65	
   95  000030e8  6d6f7279	
   95  000030ec  206c6f63	
   95  000030f0  6174696f	
   95  000030f4  6e3a2025	
   95  000030f8  64200a00	
   96  000030fc          	.align 2
   97  000030fc          	LC5_LF0:
   98  000030fc  70617274	.ascii "part2 : done!\n\000"
   98  00003100  32203a20	
   98  00003104  646f6e65	
   98  00003108  210a00  	
   99  0000310b          	.text
  100  000010d4          	.align 2
  101  000010d4          	.proc _main
  102  000010d4          	.global _main
  103  000010d4          	_main:
  104                      ;  Function 'main'; 0 bytes of locals, 0 regs to save.
  105  000010d4  afbefffc	sw	-4(r29),r30; push fp
  106  000010d8  001df020	add	r30,r0,r29; fp = sp
  107  000010dc  afbffff8	sw	-8(r29),r31; push ret addr
  108  000010e0  2fbd0008	subui	r29,r29,#8; alloc local storage
  109  000010e4  8fc20000	lw	r2,(r30)
  110  000010e8  8fc30004	lw	r3,4(r30)
  111  000010ec  0c00101c	jal	___main
  112  000010f0  54000000	nop; not filled.
  113  000010f4  64410002	snei	r1,r2,#2
  114  000010f8  10200028	beqz	r1,L17_LF0
  115  000010fc  54000000	nop; not filled.
  116  00001100  23bdfff8	addi	r29,r29,#-8
  117  00001104  3c040000	lhi	r4,((LC0_LF0)>>16)&0xffff
  118  00001108  24843000	addui	r4,r4,(LC0_LF0)&0xffff
  119  0000110c  afa40000	sw	(r29),r4
  120  00001110  0c000138	jal	_Printf
  121  00001114  54000000	nop; not filled.
  122  00001118  0c000238	jal	_Exit
  123  0000111c  54000000	nop; not filled.
  124  00001120  23bd0008	addi	r29,r29,#8
  125  00001124          	L17_LF0:
  126  00001124  23bdfff0	addi	r29,r29,#-16
  127  00001128  8c630004	lw	r3,4(r3)
  128  0000112c  afa30000	sw	(r29),r3
  129  00001130  20040000	addi	r4,r0,#0
  130  00001134  afa40004	sw	4(r29),r4
  131  00001138  2004000a	addi	r4,r0,#10
  132  0000113c  afa40008	sw	8(r29),r4
  133  00001140  0c000acc	jal	_dstrtol
  134  00001144  54000000	nop; not filled.
  135  00001148  00011020	add	r2,r0,r1
  136  0000114c  3c040000	lhi	r4,((LC1_LF0)>>16)&0xffff
  137  00001150  24843034	addui	r4,r4,(LC1_LF0)&0xffff
  138  00001154  afa40000	sw	(r29),r4
  139  00001158  0c0000f0	jal	_Printf
  140  0000115c  54000000	nop; not filled.
  141  00001160  afa20000	sw	(r29),r2
  142  00001164  0c000138	jal	_sem_signal
  143  00001168  54000000	nop; not filled.
  144  0000116c  23bd0010	addi	r29,r29,#16
  145  00001170  64210001	snei	r1,r1,#1
  146  00001174  1020002c	beqz	r1,L18_LF0
  147  00001178  54000000	nop; not filled.
  148  0000117c  23bdfff8	addi	r29,r29,#-8
  149  00001180  3c040000	lhi	r4,((LC2_LF0)>>16)&0xffff
  150  00001184  2484307c	addui	r4,r4,(LC2_LF0)&0xffff
  151  00001188  afa40000	sw	(r29),r4
  152  0000118c  afa20004	sw	4(r29),r2
  153  00001190  0c0000b8	jal	_Printf
  154  00001194  54000000	nop; not filled.
  155  00001198  0c0001b8	jal	_Exit
  156  0000119c  54000000	nop; not filled.
  157  000011a0  23bd0008	addi	r29,r29,#8
  158  000011a4          	L18_LF0:
  159  000011a4  3c020010	lhi	r2,#16
  160  000011a8  24420000	addui	r2,r2,#0
  161  000011ac  23bdfff8	addi	r29,r29,#-8
  162  000011b0  3c040000	lhi	r4,((LC3_LF0)>>16)&0xffff
  163  000011b4  248430a8	addui	r4,r4,(LC3_LF0)&0xffff
  164  000011b8  afa40000	sw	(r29),r4
  165  000011bc  afa20004	sw	4(r29),r2
  166  000011c0  0c000088	jal	_Printf
  167  000011c4  54000000	nop; not filled.
  168  000011c8  3c040000	lhi	r4,((LC4_LF0)>>16)&0xffff
  169  000011cc  248430cc	addui	r4,r4,(LC4_LF0)&0xffff
  170  000011d0  afa40000	sw	(r29),r4
  171  000011d4  8c410000	lw	r1,(r2)
  172  000011d8  afa10004	sw	4(r29),r1
  173  000011dc  0c00006c	jal	_Printf
  174  000011e0  54000000	nop; not filled.
  175  000011e4  3c040000	lhi	r4,((LC5_LF0)>>16)&0xffff
  176  000011e8  248430fc	addui	r4,r4,(LC5_LF0)&0xffff
  177  000011ec  afa40000	sw	(r29),r4
  178  000011f0  0c000058	jal	_Printf
  179  000011f4  54000000	nop; not filled.
  180  000011f8  23bd0008	addi	r29,r29,#8
  181  000011fc  0c000f00	jal	_exit
  182  00001200  54000000	nop
  183  00001204          	.endproc _main
  184                      ;;;
  185                      ;;; Stub functions for DLX traps.
  186                      ;;;
  187                      ;;; Ethan L. Miller, 1999.  Released to the public domain.
  188                      ;;;
  189                      ;;; The traps such as Open and Close
  190                      ;;; (note the capital letters) are for use by user programs.  The traps
  191                      ;;; with names such as open and close (lower case) are for use by the OS.
  192                      ;;;
  195  00001204          	.align 2
  197                      ;;; The following are the traps to be used by user-level programs
  198                      ;;;
  200  00001204          	.align 2
  201  00001204          	.proc _Open
  202  00001204          	.global _Open
  203  00001204          	_Open:
  204                      ;;; Note that trap #0x213 actually causes a trap vector in the OS of
  205                      ;;; 0x1213.  The same is true for other user traps.  Thus, a user trap
  206                      ;;; with trap #0x240 will result in a trap vector of 0x1240 in the OS.
  207  00001204  44000213	trap	#0x213
  208  00001208  4be00000	jr	r31
  209  0000120c  54000000	nop
  210  00001210          	.endproc _Open
  212  00001210          	.proc _Close
  213  00001210          	.global _Close
  214  00001210          	_Close:
  215  00001210  44000214	trap	#0x214
  216  00001214  4be00000	jr	r31
  217  00001218  54000000	nop
  218  0000121c          	.endproc _Close
  220  0000121c          	.proc _Read
  221  0000121c          	.global _Read
  222  0000121c          	_Read:
  223  0000121c  44000210	trap	#0x210
  224  00001220  4be00000	jr	r31
  225  00001224  54000000	nop
  226  00001228          	.endproc _Read
  228  00001228          	.proc _Write
  229  00001228          	.global _Write
  230  00001228          	_Write:
  231  00001228  44000211	trap	#0x211
  232  0000122c  4be00000	jr	r31
  233  00001230  54000000	nop
  234  00001234          	.endproc _Write
  236  00001234          	.proc _Lseek
  237  00001234          	.global _Lseek
  238  00001234          	_Lseek:
  239  00001234  44000212	trap	#0x212
  240  00001238  4be00000	jr	r31
  241  0000123c  54000000	nop
  242  00001240          	.endproc _Lseek
  244  00001240          	.proc _Putchar
  245  00001240          	.global _Putchar
  246  00001240          	_Putchar:
  247  00001240  44000280	trap	#0x280
  248  00001244  4be00000	jr	r31
  249  00001248  54000000	nop
  250  0000124c          	.endproc _Putchar
  252  0000124c          	.proc _Printf
  253  0000124c          	.global _Printf
  254  0000124c          	_Printf:
  255  0000124c  44000201	trap	#0x201
  256  00001250  4be00000	jr	r31
  257  00001254  54000000	nop
  258  00001258          	.endproc _Printf
  260  00001258          	.proc _getpid
  261  00001258          	.global _getpid
  262  00001258          	_getpid:
  263  00001258  44000431	trap	#0x431
  264  0000125c  4be00000	jr	r31
  265  00001260  54000000	nop
  266  00001264          	.endproc _getpid
  268  00001264          	.proc _process_create
  269  00001264          	.global _process_create
  270  00001264          	_process_create:
  271  00001264  44000432	trap	#0x432
  272  00001268  4be00000	jr	r31
  273  0000126c  54000000	nop
  274  00001270          	.endproc _process_create
  276  00001270          	.proc _shmget
  277  00001270          	.global _shmget
  278  00001270          	_shmget:
  279  00001270  44000440	trap	#0x440
  280  00001274  4be00000	jr	r31
  281  00001278  54000000	nop
  282  0000127c          	.endproc _shmget
  284  0000127c          	.proc _shmat
  285  0000127c          	.global _shmat
  286  0000127c          	_shmat:
  287  0000127c  44000441	trap	#0x441
  288  00001280  4be00000	jr	r31
  289  00001284  54000000	nop
  290  00001288          	.endproc _shmat
  292  00001288          	.proc _sem_create
  293  00001288          	.global _sem_create
  294  00001288          	_sem_create:
  295  00001288  44000450	trap	#0x450
  296  0000128c  4be00000	jr	r31
  297  00001290  54000000	nop
  298  00001294          	.endproc _sem_create
  300  00001294          	.proc _sem_wait
  301  00001294          	.global _sem_wait
  302  00001294          	_sem_wait:
  303  00001294  44000451	trap	#0x451
  304  00001298  4be00000	jr	r31
  305  0000129c  54000000	nop
  306  000012a0          	.endproc _sem_wait
  308  000012a0          	.proc _sem_signal
  309  000012a0          	.global _sem_signal
  310  000012a0          	_sem_signal:
  311  000012a0  44000452	trap	#0x452
  312  000012a4  4be00000	jr	r31
  313  000012a8  54000000	nop
  314  000012ac          	.endproc _sem_signal
  316  000012ac          	.proc _lock_create
  317  000012ac          	.global _lock_create
  318  000012ac          	_lock_create:
  319  000012ac  44000453	trap	#0x453
  320  000012b0  4be00000	jr	r31
  321  000012b4  54000000	nop
  322  000012b8          	.endproc _lock_create
  324  000012b8          	.proc _lock_acquire
  325  000012b8          	.global _lock_acquire
  326  000012b8          	_lock_acquire:
  327  000012b8  44000454	trap	#0x454
  328  000012bc  4be00000	jr	r31
  329  000012c0  54000000	nop
  330  000012c4          	.endproc _lock_acquire
  332  000012c4          	.proc _lock_release
  333  000012c4          	.global _lock_release
  334  000012c4          	_lock_release:
  335  000012c4  44000455	trap	#0x455
  336  000012c8  4be00000	jr	r31
  337  000012cc  54000000	nop
  338  000012d0          	.endproc _lock_release
  340  000012d0          	.proc _cond_create
  341  000012d0          	.global _cond_create
  342  000012d0          	_cond_create:
  343  000012d0  44000456	trap	#0x456
  344  000012d4  4be00000	jr	r31
  345  000012d8  54000000	nop
  346  000012dc          	.endproc _cond_create
  348  000012dc          	.proc _cond_wait
  349  000012dc          	.global _cond_wait
  350  000012dc          	_cond_wait:
  351  000012dc  44000457	trap	#0x457
  352  000012e0  4be00000	jr	r31
  353  000012e4  54000000	nop
  354  000012e8          	.endproc _cond_wait
  356  000012e8          	.proc _cond_signal
  357  000012e8          	.global _cond_signal
  358  000012e8          	_cond_signal:
  359  000012e8  44000458	trap	#0x458
  360  000012ec  4be00000	jr	r31
  361  000012f0  54000000	nop
  362  000012f4          	.endproc _cond_signal
  364  000012f4          	.proc _cond_broadcast
  365  000012f4          	.global _cond_broadcast
  366  000012f4          	_cond_broadcast:
  367  000012f4  44000459	trap	#0x459
  368  000012f8  4be00000	jr	r31
  369  000012fc  54000000	nop
  370  00001300          	.endproc _cond_broadcast
  372  00001300          	.proc _mbox_create
  373  00001300          	.global _mbox_create
  374  00001300          	_mbox_create:
  375  00001300  44000460	trap	#0x460
  376  00001304  4be00000	jr	r31
  377  00001308  54000000	nop
  378  0000130c          	.endproc _mbox_create
  380  0000130c          	.proc _mbox_open
  381  0000130c          	.global _mbox_open
  382  0000130c          	_mbox_open:
  383  0000130c  44000461	trap	#0x461
  384  00001310  4be00000	jr	r31
  385  00001314  54000000	nop
  386  00001318          	.endproc _mbox_open
  388  00001318          	.proc _mbox_close
  389  00001318          	.global _mbox_close
  390  00001318          	_mbox_close:
  391  00001318  44000462	trap	#0x462
  392  0000131c  4be00000	jr	r31
  393  00001320  54000000	nop
  394  00001324          	.endproc _mbox_close
  396  00001324          	.proc _mbox_send
  397  00001324          	.global _mbox_send
  398  00001324          	_mbox_send:
  399  00001324  44000463	trap	#0x463
  400  00001328  4be00000	jr	r31
  401  0000132c  54000000	nop
  402  00001330          	.endproc _mbox_send
  404  00001330          	.proc _mbox_recv
  405  00001330          	.global _mbox_recv
  406  00001330          	_mbox_recv:
  407  00001330  44000464	trap	#0x464
  408  00001334  4be00000	jr	r31
  409  00001338  54000000	nop
  410  0000133c          	.endproc _mbox_recv
  412  0000133c          	.proc _sleep
  413  0000133c          	.global _sleep
  414  0000133c          	_sleep:
  415  0000133c  44000465	trap	#0x465
  416  00001340  4be00000	jr	r31
  417  00001344  54000000	nop
  418  00001348          	.endproc _sleep
  420  00001348          	.proc _yield
  421  00001348          	.global _yield
  422  00001348          	_yield:
  423  00001348  44000466	trap	#0x466
  424  0000134c  4be00000	jr	r31
  425  00001350  54000000	nop
  426  00001354          	.endproc _yield
  429  00001354          	.proc _Exit
  430  00001354          	.global _Exit
  431  00001354          	_Exit:
  432  00001354  44000500	trap	#0x500
  433  00001358  4be00000	jr	r31
  434  0000135c  54000000	nop
  435  00001360          	.endproc _Exit
  438  00001360          	.proc _malloc
  439  00001360          	.global _malloc
  440  00001360          	_malloc:
  441  00001360  44000467	trap	#0x467
  442  00001364  4be00000	jr	r31
  443  00001368          	.endproc _malloc
  446  00001368          	.proc _mfree
  447  00001368          	.global _mfree
  448  00001368          	_mfree:
  449  00001368  44000468	trap	#0x468
  450  0000136c  4be00000	jr	r31
  451  00001370          	.endproc _mfree
  452                      ; Compiled by GCC
  454  00001370          	.align 2
  455  00001370          	.proc _isspace
  456  00001370          	.global _isspace
  457  00001370          	_isspace:
  458                      ;  Function 'isspace'; 0 bytes of locals, 3 regs to save.
  459  00001370  afbefffc	sw	-4(r29),r30; push fp
  460  00001374  001df020	add	r30,r0,r29; fp = sp
  461  00001378  afbffff8	sw	-8(r29),r31; push ret addr
  462  0000137c  2fbd0018	subui	r29,r29,#24; alloc local storage
  463  00001380  afa20000	sw	0(r29),r2
  464  00001384  afa30004	sw	4(r29),r3
  465  00001388  afa40008	sw	8(r29),r4
  466  0000138c  83c20003	lb	r2,3(r30)
  467  00001390  20010000	addi	r1,r0,#0
  468  00001394  304300ff	andi	r3,r2,#0x00ff
  469  00001398  60640020	seqi	r4,r3,#32
  470  0000139c  1480002c	bnez	r4,L3_LF2
  471  000013a0  54000000	nop; delay slot nop
  472  000013a4  304300ff	andi	r3,r2,#0x00ff
  473  000013a8  60640009	seqi	r4,r3,#9
  474  000013ac  1480001c	bnez	r4,L3_LF2
  475  000013b0  54000000	nop; delay slot nop
  476  000013b4  304300ff	andi	r3,r2,#0x00ff
  477  000013b8  6064000a	seqi	r4,r3,#10
  478  000013bc  1480000c	bnez	r4,L3_LF2
  479  000013c0  54000000	nop; delay slot nop
  480  000013c4  08000008	j	L2_LF2
  481  000013c8  54000000	nop; delay slot nop
  482  000013cc          	L3_LF2:
  483  000013cc  20010001	addi	r1,r0,#1
  484  000013d0          	L2_LF2:
  485  000013d0  08000004	j	L1_LF2
  486  000013d4  54000000	nop; delay slot nop
  487  000013d8          	L1_LF2:
  488  000013d8  8fa20000	lw	r2,0(r29)
  489  000013dc  8fa30004	lw	r3,4(r29)
  490  000013e0  8fa40008	lw	r4,8(r29)
  491  000013e4  8fdffff8	lw	r31,-8(r30)
  492  000013e8  001ee820	add	r29,r0,r30
  493  000013ec  8fdefffc	lw	r30,-4(r30)
  494  000013f0  4be00000	jr	r31
  495  000013f4  54000000	nop
  496  000013f8          	.endproc _isspace
  497  000013f8          	.align 2
  498  000013f8          	.proc _isxdigit
  499  000013f8          	.global _isxdigit
  500  000013f8          	_isxdigit:
  501                      ;  Function 'isxdigit'; 0 bytes of locals, 3 regs to save.
  502  000013f8  afbefffc	sw	-4(r29),r30; push fp
  503  000013fc  001df020	add	r30,r0,r29; fp = sp
  504  00001400  afbffff8	sw	-8(r29),r31; push ret addr
  505  00001404  2fbd0018	subui	r29,r29,#24; alloc local storage
  506  00001408  afa20000	sw	0(r29),r2
  507  0000140c  afa30004	sw	4(r29),r3
  508  00001410  afa40008	sw	8(r29),r4
  509  00001414  83c20003	lb	r2,3(r30)
  510  00001418  20010000	addi	r1,r0,#0
  511  0000141c  304300ff	andi	r3,r2,#0x00ff
  512  00001420  6c64002f	sgtui	r4,r3,#47
  513  00001424  1080001c	beqz	r4,L7_LF2
  514  00001428  54000000	nop; delay slot nop
  515  0000142c  304300ff	andi	r3,r2,#0x00ff
  516  00001430  70640039	sleui	r4,r3,#57
  517  00001434  1480005c	bnez	r4,L6_LF2
  518  00001438  54000000	nop; delay slot nop
  519  0000143c  08000004	j	L7_LF2
  520  00001440  54000000	nop; delay slot nop
  521  00001444          	L7_LF2:
  522  00001444  304300ff	andi	r3,r2,#0x00ff
  523  00001448  6c640060	sgtui	r4,r3,#96
  524  0000144c  1080001c	beqz	r4,L8_LF2
  525  00001450  54000000	nop; delay slot nop
  526  00001454  304300ff	andi	r3,r2,#0x00ff
  527  00001458  70640066	sleui	r4,r3,#102
  528  0000145c  14800034	bnez	r4,L6_LF2
  529  00001460  54000000	nop; delay slot nop
  530  00001464  08000004	j	L8_LF2
  531  00001468  54000000	nop; delay slot nop
  532  0000146c          	L8_LF2:
  533  0000146c  304300ff	andi	r3,r2,#0x00ff
  534  00001470  6c640040	sgtui	r4,r3,#64
  535  00001474  10800020	beqz	r4,L5_LF2
  536  00001478  54000000	nop; delay slot nop
  537  0000147c  304300ff	andi	r3,r2,#0x00ff
  538  00001480  70640041	sleui	r4,r3,#65
  539  00001484  1480000c	bnez	r4,L6_LF2
  540  00001488  54000000	nop; delay slot nop
  541  0000148c  08000008	j	L5_LF2
  542  00001490  54000000	nop; delay slot nop
  543  00001494          	L6_LF2:
  544  00001494  20010001	addi	r1,r0,#1
  545  00001498          	L5_LF2:
  546  00001498  08000004	j	L4_LF2
  547  0000149c  54000000	nop; delay slot nop
  548  000014a0          	L4_LF2:
  549  000014a0  8fa20000	lw	r2,0(r29)
  550  000014a4  8fa30004	lw	r3,4(r29)
  551  000014a8  8fa40008	lw	r4,8(r29)
  552  000014ac  8fdffff8	lw	r31,-8(r30)
  553  000014b0  001ee820	add	r29,r0,r30
  554  000014b4  8fdefffc	lw	r30,-4(r30)
  555  000014b8  4be00000	jr	r31
  556  000014bc  54000000	nop
  557  000014c0          	.endproc _isxdigit
  558  000014c0          	.align 2
  559  000014c0          	.proc _dstrcpy
  560  000014c0          	.global _dstrcpy
  561  000014c0          	_dstrcpy:
  562                      ;  Function 'dstrcpy'; 8 bytes of locals, 2 regs to save.
  563  000014c0  afbefffc	sw	-4(r29),r30; push fp
  564  000014c4  001df020	add	r30,r0,r29; fp = sp
  565  000014c8  afbffff8	sw	-8(r29),r31; push ret addr
  566  000014cc  2fbd0018	subui	r29,r29,#24; alloc local storage
  567  000014d0  afa20000	sw	0(r29),r2
  568  000014d4  afa30004	sw	4(r29),r3
  569  000014d8  8fc10000	lw	r1,(r30)
  570  000014dc  afc1fff4	sw	-12(r30),r1
  571  000014e0          	L10_LF2:
  572  000014e0  8fc10000	lw	r1,(r30)
  573  000014e4  20220001	addi	r2,r1,#1
  574  000014e8  afc20000	sw	(r30),r2
  575  000014ec  8fc20004	lw	r2,4(r30)
  576  000014f0  20430001	addi	r3,r2,#1
  577  000014f4  afc30004	sw	4(r30),r3
  578  000014f8  80420000	lb	r2,(r2)
  579  000014fc  a0220000	sb	(r1),r2
  580  00001500  a3c2fff3	sb	-13(r30),r2
  581  00001504          	L12_LF2:
  582  00001504  93c1fff3	lbu	r1,-13(r30)
  583  00001508  64220000	snei	r2,r1,#0
  584  0000150c  1440000c	bnez	r2,L13_LF2
  585  00001510  54000000	nop; delay slot nop
  586  00001514  0800000c	j	L11_LF2
  587  00001518  54000000	nop; delay slot nop
  588  0000151c          	L13_LF2:
  589  0000151c  0bffffc0	j	L10_LF2
  590  00001520  54000000	nop; delay slot nop
  591  00001524          	L11_LF2:
  592  00001524  8fc1fff4	lw	r1,-12(r30)
  593  00001528  08000004	j	L9_LF2
  594  0000152c  54000000	nop; delay slot nop
  595  00001530          	L9_LF2:
  596  00001530  8fa20000	lw	r2,0(r29)
  597  00001534  8fa30004	lw	r3,4(r29)
  598  00001538  8fdffff8	lw	r31,-8(r30)
  599  0000153c  001ee820	add	r29,r0,r30
  600  00001540  8fdefffc	lw	r30,-4(r30)
  601  00001544  4be00000	jr	r31
  602  00001548  54000000	nop
  603  0000154c          	.endproc _dstrcpy
  604  0000154c          	.align 2
  605  0000154c          	.proc _dstrncpy
  606  0000154c          	.global _dstrncpy
  607  0000154c          	_dstrncpy:
  608                      ;  Function 'dstrncpy'; 8 bytes of locals, 2 regs to save.
  609  0000154c  afbefffc	sw	-4(r29),r30; push fp
  610  00001550  001df020	add	r30,r0,r29; fp = sp
  611  00001554  afbffff8	sw	-8(r29),r31; push ret addr
  612  00001558  2fbd0018	subui	r29,r29,#24; alloc local storage
  613  0000155c  afa20000	sw	0(r29),r2
  614  00001560  afa30004	sw	4(r29),r3
  615  00001564  8fc10000	lw	r1,(r30)
  616  00001568  afc1fff4	sw	-12(r30),r1
  617  0000156c          	L15_LF2:
  618  0000156c  8fc10008	lw	r1,8(r30)
  619  00001570  2022ffff	addi	r2,r1,#-1
  620  00001574  afc20008	sw	8(r30),r2
  621  00001578  70210000	slei	r1,r1,#0
  622  0000157c  1020000c	beqz	r1,L18_LF2
  623  00001580  54000000	nop; delay slot nop
  624  00001584  08000048	j	L16_LF2
  625  00001588  54000000	nop; delay slot nop
  626  0000158c          	L18_LF2:
  627  0000158c  8fc10000	lw	r1,(r30)
  628  00001590  20220001	addi	r2,r1,#1
  629  00001594  afc20000	sw	(r30),r2
  630  00001598  8fc20004	lw	r2,4(r30)
  631  0000159c  20430001	addi	r3,r2,#1
  632  000015a0  afc30004	sw	4(r30),r3
  633  000015a4  80420000	lb	r2,(r2)
  634  000015a8  a0220000	sb	(r1),r2
  635  000015ac  a3c2fff3	sb	-13(r30),r2
  636  000015b0          	L17_LF2:
  637  000015b0  93c1fff3	lbu	r1,-13(r30)
  638  000015b4  64220000	snei	r2,r1,#0
  639  000015b8  1440000c	bnez	r2,L19_LF2
  640  000015bc  54000000	nop; delay slot nop
  641  000015c0  0800000c	j	L16_LF2
  642  000015c4  54000000	nop; delay slot nop
  643  000015c8          	L19_LF2:
  644  000015c8  0bffffa0	j	L15_LF2
  645  000015cc  54000000	nop; delay slot nop
  646  000015d0          	L16_LF2:
  647  000015d0  8fc1fff4	lw	r1,-12(r30)
  648  000015d4  08000004	j	L14_LF2
  649  000015d8  54000000	nop; delay slot nop
  650  000015dc          	L14_LF2:
  651  000015dc  8fa20000	lw	r2,0(r29)
  652  000015e0  8fa30004	lw	r3,4(r29)
  653  000015e4  8fdffff8	lw	r31,-8(r30)
  654  000015e8  001ee820	add	r29,r0,r30
  655  000015ec  8fdefffc	lw	r30,-4(r30)
  656  000015f0  4be00000	jr	r31
  657  000015f4  54000000	nop
  658  000015f8          	.endproc _dstrncpy
  659  000015f8          	.align 2
  660  000015f8          	.proc _dstrcat
  661  000015f8          	.global _dstrcat
  662  000015f8          	_dstrcat:
  663                      ;  Function 'dstrcat'; 8 bytes of locals, 1 regs to save.
  664  000015f8  afbefffc	sw	-4(r29),r30; push fp
  665  000015fc  001df020	add	r30,r0,r29; fp = sp
  666  00001600  afbffff8	sw	-8(r29),r31; push ret addr
  667  00001604  2fbd0018	subui	r29,r29,#24; alloc local storage
  668  00001608  afa20000	sw	0(r29),r2
  669  0000160c  8fc10000	lw	r1,(r30)
  670  00001610  afc1fff4	sw	-12(r30),r1
  671  00001614          	L21_LF2:
  672  00001614  8fc10000	lw	r1,(r30)
  673  00001618  90220000	lbu	r2,(r1)
  674  0000161c  64410000	snei	r1,r2,#0
  675  00001620  1420000c	bnez	r1,L23_LF2
  676  00001624  54000000	nop; delay slot nop
  677  00001628  0800001c	j	L22_LF2
  678  0000162c  54000000	nop; delay slot nop
  679  00001630          	L23_LF2:
  680  00001630  8fc20000	lw	r2,(r30)
  681  00001634  20410001	addi	r1,r2,#1
  682  00001638  00011020	add	r2,r0,r1
  683  0000163c  afc20000	sw	(r30),r2
  684  00001640  0bffffd0	j	L21_LF2
  685  00001644  54000000	nop; delay slot nop
  686  00001648          	L22_LF2:
  687  00001648  23bdfff8	addi	r29,r29,#-8
  688  0000164c  001d0820	add	r1,r0,r29
  689  00001650  8fc20000	lw	r2,(r30)
  690  00001654  ac220000	sw	(r1),r2
  691  00001658  8fc20004	lw	r2,4(r30)
  692  0000165c  ac220004	sw	4(r1),r2
  693  00001660  0ffffe5c	jal	_dstrcpy
  694  00001664  54000000	nop; delay slot nop
  695  00001668  23bd0008	addi	r29,r29,#8
  696  0000166c  8fc1fff4	lw	r1,-12(r30)
  697  00001670  08000004	j	L20_LF2
  698  00001674  54000000	nop; delay slot nop
  699  00001678          	L20_LF2:
  700  00001678  8fa20000	lw	r2,0(r29)
  701  0000167c  8fdffff8	lw	r31,-8(r30)
  702  00001680  001ee820	add	r29,r0,r30
  703  00001684  8fdefffc	lw	r30,-4(r30)
  704  00001688  4be00000	jr	r31
  705  0000168c  54000000	nop
  706  00001690          	.endproc _dstrcat
  707  00001690          	.align 2
  708  00001690          	.proc _dstrncmp
  709  00001690          	.global _dstrncmp
  710  00001690          	_dstrncmp:
  711                      ;  Function 'dstrncmp'; 8 bytes of locals, 2 regs to save.
  712  00001690  afbefffc	sw	-4(r29),r30; push fp
  713  00001694  001df020	add	r30,r0,r29; fp = sp
  714  00001698  afbffff8	sw	-8(r29),r31; push ret addr
  715  0000169c  2fbd0018	subui	r29,r29,#24; alloc local storage
  716  000016a0  afa20000	sw	0(r29),r2
  717  000016a4  afa30004	sw	4(r29),r3
  718  000016a8  54000000	nop
  719  000016ac  20010000	addi	r1,r0,#0
  720  000016b0  afc1fff4	sw	-12(r30),r1
  721  000016b4          	L25_LF2:
  722  000016b4  8fc1fff4	lw	r1,-12(r30)
  723  000016b8  8fc20008	lw	r2,8(r30)
  724  000016bc  0022082a	slt	r1,r1,r2
  725  000016c0  1420000c	bnez	r1,L28_LF2
  726  000016c4  54000000	nop; delay slot nop
  727  000016c8  08000088	j	L26_LF2
  728  000016cc  54000000	nop; delay slot nop
  729  000016d0          	L28_LF2:
  730  000016d0  8fc10004	lw	r1,4(r30)
  731  000016d4  90220000	lbu	r2,(r1)
  732  000016d8  64410000	snei	r1,r2,#0
  733  000016dc  14200018	bnez	r1,L29_LF2
  734  000016e0  54000000	nop; delay slot nop
  735  000016e4  20010000	addi	r1,r0,#0
  736  000016e8  080000d8	j	L24_LF2
  737  000016ec  54000000	nop; delay slot nop
  738  000016f0  08000028	j	L30_LF2
  739  000016f4  54000000	nop; delay slot nop
  740  000016f8          	L29_LF2:
  741  000016f8  8fc10000	lw	r1,(r30)
  742  000016fc  8fc20004	lw	r2,4(r30)
  743  00001700  90210000	lbu	r1,(r1)
  744  00001704  90420000	lbu	r2,(r2)
  745  00001708  00220829	sne	r1,r1,r2
  746  0000170c  1020000c	beqz	r1,L30_LF2
  747  00001710  54000000	nop; delay slot nop
  748  00001714  0800003c	j	L26_LF2
  749  00001718  54000000	nop; delay slot nop
  750  0000171c          	L31_LF2:
  751  0000171c          	L30_LF2:
  752  0000171c  8fc20000	lw	r2,(r30)
  753  00001720  20410001	addi	r1,r2,#1
  754  00001724  00011020	add	r2,r0,r1
  755  00001728  afc20000	sw	(r30),r2
  756  0000172c  8fc20004	lw	r2,4(r30)
  757  00001730  20410001	addi	r1,r2,#1
  758  00001734  00011020	add	r2,r0,r1
  759  00001738  afc20004	sw	4(r30),r2
  760  0000173c          	L27_LF2:
  761  0000173c  8fc2fff4	lw	r2,-12(r30)
  762  00001740  20410001	addi	r1,r2,#1
  763  00001744  00011020	add	r2,r0,r1
  764  00001748  afc2fff4	sw	-12(r30),r2
  765  0000174c  0bffff64	j	L25_LF2
  766  00001750  54000000	nop; delay slot nop
  767  00001754          	L26_LF2:
  768  00001754  8fc1fff4	lw	r1,-12(r30)
  769  00001758  8fc20008	lw	r2,8(r30)
  770  0000175c  00220828	seq	r1,r1,r2
  771  00001760  10200018	beqz	r1,L32_LF2
  772  00001764  54000000	nop; delay slot nop
  773  00001768  20010000	addi	r1,r0,#0
  774  0000176c  08000054	j	L24_LF2
  775  00001770  54000000	nop; delay slot nop
  776  00001774  0800004c	j	L33_LF2
  777  00001778  54000000	nop; delay slot nop
  778  0000177c          	L32_LF2:
  779  0000177c  8fc20000	lw	r2,(r30)
  780  00001780  90410000	lbu	r1,(r2)
  781  00001784  8fc20004	lw	r2,4(r30)
  782  00001788  90430000	lbu	r3,(r2)
  783  0000178c  00230822	sub	r1,r1,r3
  784  00001790  74220000	sgei	r2,r1,#0
  785  00001794  10400020	beqz	r2,L34_LF2
  786  00001798  54000000	nop; delay slot nop
  787  0000179c  8fc10000	lw	r1,(r30)
  788  000017a0  8fc20004	lw	r2,4(r30)
  789  000017a4  90210000	lbu	r1,(r1)
  790  000017a8  90420000	lbu	r2,(r2)
  791  000017ac  00220829	sne	r1,r1,r2
  792  000017b0  08000008	j	L35_LF2
  793  000017b4  54000000	nop; delay slot nop
  794  000017b8          	L34_LF2:
  795  000017b8  2001ffff	addi	r1,r0,#-1
  796  000017bc          	L35_LF2:
  797  000017bc  08000004	j	L24_LF2
  798  000017c0  54000000	nop; delay slot nop
  799  000017c4          	L33_LF2:
  800  000017c4          	L24_LF2:
  801  000017c4  8fa20000	lw	r2,0(r29)
  802  000017c8  8fa30004	lw	r3,4(r29)
  803  000017cc  8fdffff8	lw	r31,-8(r30)
  804  000017d0  001ee820	add	r29,r0,r30
  805  000017d4  8fdefffc	lw	r30,-4(r30)
  806  000017d8  4be00000	jr	r31
  807  000017dc  54000000	nop
  808  000017e0          	.endproc _dstrncmp
  809  000017e0          	.align 2
  810  000017e0          	.proc _dstrlen
  811  000017e0          	.global _dstrlen
  812  000017e0          	_dstrlen:
  813                      ;  Function 'dstrlen'; 8 bytes of locals, 1 regs to save.
  814  000017e0  afbefffc	sw	-4(r29),r30; push fp
  815  000017e4  001df020	add	r30,r0,r29; fp = sp
  816  000017e8  afbffff8	sw	-8(r29),r31; push ret addr
  817  000017ec  2fbd0018	subui	r29,r29,#24; alloc local storage
  818  000017f0  afa20000	sw	0(r29),r2
  819  000017f4  20010000	addi	r1,r0,#0
  820  000017f8  afc1fff4	sw	-12(r30),r1
  821  000017fc          	L37_LF2:
  822  000017fc  8fc10000	lw	r1,(r30)
  823  00001800  20220001	addi	r2,r1,#1
  824  00001804  afc20000	sw	(r30),r2
  825  00001808  90210000	lbu	r1,(r1)
  826  0000180c  64220000	snei	r2,r1,#0
  827  00001810  1440000c	bnez	r2,L39_LF2
  828  00001814  54000000	nop; delay slot nop
  829  00001818  0800001c	j	L38_LF2
  830  0000181c  54000000	nop; delay slot nop
  831  00001820          	L39_LF2:
  832  00001820  8fc2fff4	lw	r2,-12(r30)
  833  00001824  20410001	addi	r1,r2,#1
  834  00001828  00011020	add	r2,r0,r1
  835  0000182c  afc2fff4	sw	-12(r30),r2
  836  00001830  0bffffc8	j	L37_LF2
  837  00001834  54000000	nop; delay slot nop
  838  00001838          	L38_LF2:
  839  00001838  8fc1fff4	lw	r1,-12(r30)
  840  0000183c  08000004	j	L36_LF2
  841  00001840  54000000	nop; delay slot nop
  842  00001844          	L36_LF2:
  843  00001844  8fa20000	lw	r2,0(r29)
  844  00001848  8fdffff8	lw	r31,-8(r30)
  845  0000184c  001ee820	add	r29,r0,r30
  846  00001850  8fdefffc	lw	r30,-4(r30)
  847  00001854  4be00000	jr	r31
  848  00001858  54000000	nop
  849  0000185c          	.endproc _dstrlen
  850  0000185c          	.align 2
  851  0000185c          	.proc _dstrstr
  852  0000185c          	.global _dstrstr
  853  0000185c          	_dstrstr:
  854                      ;  Function 'dstrstr'; 8 bytes of locals, 1 regs to save.
  855  0000185c  afbefffc	sw	-4(r29),r30; push fp
  856  00001860  001df020	add	r30,r0,r29; fp = sp
  857  00001864  afbffff8	sw	-8(r29),r31; push ret addr
  858  00001868  2fbd0018	subui	r29,r29,#24; alloc local storage
  859  0000186c  afa20000	sw	0(r29),r2
  860  00001870  23bdfff8	addi	r29,r29,#-8
  861  00001874  001d0820	add	r1,r0,r29
  862  00001878  8fc20004	lw	r2,4(r30)
  863  0000187c  ac220000	sw	(r1),r2
  864  00001880  0fffff5c	jal	_dstrlen
  865  00001884  54000000	nop; delay slot nop
  866  00001888  23bd0008	addi	r29,r29,#8
  867  0000188c  afc1fff4	sw	-12(r30),r1
  868  00001890          	L41_LF2:
  869  00001890  8fc10000	lw	r1,(r30)
  870  00001894  90220000	lbu	r2,(r1)
  871  00001898  64410000	snei	r1,r2,#0
  872  0000189c  1420000c	bnez	r1,L43_LF2
  873  000018a0  54000000	nop; delay slot nop
  874  000018a4  08000060	j	L42_LF2
  875  000018a8  54000000	nop; delay slot nop
  876  000018ac          	L43_LF2:
  877  000018ac  23bdfff0	addi	r29,r29,#-16
  878  000018b0  001d0820	add	r1,r0,r29
  879  000018b4  8fc20000	lw	r2,(r30)
  880  000018b8  ac220000	sw	(r1),r2
  881  000018bc  8fc20004	lw	r2,4(r30)
  882  000018c0  ac220004	sw	4(r1),r2
  883  000018c4  8fc2fff4	lw	r2,-12(r30)
  884  000018c8  ac220008	sw	8(r1),r2
  885  000018cc  0ffffdc0	jal	_dstrncmp
  886  000018d0  54000000	nop; delay slot nop
  887  000018d4  23bd0010	addi	r29,r29,#16
  888  000018d8  64220000	snei	r2,r1,#0
  889  000018dc  14400010	bnez	r2,L44_LF2
  890  000018e0  54000000	nop; delay slot nop
  891  000018e4  8fc10000	lw	r1,(r30)
  892  000018e8  08000028	j	L40_LF2
  893  000018ec  54000000	nop; delay slot nop
  894  000018f0          	L44_LF2:
  895  000018f0  8fc20000	lw	r2,(r30)
  896  000018f4  20410001	addi	r1,r2,#1
  897  000018f8  00011020	add	r2,r0,r1
  898  000018fc  afc20000	sw	(r30),r2
  899  00001900  0bffff8c	j	L41_LF2
  900  00001904  54000000	nop; delay slot nop
  901  00001908          	L42_LF2:
  902  00001908  20010000	addi	r1,r0,#0
  903  0000190c  08000004	j	L40_LF2
  904  00001910  54000000	nop; delay slot nop
  905  00001914          	L40_LF2:
  906  00001914  8fa20000	lw	r2,0(r29)
  907  00001918  8fdffff8	lw	r31,-8(r30)
  908  0000191c  001ee820	add	r29,r0,r30
  909  00001920  8fdefffc	lw	r30,-4(r30)
  910  00001924  4be00000	jr	r31
  911  00001928  54000000	nop
  912  0000192c          	.endproc _dstrstr
  913  0000192c          	.align 2
  914  0000192c          	.proc _dmindex
  915  0000192c          	.global _dmindex
  916  0000192c          	_dmindex:
  917                      ;  Function 'dmindex'; 8 bytes of locals, 1 regs to save.
  918  0000192c  afbefffc	sw	-4(r29),r30; push fp
  919  00001930  001df020	add	r30,r0,r29; fp = sp
  920  00001934  afbffff8	sw	-8(r29),r31; push ret addr
  921  00001938  2fbd0018	subui	r29,r29,#24; alloc local storage
  922  0000193c  afa20000	sw	0(r29),r2
  923  00001940  54000000	nop
  924  00001944          	L46_LF2:
  925  00001944  8fc10000	lw	r1,(r30)
  926  00001948  90220000	lbu	r2,(r1)
  927  0000194c  64410000	snei	r1,r2,#0
  928  00001950  1420000c	bnez	r1,L48_LF2
  929  00001954  54000000	nop; delay slot nop
  930  00001958  08000070	j	L47_LF2
  931  0000195c  54000000	nop; delay slot nop
  932  00001960          	L48_LF2:
  933  00001960  8fc10004	lw	r1,4(r30)
  934  00001964  afc1fff4	sw	-12(r30),r1
  935  00001968          	L49_LF2:
  936  00001968  8fc1fff4	lw	r1,-12(r30)
  937  0000196c  90220000	lbu	r2,(r1)
  938  00001970  64410000	snei	r1,r2,#0
  939  00001974  1420000c	bnez	r1,L52_LF2
  940  00001978  54000000	nop; delay slot nop
  941  0000197c  08000044	j	L50_LF2
  942  00001980  54000000	nop; delay slot nop
  943  00001984          	L52_LF2:
  944  00001984  8fc10000	lw	r1,(r30)
  945  00001988  8fc2fff4	lw	r2,-12(r30)
  946  0000198c  90210000	lbu	r1,(r1)
  947  00001990  90420000	lbu	r2,(r2)
  948  00001994  00220828	seq	r1,r1,r2
  949  00001998  10200010	beqz	r1,L51_LF2
  950  0000199c  54000000	nop; delay slot nop
  951  000019a0  8fc10000	lw	r1,(r30)
  952  000019a4  08000030	j	L45_LF2
  953  000019a8  54000000	nop; delay slot nop
  954  000019ac          	L53_LF2:
  955  000019ac          	L51_LF2:
  956  000019ac  8fc2fff4	lw	r2,-12(r30)
  957  000019b0  20410001	addi	r1,r2,#1
  958  000019b4  00011020	add	r2,r0,r1
  959  000019b8  afc2fff4	sw	-12(r30),r2
  960  000019bc  0bffffa8	j	L49_LF2
  961  000019c0  54000000	nop; delay slot nop
  962  000019c4          	L50_LF2:
  963  000019c4  0bffff7c	j	L46_LF2
  964  000019c8  54000000	nop; delay slot nop
  965  000019cc          	L47_LF2:
  966  000019cc  20010000	addi	r1,r0,#0
  967  000019d0  08000004	j	L45_LF2
  968  000019d4  54000000	nop; delay slot nop
  969  000019d8          	L45_LF2:
  970  000019d8  8fa20000	lw	r2,0(r29)
  971  000019dc  8fdffff8	lw	r31,-8(r30)
  972  000019e0  001ee820	add	r29,r0,r30
  973  000019e4  8fdefffc	lw	r30,-4(r30)
  974  000019e8  4be00000	jr	r31
  975  000019ec  54000000	nop
  976  000019f0          	.endproc _dmindex
  977  000019f0          	.align 2
  978  000019f0          	.proc _dindex
  979  000019f0          	.global _dindex
  980  000019f0          	_dindex:
  981                      ;  Function 'dindex'; 0 bytes of locals, 1 regs to save.
  982  000019f0  afbefffc	sw	-4(r29),r30; push fp
  983  000019f4  001df020	add	r30,r0,r29; fp = sp
  984  000019f8  afbffff8	sw	-8(r29),r31; push ret addr
  985  000019fc  2fbd0010	subui	r29,r29,#16; alloc local storage
  986  00001a00  afa20000	sw	0(r29),r2
  987  00001a04  54000000	nop
  988  00001a08          	L55_LF2:
  989  00001a08  8fc10000	lw	r1,(r30)
  990  00001a0c  90220000	lbu	r2,(r1)
  991  00001a10  64410000	snei	r1,r2,#0
  992  00001a14  1420000c	bnez	r1,L57_LF2
  993  00001a18  54000000	nop; delay slot nop
  994  00001a1c  08000040	j	L56_LF2
  995  00001a20  54000000	nop; delay slot nop
  996  00001a24          	L57_LF2:
  997  00001a24  8fc10000	lw	r1,(r30)
  998  00001a28  90220000	lbu	r2,(r1)
  999  00001a2c  8fc10004	lw	r1,4(r30)
 1000  00001a30  00411028	seq	r2,r2,r1
 1001  00001a34  10400010	beqz	r2,L58_LF2
 1002  00001a38  54000000	nop; delay slot nop
 1003  00001a3c  8fc10000	lw	r1,(r30)
 1004  00001a40  08000028	j	L54_LF2
 1005  00001a44  54000000	nop; delay slot nop
 1006  00001a48          	L58_LF2:
 1007  00001a48  8fc20000	lw	r2,(r30)
 1008  00001a4c  20410001	addi	r1,r2,#1
 1009  00001a50  00011020	add	r2,r0,r1
 1010  00001a54  afc20000	sw	(r30),r2
 1011  00001a58  0bffffac	j	L55_LF2
 1012  00001a5c  54000000	nop; delay slot nop
 1013  00001a60          	L56_LF2:
 1014  00001a60  20010000	addi	r1,r0,#0
 1015  00001a64  08000004	j	L54_LF2
 1016  00001a68  54000000	nop; delay slot nop
 1017  00001a6c          	L54_LF2:
 1018  00001a6c  8fa20000	lw	r2,0(r29)
 1019  00001a70  8fdffff8	lw	r31,-8(r30)
 1020  00001a74  001ee820	add	r29,r0,r30
 1021  00001a78  8fdefffc	lw	r30,-4(r30)
 1022  00001a7c  4be00000	jr	r31
 1023  00001a80  54000000	nop
 1024  00001a84          	.endproc _dindex
 1025  00001a84          	.align 2
 1026  00001a84          	.proc _ditoa
 1027  00001a84          	.global _ditoa
 1028  00001a84          	_ditoa:
 1029                      ;  Function 'ditoa'; 8 bytes of locals, 2 regs to save.
 1030  00001a84  afbefffc	sw	-4(r29),r30; push fp
 1031  00001a88  001df020	add	r30,r0,r29; fp = sp
 1032  00001a8c  afbffff8	sw	-8(r29),r31; push ret addr
 1033  00001a90  2fbd0018	subui	r29,r29,#24; alloc local storage
 1034  00001a94  afa20000	sw	0(r29),r2
 1035  00001a98  afa30004	sw	4(r29),r3
 1036  00001a9c  8fc10000	lw	r1,(r30)
 1037  00001aa0  68220000	slti	r2,r1,#0
 1038  00001aa4  1040002c	beqz	r2,L60_LF2
 1039  00001aa8  54000000	nop; delay slot nop
 1040  00001aac  8fc10004	lw	r1,4(r30)
 1041  00001ab0  20220001	addi	r2,r1,#1
 1042  00001ab4  afc20004	sw	4(r30),r2
 1043  00001ab8  2002002d	addi	r2,r0,(#0x2d)&0xff
 1044  00001abc  a0220000	sb	(r1),r2
 1045  00001ac0  8fc10000	lw	r1,(r30)
 1046  00001ac4  00011022	sub	r2,r0,r1
 1047  00001ac8  afc20000	sw	(r30),r2
 1048  00001acc  08000118	j	L61_LF2
 1049  00001ad0  54000000	nop; delay slot nop
 1050  00001ad4          	L60_LF2:
 1051  00001ad4  8fc10000	lw	r1,(r30)
 1052  00001ad8  64220000	snei	r2,r1,#0
 1053  00001adc  14400020	bnez	r2,L62_LF2
 1054  00001ae0  54000000	nop; delay slot nop
 1055  00001ae4  8fc10004	lw	r1,4(r30)
 1056  00001ae8  20220001	addi	r2,r1,#1
 1057  00001aec  afc20004	sw	4(r30),r2
 1058  00001af0  20020030	addi	r2,r0,(#0x30)&0xff
 1059  00001af4  a0220000	sb	(r1),r2
 1060  00001af8  080000ec	j	L61_LF2
 1061  00001afc  54000000	nop; delay slot nop
 1062  00001b00          	L62_LF2:
 1063  00001b00  20010001	addi	r1,r0,#1
 1064  00001b04  afc1fff4	sw	-12(r30),r1
 1065  00001b08          	L64_LF2:
 1066  00001b08  8fc1fff4	lw	r1,-12(r30)
 1067  00001b0c  8fc20000	lw	r2,(r30)
 1068  00001b10  0022082c	sle	r1,r1,r2
 1069  00001b14  1420000c	bnez	r1,L66_LF2
 1070  00001b18  54000000	nop; delay slot nop
 1071  00001b1c  08000024	j	L65_LF2
 1072  00001b20  54000000	nop; delay slot nop
 1073  00001b24          	L67_LF2:
 1074  00001b24          	L66_LF2:
 1075  00001b24  8fc1fff4	lw	r1,-12(r30)
 1076  00001b28  00011820	add	r3,r0,r1
 1077  00001b2c  50620002	slli	r2,r3,#0x2
 1078  00001b30  00411020	add	r2,r2,r1
 1079  00001b34  50410001	slli	r1,r2,#0x1
 1080  00001b38  afc1fff4	sw	-12(r30),r1
 1081  00001b3c  0bffffc8	j	L64_LF2
 1082  00001b40  54000000	nop; delay slot nop
 1083  00001b44          	L65_LF2:
 1084  00001b44  54000000	nop
 1085  00001b48          	L68_LF2:
 1086  00001b48  8fc1fff4	lw	r1,-12(r30)
 1087  00001b4c  2002000a	addi	r2,r0,#10
 1088  00001b50  00200035	movi2fp	f0,r1
 1089  00001b54  00400835	movi2fp	f1,r2
 1090  00001b58  0401000f	div	f0,f0,f1
 1091  00001b5c  00000834	movfp2i	r1,f0
 1092  00001b60  afc1fff4	sw	-12(r30),r1
 1093  00001b64  8fc10004	lw	r1,4(r30)
 1094  00001b68  20220001	addi	r2,r1,#1
 1095  00001b6c  afc20004	sw	4(r30),r2
 1096  00001b70  8fc20000	lw	r2,(r30)
 1097  00001b74  8fc3fff4	lw	r3,-12(r30)
 1098  00001b78  00400035	movi2fp	f0,r2
 1099  00001b7c  00600835	movi2fp	f1,r3
 1100  00001b80  0401000f	div	f0,f0,f1
 1101  00001b84  00001034	movfp2i	r2,f0
 1102  00001b88  00021820	add	r3,r0,r2
 1103  00001b8c  20620030	addi	r2,r3,#48
 1104  00001b90  a0220000	sb	(r1),r2
 1105  00001b94  8fc10000	lw	r1,(r30)
 1106  00001b98  8fc3fff4	lw	r3,-12(r30)
 1107  00001b9c  00200035	movi2fp	f0,r1
 1108  00001ba0  00600835	movi2fp	f1,r3
 1109  00001ba4  0401000f	div	f0,f0,f1
 1110  00001ba8  00001034	movfp2i	r2,f0
 1111  00001bac  8fc3fff4	lw	r3,-12(r30)
 1112  00001bb0  00400035	movi2fp	f0,r2
 1113  00001bb4  00600835	movi2fp	f1,r3
 1114  00001bb8  0401000e	mult	f0,f0,f1
 1115  00001bbc  00001034	movfp2i	r2,f0
 1116  00001bc0  00220822	sub	r1,r1,r2
 1117  00001bc4  afc10000	sw	(r30),r1
 1118  00001bc8          	L70_LF2:
 1119  00001bc8  8fc1fff4	lw	r1,-12(r30)
 1120  00001bcc  6c220001	sgti	r2,r1,#1
 1121  00001bd0  1440000c	bnez	r2,L71_LF2
 1122  00001bd4  54000000	nop; delay slot nop
 1123  00001bd8  0800000c	j	L61_LF2
 1124  00001bdc  54000000	nop; delay slot nop
 1125  00001be0          	L71_LF2:
 1126  00001be0  0bffff64	j	L68_LF2
 1127  00001be4  54000000	nop; delay slot nop
 1128  00001be8          	L69_LF2:
 1129  00001be8          	L63_LF2:
 1130  00001be8          	L61_LF2:
 1131  00001be8  8fc10004	lw	r1,4(r30)
 1132  00001bec  20020000	addi	r2,r0,(#0x0)&0xff
 1133  00001bf0  a0220000	sb	(r1),r2
 1134  00001bf4          	L59_LF2:
 1135  00001bf4  8fa20000	lw	r2,0(r29)
 1136  00001bf8  8fa30004	lw	r3,4(r29)
 1137  00001bfc  8fdffff8	lw	r31,-8(r30)
 1138  00001c00  001ee820	add	r29,r0,r30
 1139  00001c04  8fdefffc	lw	r30,-4(r30)
 1140  00001c08  4be00000	jr	r31
 1141  00001c0c  54000000	nop
 1142  00001c10          	.endproc _ditoa
 1143  00001c10          	.align 2
 1144  00001c10          	.proc _dstrtol
 1145  00001c10          	.global _dstrtol
 1146  00001c10          	_dstrtol:
 1147                      ;  Function 'dstrtol'; 16 bytes of locals, 1 regs to save.
 1148  00001c10  afbefffc	sw	-4(r29),r30; push fp
 1149  00001c14  001df020	add	r30,r0,r29; fp = sp
 1150  00001c18  afbffff8	sw	-8(r29),r31; push ret addr
 1151  00001c1c  2fbd0020	subui	r29,r29,#32; alloc local storage
 1152  00001c20  afa20000	sw	0(r29),r2
 1153  00001c24  20010000	addi	r1,r0,#0
 1154  00001c28  afc1fff4	sw	-12(r30),r1
 1155  00001c2c          	L73_LF2:
 1156  00001c2c  8fc10000	lw	r1,(r30)
 1157  00001c30  90220000	lbu	r2,(r1)
 1158  00001c34  60410020	seqi	r1,r2,#32
 1159  00001c38  14200034	bnez	r1,L75_LF2
 1160  00001c3c  54000000	nop; delay slot nop
 1161  00001c40  8fc10000	lw	r1,(r30)
 1162  00001c44  90220000	lbu	r2,(r1)
 1163  00001c48  60410009	seqi	r1,r2,#9
 1164  00001c4c  14200020	bnez	r1,L75_LF2
 1165  00001c50  54000000	nop; delay slot nop
 1166  00001c54  8fc10000	lw	r1,(r30)
 1167  00001c58  90220000	lbu	r2,(r1)
 1168  00001c5c  6041000a	seqi	r1,r2,#10
 1169  00001c60  1420000c	bnez	r1,L75_LF2
 1170  00001c64  54000000	nop; delay slot nop
 1171  00001c68  0800001c	j	L74_LF2
 1172  00001c6c  54000000	nop; delay slot nop
 1173  00001c70          	L75_LF2:
 1174  00001c70  8fc20000	lw	r2,(r30)
 1175  00001c74  20410001	addi	r1,r2,#1
 1176  00001c78  00011020	add	r2,r0,r1
 1177  00001c7c  afc20000	sw	(r30),r2
 1178  00001c80  0bffffa8	j	L73_LF2
 1179  00001c84  54000000	nop; delay slot nop
 1180  00001c88          	L74_LF2:
 1181  00001c88  8fc10004	lw	r1,4(r30)
 1182  00001c8c  64220000	snei	r2,r1,#0
 1183  00001c90  10400010	beqz	r2,L76_LF2
 1184  00001c94  54000000	nop; delay slot nop
 1185  00001c98  8fc10004	lw	r1,4(r30)
 1186  00001c9c  8fc20000	lw	r2,(r30)
 1187  00001ca0  ac220000	sw	(r1),r2
 1188  00001ca4          	L76_LF2:
 1189  00001ca4  8fc10000	lw	r1,(r30)
 1190  00001ca8  90220000	lbu	r2,(r1)
 1191  00001cac  64410000	snei	r1,r2,#0
 1192  00001cb0  14200010	bnez	r1,L77_LF2
 1193  00001cb4  54000000	nop; delay slot nop
 1194  00001cb8  8fc1fff4	lw	r1,-12(r30)
 1195  00001cbc  08000294	j	L72_LF2
 1196  00001cc0  54000000	nop; delay slot nop
 1197  00001cc4          	L77_LF2:
 1198  00001cc4  8fc10000	lw	r1,(r30)
 1199  00001cc8  90220000	lbu	r2,(r1)
 1200  00001ccc  6041002d	seqi	r1,r2,#45
 1201  00001cd0  10200024	beqz	r1,L78_LF2
 1202  00001cd4  54000000	nop; delay slot nop
 1203  00001cd8  2001ffff	addi	r1,r0,#-1
 1204  00001cdc  afc1ffec	sw	-20(r30),r1
 1205  00001ce0  8fc20000	lw	r2,(r30)
 1206  00001ce4  20410001	addi	r1,r2,#1
 1207  00001ce8  00011020	add	r2,r0,r1
 1208  00001cec  afc20000	sw	(r30),r2
 1209  00001cf0  0800000c	j	L79_LF2
 1210  00001cf4  54000000	nop; delay slot nop
 1211  00001cf8          	L78_LF2:
 1212  00001cf8  20010001	addi	r1,r0,#1
 1213  00001cfc  afc1ffec	sw	-20(r30),r1
 1214  00001d00          	L79_LF2:
 1215  00001d00  8fc10008	lw	r1,8(r30)
 1216  00001d04  64220000	snei	r2,r1,#0
 1217  00001d08  14400090	bnez	r2,L80_LF2
 1218  00001d0c  54000000	nop; delay slot nop
 1219  00001d10  8fc10000	lw	r1,(r30)
 1220  00001d14  90220000	lbu	r2,(r1)
 1221  00001d18  60410030	seqi	r1,r2,#48
 1222  00001d1c  10200074	beqz	r1,L81_LF2
 1223  00001d20  54000000	nop; delay slot nop
 1224  00001d24  8fc20000	lw	r2,(r30)
 1225  00001d28  20410001	addi	r1,r2,#1
 1226  00001d2c  00011020	add	r2,r0,r1
 1227  00001d30  afc20000	sw	(r30),r2
 1228  00001d34  8fc10000	lw	r1,(r30)
 1229  00001d38  90220000	lbu	r2,(r1)
 1230  00001d3c  60410078	seqi	r1,r2,#120
 1231  00001d40  14200020	bnez	r1,L83_LF2
 1232  00001d44  54000000	nop; delay slot nop
 1233  00001d48  8fc10000	lw	r1,(r30)
 1234  00001d4c  90220000	lbu	r2,(r1)
 1235  00001d50  60410058	seqi	r1,r2,#88
 1236  00001d54  1420000c	bnez	r1,L83_LF2
 1237  00001d58  54000000	nop; delay slot nop
 1238  00001d5c  08000024	j	L82_LF2
 1239  00001d60  54000000	nop; delay slot nop
 1240  00001d64          	L83_LF2:
 1241  00001d64  20010010	addi	r1,r0,#16
 1242  00001d68  afc10008	sw	8(r30),r1
 1243  00001d6c  8fc20000	lw	r2,(r30)
 1244  00001d70  20410001	addi	r1,r2,#1
 1245  00001d74  00011020	add	r2,r0,r1
 1246  00001d78  afc20000	sw	(r30),r2
 1247  00001d7c  0800000c	j	L84_LF2
 1248  00001d80  54000000	nop; delay slot nop
 1249  00001d84          	L82_LF2:
 1250  00001d84  20010008	addi	r1,r0,#8
 1251  00001d88  afc10008	sw	8(r30),r1
 1252  00001d8c          	L84_LF2:
 1253  00001d8c  0800000c	j	L80_LF2
 1254  00001d90  54000000	nop; delay slot nop
 1255  00001d94          	L81_LF2:
 1256  00001d94  2001000a	addi	r1,r0,#10
 1257  00001d98  afc10008	sw	8(r30),r1
 1258  00001d9c          	L85_LF2:
 1259  00001d9c          	L80_LF2:
 1260  00001d9c  8fc10008	lw	r1,8(r30)
 1261  00001da0  70220000	slei	r2,r1,#0
 1262  00001da4  1440001c	bnez	r2,L87_LF2
 1263  00001da8  54000000	nop; delay slot nop
 1264  00001dac  8fc10008	lw	r1,8(r30)
 1265  00001db0  6c220010	sgti	r2,r1,#16
 1266  00001db4  1440000c	bnez	r2,L87_LF2
 1267  00001db8  54000000	nop; delay slot nop
 1268  00001dbc  08000010	j	L86_LF2
 1269  00001dc0  54000000	nop; delay slot nop
 1270  00001dc4          	L87_LF2:
 1271  00001dc4  8fc1fff4	lw	r1,-12(r30)
 1272  00001dc8  08000188	j	L72_LF2
 1273  00001dcc  54000000	nop; delay slot nop
 1274  00001dd0          	L86_LF2:
 1275  00001dd0  54000000	nop
 1276  00001dd4          	L88_LF2:
 1277  00001dd4  8fc10000	lw	r1,(r30)
 1278  00001dd8  90220000	lbu	r2,(r1)
 1279  00001ddc  6c41002f	sgtui	r1,r2,#47
 1280  00001de0  10200030	beqz	r1,L91_LF2
 1281  00001de4  54000000	nop; delay slot nop
 1282  00001de8  8fc10000	lw	r1,(r30)
 1283  00001dec  90220000	lbu	r2,(r1)
 1284  00001df0  70410039	sleui	r1,r2,#57
 1285  00001df4  1020001c	beqz	r1,L91_LF2
 1286  00001df8  54000000	nop; delay slot nop
 1287  00001dfc  8fc10000	lw	r1,(r30)
 1288  00001e00  90220000	lbu	r2,(r1)
 1289  00001e04  2041ffd0	addi	r1,r2,#-48
 1290  00001e08  afc1fff0	sw	-16(r30),r1
 1291  00001e0c  0800008c	j	L92_LF2
 1292  00001e10  54000000	nop; delay slot nop
 1293  00001e14          	L91_LF2:
 1294  00001e14  8fc10000	lw	r1,(r30)
 1295  00001e18  90220000	lbu	r2,(r1)
 1296  00001e1c  6c410060	sgtui	r1,r2,#96
 1297  00001e20  10200030	beqz	r1,L93_LF2
 1298  00001e24  54000000	nop; delay slot nop
 1299  00001e28  8fc10000	lw	r1,(r30)
 1300  00001e2c  90220000	lbu	r2,(r1)
 1301  00001e30  7041007a	sleui	r1,r2,#122
 1302  00001e34  1020001c	beqz	r1,L93_LF2
 1303  00001e38  54000000	nop; delay slot nop
 1304  00001e3c  8fc10000	lw	r1,(r30)
 1305  00001e40  90220000	lbu	r2,(r1)
 1306  00001e44  2041ffa9	addi	r1,r2,#-87
 1307  00001e48  afc1fff0	sw	-16(r30),r1
 1308  00001e4c  0800004c	j	L92_LF2
 1309  00001e50  54000000	nop; delay slot nop
 1310  00001e54          	L93_LF2:
 1311  00001e54  8fc10000	lw	r1,(r30)
 1312  00001e58  90220000	lbu	r2,(r1)
 1313  00001e5c  6c410040	sgtui	r1,r2,#64
 1314  00001e60  10200030	beqz	r1,L95_LF2
 1315  00001e64  54000000	nop; delay slot nop
 1316  00001e68  8fc10000	lw	r1,(r30)
 1317  00001e6c  90220000	lbu	r2,(r1)
 1318  00001e70  7041005a	sleui	r1,r2,#90
 1319  00001e74  1020001c	beqz	r1,L95_LF2
 1320  00001e78  54000000	nop; delay slot nop
 1321  00001e7c  8fc10000	lw	r1,(r30)
 1322  00001e80  90220000	lbu	r2,(r1)
 1323  00001e84  2041ffc9	addi	r1,r2,#-55
 1324  00001e88  afc1fff0	sw	-16(r30),r1
 1325  00001e8c  0800000c	j	L92_LF2
 1326  00001e90  54000000	nop; delay slot nop
 1327  00001e94          	L95_LF2:
 1328  00001e94  200103e8	addi	r1,r0,#1000
 1329  00001e98  afc1fff0	sw	-16(r30),r1
 1330  00001e9c          	L96_LF2:
 1331  00001e9c          	L94_LF2:
 1332  00001e9c          	L92_LF2:
 1333  00001e9c  8fc1fff0	lw	r1,-16(r30)
 1334  00001ea0  8fc20008	lw	r2,8(r30)
 1335  00001ea4  0022082a	slt	r1,r1,r2
 1336  00001ea8  10200040	beqz	r1,L90_LF2
 1337  00001eac  54000000	nop; delay slot nop
 1338  00001eb0  8fc1fff4	lw	r1,-12(r30)
 1339  00001eb4  8fc20008	lw	r2,8(r30)
 1340  00001eb8  00200035	movi2fp	f0,r1
 1341  00001ebc  00400835	movi2fp	f1,r2
 1342  00001ec0  0401000e	mult	f0,f0,f1
 1343  00001ec4  00000834	movfp2i	r1,f0
 1344  00001ec8  afc1fff4	sw	-12(r30),r1
 1345  00001ecc  8fc1fff4	lw	r1,-12(r30)
 1346  00001ed0  8fc2fff0	lw	r2,-16(r30)
 1347  00001ed4  00220820	add	r1,r1,r2
 1348  00001ed8  afc1fff4	sw	-12(r30),r1
 1349  00001edc  8fc20000	lw	r2,(r30)
 1350  00001ee0  20410001	addi	r1,r2,#1
 1351  00001ee4  00011020	add	r2,r0,r1
 1352  00001ee8  afc20000	sw	(r30),r2
 1353  00001eec          	L97_LF2:
 1354  00001eec          	L90_LF2:
 1355  00001eec  8fc1fff0	lw	r1,-16(r30)
 1356  00001ef0  8fc20008	lw	r2,8(r30)
 1357  00001ef4  0022082a	slt	r1,r1,r2
 1358  00001ef8  1420000c	bnez	r1,L98_LF2
 1359  00001efc  54000000	nop; delay slot nop
 1360  00001f00  0800000c	j	L89_LF2
 1361  00001f04  54000000	nop; delay slot nop
 1362  00001f08          	L98_LF2:
 1363  00001f08  0bfffec8	j	L88_LF2
 1364  00001f0c  54000000	nop; delay slot nop
 1365  00001f10          	L89_LF2:
 1366  00001f10  8fc10004	lw	r1,4(r30)
 1367  00001f14  64220000	snei	r2,r1,#0
 1368  00001f18  10400010	beqz	r2,L99_LF2
 1369  00001f1c  54000000	nop; delay slot nop
 1370  00001f20  8fc10004	lw	r1,4(r30)
 1371  00001f24  8fc20000	lw	r2,(r30)
 1372  00001f28  ac220000	sw	(r1),r2
 1373  00001f2c          	L99_LF2:
 1374  00001f2c  8fc1fff4	lw	r1,-12(r30)
 1375  00001f30  8fc2ffec	lw	r2,-20(r30)
 1376  00001f34  00200035	movi2fp	f0,r1
 1377  00001f38  00400835	movi2fp	f1,r2
 1378  00001f3c  0401000e	mult	f0,f0,f1
 1379  00001f40  00000834	movfp2i	r1,f0
 1380  00001f44  afc1fff4	sw	-12(r30),r1
 1381  00001f48  8fc1fff4	lw	r1,-12(r30)
 1382  00001f4c  08000004	j	L72_LF2
 1383  00001f50  54000000	nop; delay slot nop
 1384  00001f54          	L72_LF2:
 1385  00001f54  8fa20000	lw	r2,0(r29)
 1386  00001f58  8fdffff8	lw	r31,-8(r30)
 1387  00001f5c  001ee820	add	r29,r0,r30
 1388  00001f60  8fdefffc	lw	r30,-4(r30)
 1389  00001f64  4be00000	jr	r31
 1390  00001f68  54000000	nop
 1391  00001f6c          	.endproc _dstrtol
 1392  00001f6c          	.align 2
 1393  00001f6c          	.proc _bcopy
 1394  00001f6c          	.global _bcopy
 1395  00001f6c          	_bcopy:
 1396                      ;  Function 'bcopy'; 0 bytes of locals, 2 regs to save.
 1397  00001f6c  afbefffc	sw	-4(r29),r30; push fp
 1398  00001f70  001df020	add	r30,r0,r29; fp = sp
 1399  00001f74  afbffff8	sw	-8(r29),r31; push ret addr
 1400  00001f78  2fbd0010	subui	r29,r29,#16; alloc local storage
 1401  00001f7c  afa20000	sw	0(r29),r2
 1402  00001f80  afa30004	sw	4(r29),r3
 1403  00001f84  54000000	nop
 1404  00001f88          	L101_LF2:
 1405  00001f88  8fc10008	lw	r1,8(r30)
 1406  00001f8c  2022ffff	addi	r2,r1,#-1
 1407  00001f90  afc20008	sw	8(r30),r2
 1408  00001f94  6c210000	sgti	r1,r1,#0
 1409  00001f98  1420000c	bnez	r1,L103_LF2
 1410  00001f9c  54000000	nop; delay slot nop
 1411  00001fa0  0800002c	j	L102_LF2
 1412  00001fa4  54000000	nop; delay slot nop
 1413  00001fa8          	L103_LF2:
 1414  00001fa8  8fc10004	lw	r1,4(r30)
 1415  00001fac  20220001	addi	r2,r1,#1
 1416  00001fb0  afc20004	sw	4(r30),r2
 1417  00001fb4  8fc20000	lw	r2,(r30)
 1418  00001fb8  20430001	addi	r3,r2,#1
 1419  00001fbc  afc30000	sw	(r30),r3
 1420  00001fc0  80420000	lb	r2,(r2)
 1421  00001fc4  a0220000	sb	(r1),r2
 1422  00001fc8  0bffffbc	j	L101_LF2
 1423  00001fcc  54000000	nop; delay slot nop
 1424  00001fd0          	L102_LF2:
 1425  00001fd0          	L100_LF2:
 1426  00001fd0  8fa20000	lw	r2,0(r29)
 1427  00001fd4  8fa30004	lw	r3,4(r29)
 1428  00001fd8  8fdffff8	lw	r31,-8(r30)
 1429  00001fdc  001ee820	add	r29,r0,r30
 1430  00001fe0  8fdefffc	lw	r30,-4(r30)
 1431  00001fe4  4be00000	jr	r31
 1432  00001fe8  54000000	nop
 1433  00001fec          	.endproc _bcopy
 1434  00001fec          	.align 2
 1435  00001fec          	.proc _bzero
 1436  00001fec          	.global _bzero
 1437  00001fec          	_bzero:
 1438                      ;  Function 'bzero'; 0 bytes of locals, 1 regs to save.
 1439  00001fec  afbefffc	sw	-4(r29),r30; push fp
 1440  00001ff0  001df020	add	r30,r0,r29; fp = sp
 1441  00001ff4  afbffff8	sw	-8(r29),r31; push ret addr
 1442  00001ff8  2fbd0010	subui	r29,r29,#16; alloc local storage
 1443  00001ffc  afa20000	sw	0(r29),r2
 1444  00002000  54000000	nop
 1445  00002004          	L105_LF2:
 1446  00002004  8fc10004	lw	r1,4(r30)
 1447  00002008  2022ffff	addi	r2,r1,#-1
 1448  0000200c  afc20004	sw	4(r30),r2
 1449  00002010  6c210000	sgti	r1,r1,#0
 1450  00002014  1420000c	bnez	r1,L107_LF2
 1451  00002018  54000000	nop; delay slot nop
 1452  0000201c  08000020	j	L106_LF2
 1453  00002020  54000000	nop; delay slot nop
 1454  00002024          	L107_LF2:
 1455  00002024  8fc10000	lw	r1,(r30)
 1456  00002028  20220001	addi	r2,r1,#1
 1457  0000202c  afc20000	sw	(r30),r2
 1458  00002030  20020000	addi	r2,r0,(#0x0)&0xff
 1459  00002034  a0220000	sb	(r1),r2
 1460  00002038  0bffffc8	j	L105_LF2
 1461  0000203c  54000000	nop; delay slot nop
 1462  00002040          	L106_LF2:
 1463  00002040          	L104_LF2:
 1464  00002040  8fa20000	lw	r2,0(r29)
 1465  00002044  8fdffff8	lw	r31,-8(r30)
 1466  00002048  001ee820	add	r29,r0,r30
 1467  0000204c  8fdefffc	lw	r30,-4(r30)
 1468  00002050  4be00000	jr	r31
 1469  00002054  54000000	nop
 1470  00002058          	.endproc _bzero
 1471  00002058          	.align 2
 1472  00002058          	.proc _min
 1473  00002058          	.global _min
 1474  00002058          	_min:
 1475                      ;  Function 'min'; 0 bytes of locals, 2 regs to save.
 1476  00002058  afbefffc	sw	-4(r29),r30; push fp
 1477  0000205c  001df020	add	r30,r0,r29; fp = sp
 1478  00002060  afbffff8	sw	-8(r29),r31; push ret addr
 1479  00002064  2fbd0010	subui	r29,r29,#16; alloc local storage
 1480  00002068  afa20000	sw	0(r29),r2
 1481  0000206c  afa30004	sw	4(r29),r3
 1482  00002070  8fc10000	lw	r1,(r30)
 1483  00002074  8fc20004	lw	r2,4(r30)
 1484  00002078  0022182c	sle	r3,r1,r2
 1485  0000207c  14600008	bnez	r3,L109_LF2
 1486  00002080  54000000	nop; delay slot nop
 1487  00002084  8fc10004	lw	r1,4(r30)
 1488  00002088          	L109_LF2:
 1489  00002088  08000004	j	L108_LF2
 1490  0000208c  54000000	nop; delay slot nop
 1491  00002090          	L108_LF2:
 1492  00002090  8fa20000	lw	r2,0(r29)
 1493  00002094  8fa30004	lw	r3,4(r29)
 1494  00002098  8fdffff8	lw	r31,-8(r30)
 1495  0000209c  001ee820	add	r29,r0,r30
 1496  000020a0  8fdefffc	lw	r30,-4(r30)
 1497  000020a4  4be00000	jr	r31
 1498  000020a8  54000000	nop
 1499  000020ac          	.endproc _min
 1500  000020ac          	.align 2
 1501  000020ac          	.proc _max
 1502  000020ac          	.global _max
 1503  000020ac          	_max:
 1504                      ;  Function 'max'; 0 bytes of locals, 2 regs to save.
 1505  000020ac  afbefffc	sw	-4(r29),r30; push fp
 1506  000020b0  001df020	add	r30,r0,r29; fp = sp
 1507  000020b4  afbffff8	sw	-8(r29),r31; push ret addr
 1508  000020b8  2fbd0010	subui	r29,r29,#16; alloc local storage
 1509  000020bc  afa20000	sw	0(r29),r2
 1510  000020c0  afa30004	sw	4(r29),r3
 1511  000020c4  8fc10000	lw	r1,(r30)
 1512  000020c8  8fc20004	lw	r2,4(r30)
 1513  000020cc  0022182d	sge	r3,r1,r2
 1514  000020d0  14600008	bnez	r3,L111_LF2
 1515  000020d4  54000000	nop; delay slot nop
 1516  000020d8  8fc10004	lw	r1,4(r30)
 1517  000020dc          	L111_LF2:
 1518  000020dc  08000004	j	L110_LF2
 1519  000020e0  54000000	nop; delay slot nop
 1520  000020e4          	L110_LF2:
 1521  000020e4  8fa20000	lw	r2,0(r29)
 1522  000020e8  8fa30004	lw	r3,4(r29)
 1523  000020ec  8fdffff8	lw	r31,-8(r30)
 1524  000020f0  001ee820	add	r29,r0,r30
 1525  000020f4  8fdefffc	lw	r30,-4(r30)
 1526  000020f8  4be00000	jr	r31
 1527  000020fc  54000000	nop
 1528  00002100          	.endproc _max
 1529                      ;;; Ethan L. Miller, 1999.  Released to the public domain
 1530                      ;;;
 1531                      ;;; Most of the traps are called in files from libtraps.
 1534  00002100          	.align 2
 1535  00002100          	.proc _exit
 1536  00002100          	.global _exit
 1537  00002100          	_exit:
 1538  00002100  44000300	trap	#0x300
 1539  00002104  4be00000	jr	r31
 1540  00002108  54000000	nop
 1541  0000210c          	.endproc _exit
 1543                      ; for the benefit of gcc.
 1544  0000210c          	.proc ___main
 1545  0000210c          	.global ___main
 1546  0000210c          	___main:
 1547  0000210c  4be00000	jr	r31
 1548  00002110  54000000	nop
 1549  00002114          	.endproc ___main
 1550  00002114          	.text
 1551  00002114          	.global _etext
 1552  00002114          	_etext:
 1553  00002114          	.align 3
 1554  00002118          	.data
 1555  0000310b          	.global _edata
 1556  0000310b          	_edata:
