 line   address	contents
    1                      ; Linked by DLX-LD.
    2                      ; MemSize 24576
    3                      ; Data size: 624
    4                      ; Text size: 5932
    5                      ; Stack size: 8192
    6  00000000          	.text 0x1000
    7  00001000          	.data 0x3000
    8                      ; Compiled by GCC
    9  00003000          	.text
   10  00001000          	.align 2
   11  00001000          	.proc _isspace
   12  00001000          	.global _isspace
   13  00001000          	_isspace:
   14                      ;  Function 'isspace'; 0 bytes of locals, 1 regs to save.
   15  00001000  afbefffc	sw	-4(r29),r30; push fp
   16  00001004  001df020	add	r30,r0,r29; fp = sp
   17  00001008  afbffff8	sw	-8(r29),r31; push ret addr
   18  0000100c  2fbd0010	subui	r29,r29,#16; alloc local storage
   19  00001010  afa20000	sw	0(r29),r2
   20  00001014  83c20003	lb	r2,3(r30)
   21  00001018  201f0000	addi	r31,r0,#0
   22  0000101c  304100ff	andi	r1,r2,#0x00ff
   23  00001020  60210020	seqi	r1,r1,#32
   24  00001024  14200018	bnez	r1,L6_LF0
   25  00001028  54000000	nop; not filled.
   26  0000102c  2041fff7	addi	r1,r2,#-9
   27  00001030  302100ff	andi	r1,r1,#0x00ff
   28  00001034  70210001	sleui	r1,r1,#1
   29  00001038  10200008	beqz	r1,L5_LF0
   30  0000103c  54000000	nop; not filled.
   31  00001040          	L6_LF0:
   32  00001040  201f0001	addi	r31,r0,#1
   33  00001044          	L5_LF0:
   34  00001044  001f0820	add	r1,r0,r31
   35  00001048  8fa20000	lw	r2,0(r29)
   36  0000104c  8fdffff8	lw	r31,-8(r30)
   37  00001050  001ee820	add	r29,r0,r30
   38  00001054  8fdefffc	lw	r30,-4(r30)
   39  00001058  4be00000	jr	r31
   40  0000105c  54000000	nop
   41  00001060          	.endproc _isspace
   42  00001060          	.align 2
   43  00001060          	.proc _isxdigit
   44  00001060          	.global _isxdigit
   45  00001060          	_isxdigit:
   46                      ;  Function 'isxdigit'; 0 bytes of locals, 1 regs to save.
   47  00001060  afbefffc	sw	-4(r29),r30; push fp
   48  00001064  001df020	add	r30,r0,r29; fp = sp
   49  00001068  afbffff8	sw	-8(r29),r31; push ret addr
   50  0000106c  2fbd0010	subui	r29,r29,#16; alloc local storage
   51  00001070  afa20000	sw	0(r29),r2
   52  00001074  83df0003	lb	r31,3(r30)
   53  00001078  20020000	addi	r2,r0,#0
   54  0000107c  23e1ffd0	addi	r1,r31,#-48
   55  00001080  302100ff	andi	r1,r1,#0x00ff
   56  00001084  70210009	sleui	r1,r1,#9
   57  00001088  14200028	bnez	r1,L12_LF0
   58  0000108c  54000000	nop; not filled.
   59  00001090  23e1ff9f	addi	r1,r31,#-97
   60  00001094  302100ff	andi	r1,r1,#0x00ff
   61  00001098  70210005	sleui	r1,r1,#5
   62  0000109c  14200014	bnez	r1,L12_LF0
   63  000010a0  54000000	nop; not filled.
   64  000010a4  33e100ff	andi	r1,r31,#0x00ff
   65  000010a8  64210041	snei	r1,r1,#65
   66  000010ac  14200008	bnez	r1,L11_LF0
   67  000010b0  54000000	nop; not filled.
   68  000010b4          	L12_LF0:
   69  000010b4  20020001	addi	r2,r0,#1
   70  000010b8          	L11_LF0:
   71  000010b8  00020820	add	r1,r0,r2
   72  000010bc  8fa20000	lw	r2,0(r29)
   73  000010c0  8fdffff8	lw	r31,-8(r30)
   74  000010c4  001ee820	add	r29,r0,r30
   75  000010c8  8fdefffc	lw	r30,-4(r30)
   76  000010cc  4be00000	jr	r31
   77  000010d0  54000000	nop
   78  000010d4          	.endproc _isxdigit
   79  000010d4          	.data
   80  00003000          	.align 2
   81  00003000          	LC0_LF0:
   82  00003000  55736167	.ascii "Usage: %s <number of hello world processes to create>\n\000"
   82  00003004  653a2025	
   82  00003008  73203c6e	
   82  0000300c  756d6265	
   82  00003010  72206f66	
   82  00003014  2068656c	
   82  00003018  6c6f2077	
   82  0000301c  6f726c64	
   82  00003020  2070726f	
   82  00003024  63657373	
   82  00003028  65732074	
   82  0000302c  6f206372	
   82  00003030  65617465	
   82  00003034  3e0a00  	
   83  00003037          	.align 2
   84  00003038          	LC1_LF0:
   85  00003038  6d616b65	.ascii "makeprocs running part %d\n\000"
   85  0000303c  70726f63	
   85  00003040  73207275	
   85  00003044  6e6e696e	
   85  00003048  67207061	
   85  0000304c  72742025	
   85  00003050  640a00  	
   86  00003053          	.align 2
   87  00003054          	LC2_LF0:
   88  00003054  6d616b65	.ascii "makeprocs (%d): Bad sem_create\n\000"
   88  00003058  70726f63	
   88  0000305c  73202825	
   88  00003060  64293a20	
   88  00003064  42616420	
   88  00003068  73656d5f	
   88  0000306c  63726561	
   88  00003070  74650a00	
   89  00003074          	.align 2
   90  00003074          	LC3_LF0:
   91  00003074  2d2d2d2d	.ascii "----------------------------------------------------------------------"
   91  00003078  2d2d2d2d	
   91  0000307c  2d2d2d2d	
   91  00003080  2d2d2d2d	
   91  00003084  2d2d2d2d	
   91  00003088  2d2d2d2d	
   91  0000308c  2d2d2d2d	
   91  00003090  2d2d2d2d	
   91  00003094  2d2d2d2d	
   91  00003098  2d2d2d2d	
   91  0000309c  2d2d2d2d	
   91  000030a0  2d2d2d2d	
   91  000030a4  2d2d2d2d	
   91  000030a8  2d2d2d2d	
   91  000030ac  2d2d2d2d	
   91  000030b0  2d2d2d2d	
   91  000030b4  2d2d2d2d	
   91  000030b8  2d2d    	
   92  000030ba  2d2d2d2d	.ascii "---------------\n\000"
   92  000030be  2d2d2d2d	
   92  000030c2  2d2d2d2d	
   92  000030c6  2d2d2d0a	
   92  000030ca  00      	
   93  000030cb          	.align 2
   94  000030cc          	LC4_LF0:
   95  000030cc  6d616b65	.ascii "makeprocs (%d): part %d\n\000"
   95  000030d0  70726f63	
   95  000030d4  73202825	
   95  000030d8  64293a20	
   95  000030dc  70617274	
   95  000030e0  2025640a	
   95  000030e4  00      	
   96  000030e5          	.align 2
   97  000030e8          	LC5_LF0:
   98  000030e8  70617274	.ascii "part6.dlx.obj\000"
   98  000030ec  362e646c	
   98  000030f0  782e6f62	
   98  000030f4  6a00    	
   99  000030f6          	.align 2
  100  000030f8          	LC6_LF0:
  101  000030f8  42616420	.ascii "Bad semaphore s_procs_completed (%d) in %s\n\000"
  101  000030fc  73656d61	
  101  00003100  70686f72	
  101  00003104  6520735f	
  101  00003108  70726f63	
  101  0000310c  735f636f	
  101  00003110  6d706c65	
  101  00003114  74656420	
  101  00003118  28256429	
  101  0000311c  20696e20	
  101  00003120  25730a00	
  102  00003124          	.align 2
  103  00003124          	LC7_LF0:
  104  00003124  6d616b65	.ascii "makeprocs (%d): Creating %d hello world\'s in a row, but only one runs"
  104  00003128  70726f63	
  104  0000312c  73202825	
  104  00003130  64293a20	
  104  00003134  43726561	
  104  00003138  74696e67	
  104  0000313c  20256420	
  104  00003140  68656c6c	
  104  00003144  6f20776f	
  104  00003148  726c6427	
  104  0000314c  7320696e	
  104  00003150  20612072	
  104  00003154  6f772c20	
  104  00003158  62757420	
  104  0000315c  6f6e6c79	
  104  00003160  206f6e65	
  104  00003164  2072756e	
  104  00003168  73      	
  105  00003169  20617420	.ascii " at a time\n\000"
  105  0000316d  61207469	
  105  00003171  6d650a00	
  106  00003175          	.align 2
  107  00003178          	LC8_LF0:
  108  00003178  6d616b65	.ascii "makeprocs (%d): Creating hello world #%d\n\000"
  108  0000317c  70726f63	
  108  00003180  73202825	
  108  00003184  64293a20	
  108  00003188  43726561	
  108  0000318c  74696e67	
  108  00003190  2068656c	
  108  00003194  6c6f2077	
  108  00003198  6f726c64	
  108  0000319c  20232564	
  108  000031a0  0a00    	
  109  000031a2          	.align 2
  110  000031a4          	LC9_LF0:
  111  000031a4  68656c6c	.ascii "hello_world.dlx.obj\000"
  111  000031a8  6f5f776f	
  111  000031ac  726c642e	
  111  000031b0  646c782e	
  111  000031b4  6f626a00	
  112  000031b8          	.align 2
  113  000031b8          	LC10_LF0:
  114  000031b8  70617274	.ascii "part1.dlx.obj\000"
  114  000031bc  312e646c	
  114  000031c0  782e6f62	
  114  000031c4  6a00    	
  115  000031c6          	.align 2
  116  000031c8          	LC11_LF0:
  117  000031c8  70617274	.ascii "part2.dlx.obj\000"
  117  000031cc  322e646c	
  117  000031d0  782e6f62	
  117  000031d4  6a00    	
  118  000031d6          	.align 2
  119  000031d8          	LC12_LF0:
  120  000031d8  70617274	.ascii "part3.dlx.obj\000"
  120  000031dc  332e646c	
  120  000031e0  782e6f62	
  120  000031e4  6a00    	
  121  000031e6          	.align 2
  122  000031e8          	LC13_LF0:
  123  000031e8  70617274	.ascii "part4.dlx.obj\000"
  123  000031ec  342e646c	
  123  000031f0  782e6f62	
  123  000031f4  6a00    	
  124  000031f6          	.align 2
  125  000031f8          	LC14_LF0:
  126  000031f8  70617274	.ascii "part5.dlx.obj\000"
  126  000031fc  352e646c	
  126  00003200  782e6f62	
  126  00003204  6a00    	
  127  00003206          	.align 2
  128  00003208          	LC15_LF0:
  129  00003208  6d616b65	.ascii "makeprocs (%d): All other processes completed, exiting main process.\n"
  129  0000320c  70726f63	
  129  00003210  73202825	
  129  00003214  64293a20	
  129  00003218  416c6c20	
  129  0000321c  6f746865	
  129  00003220  72207072	
  129  00003224  6f636573	
  129  00003228  73657320	
  129  0000322c  636f6d70	
  129  00003230  6c657465	
  129  00003234  642c2065	
  129  00003238  78697469	
  129  0000323c  6e67206d	
  129  00003240  61696e20	
  129  00003244  70726f63	
  129  00003248  6573732e	
  129  0000324c  0a      	
  130  0000324d  00      	.ascii "\000"
  131  0000324e          	.text
  132  000010d4          	.align 2
  133  000010d4          	.proc _main
  134  000010d4          	.global _main
  135  000010d4          	_main:
  136                      ;  Function 'main'; 16 bytes of locals, 0 regs to save.
  137  000010d4  afbefffc	sw	-4(r29),r30; push fp
  138  000010d8  001df020	add	r30,r0,r29; fp = sp
  139  000010dc  afbffff8	sw	-8(r29),r31; push ret addr
  140  000010e0  2fbd0018	subui	r29,r29,#24; alloc local storage
  141  000010e4  8fc20000	lw	r2,(r30)
  142  000010e8  8fc60004	lw	r6,4(r30)
  143  000010ec  0c001634	jal	___main
  144  000010f0  54000000	nop; not filled.
  145  000010f4  20030000	addi	r3,r0,#0
  146  000010f8  20070005	addi	r7,r0,#5
  147  000010fc  64410002	snei	r1,r2,#2
  148  00001100  10200030	beqz	r1,L14_LF0
  149  00001104  54000000	nop; not filled.
  150  00001108  23bdfff8	addi	r29,r29,#-8
  151  0000110c  3c080000	lhi	r8,((LC0_LF0)>>16)&0xffff
  152  00001110  25083000	addui	r8,r8,(LC0_LF0)&0xffff
  153  00001114  afa80000	sw	(r29),r8
  154  00001118  8cc10000	lw	r1,(r6)
  155  0000111c  afa10004	sw	4(r29),r1
  156  00001120  0c000740	jal	_Printf
  157  00001124  54000000	nop; not filled.
  158  00001128  0c000840	jal	_Exit
  159  0000112c  54000000	nop; not filled.
  160  00001130  23bd0008	addi	r29,r29,#8
  161  00001134          	L14_LF0:
  162  00001134  23bdfff0	addi	r29,r29,#-16
  163  00001138  8cc80004	lw	r8,4(r6)
  164  0000113c  afa80000	sw	(r29),r8
  165  00001140  20080000	addi	r8,r0,#0
  166  00001144  afa80004	sw	4(r29),r8
  167  00001148  2008000a	addi	r8,r0,#10
  168  0000114c  afa80008	sw	8(r29),r8
  169  00001150  0c0010d4	jal	_dstrtol
  170  00001154  54000000	nop; not filled.
  171  00001158  00012820	add	r5,r0,r1
  172  0000115c  3c080000	lhi	r8,((LC1_LF0)>>16)&0xffff
  173  00001160  25083038	addui	r8,r8,(LC1_LF0)&0xffff
  174  00001164  afa80000	sw	(r29),r8
  175  00001168  afa50004	sw	4(r29),r5
  176  0000116c  0c0006f4	jal	_Printf
  177  00001170  54000000	nop; not filled.
  178  00001174  23bd0010	addi	r29,r29,#16
  179  00001178  20a20001	addi	r2,r5,#1
  180  0000117c  6c410007	sgtui	r1,r2,#7
  181  00001180  14200030	bnez	r1,L15_LF0
  182  00001184  54000000	nop; not filled.
  183  00001188  50410002	slli	r1,r2,#0x2
  184  0000118c  3c080000	lhi	r8,((L23_LF0)>>16)&0xffff
  185  00001190  25083250	addui	r8,r8,(L23_LF0)&0xffff
  186  00001194  00280820	add	r1,r1,r8
  187  00001198  8c210000	lw	r1,(r1)
  188  0000119c  48200000	jr	r1
  189  000011a0  54000000	nop; not filled.
  190  000011a4          	.data
  191  0000324e          	.align 2
  192  00003250          	L23_LF0:
  193  00003250  000011a4	.word L21_LF0
  194  00003254  000011b4	.word L15_LF0
  195  00003258  000011a4	.word L21_LF0
  196  0000325c  000011a4	.word L21_LF0
  197  00003260  000011a4	.word L21_LF0
  198  00003264  000011a4	.word L20_LF0
  199  00003268  000011a4	.word L21_LF0
  200  0000326c  000011b0	.word L22_LF0
  201  00003270          	.text
  202  000011a4          	L20_LF0:
  203  000011a4          	L21_LF0:
  204  000011a4  20030001	addi	r3,r0,#1
  205  000011a8  08000008	j	L15_LF0
  206  000011ac  54000000	nop; not filled.
  207  000011b0          	L22_LF0:
  208  000011b0  2003001e	addi	r3,r0,#30
  209  000011b4          	L15_LF0:
  210  000011b4  23bdfff8	addi	r29,r29,#-8
  211  000011b8  20010001	addi	r1,r0,#1
  212  000011bc  00230822	sub	r1,r1,r3
  213  000011c0  afa10000	sw	(r29),r1
  214  000011c4  0c0006d8	jal	_sem_create
  215  000011c8  54000000	nop; not filled.
  216  000011cc  00012020	add	r4,r0,r1
  217  000011d0  23bd0008	addi	r29,r29,#8
  218  000011d4  6081ffff	seqi	r1,r4,#-1
  219  000011d8  10200034	beqz	r1,L25_LF0
  220  000011dc  54000000	nop; not filled.
  221  000011e0  0c00068c	jal	_getpid
  222  000011e4  54000000	nop; not filled.
  223  000011e8  23bdfff8	addi	r29,r29,#-8
  224  000011ec  3c080000	lhi	r8,((LC2_LF0)>>16)&0xffff
  225  000011f0  25083054	addui	r8,r8,(LC2_LF0)&0xffff
  226  000011f4  afa80000	sw	(r29),r8
  227  000011f8  afa10004	sw	4(r29),r1
  228  000011fc  0c000664	jal	_Printf
  229  00001200  54000000	nop; not filled.
  230  00001204  0c000764	jal	_Exit
  231  00001208  54000000	nop; not filled.
  232  0000120c  23bd0008	addi	r29,r29,#8
  233  00001210          	L25_LF0:
  234  00001210  23bdfff8	addi	r29,r29,#-8
  235  00001214  afa40000	sw	(r29),r4
  236  00001218  23c3ffe8	addi	r3,r30,#-24
  237  0000121c  afa30004	sw	4(r29),r3
  238  00001220  0c000e78	jal	_ditoa
  239  00001224  54000000	nop; not filled.
  240  00001228  23bd0008	addi	r29,r29,#8
  241  0000122c  60a10006	seqi	r1,r5,#6
  242  00001230  102000d4	beqz	r1,L26_LF0
  243  00001234  54000000	nop; not filled.
  244  00001238  23bdfff8	addi	r29,r29,#-8
  245  0000123c  3c080000	lhi	r8,((LC3_LF0)>>16)&0xffff
  246  00001240  25083074	addui	r8,r8,(LC3_LF0)&0xffff
  247  00001244  afa80000	sw	(r29),r8
  248  00001248  0c000618	jal	_Printf
  249  0000124c  54000000	nop; not filled.
  250  00001250  0c00061c	jal	_getpid
  251  00001254  54000000	nop; not filled.
  252  00001258  23bdfff8	addi	r29,r29,#-8
  253  0000125c  3c080000	lhi	r8,((LC4_LF0)>>16)&0xffff
  254  00001260  250830cc	addui	r8,r8,(LC4_LF0)&0xffff
  255  00001264  afa80000	sw	(r29),r8
  256  00001268  afa10004	sw	4(r29),r1
  257  0000126c  afa50008	sw	8(r29),r5
  258  00001270  0c0005f0	jal	_Printf
  259  00001274  54000000	nop; not filled.
  260  00001278  20020000	addi	r2,r0,#0
  261  0000127c  23bd0010	addi	r29,r29,#16
  262  00001280          	L30_LF0:
  263  00001280  23bdfff0	addi	r29,r29,#-16
  264  00001284  3c080000	lhi	r8,((LC5_LF0)>>16)&0xffff
  265  00001288  250830e8	addui	r8,r8,(LC5_LF0)&0xffff
  266  0000128c  afa80000	sw	(r29),r8
  267  00001290  afa30004	sw	4(r29),r3
  268  00001294  20080000	addi	r8,r0,#0
  269  00001298  afa80008	sw	8(r29),r8
  270  0000129c  0c0005dc	jal	_process_create
  271  000012a0  54000000	nop; not filled.
  272  000012a4  23bd0010	addi	r29,r29,#16
  273  000012a8  20420001	addi	r2,r2,#1
  274  000012ac  7041001d	slei	r1,r2,#29
  275  000012b0  1420ffcc	bnez	r1,L30_LF0
  276  000012b4  54000000	nop; not filled.
  277  000012b8  23bdfff8	addi	r29,r29,#-8
  278  000012bc  afa40000	sw	(r29),r4
  279  000012c0  0c0005e8	jal	_sem_wait
  280  000012c4  54000000	nop; not filled.
  281  000012c8  23bd0008	addi	r29,r29,#8
  282  000012cc  64210001	snei	r1,r1,#1
  283  000012d0  10200034	beqz	r1,L26_LF0
  284  000012d4  54000000	nop; not filled.
  285  000012d8  23bdfff0	addi	r29,r29,#-16
  286  000012dc  3c080000	lhi	r8,((LC6_LF0)>>16)&0xffff
  287  000012e0  250830f8	addui	r8,r8,(LC6_LF0)&0xffff
  288  000012e4  afa80000	sw	(r29),r8
  289  000012e8  afa40004	sw	4(r29),r4
  290  000012ec  8cc80000	lw	r8,(r6)
  291  000012f0  afa80008	sw	8(r29),r8
  292  000012f4  0c00056c	jal	_Printf
  293  000012f8  54000000	nop; not filled.
  294  000012fc  0c00066c	jal	_Exit
  295  00001300  54000000	nop; not filled.
  296  00001304  23bd0010	addi	r29,r29,#16
  297  00001308          	L26_LF0:
  298  00001308  60a1ffff	seqi	r1,r5,#-1
  299  0000130c  10200100	beqz	r1,L33_LF0
  300  00001310  54000000	nop; not filled.
  301  00001314  23bdfff8	addi	r29,r29,#-8
  302  00001318  3c080000	lhi	r8,((LC3_LF0)>>16)&0xffff
  303  0000131c  25083074	addui	r8,r8,(LC3_LF0)&0xffff
  304  00001320  afa80000	sw	(r29),r8
  305  00001324  0c00053c	jal	_Printf
  306  00001328  54000000	nop; not filled.
  307  0000132c  0c000540	jal	_getpid
  308  00001330  54000000	nop; not filled.
  309  00001334  23bdfff8	addi	r29,r29,#-8
  310  00001338  3c080000	lhi	r8,((LC7_LF0)>>16)&0xffff
  311  0000133c  25083124	addui	r8,r8,(LC7_LF0)&0xffff
  312  00001340  afa80000	sw	(r29),r8
  313  00001344  afa10004	sw	4(r29),r1
  314  00001348  afa70008	sw	8(r29),r7
  315  0000134c  0c000514	jal	_Printf
  316  00001350  54000000	nop; not filled.
  317  00001354  20020000	addi	r2,r0,#0
  318  00001358  23bd0010	addi	r29,r29,#16
  319  0000135c  0047082a	slt	r1,r2,r7
  320  00001360  102000ac	beqz	r1,L33_LF0
  321  00001364  54000000	nop; not filled.
  322  00001368  23c3ffe8	addi	r3,r30,#-24
  323  0000136c          	L37_LF0:
  324  0000136c  0c000500	jal	_getpid
  325  00001370  54000000	nop; not filled.
  326  00001374  23bdfff0	addi	r29,r29,#-16
  327  00001378  3c080000	lhi	r8,((LC8_LF0)>>16)&0xffff
  328  0000137c  25083178	addui	r8,r8,(LC8_LF0)&0xffff
  329  00001380  afa80000	sw	(r29),r8
  330  00001384  afa10004	sw	4(r29),r1
  331  00001388  afa20008	sw	8(r29),r2
  332  0000138c  0c0004d4	jal	_Printf
  333  00001390  54000000	nop; not filled.
  334  00001394  3c080000	lhi	r8,((LC9_LF0)>>16)&0xffff
  335  00001398  250831a4	addui	r8,r8,(LC9_LF0)&0xffff
  336  0000139c  afa80000	sw	(r29),r8
  337  000013a0  afa30004	sw	4(r29),r3
  338  000013a4  20080000	addi	r8,r0,#0
  339  000013a8  afa80008	sw	8(r29),r8
  340  000013ac  0c0004cc	jal	_process_create
  341  000013b0  54000000	nop; not filled.
  342  000013b4  afa40000	sw	(r29),r4
  343  000013b8  0c0004f0	jal	_sem_wait
  344  000013bc  54000000	nop; not filled.
  345  000013c0  23bd0010	addi	r29,r29,#16
  346  000013c4  64210001	snei	r1,r1,#1
  347  000013c8  10200034	beqz	r1,L36_LF0
  348  000013cc  54000000	nop; not filled.
  349  000013d0  23bdfff0	addi	r29,r29,#-16
  350  000013d4  3c080000	lhi	r8,((LC6_LF0)>>16)&0xffff
  351  000013d8  250830f8	addui	r8,r8,(LC6_LF0)&0xffff
  352  000013dc  afa80000	sw	(r29),r8
  353  000013e0  afa40004	sw	4(r29),r4
  354  000013e4  8cc80000	lw	r8,(r6)
  355  000013e8  afa80008	sw	8(r29),r8
  356  000013ec  0c000474	jal	_Printf
  357  000013f0  54000000	nop; not filled.
  358  000013f4  0c000574	jal	_Exit
  359  000013f8  54000000	nop; not filled.
  360  000013fc  23bd0010	addi	r29,r29,#16
  361  00001400          	L36_LF0:
  362  00001400  20420001	addi	r2,r2,#1
  363  00001404  0047082a	slt	r1,r2,r7
  364  00001408  1420ff60	bnez	r1,L37_LF0
  365  0000140c  54000000	nop; not filled.
  366  00001410          	L33_LF0:
  367  00001410  60a10001	seqi	r1,r5,#1
  368  00001414  102000b4	beqz	r1,L40_LF0
  369  00001418  54000000	nop; not filled.
  370  0000141c  23bdfff8	addi	r29,r29,#-8
  371  00001420  3c080000	lhi	r8,((LC3_LF0)>>16)&0xffff
  372  00001424  25083074	addui	r8,r8,(LC3_LF0)&0xffff
  373  00001428  afa80000	sw	(r29),r8
  374  0000142c  0c000434	jal	_Printf
  375  00001430  54000000	nop; not filled.
  376  00001434  0c000438	jal	_getpid
  377  00001438  54000000	nop; not filled.
  378  0000143c  23bdfff8	addi	r29,r29,#-8
  379  00001440  3c080000	lhi	r8,((LC4_LF0)>>16)&0xffff
  380  00001444  250830cc	addui	r8,r8,(LC4_LF0)&0xffff
  381  00001448  afa80000	sw	(r29),r8
  382  0000144c  afa10004	sw	4(r29),r1
  383  00001450  afa50008	sw	8(r29),r5
  384  00001454  0c00040c	jal	_Printf
  385  00001458  54000000	nop; not filled.
  386  0000145c  3c080000	lhi	r8,((LC10_LF0)>>16)&0xffff
  387  00001460  250831b8	addui	r8,r8,(LC10_LF0)&0xffff
  388  00001464  afa80000	sw	(r29),r8
  389  00001468  23c1ffe8	addi	r1,r30,#-24
  390  0000146c  afa10004	sw	4(r29),r1
  391  00001470  20080000	addi	r8,r0,#0
  392  00001474  afa80008	sw	8(r29),r8
  393  00001478  0c000400	jal	_process_create
  394  0000147c  54000000	nop; not filled.
  395  00001480  afa40000	sw	(r29),r4
  396  00001484  0c000424	jal	_sem_wait
  397  00001488  54000000	nop; not filled.
  398  0000148c  23bd0010	addi	r29,r29,#16
  399  00001490  64210001	snei	r1,r1,#1
  400  00001494  10200034	beqz	r1,L40_LF0
  401  00001498  54000000	nop; not filled.
  402  0000149c  23bdfff0	addi	r29,r29,#-16
  403  000014a0  3c080000	lhi	r8,((LC6_LF0)>>16)&0xffff
  404  000014a4  250830f8	addui	r8,r8,(LC6_LF0)&0xffff
  405  000014a8  afa80000	sw	(r29),r8
  406  000014ac  afa40004	sw	4(r29),r4
  407  000014b0  8cc80000	lw	r8,(r6)
  408  000014b4  afa80008	sw	8(r29),r8
  409  000014b8  0c0003a8	jal	_Printf
  410  000014bc  54000000	nop; not filled.
  411  000014c0  0c0004a8	jal	_Exit
  412  000014c4  54000000	nop; not filled.
  413  000014c8  23bd0010	addi	r29,r29,#16
  414  000014cc          	L40_LF0:
  415  000014cc  60a10002	seqi	r1,r5,#2
  416  000014d0  102000b4	beqz	r1,L42_LF0
  417  000014d4  54000000	nop; not filled.
  418  000014d8  23bdfff8	addi	r29,r29,#-8
  419  000014dc  3c080000	lhi	r8,((LC3_LF0)>>16)&0xffff
  420  000014e0  25083074	addui	r8,r8,(LC3_LF0)&0xffff
  421  000014e4  afa80000	sw	(r29),r8
  422  000014e8  0c000378	jal	_Printf
  423  000014ec  54000000	nop; not filled.
  424  000014f0  0c00037c	jal	_getpid
  425  000014f4  54000000	nop; not filled.
  426  000014f8  23bdfff8	addi	r29,r29,#-8
  427  000014fc  3c080000	lhi	r8,((LC4_LF0)>>16)&0xffff
  428  00001500  250830cc	addui	r8,r8,(LC4_LF0)&0xffff
  429  00001504  afa80000	sw	(r29),r8
  430  00001508  afa10004	sw	4(r29),r1
  431  0000150c  afa50008	sw	8(r29),r5
  432  00001510  0c000350	jal	_Printf
  433  00001514  54000000	nop; not filled.
  434  00001518  3c080000	lhi	r8,((LC11_LF0)>>16)&0xffff
  435  0000151c  250831c8	addui	r8,r8,(LC11_LF0)&0xffff
  436  00001520  afa80000	sw	(r29),r8
  437  00001524  23c1ffe8	addi	r1,r30,#-24
  438  00001528  afa10004	sw	4(r29),r1
  439  0000152c  20080000	addi	r8,r0,#0
  440  00001530  afa80008	sw	8(r29),r8
  441  00001534  0c000344	jal	_process_create
  442  00001538  54000000	nop; not filled.
  443  0000153c  afa40000	sw	(r29),r4
  444  00001540  0c000368	jal	_sem_wait
  445  00001544  54000000	nop; not filled.
  446  00001548  23bd0010	addi	r29,r29,#16
  447  0000154c  64210001	snei	r1,r1,#1
  448  00001550  10200034	beqz	r1,L42_LF0
  449  00001554  54000000	nop; not filled.
  450  00001558  23bdfff0	addi	r29,r29,#-16
  451  0000155c  3c080000	lhi	r8,((LC6_LF0)>>16)&0xffff
  452  00001560  250830f8	addui	r8,r8,(LC6_LF0)&0xffff
  453  00001564  afa80000	sw	(r29),r8
  454  00001568  afa40004	sw	4(r29),r4
  455  0000156c  8cc80000	lw	r8,(r6)
  456  00001570  afa80008	sw	8(r29),r8
  457  00001574  0c0002ec	jal	_Printf
  458  00001578  54000000	nop; not filled.
  459  0000157c  0c0003ec	jal	_Exit
  460  00001580  54000000	nop; not filled.
  461  00001584  23bd0010	addi	r29,r29,#16
  462  00001588          	L42_LF0:
  463  00001588  60a10003	seqi	r1,r5,#3
  464  0000158c  102000b4	beqz	r1,L44_LF0
  465  00001590  54000000	nop; not filled.
  466  00001594  23bdfff8	addi	r29,r29,#-8
  467  00001598  3c080000	lhi	r8,((LC3_LF0)>>16)&0xffff
  468  0000159c  25083074	addui	r8,r8,(LC3_LF0)&0xffff
  469  000015a0  afa80000	sw	(r29),r8
  470  000015a4  0c0002bc	jal	_Printf
  471  000015a8  54000000	nop; not filled.
  472  000015ac  0c0002c0	jal	_getpid
  473  000015b0  54000000	nop; not filled.
  474  000015b4  23bdfff8	addi	r29,r29,#-8
  475  000015b8  3c080000	lhi	r8,((LC4_LF0)>>16)&0xffff
  476  000015bc  250830cc	addui	r8,r8,(LC4_LF0)&0xffff
  477  000015c0  afa80000	sw	(r29),r8
  478  000015c4  afa10004	sw	4(r29),r1
  479  000015c8  afa50008	sw	8(r29),r5
  480  000015cc  0c000294	jal	_Printf
  481  000015d0  54000000	nop; not filled.
  482  000015d4  3c080000	lhi	r8,((LC12_LF0)>>16)&0xffff
  483  000015d8  250831d8	addui	r8,r8,(LC12_LF0)&0xffff
  484  000015dc  afa80000	sw	(r29),r8
  485  000015e0  23c1ffe8	addi	r1,r30,#-24
  486  000015e4  afa10004	sw	4(r29),r1
  487  000015e8  20080000	addi	r8,r0,#0
  488  000015ec  afa80008	sw	8(r29),r8
  489  000015f0  0c000288	jal	_process_create
  490  000015f4  54000000	nop; not filled.
  491  000015f8  afa40000	sw	(r29),r4
  492  000015fc  0c0002ac	jal	_sem_wait
  493  00001600  54000000	nop; not filled.
  494  00001604  23bd0010	addi	r29,r29,#16
  495  00001608  64210001	snei	r1,r1,#1
  496  0000160c  10200034	beqz	r1,L44_LF0
  497  00001610  54000000	nop; not filled.
  498  00001614  23bdfff0	addi	r29,r29,#-16
  499  00001618  3c080000	lhi	r8,((LC6_LF0)>>16)&0xffff
  500  0000161c  250830f8	addui	r8,r8,(LC6_LF0)&0xffff
  501  00001620  afa80000	sw	(r29),r8
  502  00001624  afa40004	sw	4(r29),r4
  503  00001628  8cc80000	lw	r8,(r6)
  504  0000162c  afa80008	sw	8(r29),r8
  505  00001630  0c000230	jal	_Printf
  506  00001634  54000000	nop; not filled.
  507  00001638  0c000330	jal	_Exit
  508  0000163c  54000000	nop; not filled.
  509  00001640  23bd0010	addi	r29,r29,#16
  510  00001644          	L44_LF0:
  511  00001644  60a10004	seqi	r1,r5,#4
  512  00001648  102000b4	beqz	r1,L46_LF0
  513  0000164c  54000000	nop; not filled.
  514  00001650  23bdfff8	addi	r29,r29,#-8
  515  00001654  3c080000	lhi	r8,((LC3_LF0)>>16)&0xffff
  516  00001658  25083074	addui	r8,r8,(LC3_LF0)&0xffff
  517  0000165c  afa80000	sw	(r29),r8
  518  00001660  0c000200	jal	_Printf
  519  00001664  54000000	nop; not filled.
  520  00001668  0c000204	jal	_getpid
  521  0000166c  54000000	nop; not filled.
  522  00001670  23bdfff8	addi	r29,r29,#-8
  523  00001674  3c080000	lhi	r8,((LC4_LF0)>>16)&0xffff
  524  00001678  250830cc	addui	r8,r8,(LC4_LF0)&0xffff
  525  0000167c  afa80000	sw	(r29),r8
  526  00001680  afa10004	sw	4(r29),r1
  527  00001684  afa50008	sw	8(r29),r5
  528  00001688  0c0001d8	jal	_Printf
  529  0000168c  54000000	nop; not filled.
  530  00001690  3c080000	lhi	r8,((LC13_LF0)>>16)&0xffff
  531  00001694  250831e8	addui	r8,r8,(LC13_LF0)&0xffff
  532  00001698  afa80000	sw	(r29),r8
  533  0000169c  23c1ffe8	addi	r1,r30,#-24
  534  000016a0  afa10004	sw	4(r29),r1
  535  000016a4  20080000	addi	r8,r0,#0
  536  000016a8  afa80008	sw	8(r29),r8
  537  000016ac  0c0001cc	jal	_process_create
  538  000016b0  54000000	nop; not filled.
  539  000016b4  afa40000	sw	(r29),r4
  540  000016b8  0c0001f0	jal	_sem_wait
  541  000016bc  54000000	nop; not filled.
  542  000016c0  23bd0010	addi	r29,r29,#16
  543  000016c4  64210001	snei	r1,r1,#1
  544  000016c8  10200034	beqz	r1,L46_LF0
  545  000016cc  54000000	nop; not filled.
  546  000016d0  23bdfff0	addi	r29,r29,#-16
  547  000016d4  3c080000	lhi	r8,((LC6_LF0)>>16)&0xffff
  548  000016d8  250830f8	addui	r8,r8,(LC6_LF0)&0xffff
  549  000016dc  afa80000	sw	(r29),r8
  550  000016e0  afa40004	sw	4(r29),r4
  551  000016e4  8cc80000	lw	r8,(r6)
  552  000016e8  afa80008	sw	8(r29),r8
  553  000016ec  0c000174	jal	_Printf
  554  000016f0  54000000	nop; not filled.
  555  000016f4  0c000274	jal	_Exit
  556  000016f8  54000000	nop; not filled.
  557  000016fc  23bd0010	addi	r29,r29,#16
  558  00001700          	L46_LF0:
  559  00001700  60a10005	seqi	r1,r5,#5
  560  00001704  102000d0	beqz	r1,L48_LF0
  561  00001708  54000000	nop; not filled.
  562  0000170c  23bdfff8	addi	r29,r29,#-8
  563  00001710  3c080000	lhi	r8,((LC3_LF0)>>16)&0xffff
  564  00001714  25083074	addui	r8,r8,(LC3_LF0)&0xffff
  565  00001718  afa80000	sw	(r29),r8
  566  0000171c  0c000144	jal	_Printf
  567  00001720  54000000	nop; not filled.
  568  00001724  0c000148	jal	_getpid
  569  00001728  54000000	nop; not filled.
  570  0000172c  23bdfff8	addi	r29,r29,#-8
  571  00001730  3c080000	lhi	r8,((LC4_LF0)>>16)&0xffff
  572  00001734  250830cc	addui	r8,r8,(LC4_LF0)&0xffff
  573  00001738  afa80000	sw	(r29),r8
  574  0000173c  afa10004	sw	4(r29),r1
  575  00001740  afa50008	sw	8(r29),r5
  576  00001744  0c00011c	jal	_Printf
  577  00001748  54000000	nop; not filled.
  578  0000174c  20020000	addi	r2,r0,#0
  579  00001750  23bd0010	addi	r29,r29,#16
  580  00001754  23c3ffe8	addi	r3,r30,#-24
  581  00001758          	L52_LF0:
  582  00001758  23bdfff0	addi	r29,r29,#-16
  583  0000175c  3c080000	lhi	r8,((LC14_LF0)>>16)&0xffff
  584  00001760  250831f8	addui	r8,r8,(LC14_LF0)&0xffff
  585  00001764  afa80000	sw	(r29),r8
  586  00001768  afa30004	sw	4(r29),r3
  587  0000176c  20080000	addi	r8,r0,#0
  588  00001770  afa80008	sw	8(r29),r8
  589  00001774  0c000104	jal	_process_create
  590  00001778  54000000	nop; not filled.
  591  0000177c  afa40000	sw	(r29),r4
  592  00001780  0c000128	jal	_sem_wait
  593  00001784  54000000	nop; not filled.
  594  00001788  23bd0010	addi	r29,r29,#16
  595  0000178c  64210001	snei	r1,r1,#1
  596  00001790  10200034	beqz	r1,L51_LF0
  597  00001794  54000000	nop; not filled.
  598  00001798  23bdfff0	addi	r29,r29,#-16
  599  0000179c  3c080000	lhi	r8,((LC6_LF0)>>16)&0xffff
  600  000017a0  250830f8	addui	r8,r8,(LC6_LF0)&0xffff
  601  000017a4  afa80000	sw	(r29),r8
  602  000017a8  afa40004	sw	4(r29),r4
  603  000017ac  8cc80000	lw	r8,(r6)
  604  000017b0  afa80008	sw	8(r29),r8
  605  000017b4  0c0000ac	jal	_Printf
  606  000017b8  54000000	nop; not filled.
  607  000017bc  0c0001ac	jal	_Exit
  608  000017c0  54000000	nop; not filled.
  609  000017c4  23bd0010	addi	r29,r29,#16
  610  000017c8          	L51_LF0:
  611  000017c8  20420001	addi	r2,r2,#1
  612  000017cc  70410063	slei	r1,r2,#99
  613  000017d0  1420ff84	bnez	r1,L52_LF0
  614  000017d4  54000000	nop; not filled.
  615  000017d8          	L48_LF0:
  616  000017d8  23bdfff8	addi	r29,r29,#-8
  617  000017dc  3c080000	lhi	r8,((LC3_LF0)>>16)&0xffff
  618  000017e0  25083074	addui	r8,r8,(LC3_LF0)&0xffff
  619  000017e4  afa80000	sw	(r29),r8
  620  000017e8  0c000078	jal	_Printf
  621  000017ec  54000000	nop; not filled.
  622  000017f0  0c00007c	jal	_getpid
  623  000017f4  54000000	nop; not filled.
  624  000017f8  3c080000	lhi	r8,((LC15_LF0)>>16)&0xffff
  625  000017fc  25083208	addui	r8,r8,(LC15_LF0)&0xffff
  626  00001800  afa80000	sw	(r29),r8
  627  00001804  afa10004	sw	4(r29),r1
  628  00001808  0c000058	jal	_Printf
  629  0000180c  54000000	nop; not filled.
  630  00001810  23bd0008	addi	r29,r29,#8
  631  00001814  0c000f00	jal	_exit
  632  00001818  54000000	nop
  633  0000181c          	.endproc _main
  634                      ;;;
  635                      ;;; Stub functions for DLX traps.
  636                      ;;;
  637                      ;;; Ethan L. Miller, 1999.  Released to the public domain.
  638                      ;;;
  639                      ;;; The traps such as Open and Close
  640                      ;;; (note the capital letters) are for use by user programs.  The traps
  641                      ;;; with names such as open and close (lower case) are for use by the OS.
  642                      ;;;
  645  0000181c          	.align 2
  647                      ;;; The following are the traps to be used by user-level programs
  648                      ;;;
  650  0000181c          	.align 2
  651  0000181c          	.proc _Open
  652  0000181c          	.global _Open
  653  0000181c          	_Open:
  654                      ;;; Note that trap #0x213 actually causes a trap vector in the OS of
  655                      ;;; 0x1213.  The same is true for other user traps.  Thus, a user trap
  656                      ;;; with trap #0x240 will result in a trap vector of 0x1240 in the OS.
  657  0000181c  44000213	trap	#0x213
  658  00001820  4be00000	jr	r31
  659  00001824  54000000	nop
  660  00001828          	.endproc _Open
  662  00001828          	.proc _Close
  663  00001828          	.global _Close
  664  00001828          	_Close:
  665  00001828  44000214	trap	#0x214
  666  0000182c  4be00000	jr	r31
  667  00001830  54000000	nop
  668  00001834          	.endproc _Close
  670  00001834          	.proc _Read
  671  00001834          	.global _Read
  672  00001834          	_Read:
  673  00001834  44000210	trap	#0x210
  674  00001838  4be00000	jr	r31
  675  0000183c  54000000	nop
  676  00001840          	.endproc _Read
  678  00001840          	.proc _Write
  679  00001840          	.global _Write
  680  00001840          	_Write:
  681  00001840  44000211	trap	#0x211
  682  00001844  4be00000	jr	r31
  683  00001848  54000000	nop
  684  0000184c          	.endproc _Write
  686  0000184c          	.proc _Lseek
  687  0000184c          	.global _Lseek
  688  0000184c          	_Lseek:
  689  0000184c  44000212	trap	#0x212
  690  00001850  4be00000	jr	r31
  691  00001854  54000000	nop
  692  00001858          	.endproc _Lseek
  694  00001858          	.proc _Putchar
  695  00001858          	.global _Putchar
  696  00001858          	_Putchar:
  697  00001858  44000280	trap	#0x280
  698  0000185c  4be00000	jr	r31
  699  00001860  54000000	nop
  700  00001864          	.endproc _Putchar
  702  00001864          	.proc _Printf
  703  00001864          	.global _Printf
  704  00001864          	_Printf:
  705  00001864  44000201	trap	#0x201
  706  00001868  4be00000	jr	r31
  707  0000186c  54000000	nop
  708  00001870          	.endproc _Printf
  710  00001870          	.proc _getpid
  711  00001870          	.global _getpid
  712  00001870          	_getpid:
  713  00001870  44000431	trap	#0x431
  714  00001874  4be00000	jr	r31
  715  00001878  54000000	nop
  716  0000187c          	.endproc _getpid
  718  0000187c          	.proc _process_create
  719  0000187c          	.global _process_create
  720  0000187c          	_process_create:
  721  0000187c  44000432	trap	#0x432
  722  00001880  4be00000	jr	r31
  723  00001884  54000000	nop
  724  00001888          	.endproc _process_create
  726  00001888          	.proc _shmget
  727  00001888          	.global _shmget
  728  00001888          	_shmget:
  729  00001888  44000440	trap	#0x440
  730  0000188c  4be00000	jr	r31
  731  00001890  54000000	nop
  732  00001894          	.endproc _shmget
  734  00001894          	.proc _shmat
  735  00001894          	.global _shmat
  736  00001894          	_shmat:
  737  00001894  44000441	trap	#0x441
  738  00001898  4be00000	jr	r31
  739  0000189c  54000000	nop
  740  000018a0          	.endproc _shmat
  742  000018a0          	.proc _sem_create
  743  000018a0          	.global _sem_create
  744  000018a0          	_sem_create:
  745  000018a0  44000450	trap	#0x450
  746  000018a4  4be00000	jr	r31
  747  000018a8  54000000	nop
  748  000018ac          	.endproc _sem_create
  750  000018ac          	.proc _sem_wait
  751  000018ac          	.global _sem_wait
  752  000018ac          	_sem_wait:
  753  000018ac  44000451	trap	#0x451
  754  000018b0  4be00000	jr	r31
  755  000018b4  54000000	nop
  756  000018b8          	.endproc _sem_wait
  758  000018b8          	.proc _sem_signal
  759  000018b8          	.global _sem_signal
  760  000018b8          	_sem_signal:
  761  000018b8  44000452	trap	#0x452
  762  000018bc  4be00000	jr	r31
  763  000018c0  54000000	nop
  764  000018c4          	.endproc _sem_signal
  766  000018c4          	.proc _lock_create
  767  000018c4          	.global _lock_create
  768  000018c4          	_lock_create:
  769  000018c4  44000453	trap	#0x453
  770  000018c8  4be00000	jr	r31
  771  000018cc  54000000	nop
  772  000018d0          	.endproc _lock_create
  774  000018d0          	.proc _lock_acquire
  775  000018d0          	.global _lock_acquire
  776  000018d0          	_lock_acquire:
  777  000018d0  44000454	trap	#0x454
  778  000018d4  4be00000	jr	r31
  779  000018d8  54000000	nop
  780  000018dc          	.endproc _lock_acquire
  782  000018dc          	.proc _lock_release
  783  000018dc          	.global _lock_release
  784  000018dc          	_lock_release:
  785  000018dc  44000455	trap	#0x455
  786  000018e0  4be00000	jr	r31
  787  000018e4  54000000	nop
  788  000018e8          	.endproc _lock_release
  790  000018e8          	.proc _cond_create
  791  000018e8          	.global _cond_create
  792  000018e8          	_cond_create:
  793  000018e8  44000456	trap	#0x456
  794  000018ec  4be00000	jr	r31
  795  000018f0  54000000	nop
  796  000018f4          	.endproc _cond_create
  798  000018f4          	.proc _cond_wait
  799  000018f4          	.global _cond_wait
  800  000018f4          	_cond_wait:
  801  000018f4  44000457	trap	#0x457
  802  000018f8  4be00000	jr	r31
  803  000018fc  54000000	nop
  804  00001900          	.endproc _cond_wait
  806  00001900          	.proc _cond_signal
  807  00001900          	.global _cond_signal
  808  00001900          	_cond_signal:
  809  00001900  44000458	trap	#0x458
  810  00001904  4be00000	jr	r31
  811  00001908  54000000	nop
  812  0000190c          	.endproc _cond_signal
  814  0000190c          	.proc _cond_broadcast
  815  0000190c          	.global _cond_broadcast
  816  0000190c          	_cond_broadcast:
  817  0000190c  44000459	trap	#0x459
  818  00001910  4be00000	jr	r31
  819  00001914  54000000	nop
  820  00001918          	.endproc _cond_broadcast
  822  00001918          	.proc _mbox_create
  823  00001918          	.global _mbox_create
  824  00001918          	_mbox_create:
  825  00001918  44000460	trap	#0x460
  826  0000191c  4be00000	jr	r31
  827  00001920  54000000	nop
  828  00001924          	.endproc _mbox_create
  830  00001924          	.proc _mbox_open
  831  00001924          	.global _mbox_open
  832  00001924          	_mbox_open:
  833  00001924  44000461	trap	#0x461
  834  00001928  4be00000	jr	r31
  835  0000192c  54000000	nop
  836  00001930          	.endproc _mbox_open
  838  00001930          	.proc _mbox_close
  839  00001930          	.global _mbox_close
  840  00001930          	_mbox_close:
  841  00001930  44000462	trap	#0x462
  842  00001934  4be00000	jr	r31
  843  00001938  54000000	nop
  844  0000193c          	.endproc _mbox_close
  846  0000193c          	.proc _mbox_send
  847  0000193c          	.global _mbox_send
  848  0000193c          	_mbox_send:
  849  0000193c  44000463	trap	#0x463
  850  00001940  4be00000	jr	r31
  851  00001944  54000000	nop
  852  00001948          	.endproc _mbox_send
  854  00001948          	.proc _mbox_recv
  855  00001948          	.global _mbox_recv
  856  00001948          	_mbox_recv:
  857  00001948  44000464	trap	#0x464
  858  0000194c  4be00000	jr	r31
  859  00001950  54000000	nop
  860  00001954          	.endproc _mbox_recv
  862  00001954          	.proc _sleep
  863  00001954          	.global _sleep
  864  00001954          	_sleep:
  865  00001954  44000465	trap	#0x465
  866  00001958  4be00000	jr	r31
  867  0000195c  54000000	nop
  868  00001960          	.endproc _sleep
  870  00001960          	.proc _yield
  871  00001960          	.global _yield
  872  00001960          	_yield:
  873  00001960  44000466	trap	#0x466
  874  00001964  4be00000	jr	r31
  875  00001968  54000000	nop
  876  0000196c          	.endproc _yield
  879  0000196c          	.proc _Exit
  880  0000196c          	.global _Exit
  881  0000196c          	_Exit:
  882  0000196c  44000500	trap	#0x500
  883  00001970  4be00000	jr	r31
  884  00001974  54000000	nop
  885  00001978          	.endproc _Exit
  888  00001978          	.proc _malloc
  889  00001978          	.global _malloc
  890  00001978          	_malloc:
  891  00001978  44000467	trap	#0x467
  892  0000197c  4be00000	jr	r31
  893  00001980          	.endproc _malloc
  896  00001980          	.proc _mfree
  897  00001980          	.global _mfree
  898  00001980          	_mfree:
  899  00001980  44000468	trap	#0x468
  900  00001984  4be00000	jr	r31
  901  00001988          	.endproc _mfree
  902                      ; Compiled by GCC
  904  00001988          	.align 2
  905  00001988          	.proc _isspace
  906  00001988          	.global _isspace
  907  00001988          	_isspace:
  908                      ;  Function 'isspace'; 0 bytes of locals, 3 regs to save.
  909  00001988  afbefffc	sw	-4(r29),r30; push fp
  910  0000198c  001df020	add	r30,r0,r29; fp = sp
  911  00001990  afbffff8	sw	-8(r29),r31; push ret addr
  912  00001994  2fbd0018	subui	r29,r29,#24; alloc local storage
  913  00001998  afa20000	sw	0(r29),r2
  914  0000199c  afa30004	sw	4(r29),r3
  915  000019a0  afa40008	sw	8(r29),r4
  916  000019a4  83c20003	lb	r2,3(r30)
  917  000019a8  20010000	addi	r1,r0,#0
  918  000019ac  304300ff	andi	r3,r2,#0x00ff
  919  000019b0  60640020	seqi	r4,r3,#32
  920  000019b4  1480002c	bnez	r4,L3_LF2
  921  000019b8  54000000	nop; delay slot nop
  922  000019bc  304300ff	andi	r3,r2,#0x00ff
  923  000019c0  60640009	seqi	r4,r3,#9
  924  000019c4  1480001c	bnez	r4,L3_LF2
  925  000019c8  54000000	nop; delay slot nop
  926  000019cc  304300ff	andi	r3,r2,#0x00ff
  927  000019d0  6064000a	seqi	r4,r3,#10
  928  000019d4  1480000c	bnez	r4,L3_LF2
  929  000019d8  54000000	nop; delay slot nop
  930  000019dc  08000008	j	L2_LF2
  931  000019e0  54000000	nop; delay slot nop
  932  000019e4          	L3_LF2:
  933  000019e4  20010001	addi	r1,r0,#1
  934  000019e8          	L2_LF2:
  935  000019e8  08000004	j	L1_LF2
  936  000019ec  54000000	nop; delay slot nop
  937  000019f0          	L1_LF2:
  938  000019f0  8fa20000	lw	r2,0(r29)
  939  000019f4  8fa30004	lw	r3,4(r29)
  940  000019f8  8fa40008	lw	r4,8(r29)
  941  000019fc  8fdffff8	lw	r31,-8(r30)
  942  00001a00  001ee820	add	r29,r0,r30
  943  00001a04  8fdefffc	lw	r30,-4(r30)
  944  00001a08  4be00000	jr	r31
  945  00001a0c  54000000	nop
  946  00001a10          	.endproc _isspace
  947  00001a10          	.align 2
  948  00001a10          	.proc _isxdigit
  949  00001a10          	.global _isxdigit
  950  00001a10          	_isxdigit:
  951                      ;  Function 'isxdigit'; 0 bytes of locals, 3 regs to save.
  952  00001a10  afbefffc	sw	-4(r29),r30; push fp
  953  00001a14  001df020	add	r30,r0,r29; fp = sp
  954  00001a18  afbffff8	sw	-8(r29),r31; push ret addr
  955  00001a1c  2fbd0018	subui	r29,r29,#24; alloc local storage
  956  00001a20  afa20000	sw	0(r29),r2
  957  00001a24  afa30004	sw	4(r29),r3
  958  00001a28  afa40008	sw	8(r29),r4
  959  00001a2c  83c20003	lb	r2,3(r30)
  960  00001a30  20010000	addi	r1,r0,#0
  961  00001a34  304300ff	andi	r3,r2,#0x00ff
  962  00001a38  6c64002f	sgtui	r4,r3,#47
  963  00001a3c  1080001c	beqz	r4,L7_LF2
  964  00001a40  54000000	nop; delay slot nop
  965  00001a44  304300ff	andi	r3,r2,#0x00ff
  966  00001a48  70640039	sleui	r4,r3,#57
  967  00001a4c  1480005c	bnez	r4,L6_LF2
  968  00001a50  54000000	nop; delay slot nop
  969  00001a54  08000004	j	L7_LF2
  970  00001a58  54000000	nop; delay slot nop
  971  00001a5c          	L7_LF2:
  972  00001a5c  304300ff	andi	r3,r2,#0x00ff
  973  00001a60  6c640060	sgtui	r4,r3,#96
  974  00001a64  1080001c	beqz	r4,L8_LF2
  975  00001a68  54000000	nop; delay slot nop
  976  00001a6c  304300ff	andi	r3,r2,#0x00ff
  977  00001a70  70640066	sleui	r4,r3,#102
  978  00001a74  14800034	bnez	r4,L6_LF2
  979  00001a78  54000000	nop; delay slot nop
  980  00001a7c  08000004	j	L8_LF2
  981  00001a80  54000000	nop; delay slot nop
  982  00001a84          	L8_LF2:
  983  00001a84  304300ff	andi	r3,r2,#0x00ff
  984  00001a88  6c640040	sgtui	r4,r3,#64
  985  00001a8c  10800020	beqz	r4,L5_LF2
  986  00001a90  54000000	nop; delay slot nop
  987  00001a94  304300ff	andi	r3,r2,#0x00ff
  988  00001a98  70640041	sleui	r4,r3,#65
  989  00001a9c  1480000c	bnez	r4,L6_LF2
  990  00001aa0  54000000	nop; delay slot nop
  991  00001aa4  08000008	j	L5_LF2
  992  00001aa8  54000000	nop; delay slot nop
  993  00001aac          	L6_LF2:
  994  00001aac  20010001	addi	r1,r0,#1
  995  00001ab0          	L5_LF2:
  996  00001ab0  08000004	j	L4_LF2
  997  00001ab4  54000000	nop; delay slot nop
  998  00001ab8          	L4_LF2:
  999  00001ab8  8fa20000	lw	r2,0(r29)
 1000  00001abc  8fa30004	lw	r3,4(r29)
 1001  00001ac0  8fa40008	lw	r4,8(r29)
 1002  00001ac4  8fdffff8	lw	r31,-8(r30)
 1003  00001ac8  001ee820	add	r29,r0,r30
 1004  00001acc  8fdefffc	lw	r30,-4(r30)
 1005  00001ad0  4be00000	jr	r31
 1006  00001ad4  54000000	nop
 1007  00001ad8          	.endproc _isxdigit
 1008  00001ad8          	.align 2
 1009  00001ad8          	.proc _dstrcpy
 1010  00001ad8          	.global _dstrcpy
 1011  00001ad8          	_dstrcpy:
 1012                      ;  Function 'dstrcpy'; 8 bytes of locals, 2 regs to save.
 1013  00001ad8  afbefffc	sw	-4(r29),r30; push fp
 1014  00001adc  001df020	add	r30,r0,r29; fp = sp
 1015  00001ae0  afbffff8	sw	-8(r29),r31; push ret addr
 1016  00001ae4  2fbd0018	subui	r29,r29,#24; alloc local storage
 1017  00001ae8  afa20000	sw	0(r29),r2
 1018  00001aec  afa30004	sw	4(r29),r3
 1019  00001af0  8fc10000	lw	r1,(r30)
 1020  00001af4  afc1fff4	sw	-12(r30),r1
 1021  00001af8          	L10_LF2:
 1022  00001af8  8fc10000	lw	r1,(r30)
 1023  00001afc  20220001	addi	r2,r1,#1
 1024  00001b00  afc20000	sw	(r30),r2
 1025  00001b04  8fc20004	lw	r2,4(r30)
 1026  00001b08  20430001	addi	r3,r2,#1
 1027  00001b0c  afc30004	sw	4(r30),r3
 1028  00001b10  80420000	lb	r2,(r2)
 1029  00001b14  a0220000	sb	(r1),r2
 1030  00001b18  a3c2fff3	sb	-13(r30),r2
 1031  00001b1c          	L12_LF2:
 1032  00001b1c  93c1fff3	lbu	r1,-13(r30)
 1033  00001b20  64220000	snei	r2,r1,#0
 1034  00001b24  1440000c	bnez	r2,L13_LF2
 1035  00001b28  54000000	nop; delay slot nop
 1036  00001b2c  0800000c	j	L11_LF2
 1037  00001b30  54000000	nop; delay slot nop
 1038  00001b34          	L13_LF2:
 1039  00001b34  0bffffc0	j	L10_LF2
 1040  00001b38  54000000	nop; delay slot nop
 1041  00001b3c          	L11_LF2:
 1042  00001b3c  8fc1fff4	lw	r1,-12(r30)
 1043  00001b40  08000004	j	L9_LF2
 1044  00001b44  54000000	nop; delay slot nop
 1045  00001b48          	L9_LF2:
 1046  00001b48  8fa20000	lw	r2,0(r29)
 1047  00001b4c  8fa30004	lw	r3,4(r29)
 1048  00001b50  8fdffff8	lw	r31,-8(r30)
 1049  00001b54  001ee820	add	r29,r0,r30
 1050  00001b58  8fdefffc	lw	r30,-4(r30)
 1051  00001b5c  4be00000	jr	r31
 1052  00001b60  54000000	nop
 1053  00001b64          	.endproc _dstrcpy
 1054  00001b64          	.align 2
 1055  00001b64          	.proc _dstrncpy
 1056  00001b64          	.global _dstrncpy
 1057  00001b64          	_dstrncpy:
 1058                      ;  Function 'dstrncpy'; 8 bytes of locals, 2 regs to save.
 1059  00001b64  afbefffc	sw	-4(r29),r30; push fp
 1060  00001b68  001df020	add	r30,r0,r29; fp = sp
 1061  00001b6c  afbffff8	sw	-8(r29),r31; push ret addr
 1062  00001b70  2fbd0018	subui	r29,r29,#24; alloc local storage
 1063  00001b74  afa20000	sw	0(r29),r2
 1064  00001b78  afa30004	sw	4(r29),r3
 1065  00001b7c  8fc10000	lw	r1,(r30)
 1066  00001b80  afc1fff4	sw	-12(r30),r1
 1067  00001b84          	L15_LF2:
 1068  00001b84  8fc10008	lw	r1,8(r30)
 1069  00001b88  2022ffff	addi	r2,r1,#-1
 1070  00001b8c  afc20008	sw	8(r30),r2
 1071  00001b90  70210000	slei	r1,r1,#0
 1072  00001b94  1020000c	beqz	r1,L18_LF2
 1073  00001b98  54000000	nop; delay slot nop
 1074  00001b9c  08000048	j	L16_LF2
 1075  00001ba0  54000000	nop; delay slot nop
 1076  00001ba4          	L18_LF2:
 1077  00001ba4  8fc10000	lw	r1,(r30)
 1078  00001ba8  20220001	addi	r2,r1,#1
 1079  00001bac  afc20000	sw	(r30),r2
 1080  00001bb0  8fc20004	lw	r2,4(r30)
 1081  00001bb4  20430001	addi	r3,r2,#1
 1082  00001bb8  afc30004	sw	4(r30),r3
 1083  00001bbc  80420000	lb	r2,(r2)
 1084  00001bc0  a0220000	sb	(r1),r2
 1085  00001bc4  a3c2fff3	sb	-13(r30),r2
 1086  00001bc8          	L17_LF2:
 1087  00001bc8  93c1fff3	lbu	r1,-13(r30)
 1088  00001bcc  64220000	snei	r2,r1,#0
 1089  00001bd0  1440000c	bnez	r2,L19_LF2
 1090  00001bd4  54000000	nop; delay slot nop
 1091  00001bd8  0800000c	j	L16_LF2
 1092  00001bdc  54000000	nop; delay slot nop
 1093  00001be0          	L19_LF2:
 1094  00001be0  0bffffa0	j	L15_LF2
 1095  00001be4  54000000	nop; delay slot nop
 1096  00001be8          	L16_LF2:
 1097  00001be8  8fc1fff4	lw	r1,-12(r30)
 1098  00001bec  08000004	j	L14_LF2
 1099  00001bf0  54000000	nop; delay slot nop
 1100  00001bf4          	L14_LF2:
 1101  00001bf4  8fa20000	lw	r2,0(r29)
 1102  00001bf8  8fa30004	lw	r3,4(r29)
 1103  00001bfc  8fdffff8	lw	r31,-8(r30)
 1104  00001c00  001ee820	add	r29,r0,r30
 1105  00001c04  8fdefffc	lw	r30,-4(r30)
 1106  00001c08  4be00000	jr	r31
 1107  00001c0c  54000000	nop
 1108  00001c10          	.endproc _dstrncpy
 1109  00001c10          	.align 2
 1110  00001c10          	.proc _dstrcat
 1111  00001c10          	.global _dstrcat
 1112  00001c10          	_dstrcat:
 1113                      ;  Function 'dstrcat'; 8 bytes of locals, 1 regs to save.
 1114  00001c10  afbefffc	sw	-4(r29),r30; push fp
 1115  00001c14  001df020	add	r30,r0,r29; fp = sp
 1116  00001c18  afbffff8	sw	-8(r29),r31; push ret addr
 1117  00001c1c  2fbd0018	subui	r29,r29,#24; alloc local storage
 1118  00001c20  afa20000	sw	0(r29),r2
 1119  00001c24  8fc10000	lw	r1,(r30)
 1120  00001c28  afc1fff4	sw	-12(r30),r1
 1121  00001c2c          	L21_LF2:
 1122  00001c2c  8fc10000	lw	r1,(r30)
 1123  00001c30  90220000	lbu	r2,(r1)
 1124  00001c34  64410000	snei	r1,r2,#0
 1125  00001c38  1420000c	bnez	r1,L23_LF2
 1126  00001c3c  54000000	nop; delay slot nop
 1127  00001c40  0800001c	j	L22_LF2
 1128  00001c44  54000000	nop; delay slot nop
 1129  00001c48          	L23_LF2:
 1130  00001c48  8fc20000	lw	r2,(r30)
 1131  00001c4c  20410001	addi	r1,r2,#1
 1132  00001c50  00011020	add	r2,r0,r1
 1133  00001c54  afc20000	sw	(r30),r2
 1134  00001c58  0bffffd0	j	L21_LF2
 1135  00001c5c  54000000	nop; delay slot nop
 1136  00001c60          	L22_LF2:
 1137  00001c60  23bdfff8	addi	r29,r29,#-8
 1138  00001c64  001d0820	add	r1,r0,r29
 1139  00001c68  8fc20000	lw	r2,(r30)
 1140  00001c6c  ac220000	sw	(r1),r2
 1141  00001c70  8fc20004	lw	r2,4(r30)
 1142  00001c74  ac220004	sw	4(r1),r2
 1143  00001c78  0ffffe5c	jal	_dstrcpy
 1144  00001c7c  54000000	nop; delay slot nop
 1145  00001c80  23bd0008	addi	r29,r29,#8
 1146  00001c84  8fc1fff4	lw	r1,-12(r30)
 1147  00001c88  08000004	j	L20_LF2
 1148  00001c8c  54000000	nop; delay slot nop
 1149  00001c90          	L20_LF2:
 1150  00001c90  8fa20000	lw	r2,0(r29)
 1151  00001c94  8fdffff8	lw	r31,-8(r30)
 1152  00001c98  001ee820	add	r29,r0,r30
 1153  00001c9c  8fdefffc	lw	r30,-4(r30)
 1154  00001ca0  4be00000	jr	r31
 1155  00001ca4  54000000	nop
 1156  00001ca8          	.endproc _dstrcat
 1157  00001ca8          	.align 2
 1158  00001ca8          	.proc _dstrncmp
 1159  00001ca8          	.global _dstrncmp
 1160  00001ca8          	_dstrncmp:
 1161                      ;  Function 'dstrncmp'; 8 bytes of locals, 2 regs to save.
 1162  00001ca8  afbefffc	sw	-4(r29),r30; push fp
 1163  00001cac  001df020	add	r30,r0,r29; fp = sp
 1164  00001cb0  afbffff8	sw	-8(r29),r31; push ret addr
 1165  00001cb4  2fbd0018	subui	r29,r29,#24; alloc local storage
 1166  00001cb8  afa20000	sw	0(r29),r2
 1167  00001cbc  afa30004	sw	4(r29),r3
 1168  00001cc0  54000000	nop
 1169  00001cc4  20010000	addi	r1,r0,#0
 1170  00001cc8  afc1fff4	sw	-12(r30),r1
 1171  00001ccc          	L25_LF2:
 1172  00001ccc  8fc1fff4	lw	r1,-12(r30)
 1173  00001cd0  8fc20008	lw	r2,8(r30)
 1174  00001cd4  0022082a	slt	r1,r1,r2
 1175  00001cd8  1420000c	bnez	r1,L28_LF2
 1176  00001cdc  54000000	nop; delay slot nop
 1177  00001ce0  08000088	j	L26_LF2
 1178  00001ce4  54000000	nop; delay slot nop
 1179  00001ce8          	L28_LF2:
 1180  00001ce8  8fc10004	lw	r1,4(r30)
 1181  00001cec  90220000	lbu	r2,(r1)
 1182  00001cf0  64410000	snei	r1,r2,#0
 1183  00001cf4  14200018	bnez	r1,L29_LF2
 1184  00001cf8  54000000	nop; delay slot nop
 1185  00001cfc  20010000	addi	r1,r0,#0
 1186  00001d00  080000d8	j	L24_LF2
 1187  00001d04  54000000	nop; delay slot nop
 1188  00001d08  08000028	j	L30_LF2
 1189  00001d0c  54000000	nop; delay slot nop
 1190  00001d10          	L29_LF2:
 1191  00001d10  8fc10000	lw	r1,(r30)
 1192  00001d14  8fc20004	lw	r2,4(r30)
 1193  00001d18  90210000	lbu	r1,(r1)
 1194  00001d1c  90420000	lbu	r2,(r2)
 1195  00001d20  00220829	sne	r1,r1,r2
 1196  00001d24  1020000c	beqz	r1,L30_LF2
 1197  00001d28  54000000	nop; delay slot nop
 1198  00001d2c  0800003c	j	L26_LF2
 1199  00001d30  54000000	nop; delay slot nop
 1200  00001d34          	L31_LF2:
 1201  00001d34          	L30_LF2:
 1202  00001d34  8fc20000	lw	r2,(r30)
 1203  00001d38  20410001	addi	r1,r2,#1
 1204  00001d3c  00011020	add	r2,r0,r1
 1205  00001d40  afc20000	sw	(r30),r2
 1206  00001d44  8fc20004	lw	r2,4(r30)
 1207  00001d48  20410001	addi	r1,r2,#1
 1208  00001d4c  00011020	add	r2,r0,r1
 1209  00001d50  afc20004	sw	4(r30),r2
 1210  00001d54          	L27_LF2:
 1211  00001d54  8fc2fff4	lw	r2,-12(r30)
 1212  00001d58  20410001	addi	r1,r2,#1
 1213  00001d5c  00011020	add	r2,r0,r1
 1214  00001d60  afc2fff4	sw	-12(r30),r2
 1215  00001d64  0bffff64	j	L25_LF2
 1216  00001d68  54000000	nop; delay slot nop
 1217  00001d6c          	L26_LF2:
 1218  00001d6c  8fc1fff4	lw	r1,-12(r30)
 1219  00001d70  8fc20008	lw	r2,8(r30)
 1220  00001d74  00220828	seq	r1,r1,r2
 1221  00001d78  10200018	beqz	r1,L32_LF2
 1222  00001d7c  54000000	nop; delay slot nop
 1223  00001d80  20010000	addi	r1,r0,#0
 1224  00001d84  08000054	j	L24_LF2
 1225  00001d88  54000000	nop; delay slot nop
 1226  00001d8c  0800004c	j	L33_LF2
 1227  00001d90  54000000	nop; delay slot nop
 1228  00001d94          	L32_LF2:
 1229  00001d94  8fc20000	lw	r2,(r30)
 1230  00001d98  90410000	lbu	r1,(r2)
 1231  00001d9c  8fc20004	lw	r2,4(r30)
 1232  00001da0  90430000	lbu	r3,(r2)
 1233  00001da4  00230822	sub	r1,r1,r3
 1234  00001da8  74220000	sgei	r2,r1,#0
 1235  00001dac  10400020	beqz	r2,L34_LF2
 1236  00001db0  54000000	nop; delay slot nop
 1237  00001db4  8fc10000	lw	r1,(r30)
 1238  00001db8  8fc20004	lw	r2,4(r30)
 1239  00001dbc  90210000	lbu	r1,(r1)
 1240  00001dc0  90420000	lbu	r2,(r2)
 1241  00001dc4  00220829	sne	r1,r1,r2
 1242  00001dc8  08000008	j	L35_LF2
 1243  00001dcc  54000000	nop; delay slot nop
 1244  00001dd0          	L34_LF2:
 1245  00001dd0  2001ffff	addi	r1,r0,#-1
 1246  00001dd4          	L35_LF2:
 1247  00001dd4  08000004	j	L24_LF2
 1248  00001dd8  54000000	nop; delay slot nop
 1249  00001ddc          	L33_LF2:
 1250  00001ddc          	L24_LF2:
 1251  00001ddc  8fa20000	lw	r2,0(r29)
 1252  00001de0  8fa30004	lw	r3,4(r29)
 1253  00001de4  8fdffff8	lw	r31,-8(r30)
 1254  00001de8  001ee820	add	r29,r0,r30
 1255  00001dec  8fdefffc	lw	r30,-4(r30)
 1256  00001df0  4be00000	jr	r31
 1257  00001df4  54000000	nop
 1258  00001df8          	.endproc _dstrncmp
 1259  00001df8          	.align 2
 1260  00001df8          	.proc _dstrlen
 1261  00001df8          	.global _dstrlen
 1262  00001df8          	_dstrlen:
 1263                      ;  Function 'dstrlen'; 8 bytes of locals, 1 regs to save.
 1264  00001df8  afbefffc	sw	-4(r29),r30; push fp
 1265  00001dfc  001df020	add	r30,r0,r29; fp = sp
 1266  00001e00  afbffff8	sw	-8(r29),r31; push ret addr
 1267  00001e04  2fbd0018	subui	r29,r29,#24; alloc local storage
 1268  00001e08  afa20000	sw	0(r29),r2
 1269  00001e0c  20010000	addi	r1,r0,#0
 1270  00001e10  afc1fff4	sw	-12(r30),r1
 1271  00001e14          	L37_LF2:
 1272  00001e14  8fc10000	lw	r1,(r30)
 1273  00001e18  20220001	addi	r2,r1,#1
 1274  00001e1c  afc20000	sw	(r30),r2
 1275  00001e20  90210000	lbu	r1,(r1)
 1276  00001e24  64220000	snei	r2,r1,#0
 1277  00001e28  1440000c	bnez	r2,L39_LF2
 1278  00001e2c  54000000	nop; delay slot nop
 1279  00001e30  0800001c	j	L38_LF2
 1280  00001e34  54000000	nop; delay slot nop
 1281  00001e38          	L39_LF2:
 1282  00001e38  8fc2fff4	lw	r2,-12(r30)
 1283  00001e3c  20410001	addi	r1,r2,#1
 1284  00001e40  00011020	add	r2,r0,r1
 1285  00001e44  afc2fff4	sw	-12(r30),r2
 1286  00001e48  0bffffc8	j	L37_LF2
 1287  00001e4c  54000000	nop; delay slot nop
 1288  00001e50          	L38_LF2:
 1289  00001e50  8fc1fff4	lw	r1,-12(r30)
 1290  00001e54  08000004	j	L36_LF2
 1291  00001e58  54000000	nop; delay slot nop
 1292  00001e5c          	L36_LF2:
 1293  00001e5c  8fa20000	lw	r2,0(r29)
 1294  00001e60  8fdffff8	lw	r31,-8(r30)
 1295  00001e64  001ee820	add	r29,r0,r30
 1296  00001e68  8fdefffc	lw	r30,-4(r30)
 1297  00001e6c  4be00000	jr	r31
 1298  00001e70  54000000	nop
 1299  00001e74          	.endproc _dstrlen
 1300  00001e74          	.align 2
 1301  00001e74          	.proc _dstrstr
 1302  00001e74          	.global _dstrstr
 1303  00001e74          	_dstrstr:
 1304                      ;  Function 'dstrstr'; 8 bytes of locals, 1 regs to save.
 1305  00001e74  afbefffc	sw	-4(r29),r30; push fp
 1306  00001e78  001df020	add	r30,r0,r29; fp = sp
 1307  00001e7c  afbffff8	sw	-8(r29),r31; push ret addr
 1308  00001e80  2fbd0018	subui	r29,r29,#24; alloc local storage
 1309  00001e84  afa20000	sw	0(r29),r2
 1310  00001e88  23bdfff8	addi	r29,r29,#-8
 1311  00001e8c  001d0820	add	r1,r0,r29
 1312  00001e90  8fc20004	lw	r2,4(r30)
 1313  00001e94  ac220000	sw	(r1),r2
 1314  00001e98  0fffff5c	jal	_dstrlen
 1315  00001e9c  54000000	nop; delay slot nop
 1316  00001ea0  23bd0008	addi	r29,r29,#8
 1317  00001ea4  afc1fff4	sw	-12(r30),r1
 1318  00001ea8          	L41_LF2:
 1319  00001ea8  8fc10000	lw	r1,(r30)
 1320  00001eac  90220000	lbu	r2,(r1)
 1321  00001eb0  64410000	snei	r1,r2,#0
 1322  00001eb4  1420000c	bnez	r1,L43_LF2
 1323  00001eb8  54000000	nop; delay slot nop
 1324  00001ebc  08000060	j	L42_LF2
 1325  00001ec0  54000000	nop; delay slot nop
 1326  00001ec4          	L43_LF2:
 1327  00001ec4  23bdfff0	addi	r29,r29,#-16
 1328  00001ec8  001d0820	add	r1,r0,r29
 1329  00001ecc  8fc20000	lw	r2,(r30)
 1330  00001ed0  ac220000	sw	(r1),r2
 1331  00001ed4  8fc20004	lw	r2,4(r30)
 1332  00001ed8  ac220004	sw	4(r1),r2
 1333  00001edc  8fc2fff4	lw	r2,-12(r30)
 1334  00001ee0  ac220008	sw	8(r1),r2
 1335  00001ee4  0ffffdc0	jal	_dstrncmp
 1336  00001ee8  54000000	nop; delay slot nop
 1337  00001eec  23bd0010	addi	r29,r29,#16
 1338  00001ef0  64220000	snei	r2,r1,#0
 1339  00001ef4  14400010	bnez	r2,L44_LF2
 1340  00001ef8  54000000	nop; delay slot nop
 1341  00001efc  8fc10000	lw	r1,(r30)
 1342  00001f00  08000028	j	L40_LF2
 1343  00001f04  54000000	nop; delay slot nop
 1344  00001f08          	L44_LF2:
 1345  00001f08  8fc20000	lw	r2,(r30)
 1346  00001f0c  20410001	addi	r1,r2,#1
 1347  00001f10  00011020	add	r2,r0,r1
 1348  00001f14  afc20000	sw	(r30),r2
 1349  00001f18  0bffff8c	j	L41_LF2
 1350  00001f1c  54000000	nop; delay slot nop
 1351  00001f20          	L42_LF2:
 1352  00001f20  20010000	addi	r1,r0,#0
 1353  00001f24  08000004	j	L40_LF2
 1354  00001f28  54000000	nop; delay slot nop
 1355  00001f2c          	L40_LF2:
 1356  00001f2c  8fa20000	lw	r2,0(r29)
 1357  00001f30  8fdffff8	lw	r31,-8(r30)
 1358  00001f34  001ee820	add	r29,r0,r30
 1359  00001f38  8fdefffc	lw	r30,-4(r30)
 1360  00001f3c  4be00000	jr	r31
 1361  00001f40  54000000	nop
 1362  00001f44          	.endproc _dstrstr
 1363  00001f44          	.align 2
 1364  00001f44          	.proc _dmindex
 1365  00001f44          	.global _dmindex
 1366  00001f44          	_dmindex:
 1367                      ;  Function 'dmindex'; 8 bytes of locals, 1 regs to save.
 1368  00001f44  afbefffc	sw	-4(r29),r30; push fp
 1369  00001f48  001df020	add	r30,r0,r29; fp = sp
 1370  00001f4c  afbffff8	sw	-8(r29),r31; push ret addr
 1371  00001f50  2fbd0018	subui	r29,r29,#24; alloc local storage
 1372  00001f54  afa20000	sw	0(r29),r2
 1373  00001f58  54000000	nop
 1374  00001f5c          	L46_LF2:
 1375  00001f5c  8fc10000	lw	r1,(r30)
 1376  00001f60  90220000	lbu	r2,(r1)
 1377  00001f64  64410000	snei	r1,r2,#0
 1378  00001f68  1420000c	bnez	r1,L48_LF2
 1379  00001f6c  54000000	nop; delay slot nop
 1380  00001f70  08000070	j	L47_LF2
 1381  00001f74  54000000	nop; delay slot nop
 1382  00001f78          	L48_LF2:
 1383  00001f78  8fc10004	lw	r1,4(r30)
 1384  00001f7c  afc1fff4	sw	-12(r30),r1
 1385  00001f80          	L49_LF2:
 1386  00001f80  8fc1fff4	lw	r1,-12(r30)
 1387  00001f84  90220000	lbu	r2,(r1)
 1388  00001f88  64410000	snei	r1,r2,#0
 1389  00001f8c  1420000c	bnez	r1,L52_LF2
 1390  00001f90  54000000	nop; delay slot nop
 1391  00001f94  08000044	j	L50_LF2
 1392  00001f98  54000000	nop; delay slot nop
 1393  00001f9c          	L52_LF2:
 1394  00001f9c  8fc10000	lw	r1,(r30)
 1395  00001fa0  8fc2fff4	lw	r2,-12(r30)
 1396  00001fa4  90210000	lbu	r1,(r1)
 1397  00001fa8  90420000	lbu	r2,(r2)
 1398  00001fac  00220828	seq	r1,r1,r2
 1399  00001fb0  10200010	beqz	r1,L51_LF2
 1400  00001fb4  54000000	nop; delay slot nop
 1401  00001fb8  8fc10000	lw	r1,(r30)
 1402  00001fbc  08000030	j	L45_LF2
 1403  00001fc0  54000000	nop; delay slot nop
 1404  00001fc4          	L53_LF2:
 1405  00001fc4          	L51_LF2:
 1406  00001fc4  8fc2fff4	lw	r2,-12(r30)
 1407  00001fc8  20410001	addi	r1,r2,#1
 1408  00001fcc  00011020	add	r2,r0,r1
 1409  00001fd0  afc2fff4	sw	-12(r30),r2
 1410  00001fd4  0bffffa8	j	L49_LF2
 1411  00001fd8  54000000	nop; delay slot nop
 1412  00001fdc          	L50_LF2:
 1413  00001fdc  0bffff7c	j	L46_LF2
 1414  00001fe0  54000000	nop; delay slot nop
 1415  00001fe4          	L47_LF2:
 1416  00001fe4  20010000	addi	r1,r0,#0
 1417  00001fe8  08000004	j	L45_LF2
 1418  00001fec  54000000	nop; delay slot nop
 1419  00001ff0          	L45_LF2:
 1420  00001ff0  8fa20000	lw	r2,0(r29)
 1421  00001ff4  8fdffff8	lw	r31,-8(r30)
 1422  00001ff8  001ee820	add	r29,r0,r30
 1423  00001ffc  8fdefffc	lw	r30,-4(r30)
 1424  00002000  4be00000	jr	r31
 1425  00002004  54000000	nop
 1426  00002008          	.endproc _dmindex
 1427  00002008          	.align 2
 1428  00002008          	.proc _dindex
 1429  00002008          	.global _dindex
 1430  00002008          	_dindex:
 1431                      ;  Function 'dindex'; 0 bytes of locals, 1 regs to save.
 1432  00002008  afbefffc	sw	-4(r29),r30; push fp
 1433  0000200c  001df020	add	r30,r0,r29; fp = sp
 1434  00002010  afbffff8	sw	-8(r29),r31; push ret addr
 1435  00002014  2fbd0010	subui	r29,r29,#16; alloc local storage
 1436  00002018  afa20000	sw	0(r29),r2
 1437  0000201c  54000000	nop
 1438  00002020          	L55_LF2:
 1439  00002020  8fc10000	lw	r1,(r30)
 1440  00002024  90220000	lbu	r2,(r1)
 1441  00002028  64410000	snei	r1,r2,#0
 1442  0000202c  1420000c	bnez	r1,L57_LF2
 1443  00002030  54000000	nop; delay slot nop
 1444  00002034  08000040	j	L56_LF2
 1445  00002038  54000000	nop; delay slot nop
 1446  0000203c          	L57_LF2:
 1447  0000203c  8fc10000	lw	r1,(r30)
 1448  00002040  90220000	lbu	r2,(r1)
 1449  00002044  8fc10004	lw	r1,4(r30)
 1450  00002048  00411028	seq	r2,r2,r1
 1451  0000204c  10400010	beqz	r2,L58_LF2
 1452  00002050  54000000	nop; delay slot nop
 1453  00002054  8fc10000	lw	r1,(r30)
 1454  00002058  08000028	j	L54_LF2
 1455  0000205c  54000000	nop; delay slot nop
 1456  00002060          	L58_LF2:
 1457  00002060  8fc20000	lw	r2,(r30)
 1458  00002064  20410001	addi	r1,r2,#1
 1459  00002068  00011020	add	r2,r0,r1
 1460  0000206c  afc20000	sw	(r30),r2
 1461  00002070  0bffffac	j	L55_LF2
 1462  00002074  54000000	nop; delay slot nop
 1463  00002078          	L56_LF2:
 1464  00002078  20010000	addi	r1,r0,#0
 1465  0000207c  08000004	j	L54_LF2
 1466  00002080  54000000	nop; delay slot nop
 1467  00002084          	L54_LF2:
 1468  00002084  8fa20000	lw	r2,0(r29)
 1469  00002088  8fdffff8	lw	r31,-8(r30)
 1470  0000208c  001ee820	add	r29,r0,r30
 1471  00002090  8fdefffc	lw	r30,-4(r30)
 1472  00002094  4be00000	jr	r31
 1473  00002098  54000000	nop
 1474  0000209c          	.endproc _dindex
 1475  0000209c          	.align 2
 1476  0000209c          	.proc _ditoa
 1477  0000209c          	.global _ditoa
 1478  0000209c          	_ditoa:
 1479                      ;  Function 'ditoa'; 8 bytes of locals, 2 regs to save.
 1480  0000209c  afbefffc	sw	-4(r29),r30; push fp
 1481  000020a0  001df020	add	r30,r0,r29; fp = sp
 1482  000020a4  afbffff8	sw	-8(r29),r31; push ret addr
 1483  000020a8  2fbd0018	subui	r29,r29,#24; alloc local storage
 1484  000020ac  afa20000	sw	0(r29),r2
 1485  000020b0  afa30004	sw	4(r29),r3
 1486  000020b4  8fc10000	lw	r1,(r30)
 1487  000020b8  68220000	slti	r2,r1,#0
 1488  000020bc  1040002c	beqz	r2,L60_LF2
 1489  000020c0  54000000	nop; delay slot nop
 1490  000020c4  8fc10004	lw	r1,4(r30)
 1491  000020c8  20220001	addi	r2,r1,#1
 1492  000020cc  afc20004	sw	4(r30),r2
 1493  000020d0  2002002d	addi	r2,r0,(#0x2d)&0xff
 1494  000020d4  a0220000	sb	(r1),r2
 1495  000020d8  8fc10000	lw	r1,(r30)
 1496  000020dc  00011022	sub	r2,r0,r1
 1497  000020e0  afc20000	sw	(r30),r2
 1498  000020e4  08000118	j	L61_LF2
 1499  000020e8  54000000	nop; delay slot nop
 1500  000020ec          	L60_LF2:
 1501  000020ec  8fc10000	lw	r1,(r30)
 1502  000020f0  64220000	snei	r2,r1,#0
 1503  000020f4  14400020	bnez	r2,L62_LF2
 1504  000020f8  54000000	nop; delay slot nop
 1505  000020fc  8fc10004	lw	r1,4(r30)
 1506  00002100  20220001	addi	r2,r1,#1
 1507  00002104  afc20004	sw	4(r30),r2
 1508  00002108  20020030	addi	r2,r0,(#0x30)&0xff
 1509  0000210c  a0220000	sb	(r1),r2
 1510  00002110  080000ec	j	L61_LF2
 1511  00002114  54000000	nop; delay slot nop
 1512  00002118          	L62_LF2:
 1513  00002118  20010001	addi	r1,r0,#1
 1514  0000211c  afc1fff4	sw	-12(r30),r1
 1515  00002120          	L64_LF2:
 1516  00002120  8fc1fff4	lw	r1,-12(r30)
 1517  00002124  8fc20000	lw	r2,(r30)
 1518  00002128  0022082c	sle	r1,r1,r2
 1519  0000212c  1420000c	bnez	r1,L66_LF2
 1520  00002130  54000000	nop; delay slot nop
 1521  00002134  08000024	j	L65_LF2
 1522  00002138  54000000	nop; delay slot nop
 1523  0000213c          	L67_LF2:
 1524  0000213c          	L66_LF2:
 1525  0000213c  8fc1fff4	lw	r1,-12(r30)
 1526  00002140  00011820	add	r3,r0,r1
 1527  00002144  50620002	slli	r2,r3,#0x2
 1528  00002148  00411020	add	r2,r2,r1
 1529  0000214c  50410001	slli	r1,r2,#0x1
 1530  00002150  afc1fff4	sw	-12(r30),r1
 1531  00002154  0bffffc8	j	L64_LF2
 1532  00002158  54000000	nop; delay slot nop
 1533  0000215c          	L65_LF2:
 1534  0000215c  54000000	nop
 1535  00002160          	L68_LF2:
 1536  00002160  8fc1fff4	lw	r1,-12(r30)
 1537  00002164  2002000a	addi	r2,r0,#10
 1538  00002168  00200035	movi2fp	f0,r1
 1539  0000216c  00400835	movi2fp	f1,r2
 1540  00002170  0401000f	div	f0,f0,f1
 1541  00002174  00000834	movfp2i	r1,f0
 1542  00002178  afc1fff4	sw	-12(r30),r1
 1543  0000217c  8fc10004	lw	r1,4(r30)
 1544  00002180  20220001	addi	r2,r1,#1
 1545  00002184  afc20004	sw	4(r30),r2
 1546  00002188  8fc20000	lw	r2,(r30)
 1547  0000218c  8fc3fff4	lw	r3,-12(r30)
 1548  00002190  00400035	movi2fp	f0,r2
 1549  00002194  00600835	movi2fp	f1,r3
 1550  00002198  0401000f	div	f0,f0,f1
 1551  0000219c  00001034	movfp2i	r2,f0
 1552  000021a0  00021820	add	r3,r0,r2
 1553  000021a4  20620030	addi	r2,r3,#48
 1554  000021a8  a0220000	sb	(r1),r2
 1555  000021ac  8fc10000	lw	r1,(r30)
 1556  000021b0  8fc3fff4	lw	r3,-12(r30)
 1557  000021b4  00200035	movi2fp	f0,r1
 1558  000021b8  00600835	movi2fp	f1,r3
 1559  000021bc  0401000f	div	f0,f0,f1
 1560  000021c0  00001034	movfp2i	r2,f0
 1561  000021c4  8fc3fff4	lw	r3,-12(r30)
 1562  000021c8  00400035	movi2fp	f0,r2
 1563  000021cc  00600835	movi2fp	f1,r3
 1564  000021d0  0401000e	mult	f0,f0,f1
 1565  000021d4  00001034	movfp2i	r2,f0
 1566  000021d8  00220822	sub	r1,r1,r2
 1567  000021dc  afc10000	sw	(r30),r1
 1568  000021e0          	L70_LF2:
 1569  000021e0  8fc1fff4	lw	r1,-12(r30)
 1570  000021e4  6c220001	sgti	r2,r1,#1
 1571  000021e8  1440000c	bnez	r2,L71_LF2
 1572  000021ec  54000000	nop; delay slot nop
 1573  000021f0  0800000c	j	L61_LF2
 1574  000021f4  54000000	nop; delay slot nop
 1575  000021f8          	L71_LF2:
 1576  000021f8  0bffff64	j	L68_LF2
 1577  000021fc  54000000	nop; delay slot nop
 1578  00002200          	L69_LF2:
 1579  00002200          	L63_LF2:
 1580  00002200          	L61_LF2:
 1581  00002200  8fc10004	lw	r1,4(r30)
 1582  00002204  20020000	addi	r2,r0,(#0x0)&0xff
 1583  00002208  a0220000	sb	(r1),r2
 1584  0000220c          	L59_LF2:
 1585  0000220c  8fa20000	lw	r2,0(r29)
 1586  00002210  8fa30004	lw	r3,4(r29)
 1587  00002214  8fdffff8	lw	r31,-8(r30)
 1588  00002218  001ee820	add	r29,r0,r30
 1589  0000221c  8fdefffc	lw	r30,-4(r30)
 1590  00002220  4be00000	jr	r31
 1591  00002224  54000000	nop
 1592  00002228          	.endproc _ditoa
 1593  00002228          	.align 2
 1594  00002228          	.proc _dstrtol
 1595  00002228          	.global _dstrtol
 1596  00002228          	_dstrtol:
 1597                      ;  Function 'dstrtol'; 16 bytes of locals, 1 regs to save.
 1598  00002228  afbefffc	sw	-4(r29),r30; push fp
 1599  0000222c  001df020	add	r30,r0,r29; fp = sp
 1600  00002230  afbffff8	sw	-8(r29),r31; push ret addr
 1601  00002234  2fbd0020	subui	r29,r29,#32; alloc local storage
 1602  00002238  afa20000	sw	0(r29),r2
 1603  0000223c  20010000	addi	r1,r0,#0
 1604  00002240  afc1fff4	sw	-12(r30),r1
 1605  00002244          	L73_LF2:
 1606  00002244  8fc10000	lw	r1,(r30)
 1607  00002248  90220000	lbu	r2,(r1)
 1608  0000224c  60410020	seqi	r1,r2,#32
 1609  00002250  14200034	bnez	r1,L75_LF2
 1610  00002254  54000000	nop; delay slot nop
 1611  00002258  8fc10000	lw	r1,(r30)
 1612  0000225c  90220000	lbu	r2,(r1)
 1613  00002260  60410009	seqi	r1,r2,#9
 1614  00002264  14200020	bnez	r1,L75_LF2
 1615  00002268  54000000	nop; delay slot nop
 1616  0000226c  8fc10000	lw	r1,(r30)
 1617  00002270  90220000	lbu	r2,(r1)
 1618  00002274  6041000a	seqi	r1,r2,#10
 1619  00002278  1420000c	bnez	r1,L75_LF2
 1620  0000227c  54000000	nop; delay slot nop
 1621  00002280  0800001c	j	L74_LF2
 1622  00002284  54000000	nop; delay slot nop
 1623  00002288          	L75_LF2:
 1624  00002288  8fc20000	lw	r2,(r30)
 1625  0000228c  20410001	addi	r1,r2,#1
 1626  00002290  00011020	add	r2,r0,r1
 1627  00002294  afc20000	sw	(r30),r2
 1628  00002298  0bffffa8	j	L73_LF2
 1629  0000229c  54000000	nop; delay slot nop
 1630  000022a0          	L74_LF2:
 1631  000022a0  8fc10004	lw	r1,4(r30)
 1632  000022a4  64220000	snei	r2,r1,#0
 1633  000022a8  10400010	beqz	r2,L76_LF2
 1634  000022ac  54000000	nop; delay slot nop
 1635  000022b0  8fc10004	lw	r1,4(r30)
 1636  000022b4  8fc20000	lw	r2,(r30)
 1637  000022b8  ac220000	sw	(r1),r2
 1638  000022bc          	L76_LF2:
 1639  000022bc  8fc10000	lw	r1,(r30)
 1640  000022c0  90220000	lbu	r2,(r1)
 1641  000022c4  64410000	snei	r1,r2,#0
 1642  000022c8  14200010	bnez	r1,L77_LF2
 1643  000022cc  54000000	nop; delay slot nop
 1644  000022d0  8fc1fff4	lw	r1,-12(r30)
 1645  000022d4  08000294	j	L72_LF2
 1646  000022d8  54000000	nop; delay slot nop
 1647  000022dc          	L77_LF2:
 1648  000022dc  8fc10000	lw	r1,(r30)
 1649  000022e0  90220000	lbu	r2,(r1)
 1650  000022e4  6041002d	seqi	r1,r2,#45
 1651  000022e8  10200024	beqz	r1,L78_LF2
 1652  000022ec  54000000	nop; delay slot nop
 1653  000022f0  2001ffff	addi	r1,r0,#-1
 1654  000022f4  afc1ffec	sw	-20(r30),r1
 1655  000022f8  8fc20000	lw	r2,(r30)
 1656  000022fc  20410001	addi	r1,r2,#1
 1657  00002300  00011020	add	r2,r0,r1
 1658  00002304  afc20000	sw	(r30),r2
 1659  00002308  0800000c	j	L79_LF2
 1660  0000230c  54000000	nop; delay slot nop
 1661  00002310          	L78_LF2:
 1662  00002310  20010001	addi	r1,r0,#1
 1663  00002314  afc1ffec	sw	-20(r30),r1
 1664  00002318          	L79_LF2:
 1665  00002318  8fc10008	lw	r1,8(r30)
 1666  0000231c  64220000	snei	r2,r1,#0
 1667  00002320  14400090	bnez	r2,L80_LF2
 1668  00002324  54000000	nop; delay slot nop
 1669  00002328  8fc10000	lw	r1,(r30)
 1670  0000232c  90220000	lbu	r2,(r1)
 1671  00002330  60410030	seqi	r1,r2,#48
 1672  00002334  10200074	beqz	r1,L81_LF2
 1673  00002338  54000000	nop; delay slot nop
 1674  0000233c  8fc20000	lw	r2,(r30)
 1675  00002340  20410001	addi	r1,r2,#1
 1676  00002344  00011020	add	r2,r0,r1
 1677  00002348  afc20000	sw	(r30),r2
 1678  0000234c  8fc10000	lw	r1,(r30)
 1679  00002350  90220000	lbu	r2,(r1)
 1680  00002354  60410078	seqi	r1,r2,#120
 1681  00002358  14200020	bnez	r1,L83_LF2
 1682  0000235c  54000000	nop; delay slot nop
 1683  00002360  8fc10000	lw	r1,(r30)
 1684  00002364  90220000	lbu	r2,(r1)
 1685  00002368  60410058	seqi	r1,r2,#88
 1686  0000236c  1420000c	bnez	r1,L83_LF2
 1687  00002370  54000000	nop; delay slot nop
 1688  00002374  08000024	j	L82_LF2
 1689  00002378  54000000	nop; delay slot nop
 1690  0000237c          	L83_LF2:
 1691  0000237c  20010010	addi	r1,r0,#16
 1692  00002380  afc10008	sw	8(r30),r1
 1693  00002384  8fc20000	lw	r2,(r30)
 1694  00002388  20410001	addi	r1,r2,#1
 1695  0000238c  00011020	add	r2,r0,r1
 1696  00002390  afc20000	sw	(r30),r2
 1697  00002394  0800000c	j	L84_LF2
 1698  00002398  54000000	nop; delay slot nop
 1699  0000239c          	L82_LF2:
 1700  0000239c  20010008	addi	r1,r0,#8
 1701  000023a0  afc10008	sw	8(r30),r1
 1702  000023a4          	L84_LF2:
 1703  000023a4  0800000c	j	L80_LF2
 1704  000023a8  54000000	nop; delay slot nop
 1705  000023ac          	L81_LF2:
 1706  000023ac  2001000a	addi	r1,r0,#10
 1707  000023b0  afc10008	sw	8(r30),r1
 1708  000023b4          	L85_LF2:
 1709  000023b4          	L80_LF2:
 1710  000023b4  8fc10008	lw	r1,8(r30)
 1711  000023b8  70220000	slei	r2,r1,#0
 1712  000023bc  1440001c	bnez	r2,L87_LF2
 1713  000023c0  54000000	nop; delay slot nop
 1714  000023c4  8fc10008	lw	r1,8(r30)
 1715  000023c8  6c220010	sgti	r2,r1,#16
 1716  000023cc  1440000c	bnez	r2,L87_LF2
 1717  000023d0  54000000	nop; delay slot nop
 1718  000023d4  08000010	j	L86_LF2
 1719  000023d8  54000000	nop; delay slot nop
 1720  000023dc          	L87_LF2:
 1721  000023dc  8fc1fff4	lw	r1,-12(r30)
 1722  000023e0  08000188	j	L72_LF2
 1723  000023e4  54000000	nop; delay slot nop
 1724  000023e8          	L86_LF2:
 1725  000023e8  54000000	nop
 1726  000023ec          	L88_LF2:
 1727  000023ec  8fc10000	lw	r1,(r30)
 1728  000023f0  90220000	lbu	r2,(r1)
 1729  000023f4  6c41002f	sgtui	r1,r2,#47
 1730  000023f8  10200030	beqz	r1,L91_LF2
 1731  000023fc  54000000	nop; delay slot nop
 1732  00002400  8fc10000	lw	r1,(r30)
 1733  00002404  90220000	lbu	r2,(r1)
 1734  00002408  70410039	sleui	r1,r2,#57
 1735  0000240c  1020001c	beqz	r1,L91_LF2
 1736  00002410  54000000	nop; delay slot nop
 1737  00002414  8fc10000	lw	r1,(r30)
 1738  00002418  90220000	lbu	r2,(r1)
 1739  0000241c  2041ffd0	addi	r1,r2,#-48
 1740  00002420  afc1fff0	sw	-16(r30),r1
 1741  00002424  0800008c	j	L92_LF2
 1742  00002428  54000000	nop; delay slot nop
 1743  0000242c          	L91_LF2:
 1744  0000242c  8fc10000	lw	r1,(r30)
 1745  00002430  90220000	lbu	r2,(r1)
 1746  00002434  6c410060	sgtui	r1,r2,#96
 1747  00002438  10200030	beqz	r1,L93_LF2
 1748  0000243c  54000000	nop; delay slot nop
 1749  00002440  8fc10000	lw	r1,(r30)
 1750  00002444  90220000	lbu	r2,(r1)
 1751  00002448  7041007a	sleui	r1,r2,#122
 1752  0000244c  1020001c	beqz	r1,L93_LF2
 1753  00002450  54000000	nop; delay slot nop
 1754  00002454  8fc10000	lw	r1,(r30)
 1755  00002458  90220000	lbu	r2,(r1)
 1756  0000245c  2041ffa9	addi	r1,r2,#-87
 1757  00002460  afc1fff0	sw	-16(r30),r1
 1758  00002464  0800004c	j	L92_LF2
 1759  00002468  54000000	nop; delay slot nop
 1760  0000246c          	L93_LF2:
 1761  0000246c  8fc10000	lw	r1,(r30)
 1762  00002470  90220000	lbu	r2,(r1)
 1763  00002474  6c410040	sgtui	r1,r2,#64
 1764  00002478  10200030	beqz	r1,L95_LF2
 1765  0000247c  54000000	nop; delay slot nop
 1766  00002480  8fc10000	lw	r1,(r30)
 1767  00002484  90220000	lbu	r2,(r1)
 1768  00002488  7041005a	sleui	r1,r2,#90
 1769  0000248c  1020001c	beqz	r1,L95_LF2
 1770  00002490  54000000	nop; delay slot nop
 1771  00002494  8fc10000	lw	r1,(r30)
 1772  00002498  90220000	lbu	r2,(r1)
 1773  0000249c  2041ffc9	addi	r1,r2,#-55
 1774  000024a0  afc1fff0	sw	-16(r30),r1
 1775  000024a4  0800000c	j	L92_LF2
 1776  000024a8  54000000	nop; delay slot nop
 1777  000024ac          	L95_LF2:
 1778  000024ac  200103e8	addi	r1,r0,#1000
 1779  000024b0  afc1fff0	sw	-16(r30),r1
 1780  000024b4          	L96_LF2:
 1781  000024b4          	L94_LF2:
 1782  000024b4          	L92_LF2:
 1783  000024b4  8fc1fff0	lw	r1,-16(r30)
 1784  000024b8  8fc20008	lw	r2,8(r30)
 1785  000024bc  0022082a	slt	r1,r1,r2
 1786  000024c0  10200040	beqz	r1,L90_LF2
 1787  000024c4  54000000	nop; delay slot nop
 1788  000024c8  8fc1fff4	lw	r1,-12(r30)
 1789  000024cc  8fc20008	lw	r2,8(r30)
 1790  000024d0  00200035	movi2fp	f0,r1
 1791  000024d4  00400835	movi2fp	f1,r2
 1792  000024d8  0401000e	mult	f0,f0,f1
 1793  000024dc  00000834	movfp2i	r1,f0
 1794  000024e0  afc1fff4	sw	-12(r30),r1
 1795  000024e4  8fc1fff4	lw	r1,-12(r30)
 1796  000024e8  8fc2fff0	lw	r2,-16(r30)
 1797  000024ec  00220820	add	r1,r1,r2
 1798  000024f0  afc1fff4	sw	-12(r30),r1
 1799  000024f4  8fc20000	lw	r2,(r30)
 1800  000024f8  20410001	addi	r1,r2,#1
 1801  000024fc  00011020	add	r2,r0,r1
 1802  00002500  afc20000	sw	(r30),r2
 1803  00002504          	L97_LF2:
 1804  00002504          	L90_LF2:
 1805  00002504  8fc1fff0	lw	r1,-16(r30)
 1806  00002508  8fc20008	lw	r2,8(r30)
 1807  0000250c  0022082a	slt	r1,r1,r2
 1808  00002510  1420000c	bnez	r1,L98_LF2
 1809  00002514  54000000	nop; delay slot nop
 1810  00002518  0800000c	j	L89_LF2
 1811  0000251c  54000000	nop; delay slot nop
 1812  00002520          	L98_LF2:
 1813  00002520  0bfffec8	j	L88_LF2
 1814  00002524  54000000	nop; delay slot nop
 1815  00002528          	L89_LF2:
 1816  00002528  8fc10004	lw	r1,4(r30)
 1817  0000252c  64220000	snei	r2,r1,#0
 1818  00002530  10400010	beqz	r2,L99_LF2
 1819  00002534  54000000	nop; delay slot nop
 1820  00002538  8fc10004	lw	r1,4(r30)
 1821  0000253c  8fc20000	lw	r2,(r30)
 1822  00002540  ac220000	sw	(r1),r2
 1823  00002544          	L99_LF2:
 1824  00002544  8fc1fff4	lw	r1,-12(r30)
 1825  00002548  8fc2ffec	lw	r2,-20(r30)
 1826  0000254c  00200035	movi2fp	f0,r1
 1827  00002550  00400835	movi2fp	f1,r2
 1828  00002554  0401000e	mult	f0,f0,f1
 1829  00002558  00000834	movfp2i	r1,f0
 1830  0000255c  afc1fff4	sw	-12(r30),r1
 1831  00002560  8fc1fff4	lw	r1,-12(r30)
 1832  00002564  08000004	j	L72_LF2
 1833  00002568  54000000	nop; delay slot nop
 1834  0000256c          	L72_LF2:
 1835  0000256c  8fa20000	lw	r2,0(r29)
 1836  00002570  8fdffff8	lw	r31,-8(r30)
 1837  00002574  001ee820	add	r29,r0,r30
 1838  00002578  8fdefffc	lw	r30,-4(r30)
 1839  0000257c  4be00000	jr	r31
 1840  00002580  54000000	nop
 1841  00002584          	.endproc _dstrtol
 1842  00002584          	.align 2
 1843  00002584          	.proc _bcopy
 1844  00002584          	.global _bcopy
 1845  00002584          	_bcopy:
 1846                      ;  Function 'bcopy'; 0 bytes of locals, 2 regs to save.
 1847  00002584  afbefffc	sw	-4(r29),r30; push fp
 1848  00002588  001df020	add	r30,r0,r29; fp = sp
 1849  0000258c  afbffff8	sw	-8(r29),r31; push ret addr
 1850  00002590  2fbd0010	subui	r29,r29,#16; alloc local storage
 1851  00002594  afa20000	sw	0(r29),r2
 1852  00002598  afa30004	sw	4(r29),r3
 1853  0000259c  54000000	nop
 1854  000025a0          	L101_LF2:
 1855  000025a0  8fc10008	lw	r1,8(r30)
 1856  000025a4  2022ffff	addi	r2,r1,#-1
 1857  000025a8  afc20008	sw	8(r30),r2
 1858  000025ac  6c210000	sgti	r1,r1,#0
 1859  000025b0  1420000c	bnez	r1,L103_LF2
 1860  000025b4  54000000	nop; delay slot nop
 1861  000025b8  0800002c	j	L102_LF2
 1862  000025bc  54000000	nop; delay slot nop
 1863  000025c0          	L103_LF2:
 1864  000025c0  8fc10004	lw	r1,4(r30)
 1865  000025c4  20220001	addi	r2,r1,#1
 1866  000025c8  afc20004	sw	4(r30),r2
 1867  000025cc  8fc20000	lw	r2,(r30)
 1868  000025d0  20430001	addi	r3,r2,#1
 1869  000025d4  afc30000	sw	(r30),r3
 1870  000025d8  80420000	lb	r2,(r2)
 1871  000025dc  a0220000	sb	(r1),r2
 1872  000025e0  0bffffbc	j	L101_LF2
 1873  000025e4  54000000	nop; delay slot nop
 1874  000025e8          	L102_LF2:
 1875  000025e8          	L100_LF2:
 1876  000025e8  8fa20000	lw	r2,0(r29)
 1877  000025ec  8fa30004	lw	r3,4(r29)
 1878  000025f0  8fdffff8	lw	r31,-8(r30)
 1879  000025f4  001ee820	add	r29,r0,r30
 1880  000025f8  8fdefffc	lw	r30,-4(r30)
 1881  000025fc  4be00000	jr	r31
 1882  00002600  54000000	nop
 1883  00002604          	.endproc _bcopy
 1884  00002604          	.align 2
 1885  00002604          	.proc _bzero
 1886  00002604          	.global _bzero
 1887  00002604          	_bzero:
 1888                      ;  Function 'bzero'; 0 bytes of locals, 1 regs to save.
 1889  00002604  afbefffc	sw	-4(r29),r30; push fp
 1890  00002608  001df020	add	r30,r0,r29; fp = sp
 1891  0000260c  afbffff8	sw	-8(r29),r31; push ret addr
 1892  00002610  2fbd0010	subui	r29,r29,#16; alloc local storage
 1893  00002614  afa20000	sw	0(r29),r2
 1894  00002618  54000000	nop
 1895  0000261c          	L105_LF2:
 1896  0000261c  8fc10004	lw	r1,4(r30)
 1897  00002620  2022ffff	addi	r2,r1,#-1
 1898  00002624  afc20004	sw	4(r30),r2
 1899  00002628  6c210000	sgti	r1,r1,#0
 1900  0000262c  1420000c	bnez	r1,L107_LF2
 1901  00002630  54000000	nop; delay slot nop
 1902  00002634  08000020	j	L106_LF2
 1903  00002638  54000000	nop; delay slot nop
 1904  0000263c          	L107_LF2:
 1905  0000263c  8fc10000	lw	r1,(r30)
 1906  00002640  20220001	addi	r2,r1,#1
 1907  00002644  afc20000	sw	(r30),r2
 1908  00002648  20020000	addi	r2,r0,(#0x0)&0xff
 1909  0000264c  a0220000	sb	(r1),r2
 1910  00002650  0bffffc8	j	L105_LF2
 1911  00002654  54000000	nop; delay slot nop
 1912  00002658          	L106_LF2:
 1913  00002658          	L104_LF2:
 1914  00002658  8fa20000	lw	r2,0(r29)
 1915  0000265c  8fdffff8	lw	r31,-8(r30)
 1916  00002660  001ee820	add	r29,r0,r30
 1917  00002664  8fdefffc	lw	r30,-4(r30)
 1918  00002668  4be00000	jr	r31
 1919  0000266c  54000000	nop
 1920  00002670          	.endproc _bzero
 1921  00002670          	.align 2
 1922  00002670          	.proc _min
 1923  00002670          	.global _min
 1924  00002670          	_min:
 1925                      ;  Function 'min'; 0 bytes of locals, 2 regs to save.
 1926  00002670  afbefffc	sw	-4(r29),r30; push fp
 1927  00002674  001df020	add	r30,r0,r29; fp = sp
 1928  00002678  afbffff8	sw	-8(r29),r31; push ret addr
 1929  0000267c  2fbd0010	subui	r29,r29,#16; alloc local storage
 1930  00002680  afa20000	sw	0(r29),r2
 1931  00002684  afa30004	sw	4(r29),r3
 1932  00002688  8fc10000	lw	r1,(r30)
 1933  0000268c  8fc20004	lw	r2,4(r30)
 1934  00002690  0022182c	sle	r3,r1,r2
 1935  00002694  14600008	bnez	r3,L109_LF2
 1936  00002698  54000000	nop; delay slot nop
 1937  0000269c  8fc10004	lw	r1,4(r30)
 1938  000026a0          	L109_LF2:
 1939  000026a0  08000004	j	L108_LF2
 1940  000026a4  54000000	nop; delay slot nop
 1941  000026a8          	L108_LF2:
 1942  000026a8  8fa20000	lw	r2,0(r29)
 1943  000026ac  8fa30004	lw	r3,4(r29)
 1944  000026b0  8fdffff8	lw	r31,-8(r30)
 1945  000026b4  001ee820	add	r29,r0,r30
 1946  000026b8  8fdefffc	lw	r30,-4(r30)
 1947  000026bc  4be00000	jr	r31
 1948  000026c0  54000000	nop
 1949  000026c4          	.endproc _min
 1950  000026c4          	.align 2
 1951  000026c4          	.proc _max
 1952  000026c4          	.global _max
 1953  000026c4          	_max:
 1954                      ;  Function 'max'; 0 bytes of locals, 2 regs to save.
 1955  000026c4  afbefffc	sw	-4(r29),r30; push fp
 1956  000026c8  001df020	add	r30,r0,r29; fp = sp
 1957  000026cc  afbffff8	sw	-8(r29),r31; push ret addr
 1958  000026d0  2fbd0010	subui	r29,r29,#16; alloc local storage
 1959  000026d4  afa20000	sw	0(r29),r2
 1960  000026d8  afa30004	sw	4(r29),r3
 1961  000026dc  8fc10000	lw	r1,(r30)
 1962  000026e0  8fc20004	lw	r2,4(r30)
 1963  000026e4  0022182d	sge	r3,r1,r2
 1964  000026e8  14600008	bnez	r3,L111_LF2
 1965  000026ec  54000000	nop; delay slot nop
 1966  000026f0  8fc10004	lw	r1,4(r30)
 1967  000026f4          	L111_LF2:
 1968  000026f4  08000004	j	L110_LF2
 1969  000026f8  54000000	nop; delay slot nop
 1970  000026fc          	L110_LF2:
 1971  000026fc  8fa20000	lw	r2,0(r29)
 1972  00002700  8fa30004	lw	r3,4(r29)
 1973  00002704  8fdffff8	lw	r31,-8(r30)
 1974  00002708  001ee820	add	r29,r0,r30
 1975  0000270c  8fdefffc	lw	r30,-4(r30)
 1976  00002710  4be00000	jr	r31
 1977  00002714  54000000	nop
 1978  00002718          	.endproc _max
 1979                      ;;; Ethan L. Miller, 1999.  Released to the public domain
 1980                      ;;;
 1981                      ;;; Most of the traps are called in files from libtraps.
 1984  00002718          	.align 2
 1985  00002718          	.proc _exit
 1986  00002718          	.global _exit
 1987  00002718          	_exit:
 1988  00002718  44000300	trap	#0x300
 1989  0000271c  4be00000	jr	r31
 1990  00002720  54000000	nop
 1991  00002724          	.endproc _exit
 1993                      ; for the benefit of gcc.
 1994  00002724          	.proc ___main
 1995  00002724          	.global ___main
 1996  00002724          	___main:
 1997  00002724  4be00000	jr	r31
 1998  00002728  54000000	nop
 1999  0000272c          	.endproc ___main
 2000  0000272c          	.text
 2001  0000272c          	.global _etext
 2002  0000272c          	_etext:
 2003  0000272c          	.align 3
 2004  00002730          	.data
 2005  00003270          	.global _edata
 2006  00003270          	_edata:
