 line   address	contents
    1                      ; Linked by DLX-LD.
    2                      ; MemSize 24576
    3                      ; Data size: 206
    4                      ; Text size: 4648
    5                      ; Stack size: 8192
    6  00000000          	.text 0x1000
    7  00001000          	.data 0x3000
    8                      ; Compiled by GCC
    9  00003000          	.text
   10  00001000          	.align 2
   11  00001000          	.proc _isspace
   12  00001000          	.global _isspace
   13  00001000          	_isspace:
   14                      ;  Function 'isspace'; 0 bytes of locals, 1 regs to save.
   15  00001000  afbefffc	sw	-4(r29),r30; push fp
   16  00001004  001df020	add	r30,r0,r29; fp = sp
   17  00001008  afbffff8	sw	-8(r29),r31; push ret addr
   18  0000100c  2fbd0010	subui	r29,r29,#16; alloc local storage
   19  00001010  afa20000	sw	0(r29),r2
   20  00001014  83c20003	lb	r2,3(r30)
   21  00001018  201f0000	addi	r31,r0,#0
   22  0000101c  304100ff	andi	r1,r2,#0x00ff
   23  00001020  60210020	seqi	r1,r1,#32
   24  00001024  14200018	bnez	r1,L6_LF0
   25  00001028  54000000	nop; not filled.
   26  0000102c  2041fff7	addi	r1,r2,#-9
   27  00001030  302100ff	andi	r1,r1,#0x00ff
   28  00001034  70210001	sleui	r1,r1,#1
   29  00001038  10200008	beqz	r1,L5_LF0
   30  0000103c  54000000	nop; not filled.
   31  00001040          	L6_LF0:
   32  00001040  201f0001	addi	r31,r0,#1
   33  00001044          	L5_LF0:
   34  00001044  001f0820	add	r1,r0,r31
   35  00001048  8fa20000	lw	r2,0(r29)
   36  0000104c  8fdffff8	lw	r31,-8(r30)
   37  00001050  001ee820	add	r29,r0,r30
   38  00001054  8fdefffc	lw	r30,-4(r30)
   39  00001058  4be00000	jr	r31
   40  0000105c  54000000	nop
   41  00001060          	.endproc _isspace
   42  00001060          	.align 2
   43  00001060          	.proc _isxdigit
   44  00001060          	.global _isxdigit
   45  00001060          	_isxdigit:
   46                      ;  Function 'isxdigit'; 0 bytes of locals, 1 regs to save.
   47  00001060  afbefffc	sw	-4(r29),r30; push fp
   48  00001064  001df020	add	r30,r0,r29; fp = sp
   49  00001068  afbffff8	sw	-8(r29),r31; push ret addr
   50  0000106c  2fbd0010	subui	r29,r29,#16; alloc local storage
   51  00001070  afa20000	sw	0(r29),r2
   52  00001074  83df0003	lb	r31,3(r30)
   53  00001078  20020000	addi	r2,r0,#0
   54  0000107c  23e1ffd0	addi	r1,r31,#-48
   55  00001080  302100ff	andi	r1,r1,#0x00ff
   56  00001084  70210009	sleui	r1,r1,#9
   57  00001088  14200028	bnez	r1,L12_LF0
   58  0000108c  54000000	nop; not filled.
   59  00001090  23e1ff9f	addi	r1,r31,#-97
   60  00001094  302100ff	andi	r1,r1,#0x00ff
   61  00001098  70210005	sleui	r1,r1,#5
   62  0000109c  14200014	bnez	r1,L12_LF0
   63  000010a0  54000000	nop; not filled.
   64  000010a4  33e100ff	andi	r1,r31,#0x00ff
   65  000010a8  64210041	snei	r1,r1,#65
   66  000010ac  14200008	bnez	r1,L11_LF0
   67  000010b0  54000000	nop; not filled.
   68  000010b4          	L12_LF0:
   69  000010b4  20020001	addi	r2,r0,#1
   70  000010b8          	L11_LF0:
   71  000010b8  00020820	add	r1,r0,r2
   72  000010bc  8fa20000	lw	r2,0(r29)
   73  000010c0  8fdffff8	lw	r31,-8(r30)
   74  000010c4  001ee820	add	r29,r0,r30
   75  000010c8  8fdefffc	lw	r30,-4(r30)
   76  000010cc  4be00000	jr	r31
   77  000010d0  54000000	nop
   78  000010d4          	.endproc _isxdigit
   79  000010d4          	.data
   80  00003000          	.align 2
   81  00003000          	LC0_LF0:
   82  00003000  55736167	.ascii "Usage: \000"
   82  00003004  653a2000	
   83  00003008          	.align 2
   84  00003008          	LC1_LF0:
   85  00003008  203c6861	.ascii " <handle_to_shared_memory_page> <handle_to_page_mapped_semaphore>\n\000"
   85  0000300c  6e646c65	
   85  00003010  5f746f5f	
   85  00003014  73686172	
   85  00003018  65645f6d	
   85  0000301c  656d6f72	
   85  00003020  795f7061	
   85  00003024  67653e20	
   85  00003028  3c68616e	
   85  0000302c  646c655f	
   85  00003030  746f5f70	
   85  00003034  6167655f	
   85  00003038  6d617070	
   85  0000303c  65645f73	
   85  00003040  656d6170	
   85  00003044  686f7265	
   85  00003048  3e0a00  	
   86  0000304b          	.align 2
   87  0000304c          	LC2_LF0:
   88  0000304c  436f756c	.ascii "Could not map virtual address to memory in \000"
   88  00003050  64206e6f	
   88  00003054  74206d61	
   88  00003058  70207669	
   88  0000305c  72747561	
   88  00003060  6c206164	
   88  00003064  64726573	
   88  00003068  7320746f	
   88  0000306c  206d656d	
   88  00003070  6f727920	
   88  00003074  696e2000	
   89  00003078          	.align 2
   90  00003078          	LC3_LF0:
   91  00003078  436f6e73	.ascii "Consumer %d removed: %c\n\000"
   91  0000307c  756d6572	
   91  00003080  20256420	
   91  00003084  72656d6f	
   91  00003088  7665643a	
   91  0000308c  2025630a	
   91  00003090  00      	
   92  00003091          	.align 2
   93  00003094          	LC4_LF0:
   94  00003094  42616420	.ascii "Bad semaphore sem_procs_completed (%d) in \000"
   94  00003098  73656d61	
   94  0000309c  70686f72	
   94  000030a0  65207365	
   94  000030a4  6d5f7072	
   94  000030a8  6f63735f	
   94  000030ac  636f6d70	
   94  000030b0  6c657465	
   94  000030b4  64202825	
   94  000030b8  64292069	
   94  000030bc  6e2000  	
   95  000030bf          	.align 2
   96  000030c0          	LC5_LF0:
   97  000030c0  2c206578	.ascii ", exiting...\n\000"
   97  000030c4  6974696e	
   97  000030c8  672e2e2e	
   97  000030cc  0a00    	
   98  000030ce          	.text
   99  000010d4          	.align 2
  100  000010d4          	.proc _main
  101  000010d4          	.global _main
  102  000010d4          	_main:
  103                      ;  Function 'main'; 0 bytes of locals, 0 regs to save.
  104  000010d4  afbefffc	sw	-4(r29),r30; push fp
  105  000010d8  001df020	add	r30,r0,r29; fp = sp
  106  000010dc  afbffff8	sw	-8(r29),r31; push ret addr
  107  000010e0  2fbd0008	subui	r29,r29,#8; alloc local storage
  108  000010e4  8fc20000	lw	r2,(r30)
  109  000010e8  8fc80004	lw	r8,4(r30)
  110  000010ec  0c001130	jal	___main
  111  000010f0  54000000	nop; not filled.
  112  000010f4  64410006	snei	r1,r2,#6
  113  000010f8  1020004c	beqz	r1,L14_LF0
  114  000010fc  54000000	nop; not filled.
  115  00001100  23bdfff8	addi	r29,r29,#-8
  116  00001104  3c0c0000	lhi	r12,((LC0_LF0)>>16)&0xffff
  117  00001108  258c3000	addui	r12,r12,(LC0_LF0)&0xffff
  118  0000110c  afac0000	sw	(r29),r12
  119  00001110  0c000304	jal	_Printf
  120  00001114  54000000	nop; not filled.
  121  00001118  8d0c0000	lw	r12,(r8)
  122  0000111c  afac0000	sw	(r29),r12
  123  00001120  0c0002f4	jal	_Printf
  124  00001124  54000000	nop; not filled.
  125  00001128  3c0c0000	lhi	r12,((LC1_LF0)>>16)&0xffff
  126  0000112c  258c3008	addui	r12,r12,(LC1_LF0)&0xffff
  127  00001130  afac0000	sw	(r29),r12
  128  00001134  0c0002e0	jal	_Printf
  129  00001138  54000000	nop; not filled.
  130  0000113c  0c00038c	jal	_Exit
  131  00001140  54000000	nop; not filled.
  132  00001144  23bd0008	addi	r29,r29,#8
  133  00001148          	L14_LF0:
  134  00001148  23bdfff0	addi	r29,r29,#-16
  135  0000114c  8d0c0004	lw	r12,4(r8)
  136  00001150  afac0000	sw	(r29),r12
  137  00001154  200c0000	addi	r12,r0,#0
  138  00001158  afac0004	sw	4(r29),r12
  139  0000115c  200c000a	addi	r12,r0,#10
  140  00001160  afac0008	sw	8(r29),r12
  141  00001164  0c000c10	jal	_dstrtol
  142  00001168  54000000	nop; not filled.
  143  0000116c  00015020	add	r10,r0,r1
  144  00001170  8d0c0008	lw	r12,8(r8)
  145  00001174  afac0000	sw	(r29),r12
  146  00001178  200c0000	addi	r12,r0,#0
  147  0000117c  afac0004	sw	4(r29),r12
  148  00001180  200c000a	addi	r12,r0,#10
  149  00001184  afac0008	sw	8(r29),r12
  150  00001188  0c000bec	jal	_dstrtol
  151  0000118c  54000000	nop; not filled.
  152  00001190  00011020	add	r2,r0,r1
  153  00001194  8d0c000c	lw	r12,12(r8)
  154  00001198  afac0000	sw	(r29),r12
  155  0000119c  200c0000	addi	r12,r0,#0
  156  000011a0  afac0004	sw	4(r29),r12
  157  000011a4  200c000a	addi	r12,r0,#10
  158  000011a8  afac0008	sw	8(r29),r12
  159  000011ac  0c000bc8	jal	_dstrtol
  160  000011b0  54000000	nop; not filled.
  161  000011b4  00013020	add	r6,r0,r1
  162  000011b8  8d0c0010	lw	r12,16(r8)
  163  000011bc  afac0000	sw	(r29),r12
  164  000011c0  200c0000	addi	r12,r0,#0
  165  000011c4  afac0004	sw	4(r29),r12
  166  000011c8  200c000a	addi	r12,r0,#10
  167  000011cc  afac0008	sw	8(r29),r12
  168  000011d0  0c000ba4	jal	_dstrtol
  169  000011d4  54000000	nop; not filled.
  170  000011d8  00013820	add	r7,r0,r1
  171  000011dc  8d0c0014	lw	r12,20(r8)
  172  000011e0  afac0000	sw	(r29),r12
  173  000011e4  200c0000	addi	r12,r0,#0
  174  000011e8  afac0004	sw	4(r29),r12
  175  000011ec  200c000a	addi	r12,r0,#10
  176  000011f0  afac0008	sw	8(r29),r12
  177  000011f4  0c000b80	jal	_dstrtol
  178  000011f8  54000000	nop; not filled.
  179  000011fc  00014820	add	r9,r0,r1
  180  00001200  afa20000	sw	(r29),r2
  181  00001204  0c000240	jal	_shmat
  182  00001208  54000000	nop; not filled.
  183  0000120c  00012020	add	r4,r0,r1
  184  00001210  23bd0010	addi	r29,r29,#16
  185  00001214  64810000	snei	r1,r4,#0
  186  00001218  14200038	bnez	r1,L15_LF0
  187  0000121c  54000000	nop; not filled.
  188  00001220  23bdfff8	addi	r29,r29,#-8
  189  00001224  3c0c0000	lhi	r12,((LC2_LF0)>>16)&0xffff
  190  00001228  258c304c	addui	r12,r12,(LC2_LF0)&0xffff
  191  0000122c  afac0000	sw	(r29),r12
  192  00001230  0c0001e4	jal	_Printf
  193  00001234  54000000	nop; not filled.
  194  00001238  8d0c0000	lw	r12,(r8)
  195  0000123c  afac0000	sw	(r29),r12
  196  00001240  0c0001d4	jal	_Printf
  197  00001244  54000000	nop; not filled.
  198  00001248  0c000280	jal	_Exit
  199  0000124c  54000000	nop; not filled.
  200  00001250  23bd0008	addi	r29,r29,#8
  201  00001254          	L15_LF0:
  202  00001254  20050000	addi	r5,r0,#0
  203  00001258  200b0014	addi	r11,r0,#20
  204  0000125c          	L19_LF0:
  205  0000125c  23bdfff8	addi	r29,r29,#-8
  206  00001260  afa60000	sw	(r29),r6
  207  00001264  0c00021c	jal	_lock_acquire
  208  00001268  54000000	nop; not filled.
  209  0000126c  08000024	j	L28_LF0
  210  00001270  54000000	nop; not filled.
  211  00001274          	L24_LF0:
  212  00001274  8c81001c	lw	r1,28(r4)
  213  00001278  64210000	snei	r1,r1,#0
  214  0000127c  1020002c	beqz	r1,L21_LF0
  215  00001280  54000000	nop; not filled.
  216  00001284  23bdfff8	addi	r29,r29,#-8
  217  00001288  afa70000	sw	(r29),r7
  218  0000128c  0c000218	jal	_cond_wait
  219  00001290  54000000	nop; not filled.
  220  00001294          	L28_LF0:
  221  00001294  23bd0008	addi	r29,r29,#8
  222  00001298  8c810014	lw	r1,20(r4)
  223  0000129c  8c820018	lw	r2,24(r4)
  224  000012a0  00220828	seq	r1,r1,r2
  225  000012a4  1420ffcc	bnez	r1,L24_LF0
  226  000012a8  54000000	nop; not filled.
  227  000012ac          	L21_LF0:
  228  000012ac  0c000174	jal	_getpid
  229  000012b0  54000000	nop; not filled.
  230  000012b4  23bdfff0	addi	r29,r29,#-16
  231  000012b8  3c0c0000	lhi	r12,((LC3_LF0)>>16)&0xffff
  232  000012bc  258c3078	addui	r12,r12,(LC3_LF0)&0xffff
  233  000012c0  afac0000	sw	(r29),r12
  234  000012c4  afa10004	sw	4(r29),r1
  235  000012c8  8c810014	lw	r1,20(r4)
  236  000012cc  00810820	add	r1,r4,r1
  237  000012d0  90210000	lbu	r1,(r1)
  238  000012d4  afa10008	sw	8(r29),r1
  239  000012d8  0c00013c	jal	_Printf
  240  000012dc  54000000	nop; not filled.
  241  000012e0  8c810014	lw	r1,20(r4)
  242  000012e4  20230001	addi	r3,r1,#1
  243  000012e8  00600035	movi2fp	f0,r3
  244  000012ec  01600835	movi2fp	f1,r11
  245  000012f0  0401000f	div	f0,f0,f1
  246  000012f4  00001034	movfp2i	r2,f0
  247  000012f8  50410002	slli	r1,r2,#0x2
  248  000012fc  00220820	add	r1,r1,r2
  249  00001300  50210002	slli	r1,r1,#0x2
  250  00001304  00611022	sub	r2,r3,r1
  251  00001308  ac820014	sw	20(r4),r2
  252  0000130c  8c810018	lw	r1,24(r4)
  253  00001310  23bd0010	addi	r29,r29,#16
  254  00001314  00410828	seq	r1,r2,r1
  255  00001318  1020000c	beqz	r1,L25_LF0
  256  0000131c  54000000	nop; not filled.
  257  00001320  200c0001	addi	r12,r0,#1
  258  00001324  ac8c001c	sw	28(r4),r12
  259  00001328          	L25_LF0:
  260  00001328  23bdfff8	addi	r29,r29,#-8
  261  0000132c  afa90000	sw	(r29),r9
  262  00001330  0c000180	jal	_cond_signal
  263  00001334  54000000	nop; not filled.
  264  00001338  afa60000	sw	(r29),r6
  265  0000133c  0c000150	jal	_lock_release
  266  00001340  54000000	nop; not filled.
  267  00001344  23bd0008	addi	r29,r29,#8
  268  00001348  20a50001	addi	r5,r5,#1
  269  0000134c  70a1000a	slei	r1,r5,#10
  270  00001350  1420ff08	bnez	r1,L19_LF0
  271  00001354  54000000	nop; not filled.
  272  00001358  23bdfff8	addi	r29,r29,#-8
  273  0000135c  afaa0000	sw	(r29),r10
  274  00001360  0c000108	jal	_sem_signal
  275  00001364  54000000	nop; not filled.
  276  00001368  23bd0008	addi	r29,r29,#8
  277  0000136c  64210001	snei	r1,r1,#1
  278  00001370  10200050	beqz	r1,L27_LF0
  279  00001374  54000000	nop; not filled.
  280  00001378  23bdfff8	addi	r29,r29,#-8
  281  0000137c  3c0c0000	lhi	r12,((LC4_LF0)>>16)&0xffff
  282  00001380  258c3094	addui	r12,r12,(LC4_LF0)&0xffff
  283  00001384  afac0000	sw	(r29),r12
  284  00001388  afaa0004	sw	4(r29),r10
  285  0000138c  0c000088	jal	_Printf
  286  00001390  54000000	nop; not filled.
  287  00001394  8d080000	lw	r8,(r8)
  288  00001398  afa80000	sw	(r29),r8
  289  0000139c  0c000078	jal	_Printf
  290  000013a0  54000000	nop; not filled.
  291  000013a4  3c0c0000	lhi	r12,((LC5_LF0)>>16)&0xffff
  292  000013a8  258c30c0	addui	r12,r12,(LC5_LF0)&0xffff
  293  000013ac  afac0000	sw	(r29),r12
  294  000013b0  0c000064	jal	_Printf
  295  000013b4  54000000	nop; not filled.
  296  000013b8  0c000110	jal	_Exit
  297  000013bc  54000000	nop; not filled.
  298  000013c0  23bd0008	addi	r29,r29,#8
  299  000013c4          	L27_LF0:
  300  000013c4  20010000	addi	r1,r0,#0
  301  000013c8  0c000e48	jal	_exit
  302  000013cc  54000000	nop
  303  000013d0          	.endproc _main
  304                      ;;;
  305                      ;;; Stub functions for DLX traps.
  306                      ;;;
  307                      ;;; Ethan L. Miller, 1999.  Released to the public domain.
  308                      ;;;
  309                      ;;; The traps such as Open and Close
  310                      ;;; (note the capital letters) are for use by user programs.  The traps
  311                      ;;; with names such as open and close (lower case) are for use by the OS.
  312                      ;;;
  315  000013d0          	.align 2
  317                      ;;; The following are the traps to be used by user-level programs
  318                      ;;;
  320  000013d0          	.align 2
  321  000013d0          	.proc _Open
  322  000013d0          	.global _Open
  323  000013d0          	_Open:
  324                      ;;; Note that trap #0x213 actually causes a trap vector in the OS of
  325                      ;;; 0x1213.  The same is true for other user traps.  Thus, a user trap
  326                      ;;; with trap #0x240 will result in a trap vector of 0x1240 in the OS.
  327  000013d0  44000213	trap	#0x213
  328  000013d4  4be00000	jr	r31
  329  000013d8  54000000	nop
  330  000013dc          	.endproc _Open
  332  000013dc          	.proc _Close
  333  000013dc          	.global _Close
  334  000013dc          	_Close:
  335  000013dc  44000214	trap	#0x214
  336  000013e0  4be00000	jr	r31
  337  000013e4  54000000	nop
  338  000013e8          	.endproc _Close
  340  000013e8          	.proc _Read
  341  000013e8          	.global _Read
  342  000013e8          	_Read:
  343  000013e8  44000210	trap	#0x210
  344  000013ec  4be00000	jr	r31
  345  000013f0  54000000	nop
  346  000013f4          	.endproc _Read
  348  000013f4          	.proc _Write
  349  000013f4          	.global _Write
  350  000013f4          	_Write:
  351  000013f4  44000211	trap	#0x211
  352  000013f8  4be00000	jr	r31
  353  000013fc  54000000	nop
  354  00001400          	.endproc _Write
  356  00001400          	.proc _Lseek
  357  00001400          	.global _Lseek
  358  00001400          	_Lseek:
  359  00001400  44000212	trap	#0x212
  360  00001404  4be00000	jr	r31
  361  00001408  54000000	nop
  362  0000140c          	.endproc _Lseek
  364  0000140c          	.proc _Putchar
  365  0000140c          	.global _Putchar
  366  0000140c          	_Putchar:
  367  0000140c  44000280	trap	#0x280
  368  00001410  4be00000	jr	r31
  369  00001414  54000000	nop
  370  00001418          	.endproc _Putchar
  372  00001418          	.proc _Printf
  373  00001418          	.global _Printf
  374  00001418          	_Printf:
  375  00001418  44000201	trap	#0x201
  376  0000141c  4be00000	jr	r31
  377  00001420  54000000	nop
  378  00001424          	.endproc _Printf
  380  00001424          	.proc _getpid
  381  00001424          	.global _getpid
  382  00001424          	_getpid:
  383  00001424  44000431	trap	#0x431
  384  00001428  4be00000	jr	r31
  385  0000142c  54000000	nop
  386  00001430          	.endproc _getpid
  388  00001430          	.proc _process_create
  389  00001430          	.global _process_create
  390  00001430          	_process_create:
  391  00001430  44000432	trap	#0x432
  392  00001434  4be00000	jr	r31
  393  00001438  54000000	nop
  394  0000143c          	.endproc _process_create
  396  0000143c          	.proc _shmget
  397  0000143c          	.global _shmget
  398  0000143c          	_shmget:
  399  0000143c  44000440	trap	#0x440
  400  00001440  4be00000	jr	r31
  401  00001444  54000000	nop
  402  00001448          	.endproc _shmget
  404  00001448          	.proc _shmat
  405  00001448          	.global _shmat
  406  00001448          	_shmat:
  407  00001448  44000441	trap	#0x441
  408  0000144c  4be00000	jr	r31
  409  00001450  54000000	nop
  410  00001454          	.endproc _shmat
  412  00001454          	.proc _sem_create
  413  00001454          	.global _sem_create
  414  00001454          	_sem_create:
  415  00001454  44000450	trap	#0x450
  416  00001458  4be00000	jr	r31
  417  0000145c  54000000	nop
  418  00001460          	.endproc _sem_create
  420  00001460          	.proc _sem_wait
  421  00001460          	.global _sem_wait
  422  00001460          	_sem_wait:
  423  00001460  44000451	trap	#0x451
  424  00001464  4be00000	jr	r31
  425  00001468  54000000	nop
  426  0000146c          	.endproc _sem_wait
  428  0000146c          	.proc _sem_signal
  429  0000146c          	.global _sem_signal
  430  0000146c          	_sem_signal:
  431  0000146c  44000452	trap	#0x452
  432  00001470  4be00000	jr	r31
  433  00001474  54000000	nop
  434  00001478          	.endproc _sem_signal
  436  00001478          	.proc _lock_create
  437  00001478          	.global _lock_create
  438  00001478          	_lock_create:
  439  00001478  44000453	trap	#0x453
  440  0000147c  4be00000	jr	r31
  441  00001480  54000000	nop
  442  00001484          	.endproc _lock_create
  444  00001484          	.proc _lock_acquire
  445  00001484          	.global _lock_acquire
  446  00001484          	_lock_acquire:
  447  00001484  44000454	trap	#0x454
  448  00001488  4be00000	jr	r31
  449  0000148c  54000000	nop
  450  00001490          	.endproc _lock_acquire
  452  00001490          	.proc _lock_release
  453  00001490          	.global _lock_release
  454  00001490          	_lock_release:
  455  00001490  44000455	trap	#0x455
  456  00001494  4be00000	jr	r31
  457  00001498  54000000	nop
  458  0000149c          	.endproc _lock_release
  460  0000149c          	.proc _cond_create
  461  0000149c          	.global _cond_create
  462  0000149c          	_cond_create:
  463  0000149c  44000456	trap	#0x456
  464  000014a0  4be00000	jr	r31
  465  000014a4  54000000	nop
  466  000014a8          	.endproc _cond_create
  468  000014a8          	.proc _cond_wait
  469  000014a8          	.global _cond_wait
  470  000014a8          	_cond_wait:
  471  000014a8  44000457	trap	#0x457
  472  000014ac  4be00000	jr	r31
  473  000014b0  54000000	nop
  474  000014b4          	.endproc _cond_wait
  476  000014b4          	.proc _cond_signal
  477  000014b4          	.global _cond_signal
  478  000014b4          	_cond_signal:
  479  000014b4  44000458	trap	#0x458
  480  000014b8  4be00000	jr	r31
  481  000014bc  54000000	nop
  482  000014c0          	.endproc _cond_signal
  484  000014c0          	.proc _cond_broadcast
  485  000014c0          	.global _cond_broadcast
  486  000014c0          	_cond_broadcast:
  487  000014c0  44000459	trap	#0x459
  488  000014c4  4be00000	jr	r31
  489  000014c8  54000000	nop
  490  000014cc          	.endproc _cond_broadcast
  492  000014cc          	.proc _Exit
  493  000014cc          	.global _Exit
  494  000014cc          	_Exit:
  495  000014cc  44000500	trap	#0x500
  496  000014d0  4be00000	jr	r31
  497  000014d4  54000000	nop
  498  000014d8          	.endproc _Exit
  499                      ; Compiled by GCC
  501  000014d8          	.align 2
  502  000014d8          	.proc _isspace
  503  000014d8          	.global _isspace
  504  000014d8          	_isspace:
  505                      ;  Function 'isspace'; 0 bytes of locals, 3 regs to save.
  506  000014d8  afbefffc	sw	-4(r29),r30; push fp
  507  000014dc  001df020	add	r30,r0,r29; fp = sp
  508  000014e0  afbffff8	sw	-8(r29),r31; push ret addr
  509  000014e4  2fbd0018	subui	r29,r29,#24; alloc local storage
  510  000014e8  afa20000	sw	0(r29),r2
  511  000014ec  afa30004	sw	4(r29),r3
  512  000014f0  afa40008	sw	8(r29),r4
  513  000014f4  83c20003	lb	r2,3(r30)
  514  000014f8  20010000	addi	r1,r0,#0
  515  000014fc  304300ff	andi	r3,r2,#0x00ff
  516  00001500  60640020	seqi	r4,r3,#32
  517  00001504  1480002c	bnez	r4,L3_LF2
  518  00001508  54000000	nop; delay slot nop
  519  0000150c  304300ff	andi	r3,r2,#0x00ff
  520  00001510  60640009	seqi	r4,r3,#9
  521  00001514  1480001c	bnez	r4,L3_LF2
  522  00001518  54000000	nop; delay slot nop
  523  0000151c  304300ff	andi	r3,r2,#0x00ff
  524  00001520  6064000a	seqi	r4,r3,#10
  525  00001524  1480000c	bnez	r4,L3_LF2
  526  00001528  54000000	nop; delay slot nop
  527  0000152c  08000008	j	L2_LF2
  528  00001530  54000000	nop; delay slot nop
  529  00001534          	L3_LF2:
  530  00001534  20010001	addi	r1,r0,#1
  531  00001538          	L2_LF2:
  532  00001538  08000004	j	L1_LF2
  533  0000153c  54000000	nop; delay slot nop
  534  00001540          	L1_LF2:
  535  00001540  8fa20000	lw	r2,0(r29)
  536  00001544  8fa30004	lw	r3,4(r29)
  537  00001548  8fa40008	lw	r4,8(r29)
  538  0000154c  8fdffff8	lw	r31,-8(r30)
  539  00001550  001ee820	add	r29,r0,r30
  540  00001554  8fdefffc	lw	r30,-4(r30)
  541  00001558  4be00000	jr	r31
  542  0000155c  54000000	nop
  543  00001560          	.endproc _isspace
  544  00001560          	.align 2
  545  00001560          	.proc _isxdigit
  546  00001560          	.global _isxdigit
  547  00001560          	_isxdigit:
  548                      ;  Function 'isxdigit'; 0 bytes of locals, 3 regs to save.
  549  00001560  afbefffc	sw	-4(r29),r30; push fp
  550  00001564  001df020	add	r30,r0,r29; fp = sp
  551  00001568  afbffff8	sw	-8(r29),r31; push ret addr
  552  0000156c  2fbd0018	subui	r29,r29,#24; alloc local storage
  553  00001570  afa20000	sw	0(r29),r2
  554  00001574  afa30004	sw	4(r29),r3
  555  00001578  afa40008	sw	8(r29),r4
  556  0000157c  83c20003	lb	r2,3(r30)
  557  00001580  20010000	addi	r1,r0,#0
  558  00001584  304300ff	andi	r3,r2,#0x00ff
  559  00001588  6c64002f	sgtui	r4,r3,#47
  560  0000158c  1080001c	beqz	r4,L7_LF2
  561  00001590  54000000	nop; delay slot nop
  562  00001594  304300ff	andi	r3,r2,#0x00ff
  563  00001598  70640039	sleui	r4,r3,#57
  564  0000159c  1480005c	bnez	r4,L6_LF2
  565  000015a0  54000000	nop; delay slot nop
  566  000015a4  08000004	j	L7_LF2
  567  000015a8  54000000	nop; delay slot nop
  568  000015ac          	L7_LF2:
  569  000015ac  304300ff	andi	r3,r2,#0x00ff
  570  000015b0  6c640060	sgtui	r4,r3,#96
  571  000015b4  1080001c	beqz	r4,L8_LF2
  572  000015b8  54000000	nop; delay slot nop
  573  000015bc  304300ff	andi	r3,r2,#0x00ff
  574  000015c0  70640066	sleui	r4,r3,#102
  575  000015c4  14800034	bnez	r4,L6_LF2
  576  000015c8  54000000	nop; delay slot nop
  577  000015cc  08000004	j	L8_LF2
  578  000015d0  54000000	nop; delay slot nop
  579  000015d4          	L8_LF2:
  580  000015d4  304300ff	andi	r3,r2,#0x00ff
  581  000015d8  6c640040	sgtui	r4,r3,#64
  582  000015dc  10800020	beqz	r4,L5_LF2
  583  000015e0  54000000	nop; delay slot nop
  584  000015e4  304300ff	andi	r3,r2,#0x00ff
  585  000015e8  70640041	sleui	r4,r3,#65
  586  000015ec  1480000c	bnez	r4,L6_LF2
  587  000015f0  54000000	nop; delay slot nop
  588  000015f4  08000008	j	L5_LF2
  589  000015f8  54000000	nop; delay slot nop
  590  000015fc          	L6_LF2:
  591  000015fc  20010001	addi	r1,r0,#1
  592  00001600          	L5_LF2:
  593  00001600  08000004	j	L4_LF2
  594  00001604  54000000	nop; delay slot nop
  595  00001608          	L4_LF2:
  596  00001608  8fa20000	lw	r2,0(r29)
  597  0000160c  8fa30004	lw	r3,4(r29)
  598  00001610  8fa40008	lw	r4,8(r29)
  599  00001614  8fdffff8	lw	r31,-8(r30)
  600  00001618  001ee820	add	r29,r0,r30
  601  0000161c  8fdefffc	lw	r30,-4(r30)
  602  00001620  4be00000	jr	r31
  603  00001624  54000000	nop
  604  00001628          	.endproc _isxdigit
  605  00001628          	.align 2
  606  00001628          	.proc _dstrcpy
  607  00001628          	.global _dstrcpy
  608  00001628          	_dstrcpy:
  609                      ;  Function 'dstrcpy'; 8 bytes of locals, 2 regs to save.
  610  00001628  afbefffc	sw	-4(r29),r30; push fp
  611  0000162c  001df020	add	r30,r0,r29; fp = sp
  612  00001630  afbffff8	sw	-8(r29),r31; push ret addr
  613  00001634  2fbd0018	subui	r29,r29,#24; alloc local storage
  614  00001638  afa20000	sw	0(r29),r2
  615  0000163c  afa30004	sw	4(r29),r3
  616  00001640  8fc10000	lw	r1,(r30)
  617  00001644  afc1fff4	sw	-12(r30),r1
  618  00001648          	L10_LF2:
  619  00001648  8fc10000	lw	r1,(r30)
  620  0000164c  20220001	addi	r2,r1,#1
  621  00001650  afc20000	sw	(r30),r2
  622  00001654  8fc20004	lw	r2,4(r30)
  623  00001658  20430001	addi	r3,r2,#1
  624  0000165c  afc30004	sw	4(r30),r3
  625  00001660  80420000	lb	r2,(r2)
  626  00001664  a0220000	sb	(r1),r2
  627  00001668  a3c2fff3	sb	-13(r30),r2
  628  0000166c          	L12_LF2:
  629  0000166c  93c1fff3	lbu	r1,-13(r30)
  630  00001670  64220000	snei	r2,r1,#0
  631  00001674  1440000c	bnez	r2,L13_LF2
  632  00001678  54000000	nop; delay slot nop
  633  0000167c  0800000c	j	L11_LF2
  634  00001680  54000000	nop; delay slot nop
  635  00001684          	L13_LF2:
  636  00001684  0bffffc0	j	L10_LF2
  637  00001688  54000000	nop; delay slot nop
  638  0000168c          	L11_LF2:
  639  0000168c  8fc1fff4	lw	r1,-12(r30)
  640  00001690  08000004	j	L9_LF2
  641  00001694  54000000	nop; delay slot nop
  642  00001698          	L9_LF2:
  643  00001698  8fa20000	lw	r2,0(r29)
  644  0000169c  8fa30004	lw	r3,4(r29)
  645  000016a0  8fdffff8	lw	r31,-8(r30)
  646  000016a4  001ee820	add	r29,r0,r30
  647  000016a8  8fdefffc	lw	r30,-4(r30)
  648  000016ac  4be00000	jr	r31
  649  000016b0  54000000	nop
  650  000016b4          	.endproc _dstrcpy
  651  000016b4          	.align 2
  652  000016b4          	.proc _dstrncpy
  653  000016b4          	.global _dstrncpy
  654  000016b4          	_dstrncpy:
  655                      ;  Function 'dstrncpy'; 8 bytes of locals, 2 regs to save.
  656  000016b4  afbefffc	sw	-4(r29),r30; push fp
  657  000016b8  001df020	add	r30,r0,r29; fp = sp
  658  000016bc  afbffff8	sw	-8(r29),r31; push ret addr
  659  000016c0  2fbd0018	subui	r29,r29,#24; alloc local storage
  660  000016c4  afa20000	sw	0(r29),r2
  661  000016c8  afa30004	sw	4(r29),r3
  662  000016cc  8fc10000	lw	r1,(r30)
  663  000016d0  afc1fff4	sw	-12(r30),r1
  664  000016d4          	L15_LF2:
  665  000016d4  8fc10008	lw	r1,8(r30)
  666  000016d8  2022ffff	addi	r2,r1,#-1
  667  000016dc  afc20008	sw	8(r30),r2
  668  000016e0  70210000	slei	r1,r1,#0
  669  000016e4  1020000c	beqz	r1,L18_LF2
  670  000016e8  54000000	nop; delay slot nop
  671  000016ec  08000048	j	L16_LF2
  672  000016f0  54000000	nop; delay slot nop
  673  000016f4          	L18_LF2:
  674  000016f4  8fc10000	lw	r1,(r30)
  675  000016f8  20220001	addi	r2,r1,#1
  676  000016fc  afc20000	sw	(r30),r2
  677  00001700  8fc20004	lw	r2,4(r30)
  678  00001704  20430001	addi	r3,r2,#1
  679  00001708  afc30004	sw	4(r30),r3
  680  0000170c  80420000	lb	r2,(r2)
  681  00001710  a0220000	sb	(r1),r2
  682  00001714  a3c2fff3	sb	-13(r30),r2
  683  00001718          	L17_LF2:
  684  00001718  93c1fff3	lbu	r1,-13(r30)
  685  0000171c  64220000	snei	r2,r1,#0
  686  00001720  1440000c	bnez	r2,L19_LF2
  687  00001724  54000000	nop; delay slot nop
  688  00001728  0800000c	j	L16_LF2
  689  0000172c  54000000	nop; delay slot nop
  690  00001730          	L19_LF2:
  691  00001730  0bffffa0	j	L15_LF2
  692  00001734  54000000	nop; delay slot nop
  693  00001738          	L16_LF2:
  694  00001738  8fc1fff4	lw	r1,-12(r30)
  695  0000173c  08000004	j	L14_LF2
  696  00001740  54000000	nop; delay slot nop
  697  00001744          	L14_LF2:
  698  00001744  8fa20000	lw	r2,0(r29)
  699  00001748  8fa30004	lw	r3,4(r29)
  700  0000174c  8fdffff8	lw	r31,-8(r30)
  701  00001750  001ee820	add	r29,r0,r30
  702  00001754  8fdefffc	lw	r30,-4(r30)
  703  00001758  4be00000	jr	r31
  704  0000175c  54000000	nop
  705  00001760          	.endproc _dstrncpy
  706  00001760          	.align 2
  707  00001760          	.proc _dstrcat
  708  00001760          	.global _dstrcat
  709  00001760          	_dstrcat:
  710                      ;  Function 'dstrcat'; 8 bytes of locals, 1 regs to save.
  711  00001760  afbefffc	sw	-4(r29),r30; push fp
  712  00001764  001df020	add	r30,r0,r29; fp = sp
  713  00001768  afbffff8	sw	-8(r29),r31; push ret addr
  714  0000176c  2fbd0018	subui	r29,r29,#24; alloc local storage
  715  00001770  afa20000	sw	0(r29),r2
  716  00001774  8fc10000	lw	r1,(r30)
  717  00001778  afc1fff4	sw	-12(r30),r1
  718  0000177c          	L21_LF2:
  719  0000177c  8fc10000	lw	r1,(r30)
  720  00001780  90220000	lbu	r2,(r1)
  721  00001784  64410000	snei	r1,r2,#0
  722  00001788  1420000c	bnez	r1,L23_LF2
  723  0000178c  54000000	nop; delay slot nop
  724  00001790  0800001c	j	L22_LF2
  725  00001794  54000000	nop; delay slot nop
  726  00001798          	L23_LF2:
  727  00001798  8fc20000	lw	r2,(r30)
  728  0000179c  20410001	addi	r1,r2,#1
  729  000017a0  00011020	add	r2,r0,r1
  730  000017a4  afc20000	sw	(r30),r2
  731  000017a8  0bffffd0	j	L21_LF2
  732  000017ac  54000000	nop; delay slot nop
  733  000017b0          	L22_LF2:
  734  000017b0  23bdfff8	addi	r29,r29,#-8
  735  000017b4  001d0820	add	r1,r0,r29
  736  000017b8  8fc20000	lw	r2,(r30)
  737  000017bc  ac220000	sw	(r1),r2
  738  000017c0  8fc20004	lw	r2,4(r30)
  739  000017c4  ac220004	sw	4(r1),r2
  740  000017c8  0ffffe5c	jal	_dstrcpy
  741  000017cc  54000000	nop; delay slot nop
  742  000017d0  23bd0008	addi	r29,r29,#8
  743  000017d4  8fc1fff4	lw	r1,-12(r30)
  744  000017d8  08000004	j	L20_LF2
  745  000017dc  54000000	nop; delay slot nop
  746  000017e0          	L20_LF2:
  747  000017e0  8fa20000	lw	r2,0(r29)
  748  000017e4  8fdffff8	lw	r31,-8(r30)
  749  000017e8  001ee820	add	r29,r0,r30
  750  000017ec  8fdefffc	lw	r30,-4(r30)
  751  000017f0  4be00000	jr	r31
  752  000017f4  54000000	nop
  753  000017f8          	.endproc _dstrcat
  754  000017f8          	.align 2
  755  000017f8          	.proc _dstrncmp
  756  000017f8          	.global _dstrncmp
  757  000017f8          	_dstrncmp:
  758                      ;  Function 'dstrncmp'; 8 bytes of locals, 2 regs to save.
  759  000017f8  afbefffc	sw	-4(r29),r30; push fp
  760  000017fc  001df020	add	r30,r0,r29; fp = sp
  761  00001800  afbffff8	sw	-8(r29),r31; push ret addr
  762  00001804  2fbd0018	subui	r29,r29,#24; alloc local storage
  763  00001808  afa20000	sw	0(r29),r2
  764  0000180c  afa30004	sw	4(r29),r3
  765  00001810  54000000	nop
  766  00001814  20010000	addi	r1,r0,#0
  767  00001818  afc1fff4	sw	-12(r30),r1
  768  0000181c          	L25_LF2:
  769  0000181c  8fc1fff4	lw	r1,-12(r30)
  770  00001820  8fc20008	lw	r2,8(r30)
  771  00001824  0022082a	slt	r1,r1,r2
  772  00001828  1420000c	bnez	r1,L28_LF2
  773  0000182c  54000000	nop; delay slot nop
  774  00001830  08000088	j	L26_LF2
  775  00001834  54000000	nop; delay slot nop
  776  00001838          	L28_LF2:
  777  00001838  8fc10004	lw	r1,4(r30)
  778  0000183c  90220000	lbu	r2,(r1)
  779  00001840  64410000	snei	r1,r2,#0
  780  00001844  14200018	bnez	r1,L29_LF2
  781  00001848  54000000	nop; delay slot nop
  782  0000184c  20010000	addi	r1,r0,#0
  783  00001850  080000d8	j	L24_LF2
  784  00001854  54000000	nop; delay slot nop
  785  00001858  08000028	j	L30_LF2
  786  0000185c  54000000	nop; delay slot nop
  787  00001860          	L29_LF2:
  788  00001860  8fc10000	lw	r1,(r30)
  789  00001864  8fc20004	lw	r2,4(r30)
  790  00001868  90210000	lbu	r1,(r1)
  791  0000186c  90420000	lbu	r2,(r2)
  792  00001870  00220829	sne	r1,r1,r2
  793  00001874  1020000c	beqz	r1,L30_LF2
  794  00001878  54000000	nop; delay slot nop
  795  0000187c  0800003c	j	L26_LF2
  796  00001880  54000000	nop; delay slot nop
  797  00001884          	L31_LF2:
  798  00001884          	L30_LF2:
  799  00001884  8fc20000	lw	r2,(r30)
  800  00001888  20410001	addi	r1,r2,#1
  801  0000188c  00011020	add	r2,r0,r1
  802  00001890  afc20000	sw	(r30),r2
  803  00001894  8fc20004	lw	r2,4(r30)
  804  00001898  20410001	addi	r1,r2,#1
  805  0000189c  00011020	add	r2,r0,r1
  806  000018a0  afc20004	sw	4(r30),r2
  807  000018a4          	L27_LF2:
  808  000018a4  8fc2fff4	lw	r2,-12(r30)
  809  000018a8  20410001	addi	r1,r2,#1
  810  000018ac  00011020	add	r2,r0,r1
  811  000018b0  afc2fff4	sw	-12(r30),r2
  812  000018b4  0bffff64	j	L25_LF2
  813  000018b8  54000000	nop; delay slot nop
  814  000018bc          	L26_LF2:
  815  000018bc  8fc1fff4	lw	r1,-12(r30)
  816  000018c0  8fc20008	lw	r2,8(r30)
  817  000018c4  00220828	seq	r1,r1,r2
  818  000018c8  10200018	beqz	r1,L32_LF2
  819  000018cc  54000000	nop; delay slot nop
  820  000018d0  20010000	addi	r1,r0,#0
  821  000018d4  08000054	j	L24_LF2
  822  000018d8  54000000	nop; delay slot nop
  823  000018dc  0800004c	j	L33_LF2
  824  000018e0  54000000	nop; delay slot nop
  825  000018e4          	L32_LF2:
  826  000018e4  8fc20000	lw	r2,(r30)
  827  000018e8  90410000	lbu	r1,(r2)
  828  000018ec  8fc20004	lw	r2,4(r30)
  829  000018f0  90430000	lbu	r3,(r2)
  830  000018f4  00230822	sub	r1,r1,r3
  831  000018f8  74220000	sgei	r2,r1,#0
  832  000018fc  10400020	beqz	r2,L34_LF2
  833  00001900  54000000	nop; delay slot nop
  834  00001904  8fc10000	lw	r1,(r30)
  835  00001908  8fc20004	lw	r2,4(r30)
  836  0000190c  90210000	lbu	r1,(r1)
  837  00001910  90420000	lbu	r2,(r2)
  838  00001914  00220829	sne	r1,r1,r2
  839  00001918  08000008	j	L35_LF2
  840  0000191c  54000000	nop; delay slot nop
  841  00001920          	L34_LF2:
  842  00001920  2001ffff	addi	r1,r0,#-1
  843  00001924          	L35_LF2:
  844  00001924  08000004	j	L24_LF2
  845  00001928  54000000	nop; delay slot nop
  846  0000192c          	L33_LF2:
  847  0000192c          	L24_LF2:
  848  0000192c  8fa20000	lw	r2,0(r29)
  849  00001930  8fa30004	lw	r3,4(r29)
  850  00001934  8fdffff8	lw	r31,-8(r30)
  851  00001938  001ee820	add	r29,r0,r30
  852  0000193c  8fdefffc	lw	r30,-4(r30)
  853  00001940  4be00000	jr	r31
  854  00001944  54000000	nop
  855  00001948          	.endproc _dstrncmp
  856  00001948          	.align 2
  857  00001948          	.proc _dstrlen
  858  00001948          	.global _dstrlen
  859  00001948          	_dstrlen:
  860                      ;  Function 'dstrlen'; 8 bytes of locals, 1 regs to save.
  861  00001948  afbefffc	sw	-4(r29),r30; push fp
  862  0000194c  001df020	add	r30,r0,r29; fp = sp
  863  00001950  afbffff8	sw	-8(r29),r31; push ret addr
  864  00001954  2fbd0018	subui	r29,r29,#24; alloc local storage
  865  00001958  afa20000	sw	0(r29),r2
  866  0000195c  20010000	addi	r1,r0,#0
  867  00001960  afc1fff4	sw	-12(r30),r1
  868  00001964          	L37_LF2:
  869  00001964  8fc10000	lw	r1,(r30)
  870  00001968  20220001	addi	r2,r1,#1
  871  0000196c  afc20000	sw	(r30),r2
  872  00001970  90210000	lbu	r1,(r1)
  873  00001974  64220000	snei	r2,r1,#0
  874  00001978  1440000c	bnez	r2,L39_LF2
  875  0000197c  54000000	nop; delay slot nop
  876  00001980  0800001c	j	L38_LF2
  877  00001984  54000000	nop; delay slot nop
  878  00001988          	L39_LF2:
  879  00001988  8fc2fff4	lw	r2,-12(r30)
  880  0000198c  20410001	addi	r1,r2,#1
  881  00001990  00011020	add	r2,r0,r1
  882  00001994  afc2fff4	sw	-12(r30),r2
  883  00001998  0bffffc8	j	L37_LF2
  884  0000199c  54000000	nop; delay slot nop
  885  000019a0          	L38_LF2:
  886  000019a0  8fc1fff4	lw	r1,-12(r30)
  887  000019a4  08000004	j	L36_LF2
  888  000019a8  54000000	nop; delay slot nop
  889  000019ac          	L36_LF2:
  890  000019ac  8fa20000	lw	r2,0(r29)
  891  000019b0  8fdffff8	lw	r31,-8(r30)
  892  000019b4  001ee820	add	r29,r0,r30
  893  000019b8  8fdefffc	lw	r30,-4(r30)
  894  000019bc  4be00000	jr	r31
  895  000019c0  54000000	nop
  896  000019c4          	.endproc _dstrlen
  897  000019c4          	.align 2
  898  000019c4          	.proc _dstrstr
  899  000019c4          	.global _dstrstr
  900  000019c4          	_dstrstr:
  901                      ;  Function 'dstrstr'; 8 bytes of locals, 1 regs to save.
  902  000019c4  afbefffc	sw	-4(r29),r30; push fp
  903  000019c8  001df020	add	r30,r0,r29; fp = sp
  904  000019cc  afbffff8	sw	-8(r29),r31; push ret addr
  905  000019d0  2fbd0018	subui	r29,r29,#24; alloc local storage
  906  000019d4  afa20000	sw	0(r29),r2
  907  000019d8  23bdfff8	addi	r29,r29,#-8
  908  000019dc  001d0820	add	r1,r0,r29
  909  000019e0  8fc20004	lw	r2,4(r30)
  910  000019e4  ac220000	sw	(r1),r2
  911  000019e8  0fffff5c	jal	_dstrlen
  912  000019ec  54000000	nop; delay slot nop
  913  000019f0  23bd0008	addi	r29,r29,#8
  914  000019f4  afc1fff4	sw	-12(r30),r1
  915  000019f8          	L41_LF2:
  916  000019f8  8fc10000	lw	r1,(r30)
  917  000019fc  90220000	lbu	r2,(r1)
  918  00001a00  64410000	snei	r1,r2,#0
  919  00001a04  1420000c	bnez	r1,L43_LF2
  920  00001a08  54000000	nop; delay slot nop
  921  00001a0c  08000060	j	L42_LF2
  922  00001a10  54000000	nop; delay slot nop
  923  00001a14          	L43_LF2:
  924  00001a14  23bdfff0	addi	r29,r29,#-16
  925  00001a18  001d0820	add	r1,r0,r29
  926  00001a1c  8fc20000	lw	r2,(r30)
  927  00001a20  ac220000	sw	(r1),r2
  928  00001a24  8fc20004	lw	r2,4(r30)
  929  00001a28  ac220004	sw	4(r1),r2
  930  00001a2c  8fc2fff4	lw	r2,-12(r30)
  931  00001a30  ac220008	sw	8(r1),r2
  932  00001a34  0ffffdc0	jal	_dstrncmp
  933  00001a38  54000000	nop; delay slot nop
  934  00001a3c  23bd0010	addi	r29,r29,#16
  935  00001a40  64220000	snei	r2,r1,#0
  936  00001a44  14400010	bnez	r2,L44_LF2
  937  00001a48  54000000	nop; delay slot nop
  938  00001a4c  8fc10000	lw	r1,(r30)
  939  00001a50  08000028	j	L40_LF2
  940  00001a54  54000000	nop; delay slot nop
  941  00001a58          	L44_LF2:
  942  00001a58  8fc20000	lw	r2,(r30)
  943  00001a5c  20410001	addi	r1,r2,#1
  944  00001a60  00011020	add	r2,r0,r1
  945  00001a64  afc20000	sw	(r30),r2
  946  00001a68  0bffff8c	j	L41_LF2
  947  00001a6c  54000000	nop; delay slot nop
  948  00001a70          	L42_LF2:
  949  00001a70  20010000	addi	r1,r0,#0
  950  00001a74  08000004	j	L40_LF2
  951  00001a78  54000000	nop; delay slot nop
  952  00001a7c          	L40_LF2:
  953  00001a7c  8fa20000	lw	r2,0(r29)
  954  00001a80  8fdffff8	lw	r31,-8(r30)
  955  00001a84  001ee820	add	r29,r0,r30
  956  00001a88  8fdefffc	lw	r30,-4(r30)
  957  00001a8c  4be00000	jr	r31
  958  00001a90  54000000	nop
  959  00001a94          	.endproc _dstrstr
  960  00001a94          	.align 2
  961  00001a94          	.proc _dmindex
  962  00001a94          	.global _dmindex
  963  00001a94          	_dmindex:
  964                      ;  Function 'dmindex'; 8 bytes of locals, 1 regs to save.
  965  00001a94  afbefffc	sw	-4(r29),r30; push fp
  966  00001a98  001df020	add	r30,r0,r29; fp = sp
  967  00001a9c  afbffff8	sw	-8(r29),r31; push ret addr
  968  00001aa0  2fbd0018	subui	r29,r29,#24; alloc local storage
  969  00001aa4  afa20000	sw	0(r29),r2
  970  00001aa8  54000000	nop
  971  00001aac          	L46_LF2:
  972  00001aac  8fc10000	lw	r1,(r30)
  973  00001ab0  90220000	lbu	r2,(r1)
  974  00001ab4  64410000	snei	r1,r2,#0
  975  00001ab8  1420000c	bnez	r1,L48_LF2
  976  00001abc  54000000	nop; delay slot nop
  977  00001ac0  08000070	j	L47_LF2
  978  00001ac4  54000000	nop; delay slot nop
  979  00001ac8          	L48_LF2:
  980  00001ac8  8fc10004	lw	r1,4(r30)
  981  00001acc  afc1fff4	sw	-12(r30),r1
  982  00001ad0          	L49_LF2:
  983  00001ad0  8fc1fff4	lw	r1,-12(r30)
  984  00001ad4  90220000	lbu	r2,(r1)
  985  00001ad8  64410000	snei	r1,r2,#0
  986  00001adc  1420000c	bnez	r1,L52_LF2
  987  00001ae0  54000000	nop; delay slot nop
  988  00001ae4  08000044	j	L50_LF2
  989  00001ae8  54000000	nop; delay slot nop
  990  00001aec          	L52_LF2:
  991  00001aec  8fc10000	lw	r1,(r30)
  992  00001af0  8fc2fff4	lw	r2,-12(r30)
  993  00001af4  90210000	lbu	r1,(r1)
  994  00001af8  90420000	lbu	r2,(r2)
  995  00001afc  00220828	seq	r1,r1,r2
  996  00001b00  10200010	beqz	r1,L51_LF2
  997  00001b04  54000000	nop; delay slot nop
  998  00001b08  8fc10000	lw	r1,(r30)
  999  00001b0c  08000030	j	L45_LF2
 1000  00001b10  54000000	nop; delay slot nop
 1001  00001b14          	L53_LF2:
 1002  00001b14          	L51_LF2:
 1003  00001b14  8fc2fff4	lw	r2,-12(r30)
 1004  00001b18  20410001	addi	r1,r2,#1
 1005  00001b1c  00011020	add	r2,r0,r1
 1006  00001b20  afc2fff4	sw	-12(r30),r2
 1007  00001b24  0bffffa8	j	L49_LF2
 1008  00001b28  54000000	nop; delay slot nop
 1009  00001b2c          	L50_LF2:
 1010  00001b2c  0bffff7c	j	L46_LF2
 1011  00001b30  54000000	nop; delay slot nop
 1012  00001b34          	L47_LF2:
 1013  00001b34  20010000	addi	r1,r0,#0
 1014  00001b38  08000004	j	L45_LF2
 1015  00001b3c  54000000	nop; delay slot nop
 1016  00001b40          	L45_LF2:
 1017  00001b40  8fa20000	lw	r2,0(r29)
 1018  00001b44  8fdffff8	lw	r31,-8(r30)
 1019  00001b48  001ee820	add	r29,r0,r30
 1020  00001b4c  8fdefffc	lw	r30,-4(r30)
 1021  00001b50  4be00000	jr	r31
 1022  00001b54  54000000	nop
 1023  00001b58          	.endproc _dmindex
 1024  00001b58          	.align 2
 1025  00001b58          	.proc _dindex
 1026  00001b58          	.global _dindex
 1027  00001b58          	_dindex:
 1028                      ;  Function 'dindex'; 0 bytes of locals, 1 regs to save.
 1029  00001b58  afbefffc	sw	-4(r29),r30; push fp
 1030  00001b5c  001df020	add	r30,r0,r29; fp = sp
 1031  00001b60  afbffff8	sw	-8(r29),r31; push ret addr
 1032  00001b64  2fbd0010	subui	r29,r29,#16; alloc local storage
 1033  00001b68  afa20000	sw	0(r29),r2
 1034  00001b6c  54000000	nop
 1035  00001b70          	L55_LF2:
 1036  00001b70  8fc10000	lw	r1,(r30)
 1037  00001b74  90220000	lbu	r2,(r1)
 1038  00001b78  64410000	snei	r1,r2,#0
 1039  00001b7c  1420000c	bnez	r1,L57_LF2
 1040  00001b80  54000000	nop; delay slot nop
 1041  00001b84  08000040	j	L56_LF2
 1042  00001b88  54000000	nop; delay slot nop
 1043  00001b8c          	L57_LF2:
 1044  00001b8c  8fc10000	lw	r1,(r30)
 1045  00001b90  90220000	lbu	r2,(r1)
 1046  00001b94  8fc10004	lw	r1,4(r30)
 1047  00001b98  00411028	seq	r2,r2,r1
 1048  00001b9c  10400010	beqz	r2,L58_LF2
 1049  00001ba0  54000000	nop; delay slot nop
 1050  00001ba4  8fc10000	lw	r1,(r30)
 1051  00001ba8  08000028	j	L54_LF2
 1052  00001bac  54000000	nop; delay slot nop
 1053  00001bb0          	L58_LF2:
 1054  00001bb0  8fc20000	lw	r2,(r30)
 1055  00001bb4  20410001	addi	r1,r2,#1
 1056  00001bb8  00011020	add	r2,r0,r1
 1057  00001bbc  afc20000	sw	(r30),r2
 1058  00001bc0  0bffffac	j	L55_LF2
 1059  00001bc4  54000000	nop; delay slot nop
 1060  00001bc8          	L56_LF2:
 1061  00001bc8  20010000	addi	r1,r0,#0
 1062  00001bcc  08000004	j	L54_LF2
 1063  00001bd0  54000000	nop; delay slot nop
 1064  00001bd4          	L54_LF2:
 1065  00001bd4  8fa20000	lw	r2,0(r29)
 1066  00001bd8  8fdffff8	lw	r31,-8(r30)
 1067  00001bdc  001ee820	add	r29,r0,r30
 1068  00001be0  8fdefffc	lw	r30,-4(r30)
 1069  00001be4  4be00000	jr	r31
 1070  00001be8  54000000	nop
 1071  00001bec          	.endproc _dindex
 1072  00001bec          	.align 2
 1073  00001bec          	.proc _ditoa
 1074  00001bec          	.global _ditoa
 1075  00001bec          	_ditoa:
 1076                      ;  Function 'ditoa'; 8 bytes of locals, 2 regs to save.
 1077  00001bec  afbefffc	sw	-4(r29),r30; push fp
 1078  00001bf0  001df020	add	r30,r0,r29; fp = sp
 1079  00001bf4  afbffff8	sw	-8(r29),r31; push ret addr
 1080  00001bf8  2fbd0018	subui	r29,r29,#24; alloc local storage
 1081  00001bfc  afa20000	sw	0(r29),r2
 1082  00001c00  afa30004	sw	4(r29),r3
 1083  00001c04  8fc10000	lw	r1,(r30)
 1084  00001c08  68220000	slti	r2,r1,#0
 1085  00001c0c  1040002c	beqz	r2,L60_LF2
 1086  00001c10  54000000	nop; delay slot nop
 1087  00001c14  8fc10004	lw	r1,4(r30)
 1088  00001c18  20220001	addi	r2,r1,#1
 1089  00001c1c  afc20004	sw	4(r30),r2
 1090  00001c20  2002002d	addi	r2,r0,(#0x2d)&0xff
 1091  00001c24  a0220000	sb	(r1),r2
 1092  00001c28  8fc10000	lw	r1,(r30)
 1093  00001c2c  00011022	sub	r2,r0,r1
 1094  00001c30  afc20000	sw	(r30),r2
 1095  00001c34  08000118	j	L61_LF2
 1096  00001c38  54000000	nop; delay slot nop
 1097  00001c3c          	L60_LF2:
 1098  00001c3c  8fc10000	lw	r1,(r30)
 1099  00001c40  64220000	snei	r2,r1,#0
 1100  00001c44  14400020	bnez	r2,L62_LF2
 1101  00001c48  54000000	nop; delay slot nop
 1102  00001c4c  8fc10004	lw	r1,4(r30)
 1103  00001c50  20220001	addi	r2,r1,#1
 1104  00001c54  afc20004	sw	4(r30),r2
 1105  00001c58  20020030	addi	r2,r0,(#0x30)&0xff
 1106  00001c5c  a0220000	sb	(r1),r2
 1107  00001c60  080000ec	j	L61_LF2
 1108  00001c64  54000000	nop; delay slot nop
 1109  00001c68          	L62_LF2:
 1110  00001c68  20010001	addi	r1,r0,#1
 1111  00001c6c  afc1fff4	sw	-12(r30),r1
 1112  00001c70          	L64_LF2:
 1113  00001c70  8fc1fff4	lw	r1,-12(r30)
 1114  00001c74  8fc20000	lw	r2,(r30)
 1115  00001c78  0022082c	sle	r1,r1,r2
 1116  00001c7c  1420000c	bnez	r1,L66_LF2
 1117  00001c80  54000000	nop; delay slot nop
 1118  00001c84  08000024	j	L65_LF2
 1119  00001c88  54000000	nop; delay slot nop
 1120  00001c8c          	L67_LF2:
 1121  00001c8c          	L66_LF2:
 1122  00001c8c  8fc1fff4	lw	r1,-12(r30)
 1123  00001c90  00011820	add	r3,r0,r1
 1124  00001c94  50620002	slli	r2,r3,#0x2
 1125  00001c98  00411020	add	r2,r2,r1
 1126  00001c9c  50410001	slli	r1,r2,#0x1
 1127  00001ca0  afc1fff4	sw	-12(r30),r1
 1128  00001ca4  0bffffc8	j	L64_LF2
 1129  00001ca8  54000000	nop; delay slot nop
 1130  00001cac          	L65_LF2:
 1131  00001cac  54000000	nop
 1132  00001cb0          	L68_LF2:
 1133  00001cb0  8fc1fff4	lw	r1,-12(r30)
 1134  00001cb4  2002000a	addi	r2,r0,#10
 1135  00001cb8  00200035	movi2fp	f0,r1
 1136  00001cbc  00400835	movi2fp	f1,r2
 1137  00001cc0  0401000f	div	f0,f0,f1
 1138  00001cc4  00000834	movfp2i	r1,f0
 1139  00001cc8  afc1fff4	sw	-12(r30),r1
 1140  00001ccc  8fc10004	lw	r1,4(r30)
 1141  00001cd0  20220001	addi	r2,r1,#1
 1142  00001cd4  afc20004	sw	4(r30),r2
 1143  00001cd8  8fc20000	lw	r2,(r30)
 1144  00001cdc  8fc3fff4	lw	r3,-12(r30)
 1145  00001ce0  00400035	movi2fp	f0,r2
 1146  00001ce4  00600835	movi2fp	f1,r3
 1147  00001ce8  0401000f	div	f0,f0,f1
 1148  00001cec  00001034	movfp2i	r2,f0
 1149  00001cf0  00021820	add	r3,r0,r2
 1150  00001cf4  20620030	addi	r2,r3,#48
 1151  00001cf8  a0220000	sb	(r1),r2
 1152  00001cfc  8fc10000	lw	r1,(r30)
 1153  00001d00  8fc3fff4	lw	r3,-12(r30)
 1154  00001d04  00200035	movi2fp	f0,r1
 1155  00001d08  00600835	movi2fp	f1,r3
 1156  00001d0c  0401000f	div	f0,f0,f1
 1157  00001d10  00001034	movfp2i	r2,f0
 1158  00001d14  8fc3fff4	lw	r3,-12(r30)
 1159  00001d18  00400035	movi2fp	f0,r2
 1160  00001d1c  00600835	movi2fp	f1,r3
 1161  00001d20  0401000e	mult	f0,f0,f1
 1162  00001d24  00001034	movfp2i	r2,f0
 1163  00001d28  00220822	sub	r1,r1,r2
 1164  00001d2c  afc10000	sw	(r30),r1
 1165  00001d30          	L70_LF2:
 1166  00001d30  8fc1fff4	lw	r1,-12(r30)
 1167  00001d34  6c220001	sgti	r2,r1,#1
 1168  00001d38  1440000c	bnez	r2,L71_LF2
 1169  00001d3c  54000000	nop; delay slot nop
 1170  00001d40  0800000c	j	L61_LF2
 1171  00001d44  54000000	nop; delay slot nop
 1172  00001d48          	L71_LF2:
 1173  00001d48  0bffff64	j	L68_LF2
 1174  00001d4c  54000000	nop; delay slot nop
 1175  00001d50          	L69_LF2:
 1176  00001d50          	L63_LF2:
 1177  00001d50          	L61_LF2:
 1178  00001d50  8fc10004	lw	r1,4(r30)
 1179  00001d54  20020000	addi	r2,r0,(#0x0)&0xff
 1180  00001d58  a0220000	sb	(r1),r2
 1181  00001d5c          	L59_LF2:
 1182  00001d5c  8fa20000	lw	r2,0(r29)
 1183  00001d60  8fa30004	lw	r3,4(r29)
 1184  00001d64  8fdffff8	lw	r31,-8(r30)
 1185  00001d68  001ee820	add	r29,r0,r30
 1186  00001d6c  8fdefffc	lw	r30,-4(r30)
 1187  00001d70  4be00000	jr	r31
 1188  00001d74  54000000	nop
 1189  00001d78          	.endproc _ditoa
 1190  00001d78          	.align 2
 1191  00001d78          	.proc _dstrtol
 1192  00001d78          	.global _dstrtol
 1193  00001d78          	_dstrtol:
 1194                      ;  Function 'dstrtol'; 16 bytes of locals, 1 regs to save.
 1195  00001d78  afbefffc	sw	-4(r29),r30; push fp
 1196  00001d7c  001df020	add	r30,r0,r29; fp = sp
 1197  00001d80  afbffff8	sw	-8(r29),r31; push ret addr
 1198  00001d84  2fbd0020	subui	r29,r29,#32; alloc local storage
 1199  00001d88  afa20000	sw	0(r29),r2
 1200  00001d8c  20010000	addi	r1,r0,#0
 1201  00001d90  afc1fff4	sw	-12(r30),r1
 1202  00001d94          	L73_LF2:
 1203  00001d94  8fc10000	lw	r1,(r30)
 1204  00001d98  90220000	lbu	r2,(r1)
 1205  00001d9c  60410020	seqi	r1,r2,#32
 1206  00001da0  14200034	bnez	r1,L75_LF2
 1207  00001da4  54000000	nop; delay slot nop
 1208  00001da8  8fc10000	lw	r1,(r30)
 1209  00001dac  90220000	lbu	r2,(r1)
 1210  00001db0  60410009	seqi	r1,r2,#9
 1211  00001db4  14200020	bnez	r1,L75_LF2
 1212  00001db8  54000000	nop; delay slot nop
 1213  00001dbc  8fc10000	lw	r1,(r30)
 1214  00001dc0  90220000	lbu	r2,(r1)
 1215  00001dc4  6041000a	seqi	r1,r2,#10
 1216  00001dc8  1420000c	bnez	r1,L75_LF2
 1217  00001dcc  54000000	nop; delay slot nop
 1218  00001dd0  0800001c	j	L74_LF2
 1219  00001dd4  54000000	nop; delay slot nop
 1220  00001dd8          	L75_LF2:
 1221  00001dd8  8fc20000	lw	r2,(r30)
 1222  00001ddc  20410001	addi	r1,r2,#1
 1223  00001de0  00011020	add	r2,r0,r1
 1224  00001de4  afc20000	sw	(r30),r2
 1225  00001de8  0bffffa8	j	L73_LF2
 1226  00001dec  54000000	nop; delay slot nop
 1227  00001df0          	L74_LF2:
 1228  00001df0  8fc10004	lw	r1,4(r30)
 1229  00001df4  64220000	snei	r2,r1,#0
 1230  00001df8  10400010	beqz	r2,L76_LF2
 1231  00001dfc  54000000	nop; delay slot nop
 1232  00001e00  8fc10004	lw	r1,4(r30)
 1233  00001e04  8fc20000	lw	r2,(r30)
 1234  00001e08  ac220000	sw	(r1),r2
 1235  00001e0c          	L76_LF2:
 1236  00001e0c  8fc10000	lw	r1,(r30)
 1237  00001e10  90220000	lbu	r2,(r1)
 1238  00001e14  64410000	snei	r1,r2,#0
 1239  00001e18  14200010	bnez	r1,L77_LF2
 1240  00001e1c  54000000	nop; delay slot nop
 1241  00001e20  8fc1fff4	lw	r1,-12(r30)
 1242  00001e24  08000294	j	L72_LF2
 1243  00001e28  54000000	nop; delay slot nop
 1244  00001e2c          	L77_LF2:
 1245  00001e2c  8fc10000	lw	r1,(r30)
 1246  00001e30  90220000	lbu	r2,(r1)
 1247  00001e34  6041002d	seqi	r1,r2,#45
 1248  00001e38  10200024	beqz	r1,L78_LF2
 1249  00001e3c  54000000	nop; delay slot nop
 1250  00001e40  2001ffff	addi	r1,r0,#-1
 1251  00001e44  afc1ffec	sw	-20(r30),r1
 1252  00001e48  8fc20000	lw	r2,(r30)
 1253  00001e4c  20410001	addi	r1,r2,#1
 1254  00001e50  00011020	add	r2,r0,r1
 1255  00001e54  afc20000	sw	(r30),r2
 1256  00001e58  0800000c	j	L79_LF2
 1257  00001e5c  54000000	nop; delay slot nop
 1258  00001e60          	L78_LF2:
 1259  00001e60  20010001	addi	r1,r0,#1
 1260  00001e64  afc1ffec	sw	-20(r30),r1
 1261  00001e68          	L79_LF2:
 1262  00001e68  8fc10008	lw	r1,8(r30)
 1263  00001e6c  64220000	snei	r2,r1,#0
 1264  00001e70  14400090	bnez	r2,L80_LF2
 1265  00001e74  54000000	nop; delay slot nop
 1266  00001e78  8fc10000	lw	r1,(r30)
 1267  00001e7c  90220000	lbu	r2,(r1)
 1268  00001e80  60410030	seqi	r1,r2,#48
 1269  00001e84  10200074	beqz	r1,L81_LF2
 1270  00001e88  54000000	nop; delay slot nop
 1271  00001e8c  8fc20000	lw	r2,(r30)
 1272  00001e90  20410001	addi	r1,r2,#1
 1273  00001e94  00011020	add	r2,r0,r1
 1274  00001e98  afc20000	sw	(r30),r2
 1275  00001e9c  8fc10000	lw	r1,(r30)
 1276  00001ea0  90220000	lbu	r2,(r1)
 1277  00001ea4  60410078	seqi	r1,r2,#120
 1278  00001ea8  14200020	bnez	r1,L83_LF2
 1279  00001eac  54000000	nop; delay slot nop
 1280  00001eb0  8fc10000	lw	r1,(r30)
 1281  00001eb4  90220000	lbu	r2,(r1)
 1282  00001eb8  60410058	seqi	r1,r2,#88
 1283  00001ebc  1420000c	bnez	r1,L83_LF2
 1284  00001ec0  54000000	nop; delay slot nop
 1285  00001ec4  08000024	j	L82_LF2
 1286  00001ec8  54000000	nop; delay slot nop
 1287  00001ecc          	L83_LF2:
 1288  00001ecc  20010010	addi	r1,r0,#16
 1289  00001ed0  afc10008	sw	8(r30),r1
 1290  00001ed4  8fc20000	lw	r2,(r30)
 1291  00001ed8  20410001	addi	r1,r2,#1
 1292  00001edc  00011020	add	r2,r0,r1
 1293  00001ee0  afc20000	sw	(r30),r2
 1294  00001ee4  0800000c	j	L84_LF2
 1295  00001ee8  54000000	nop; delay slot nop
 1296  00001eec          	L82_LF2:
 1297  00001eec  20010008	addi	r1,r0,#8
 1298  00001ef0  afc10008	sw	8(r30),r1
 1299  00001ef4          	L84_LF2:
 1300  00001ef4  0800000c	j	L80_LF2
 1301  00001ef8  54000000	nop; delay slot nop
 1302  00001efc          	L81_LF2:
 1303  00001efc  2001000a	addi	r1,r0,#10
 1304  00001f00  afc10008	sw	8(r30),r1
 1305  00001f04          	L85_LF2:
 1306  00001f04          	L80_LF2:
 1307  00001f04  8fc10008	lw	r1,8(r30)
 1308  00001f08  70220000	slei	r2,r1,#0
 1309  00001f0c  1440001c	bnez	r2,L87_LF2
 1310  00001f10  54000000	nop; delay slot nop
 1311  00001f14  8fc10008	lw	r1,8(r30)
 1312  00001f18  6c220010	sgti	r2,r1,#16
 1313  00001f1c  1440000c	bnez	r2,L87_LF2
 1314  00001f20  54000000	nop; delay slot nop
 1315  00001f24  08000010	j	L86_LF2
 1316  00001f28  54000000	nop; delay slot nop
 1317  00001f2c          	L87_LF2:
 1318  00001f2c  8fc1fff4	lw	r1,-12(r30)
 1319  00001f30  08000188	j	L72_LF2
 1320  00001f34  54000000	nop; delay slot nop
 1321  00001f38          	L86_LF2:
 1322  00001f38  54000000	nop
 1323  00001f3c          	L88_LF2:
 1324  00001f3c  8fc10000	lw	r1,(r30)
 1325  00001f40  90220000	lbu	r2,(r1)
 1326  00001f44  6c41002f	sgtui	r1,r2,#47
 1327  00001f48  10200030	beqz	r1,L91_LF2
 1328  00001f4c  54000000	nop; delay slot nop
 1329  00001f50  8fc10000	lw	r1,(r30)
 1330  00001f54  90220000	lbu	r2,(r1)
 1331  00001f58  70410039	sleui	r1,r2,#57
 1332  00001f5c  1020001c	beqz	r1,L91_LF2
 1333  00001f60  54000000	nop; delay slot nop
 1334  00001f64  8fc10000	lw	r1,(r30)
 1335  00001f68  90220000	lbu	r2,(r1)
 1336  00001f6c  2041ffd0	addi	r1,r2,#-48
 1337  00001f70  afc1fff0	sw	-16(r30),r1
 1338  00001f74  0800008c	j	L92_LF2
 1339  00001f78  54000000	nop; delay slot nop
 1340  00001f7c          	L91_LF2:
 1341  00001f7c  8fc10000	lw	r1,(r30)
 1342  00001f80  90220000	lbu	r2,(r1)
 1343  00001f84  6c410060	sgtui	r1,r2,#96
 1344  00001f88  10200030	beqz	r1,L93_LF2
 1345  00001f8c  54000000	nop; delay slot nop
 1346  00001f90  8fc10000	lw	r1,(r30)
 1347  00001f94  90220000	lbu	r2,(r1)
 1348  00001f98  7041007a	sleui	r1,r2,#122
 1349  00001f9c  1020001c	beqz	r1,L93_LF2
 1350  00001fa0  54000000	nop; delay slot nop
 1351  00001fa4  8fc10000	lw	r1,(r30)
 1352  00001fa8  90220000	lbu	r2,(r1)
 1353  00001fac  2041ffa9	addi	r1,r2,#-87
 1354  00001fb0  afc1fff0	sw	-16(r30),r1
 1355  00001fb4  0800004c	j	L92_LF2
 1356  00001fb8  54000000	nop; delay slot nop
 1357  00001fbc          	L93_LF2:
 1358  00001fbc  8fc10000	lw	r1,(r30)
 1359  00001fc0  90220000	lbu	r2,(r1)
 1360  00001fc4  6c410040	sgtui	r1,r2,#64
 1361  00001fc8  10200030	beqz	r1,L95_LF2
 1362  00001fcc  54000000	nop; delay slot nop
 1363  00001fd0  8fc10000	lw	r1,(r30)
 1364  00001fd4  90220000	lbu	r2,(r1)
 1365  00001fd8  7041005a	sleui	r1,r2,#90
 1366  00001fdc  1020001c	beqz	r1,L95_LF2
 1367  00001fe0  54000000	nop; delay slot nop
 1368  00001fe4  8fc10000	lw	r1,(r30)
 1369  00001fe8  90220000	lbu	r2,(r1)
 1370  00001fec  2041ffc9	addi	r1,r2,#-55
 1371  00001ff0  afc1fff0	sw	-16(r30),r1
 1372  00001ff4  0800000c	j	L92_LF2
 1373  00001ff8  54000000	nop; delay slot nop
 1374  00001ffc          	L95_LF2:
 1375  00001ffc  200103e8	addi	r1,r0,#1000
 1376  00002000  afc1fff0	sw	-16(r30),r1
 1377  00002004          	L96_LF2:
 1378  00002004          	L94_LF2:
 1379  00002004          	L92_LF2:
 1380  00002004  8fc1fff0	lw	r1,-16(r30)
 1381  00002008  8fc20008	lw	r2,8(r30)
 1382  0000200c  0022082a	slt	r1,r1,r2
 1383  00002010  10200040	beqz	r1,L90_LF2
 1384  00002014  54000000	nop; delay slot nop
 1385  00002018  8fc1fff4	lw	r1,-12(r30)
 1386  0000201c  8fc20008	lw	r2,8(r30)
 1387  00002020  00200035	movi2fp	f0,r1
 1388  00002024  00400835	movi2fp	f1,r2
 1389  00002028  0401000e	mult	f0,f0,f1
 1390  0000202c  00000834	movfp2i	r1,f0
 1391  00002030  afc1fff4	sw	-12(r30),r1
 1392  00002034  8fc1fff4	lw	r1,-12(r30)
 1393  00002038  8fc2fff0	lw	r2,-16(r30)
 1394  0000203c  00220820	add	r1,r1,r2
 1395  00002040  afc1fff4	sw	-12(r30),r1
 1396  00002044  8fc20000	lw	r2,(r30)
 1397  00002048  20410001	addi	r1,r2,#1
 1398  0000204c  00011020	add	r2,r0,r1
 1399  00002050  afc20000	sw	(r30),r2
 1400  00002054          	L97_LF2:
 1401  00002054          	L90_LF2:
 1402  00002054  8fc1fff0	lw	r1,-16(r30)
 1403  00002058  8fc20008	lw	r2,8(r30)
 1404  0000205c  0022082a	slt	r1,r1,r2
 1405  00002060  1420000c	bnez	r1,L98_LF2
 1406  00002064  54000000	nop; delay slot nop
 1407  00002068  0800000c	j	L89_LF2
 1408  0000206c  54000000	nop; delay slot nop
 1409  00002070          	L98_LF2:
 1410  00002070  0bfffec8	j	L88_LF2
 1411  00002074  54000000	nop; delay slot nop
 1412  00002078          	L89_LF2:
 1413  00002078  8fc10004	lw	r1,4(r30)
 1414  0000207c  64220000	snei	r2,r1,#0
 1415  00002080  10400010	beqz	r2,L99_LF2
 1416  00002084  54000000	nop; delay slot nop
 1417  00002088  8fc10004	lw	r1,4(r30)
 1418  0000208c  8fc20000	lw	r2,(r30)
 1419  00002090  ac220000	sw	(r1),r2
 1420  00002094          	L99_LF2:
 1421  00002094  8fc1fff4	lw	r1,-12(r30)
 1422  00002098  8fc2ffec	lw	r2,-20(r30)
 1423  0000209c  00200035	movi2fp	f0,r1
 1424  000020a0  00400835	movi2fp	f1,r2
 1425  000020a4  0401000e	mult	f0,f0,f1
 1426  000020a8  00000834	movfp2i	r1,f0
 1427  000020ac  afc1fff4	sw	-12(r30),r1
 1428  000020b0  8fc1fff4	lw	r1,-12(r30)
 1429  000020b4  08000004	j	L72_LF2
 1430  000020b8  54000000	nop; delay slot nop
 1431  000020bc          	L72_LF2:
 1432  000020bc  8fa20000	lw	r2,0(r29)
 1433  000020c0  8fdffff8	lw	r31,-8(r30)
 1434  000020c4  001ee820	add	r29,r0,r30
 1435  000020c8  8fdefffc	lw	r30,-4(r30)
 1436  000020cc  4be00000	jr	r31
 1437  000020d0  54000000	nop
 1438  000020d4          	.endproc _dstrtol
 1439  000020d4          	.align 2
 1440  000020d4          	.proc _bcopy
 1441  000020d4          	.global _bcopy
 1442  000020d4          	_bcopy:
 1443                      ;  Function 'bcopy'; 0 bytes of locals, 2 regs to save.
 1444  000020d4  afbefffc	sw	-4(r29),r30; push fp
 1445  000020d8  001df020	add	r30,r0,r29; fp = sp
 1446  000020dc  afbffff8	sw	-8(r29),r31; push ret addr
 1447  000020e0  2fbd0010	subui	r29,r29,#16; alloc local storage
 1448  000020e4  afa20000	sw	0(r29),r2
 1449  000020e8  afa30004	sw	4(r29),r3
 1450  000020ec  54000000	nop
 1451  000020f0          	L101_LF2:
 1452  000020f0  8fc10008	lw	r1,8(r30)
 1453  000020f4  2022ffff	addi	r2,r1,#-1
 1454  000020f8  afc20008	sw	8(r30),r2
 1455  000020fc  6c210000	sgti	r1,r1,#0
 1456  00002100  1420000c	bnez	r1,L103_LF2
 1457  00002104  54000000	nop; delay slot nop
 1458  00002108  0800002c	j	L102_LF2
 1459  0000210c  54000000	nop; delay slot nop
 1460  00002110          	L103_LF2:
 1461  00002110  8fc10004	lw	r1,4(r30)
 1462  00002114  20220001	addi	r2,r1,#1
 1463  00002118  afc20004	sw	4(r30),r2
 1464  0000211c  8fc20000	lw	r2,(r30)
 1465  00002120  20430001	addi	r3,r2,#1
 1466  00002124  afc30000	sw	(r30),r3
 1467  00002128  80420000	lb	r2,(r2)
 1468  0000212c  a0220000	sb	(r1),r2
 1469  00002130  0bffffbc	j	L101_LF2
 1470  00002134  54000000	nop; delay slot nop
 1471  00002138          	L102_LF2:
 1472  00002138          	L100_LF2:
 1473  00002138  8fa20000	lw	r2,0(r29)
 1474  0000213c  8fa30004	lw	r3,4(r29)
 1475  00002140  8fdffff8	lw	r31,-8(r30)
 1476  00002144  001ee820	add	r29,r0,r30
 1477  00002148  8fdefffc	lw	r30,-4(r30)
 1478  0000214c  4be00000	jr	r31
 1479  00002150  54000000	nop
 1480  00002154          	.endproc _bcopy
 1481  00002154          	.align 2
 1482  00002154          	.proc _bzero
 1483  00002154          	.global _bzero
 1484  00002154          	_bzero:
 1485                      ;  Function 'bzero'; 0 bytes of locals, 1 regs to save.
 1486  00002154  afbefffc	sw	-4(r29),r30; push fp
 1487  00002158  001df020	add	r30,r0,r29; fp = sp
 1488  0000215c  afbffff8	sw	-8(r29),r31; push ret addr
 1489  00002160  2fbd0010	subui	r29,r29,#16; alloc local storage
 1490  00002164  afa20000	sw	0(r29),r2
 1491  00002168  54000000	nop
 1492  0000216c          	L105_LF2:
 1493  0000216c  8fc10004	lw	r1,4(r30)
 1494  00002170  2022ffff	addi	r2,r1,#-1
 1495  00002174  afc20004	sw	4(r30),r2
 1496  00002178  6c210000	sgti	r1,r1,#0
 1497  0000217c  1420000c	bnez	r1,L107_LF2
 1498  00002180  54000000	nop; delay slot nop
 1499  00002184  08000020	j	L106_LF2
 1500  00002188  54000000	nop; delay slot nop
 1501  0000218c          	L107_LF2:
 1502  0000218c  8fc10000	lw	r1,(r30)
 1503  00002190  20220001	addi	r2,r1,#1
 1504  00002194  afc20000	sw	(r30),r2
 1505  00002198  20020000	addi	r2,r0,(#0x0)&0xff
 1506  0000219c  a0220000	sb	(r1),r2
 1507  000021a0  0bffffc8	j	L105_LF2
 1508  000021a4  54000000	nop; delay slot nop
 1509  000021a8          	L106_LF2:
 1510  000021a8          	L104_LF2:
 1511  000021a8  8fa20000	lw	r2,0(r29)
 1512  000021ac  8fdffff8	lw	r31,-8(r30)
 1513  000021b0  001ee820	add	r29,r0,r30
 1514  000021b4  8fdefffc	lw	r30,-4(r30)
 1515  000021b8  4be00000	jr	r31
 1516  000021bc  54000000	nop
 1517  000021c0          	.endproc _bzero
 1518  000021c0          	.align 2
 1519  000021c0          	.proc _min
 1520  000021c0          	.global _min
 1521  000021c0          	_min:
 1522                      ;  Function 'min'; 0 bytes of locals, 2 regs to save.
 1523  000021c0  afbefffc	sw	-4(r29),r30; push fp
 1524  000021c4  001df020	add	r30,r0,r29; fp = sp
 1525  000021c8  afbffff8	sw	-8(r29),r31; push ret addr
 1526  000021cc  2fbd0010	subui	r29,r29,#16; alloc local storage
 1527  000021d0  afa20000	sw	0(r29),r2
 1528  000021d4  afa30004	sw	4(r29),r3
 1529  000021d8  8fc10000	lw	r1,(r30)
 1530  000021dc  8fc20004	lw	r2,4(r30)
 1531  000021e0  0022182c	sle	r3,r1,r2
 1532  000021e4  14600008	bnez	r3,L109_LF2
 1533  000021e8  54000000	nop; delay slot nop
 1534  000021ec  8fc10004	lw	r1,4(r30)
 1535  000021f0          	L109_LF2:
 1536  000021f0  08000004	j	L108_LF2
 1537  000021f4  54000000	nop; delay slot nop
 1538  000021f8          	L108_LF2:
 1539  000021f8  8fa20000	lw	r2,0(r29)
 1540  000021fc  8fa30004	lw	r3,4(r29)
 1541  00002200  8fdffff8	lw	r31,-8(r30)
 1542  00002204  001ee820	add	r29,r0,r30
 1543  00002208  8fdefffc	lw	r30,-4(r30)
 1544  0000220c  4be00000	jr	r31
 1545  00002210  54000000	nop
 1546  00002214          	.endproc _min
 1547                      ;;; Ethan L. Miller, 1999.  Released to the public domain
 1548                      ;;;
 1549                      ;;; Most of the traps are called in files from libtraps.
 1552  00002214          	.align 2
 1553  00002214          	.proc _exit
 1554  00002214          	.global _exit
 1555  00002214          	_exit:
 1556  00002214  44000300	trap	#0x300
 1557  00002218  4be00000	jr	r31
 1558  0000221c  54000000	nop
 1559  00002220          	.endproc _exit
 1561                      ; for the benefit of gcc.
 1562  00002220          	.proc ___main
 1563  00002220          	.global ___main
 1564  00002220          	___main:
 1565  00002220  4be00000	jr	r31
 1566  00002224  54000000	nop
 1567  00002228          	.endproc ___main
 1568  00002228          	.text
 1569  00002228          	.global _etext
 1570  00002228          	_etext:
 1571  00002228          	.align 3
 1572  00002228          	.data
 1573  000030ce          	.global _edata
 1574  000030ce          	_edata:
