 line   address	contents
    1                      ; Linked by DLX-LD.
    2                      ; MemSize 24576
    3                      ; Data size: 326
    4                      ; Text size: 5224
    5                      ; Stack size: 8192
    6  00000000          	.text 0x1000
    7  00001000          	.data 0x3000
    8                      ; Compiled by GCC
    9  00003000          	.text
   10  00001000          	.align 2
   11  00001000          	.proc _isspace
   12  00001000          	.global _isspace
   13  00001000          	_isspace:
   14                      ;  Function 'isspace'; 0 bytes of locals, 1 regs to save.
   15  00001000  afbefffc	sw	-4(r29),r30; push fp
   16  00001004  001df020	add	r30,r0,r29; fp = sp
   17  00001008  afbffff8	sw	-8(r29),r31; push ret addr
   18  0000100c  2fbd0010	subui	r29,r29,#16; alloc local storage
   19  00001010  afa20000	sw	0(r29),r2
   20  00001014  83c20003	lb	r2,3(r30)
   21  00001018  201f0000	addi	r31,r0,#0
   22  0000101c  304100ff	andi	r1,r2,#0x00ff
   23  00001020  60210020	seqi	r1,r1,#32
   24  00001024  14200018	bnez	r1,L6_LF0
   25  00001028  54000000	nop; not filled.
   26  0000102c  2041fff7	addi	r1,r2,#-9
   27  00001030  302100ff	andi	r1,r1,#0x00ff
   28  00001034  70210001	sleui	r1,r1,#1
   29  00001038  10200008	beqz	r1,L5_LF0
   30  0000103c  54000000	nop; not filled.
   31  00001040          	L6_LF0:
   32  00001040  201f0001	addi	r31,r0,#1
   33  00001044          	L5_LF0:
   34  00001044  001f0820	add	r1,r0,r31
   35  00001048  8fa20000	lw	r2,0(r29)
   36  0000104c  8fdffff8	lw	r31,-8(r30)
   37  00001050  001ee820	add	r29,r0,r30
   38  00001054  8fdefffc	lw	r30,-4(r30)
   39  00001058  4be00000	jr	r31
   40  0000105c  54000000	nop
   41  00001060          	.endproc _isspace
   42  00001060          	.align 2
   43  00001060          	.proc _isxdigit
   44  00001060          	.global _isxdigit
   45  00001060          	_isxdigit:
   46                      ;  Function 'isxdigit'; 0 bytes of locals, 1 regs to save.
   47  00001060  afbefffc	sw	-4(r29),r30; push fp
   48  00001064  001df020	add	r30,r0,r29; fp = sp
   49  00001068  afbffff8	sw	-8(r29),r31; push ret addr
   50  0000106c  2fbd0010	subui	r29,r29,#16; alloc local storage
   51  00001070  afa20000	sw	0(r29),r2
   52  00001074  83df0003	lb	r31,3(r30)
   53  00001078  20020000	addi	r2,r0,#0
   54  0000107c  23e1ffd0	addi	r1,r31,#-48
   55  00001080  302100ff	andi	r1,r1,#0x00ff
   56  00001084  70210009	sleui	r1,r1,#9
   57  00001088  14200028	bnez	r1,L12_LF0
   58  0000108c  54000000	nop; not filled.
   59  00001090  23e1ff9f	addi	r1,r31,#-97
   60  00001094  302100ff	andi	r1,r1,#0x00ff
   61  00001098  70210005	sleui	r1,r1,#5
   62  0000109c  14200014	bnez	r1,L12_LF0
   63  000010a0  54000000	nop; not filled.
   64  000010a4  33e100ff	andi	r1,r31,#0x00ff
   65  000010a8  64210041	snei	r1,r1,#65
   66  000010ac  14200008	bnez	r1,L11_LF0
   67  000010b0  54000000	nop; not filled.
   68  000010b4          	L12_LF0:
   69  000010b4  20020001	addi	r2,r0,#1
   70  000010b8          	L11_LF0:
   71  000010b8  00020820	add	r1,r0,r2
   72  000010bc  8fa20000	lw	r2,0(r29)
   73  000010c0  8fdffff8	lw	r31,-8(r30)
   74  000010c4  001ee820	add	r29,r0,r30
   75  000010c8  8fdefffc	lw	r30,-4(r30)
   76  000010cc  4be00000	jr	r31
   77  000010d0  54000000	nop
   78  000010d4          	.endproc _isxdigit
   79  000010d4          	.data
   80  00003000          	.align 2
   81  00003000          	LC0_LF0:
   82  00003000  496e636f	.ascii "Incorrect number of arguments (%d) for %s\n\000"
   82  00003004  72726563	
   82  00003008  74206e75	
   82  0000300c  6d626572	
   82  00003010  206f6620	
   82  00003014  61726775	
   82  00003018  6d656e74	
   82  0000301c  73202825	
   82  00003020  64292066	
   82  00003024  6f722025	
   82  00003028  730a00  	
   83  0000302b          	.align 2
   84  0000302c          	LC1_LF0:
   85  0000302c  436f756c	.ascii "Could not open mbox_CO (%d) in\000"
   85  00003030  64206e6f	
   85  00003034  74206f70	
   85  00003038  656e206d	
   85  0000303c  626f785f	
   85  00003040  434f2028	
   85  00003044  25642920	
   85  00003048  696e00  	
   86  0000304b          	.align 2
   87  0000304c          	LC2_LF0:
   88  0000304c  436f756c	.ascii "Could not open mbox_02 (%d) in\000"
   88  00003050  64206e6f	
   88  00003054  74206f70	
   88  00003058  656e206d	
   88  0000305c  626f785f	
   88  00003060  30322028	
   88  00003064  25642920	
   88  00003068  696e00  	
   89  0000306b          	.align 2
   90  0000306c          	LC3_LF0:
   91  0000306c  436f756c	.ascii "Could not open mbox_C2 (%d) in\000"
   91  00003070  64206e6f	
   91  00003074  74206f70	
   91  00003078  656e206d	
   91  0000307c  626f785f	
   91  00003080  43322028	
   91  00003084  25642920	
   91  00003088  696e00  	
   92  0000308b          	.align 2
   93  0000308c          	LC4_LF0:
   94  0000308c  42616420	.ascii "Bad mailbox recv in %s, PID: %d\nExiting...\n\000"
   94  00003090  6d61696c	
   94  00003094  626f7820	
   94  00003098  72656376	
   94  0000309c  20696e20	
   94  000030a0  25732c20	
   94  000030a4  5049443a	
   94  000030a8  2025640a	
   94  000030ac  45786974	
   94  000030b0  696e672e	
   94  000030b4  2e2e0a00	
   95  000030b8          	.align 2
   96  000030b8          	LC5_LF0:
   97  000030b8  4572726f	.ascii "Error, incorrect message rx\nExiting...\n\000"
   97  000030bc  722c2069	
   97  000030c0  6e636f72	
   97  000030c4  72656374	
   97  000030c8  206d6573	
   97  000030cc  73616765	
   97  000030d0  2072780a	
   97  000030d4  45786974	
   97  000030d8  696e672e	
   97  000030dc  2e2e0a00	
   98  000030e0          	.align 2
   99  000030e0          	LC6_LF0:
  100  000030e0  28256429	.ascii "(%d) 4 CO -> 2 O2 + 2 C2 Reacted, PID: %d\n\000"
  100  000030e4  20342043	
  100  000030e8  4f202d3e	
  100  000030ec  2032204f	
  100  000030f0  32202b20	
  100  000030f4  32204332	
  100  000030f8  20526561	
  100  000030fc  63746564	
  100  00003100  2c205049	
  100  00003104  443a2025	
  100  00003108  640a00  	
  101  0000310b          	.align 2
  102  0000310c          	LC7_LF0:
  103  0000310c  42616420	.ascii "Bad semaphore sem_procs_completed (%d) in \000"
  103  00003110  73656d61	
  103  00003114  70686f72	
  103  00003118  65207365	
  103  0000311c  6d5f7072	
  103  00003120  6f63735f	
  103  00003124  636f6d70	
  103  00003128  6c657465	
  103  0000312c  64202825	
  103  00003130  64292069	
  103  00003134  6e2000  	
  104  00003137          	.align 2
  105  00003138          	LC8_LF0:
  106  00003138  2c206578	.ascii ", exiting...\n\000"
  106  0000313c  6974696e	
  106  00003140  672e2e2e	
  106  00003144  0a00    	
  107  00003146          	.text
  108  000010d4          	.align 2
  109  000010d4          	.proc _main
  110  000010d4          	.global _main
  111  000010d4          	_main:
  112                      ;  Function 'main'; 8 bytes of locals, 0 regs to save.
  113  000010d4  afbefffc	sw	-4(r29),r30; push fp
  114  000010d8  001df020	add	r30,r0,r29; fp = sp
  115  000010dc  afbffff8	sw	-8(r29),r31; push ret addr
  116  000010e0  2fbd0010	subui	r29,r29,#16; alloc local storage
  117  000010e4  8fc20000	lw	r2,(r30)
  118  000010e8  8fc50004	lw	r5,4(r30)
  119  000010ec  0c001370	jal	___main
  120  000010f0  54000000	nop; not filled.
  121  000010f4  64410006	snei	r1,r2,#6
  122  000010f8  10200034	beqz	r1,L14_LF0
  123  000010fc  54000000	nop; not filled.
  124  00001100  23bdfff0	addi	r29,r29,#-16
  125  00001104  3c0d0000	lhi	r13,((LC0_LF0)>>16)&0xffff
  126  00001108  25ad3000	addui	r13,r13,(LC0_LF0)&0xffff
  127  0000110c  afad0000	sw	(r29),r13
  128  00001110  afa20004	sw	4(r29),r2
  129  00001114  8cad0000	lw	r13,(r5)
  130  00001118  afad0008	sw	8(r29),r13
  131  0000111c  0c000490	jal	_Printf
  132  00001120  54000000	nop; not filled.
  133  00001124  0c000590	jal	_Exit
  134  00001128  54000000	nop; not filled.
  135  0000112c  23bd0010	addi	r29,r29,#16
  136  00001130          	L14_LF0:
  137  00001130  23bdfff0	addi	r29,r29,#-16
  138  00001134  8cad0004	lw	r13,4(r5)
  139  00001138  afad0000	sw	(r29),r13
  140  0000113c  200d0000	addi	r13,r0,#0
  141  00001140  afad0004	sw	4(r29),r13
  142  00001144  200d000a	addi	r13,r0,#10
  143  00001148  afad0008	sw	8(r29),r13
  144  0000114c  0c000e14	jal	_dstrtol
  145  00001150  54000000	nop; not filled.
  146  00001154  00016020	add	r12,r0,r1
  147  00001158  8cad0008	lw	r13,8(r5)
  148  0000115c  afad0000	sw	(r29),r13
  149  00001160  200d0000	addi	r13,r0,#0
  150  00001164  afad0004	sw	4(r29),r13
  151  00001168  200d000a	addi	r13,r0,#10
  152  0000116c  afad0008	sw	8(r29),r13
  153  00001170  0c000df0	jal	_dstrtol
  154  00001174  54000000	nop; not filled.
  155  00001178  00015020	add	r10,r0,r1
  156  0000117c  8cad000c	lw	r13,12(r5)
  157  00001180  afad0000	sw	(r29),r13
  158  00001184  200d0000	addi	r13,r0,#0
  159  00001188  afad0004	sw	4(r29),r13
  160  0000118c  200d000a	addi	r13,r0,#10
  161  00001190  afad0008	sw	8(r29),r13
  162  00001194  0c000dcc	jal	_dstrtol
  163  00001198  54000000	nop; not filled.
  164  0000119c  00014820	add	r9,r0,r1
  165  000011a0  8cad0010	lw	r13,16(r5)
  166  000011a4  afad0000	sw	(r29),r13
  167  000011a8  200d0000	addi	r13,r0,#0
  168  000011ac  afad0004	sw	4(r29),r13
  169  000011b0  200d000a	addi	r13,r0,#10
  170  000011b4  afad0008	sw	8(r29),r13
  171  000011b8  0c000da8	jal	_dstrtol
  172  000011bc  54000000	nop; not filled.
  173  000011c0  00014020	add	r8,r0,r1
  174  000011c4  8cad0014	lw	r13,20(r5)
  175  000011c8  afad0000	sw	(r29),r13
  176  000011cc  200d0000	addi	r13,r0,#0
  177  000011d0  afad0004	sw	4(r29),r13
  178  000011d4  200d000a	addi	r13,r0,#10
  179  000011d8  afad0008	sw	8(r29),r13
  180  000011dc  0c000d84	jal	_dstrtol
  181  000011e0  54000000	nop; not filled.
  182  000011e4  00015820	add	r11,r0,r1
  183  000011e8  afaa0000	sw	(r29),r10
  184  000011ec  0c000480	jal	_mbox_open
  185  000011f0  54000000	nop; not filled.
  186  000011f4  23bd0010	addi	r29,r29,#16
  187  000011f8  6021ffff	seqi	r1,r1,#-1
  188  000011fc  1020003c	beqz	r1,L15_LF0
  189  00001200  54000000	nop; not filled.
  190  00001204  23bdfff8	addi	r29,r29,#-8
  191  00001208  3c0d0000	lhi	r13,((LC1_LF0)>>16)&0xffff
  192  0000120c  25ad302c	addui	r13,r13,(LC1_LF0)&0xffff
  193  00001210  afad0000	sw	(r29),r13
  194  00001214  afaa0004	sw	4(r29),r10
  195  00001218  0c000394	jal	_Printf
  196  0000121c  54000000	nop; not filled.
  197  00001220  8cad0000	lw	r13,(r5)
  198  00001224  afad0000	sw	(r29),r13
  199  00001228  0c000384	jal	_Printf
  200  0000122c  54000000	nop; not filled.
  201  00001230  0c000484	jal	_Exit
  202  00001234  54000000	nop; not filled.
  203  00001238  23bd0008	addi	r29,r29,#8
  204  0000123c          	L15_LF0:
  205  0000123c  23bdfff8	addi	r29,r29,#-8
  206  00001240  afa90000	sw	(r29),r9
  207  00001244  0c000428	jal	_mbox_open
  208  00001248  54000000	nop; not filled.
  209  0000124c  23bd0008	addi	r29,r29,#8
  210  00001250  6021ffff	seqi	r1,r1,#-1
  211  00001254  1020003c	beqz	r1,L16_LF0
  212  00001258  54000000	nop; not filled.
  213  0000125c  23bdfff8	addi	r29,r29,#-8
  214  00001260  3c0d0000	lhi	r13,((LC2_LF0)>>16)&0xffff
  215  00001264  25ad304c	addui	r13,r13,(LC2_LF0)&0xffff
  216  00001268  afad0000	sw	(r29),r13
  217  0000126c  afa90004	sw	4(r29),r9
  218  00001270  0c00033c	jal	_Printf
  219  00001274  54000000	nop; not filled.
  220  00001278  8cad0000	lw	r13,(r5)
  221  0000127c  afad0000	sw	(r29),r13
  222  00001280  0c00032c	jal	_Printf
  223  00001284  54000000	nop; not filled.
  224  00001288  0c00042c	jal	_Exit
  225  0000128c  54000000	nop; not filled.
  226  00001290  23bd0008	addi	r29,r29,#8
  227  00001294          	L16_LF0:
  228  00001294  23bdfff8	addi	r29,r29,#-8
  229  00001298  afa80000	sw	(r29),r8
  230  0000129c  0c0003d0	jal	_mbox_open
  231  000012a0  54000000	nop; not filled.
  232  000012a4  23bd0008	addi	r29,r29,#8
  233  000012a8  6021ffff	seqi	r1,r1,#-1
  234  000012ac  1020003c	beqz	r1,L17_LF0
  235  000012b0  54000000	nop; not filled.
  236  000012b4  23bdfff8	addi	r29,r29,#-8
  237  000012b8  3c0d0000	lhi	r13,((LC3_LF0)>>16)&0xffff
  238  000012bc  25ad306c	addui	r13,r13,(LC3_LF0)&0xffff
  239  000012c0  afad0000	sw	(r29),r13
  240  000012c4  afa80004	sw	4(r29),r8
  241  000012c8  0c0002e4	jal	_Printf
  242  000012cc  54000000	nop; not filled.
  243  000012d0  8cad0000	lw	r13,(r5)
  244  000012d4  afad0000	sw	(r29),r13
  245  000012d8  0c0002d4	jal	_Printf
  246  000012dc  54000000	nop; not filled.
  247  000012e0  0c0003d4	jal	_Exit
  248  000012e4  54000000	nop; not filled.
  249  000012e8  23bd0008	addi	r29,r29,#8
  250  000012ec          	L17_LF0:
  251  000012ec  200d0001	addi	r13,r0,#1
  252  000012f0  afcdfff0	sw	-16(r30),r13
  253  000012f4  20040000	addi	r4,r0,#0
  254  000012f8  008b082a	slt	r1,r4,r11
  255  000012fc  102001f0	beqz	r1,L19_LF0
  256  00001300  54000000	nop; not filled.
  257  00001304  23c7fff4	addi	r7,r30,#-12
  258  00001308  23c6fff0	addi	r6,r30,#-16
  259  0000130c          	L20_LF0:
  260  0000130c  200d0000	addi	r13,r0,#0
  261  00001310  afcdfff4	sw	-12(r30),r13
  262  00001314  20030000	addi	r3,r0,#0
  263  00001318          	L24_LF0:
  264  00001318  23bdfff0	addi	r29,r29,#-16
  265  0000131c  afaa0000	sw	(r29),r10
  266  00001320  200d0004	addi	r13,r0,#4
  267  00001324  afad0004	sw	4(r29),r13
  268  00001328  afa70008	sw	8(r29),r7
  269  0000132c  0c000364	jal	_mbox_recv
  270  00001330  54000000	nop; not filled.
  271  00001334  23bd0010	addi	r29,r29,#16
  272  00001338  6021ffff	seqi	r1,r1,#-1
  273  0000133c  1020003c	beqz	r1,L25_LF0
  274  00001340  54000000	nop; not filled.
  275  00001344  0c000274	jal	_getpid
  276  00001348  54000000	nop; not filled.
  277  0000134c  23bdfff0	addi	r29,r29,#-16
  278  00001350  3c0d0000	lhi	r13,((LC4_LF0)>>16)&0xffff
  279  00001354  25ad308c	addui	r13,r13,(LC4_LF0)&0xffff
  280  00001358  afad0000	sw	(r29),r13
  281  0000135c  8ca20000	lw	r2,(r5)
  282  00001360  afa20004	sw	4(r29),r2
  283  00001364  afa10008	sw	8(r29),r1
  284  00001368  0c000244	jal	_Printf
  285  0000136c  54000000	nop; not filled.
  286  00001370  0c000344	jal	_Exit
  287  00001374  54000000	nop; not filled.
  288  00001378  23bd0010	addi	r29,r29,#16
  289  0000137c          	L25_LF0:
  290  0000137c  8fc1fff4	lw	r1,-12(r30)
  291  00001380  64210001	snei	r1,r1,#1
  292  00001384  10200028	beqz	r1,L23_LF0
  293  00001388  54000000	nop; not filled.
  294  0000138c  23bdfff8	addi	r29,r29,#-8
  295  00001390  3c0d0000	lhi	r13,((LC5_LF0)>>16)&0xffff
  296  00001394  25ad30b8	addui	r13,r13,(LC5_LF0)&0xffff
  297  00001398  afad0000	sw	(r29),r13
  298  0000139c  0c000210	jal	_Printf
  299  000013a0  54000000	nop; not filled.
  300  000013a4  0c000310	jal	_Exit
  301  000013a8  54000000	nop; not filled.
  302  000013ac  23bd0008	addi	r29,r29,#8
  303  000013b0          	L23_LF0:
  304  000013b0  20630001	addi	r3,r3,#1
  305  000013b4  70610003	slei	r1,r3,#3
  306  000013b8  1420ff5c	bnez	r1,L24_LF0
  307  000013bc  54000000	nop; not filled.
  308  000013c0  20030000	addi	r3,r0,#0
  309  000013c4          	L31_LF0:
  310  000013c4  23bdfff0	addi	r29,r29,#-16
  311  000013c8  afa80000	sw	(r29),r8
  312  000013cc  200d0004	addi	r13,r0,#4
  313  000013d0  afad0004	sw	4(r29),r13
  314  000013d4  afa60008	sw	8(r29),r6
  315  000013d8  0c0002ac	jal	_mbox_send
  316  000013dc  54000000	nop; not filled.
  317  000013e0  23bd0010	addi	r29,r29,#16
  318  000013e4  6021ffff	seqi	r1,r1,#-1
  319  000013e8  1020003c	beqz	r1,L30_LF0
  320  000013ec  54000000	nop; not filled.
  321  000013f0  0c0001c8	jal	_getpid
  322  000013f4  54000000	nop; not filled.
  323  000013f8  23bdfff0	addi	r29,r29,#-16
  324  000013fc  3c0d0000	lhi	r13,((LC4_LF0)>>16)&0xffff
  325  00001400  25ad308c	addui	r13,r13,(LC4_LF0)&0xffff
  326  00001404  afad0000	sw	(r29),r13
  327  00001408  8ca20000	lw	r2,(r5)
  328  0000140c  afa20004	sw	4(r29),r2
  329  00001410  afa10008	sw	8(r29),r1
  330  00001414  0c000198	jal	_Printf
  331  00001418  54000000	nop; not filled.
  332  0000141c  0c000298	jal	_Exit
  333  00001420  54000000	nop; not filled.
  334  00001424  23bd0010	addi	r29,r29,#16
  335  00001428          	L30_LF0:
  336  00001428  20630001	addi	r3,r3,#1
  337  0000142c  70610001	slei	r1,r3,#1
  338  00001430  1420ff90	bnez	r1,L31_LF0
  339  00001434  54000000	nop; not filled.
  340  00001438  20030000	addi	r3,r0,#0
  341  0000143c          	L37_LF0:
  342  0000143c  23bdfff0	addi	r29,r29,#-16
  343  00001440  afa90000	sw	(r29),r9
  344  00001444  200d0004	addi	r13,r0,#4
  345  00001448  afad0004	sw	4(r29),r13
  346  0000144c  afa60008	sw	8(r29),r6
  347  00001450  0c000234	jal	_mbox_send
  348  00001454  54000000	nop; not filled.
  349  00001458  23bd0010	addi	r29,r29,#16
  350  0000145c  6021ffff	seqi	r1,r1,#-1
  351  00001460  1020003c	beqz	r1,L36_LF0
  352  00001464  54000000	nop; not filled.
  353  00001468  0c000150	jal	_getpid
  354  0000146c  54000000	nop; not filled.
  355  00001470  23bdfff0	addi	r29,r29,#-16
  356  00001474  3c0d0000	lhi	r13,((LC4_LF0)>>16)&0xffff
  357  00001478  25ad308c	addui	r13,r13,(LC4_LF0)&0xffff
  358  0000147c  afad0000	sw	(r29),r13
  359  00001480  8ca20000	lw	r2,(r5)
  360  00001484  afa20004	sw	4(r29),r2
  361  00001488  afa10008	sw	8(r29),r1
  362  0000148c  0c000120	jal	_Printf
  363  00001490  54000000	nop; not filled.
  364  00001494  0c000220	jal	_Exit
  365  00001498  54000000	nop; not filled.
  366  0000149c  23bd0010	addi	r29,r29,#16
  367  000014a0          	L36_LF0:
  368  000014a0  20630001	addi	r3,r3,#1
  369  000014a4  70610001	slei	r1,r3,#1
  370  000014a8  1420ff90	bnez	r1,L37_LF0
  371  000014ac  54000000	nop; not filled.
  372  000014b0  0c000108	jal	_getpid
  373  000014b4  54000000	nop; not filled.
  374  000014b8  23bdfff0	addi	r29,r29,#-16
  375  000014bc  3c0d0000	lhi	r13,((LC6_LF0)>>16)&0xffff
  376  000014c0  25ad30e0	addui	r13,r13,(LC6_LF0)&0xffff
  377  000014c4  afad0000	sw	(r29),r13
  378  000014c8  20820001	addi	r2,r4,#1
  379  000014cc  afa20004	sw	4(r29),r2
  380  000014d0  afa10008	sw	8(r29),r1
  381  000014d4  0c0000d8	jal	_Printf
  382  000014d8  54000000	nop; not filled.
  383  000014dc  00022020	add	r4,r0,r2
  384  000014e0  23bd0010	addi	r29,r29,#16
  385  000014e4  008b082a	slt	r1,r4,r11
  386  000014e8  1420fe20	bnez	r1,L20_LF0
  387  000014ec  54000000	nop; not filled.
  388  000014f0          	L19_LF0:
  389  000014f0  23bdfff8	addi	r29,r29,#-8
  390  000014f4  afac0000	sw	(r29),r12
  391  000014f8  0c000108	jal	_sem_signal
  392  000014fc  54000000	nop; not filled.
  393  00001500  23bd0008	addi	r29,r29,#8
  394  00001504  64210001	snei	r1,r1,#1
  395  00001508  10200050	beqz	r1,L41_LF0
  396  0000150c  54000000	nop; not filled.
  397  00001510  23bdfff8	addi	r29,r29,#-8
  398  00001514  3c0d0000	lhi	r13,((LC7_LF0)>>16)&0xffff
  399  00001518  25ad310c	addui	r13,r13,(LC7_LF0)&0xffff
  400  0000151c  afad0000	sw	(r29),r13
  401  00001520  afac0004	sw	4(r29),r12
  402  00001524  0c000088	jal	_Printf
  403  00001528  54000000	nop; not filled.
  404  0000152c  8ca50000	lw	r5,(r5)
  405  00001530  afa50000	sw	(r29),r5
  406  00001534  0c000078	jal	_Printf
  407  00001538  54000000	nop; not filled.
  408  0000153c  3c0d0000	lhi	r13,((LC8_LF0)>>16)&0xffff
  409  00001540  25ad3138	addui	r13,r13,(LC8_LF0)&0xffff
  410  00001544  afad0000	sw	(r29),r13
  411  00001548  0c000064	jal	_Printf
  412  0000154c  54000000	nop; not filled.
  413  00001550  0c000164	jal	_Exit
  414  00001554  54000000	nop; not filled.
  415  00001558  23bd0008	addi	r29,r29,#8
  416  0000155c          	L41_LF0:
  417  0000155c  20010000	addi	r1,r0,#0
  418  00001560  0c000ef0	jal	_exit
  419  00001564  54000000	nop
  420  00001568          	.endproc _main
  421                      ;;;
  422                      ;;; Stub functions for DLX traps.
  423                      ;;;
  424                      ;;; Ethan L. Miller, 1999.  Released to the public domain.
  425                      ;;;
  426                      ;;; The traps such as Open and Close
  427                      ;;; (note the capital letters) are for use by user programs.  The traps
  428                      ;;; with names such as open and close (lower case) are for use by the OS.
  429                      ;;;
  432  00001568          	.align 2
  434                      ;;; The following are the traps to be used by user-level programs
  435                      ;;;
  437  00001568          	.align 2
  438  00001568          	.proc _Open
  439  00001568          	.global _Open
  440  00001568          	_Open:
  441                      ;;; Note that trap #0x213 actually causes a trap vector in the OS of
  442                      ;;; 0x1213.  The same is true for other user traps.  Thus, a user trap
  443                      ;;; with trap #0x240 will result in a trap vector of 0x1240 in the OS.
  444  00001568  44000213	trap	#0x213
  445  0000156c  4be00000	jr	r31
  446  00001570  54000000	nop
  447  00001574          	.endproc _Open
  449  00001574          	.proc _Close
  450  00001574          	.global _Close
  451  00001574          	_Close:
  452  00001574  44000214	trap	#0x214
  453  00001578  4be00000	jr	r31
  454  0000157c  54000000	nop
  455  00001580          	.endproc _Close
  457  00001580          	.proc _Read
  458  00001580          	.global _Read
  459  00001580          	_Read:
  460  00001580  44000210	trap	#0x210
  461  00001584  4be00000	jr	r31
  462  00001588  54000000	nop
  463  0000158c          	.endproc _Read
  465  0000158c          	.proc _Write
  466  0000158c          	.global _Write
  467  0000158c          	_Write:
  468  0000158c  44000211	trap	#0x211
  469  00001590  4be00000	jr	r31
  470  00001594  54000000	nop
  471  00001598          	.endproc _Write
  473  00001598          	.proc _Lseek
  474  00001598          	.global _Lseek
  475  00001598          	_Lseek:
  476  00001598  44000212	trap	#0x212
  477  0000159c  4be00000	jr	r31
  478  000015a0  54000000	nop
  479  000015a4          	.endproc _Lseek
  481  000015a4          	.proc _Putchar
  482  000015a4          	.global _Putchar
  483  000015a4          	_Putchar:
  484  000015a4  44000280	trap	#0x280
  485  000015a8  4be00000	jr	r31
  486  000015ac  54000000	nop
  487  000015b0          	.endproc _Putchar
  489  000015b0          	.proc _Printf
  490  000015b0          	.global _Printf
  491  000015b0          	_Printf:
  492  000015b0  44000201	trap	#0x201
  493  000015b4  4be00000	jr	r31
  494  000015b8  54000000	nop
  495  000015bc          	.endproc _Printf
  497  000015bc          	.proc _getpid
  498  000015bc          	.global _getpid
  499  000015bc          	_getpid:
  500  000015bc  44000431	trap	#0x431
  501  000015c0  4be00000	jr	r31
  502  000015c4  54000000	nop
  503  000015c8          	.endproc _getpid
  505  000015c8          	.proc _process_create
  506  000015c8          	.global _process_create
  507  000015c8          	_process_create:
  508  000015c8  44000432	trap	#0x432
  509  000015cc  4be00000	jr	r31
  510  000015d0  54000000	nop
  511  000015d4          	.endproc _process_create
  513  000015d4          	.proc _shmget
  514  000015d4          	.global _shmget
  515  000015d4          	_shmget:
  516  000015d4  44000440	trap	#0x440
  517  000015d8  4be00000	jr	r31
  518  000015dc  54000000	nop
  519  000015e0          	.endproc _shmget
  521  000015e0          	.proc _shmat
  522  000015e0          	.global _shmat
  523  000015e0          	_shmat:
  524  000015e0  44000441	trap	#0x441
  525  000015e4  4be00000	jr	r31
  526  000015e8  54000000	nop
  527  000015ec          	.endproc _shmat
  529  000015ec          	.proc _sem_create
  530  000015ec          	.global _sem_create
  531  000015ec          	_sem_create:
  532  000015ec  44000450	trap	#0x450
  533  000015f0  4be00000	jr	r31
  534  000015f4  54000000	nop
  535  000015f8          	.endproc _sem_create
  537  000015f8          	.proc _sem_wait
  538  000015f8          	.global _sem_wait
  539  000015f8          	_sem_wait:
  540  000015f8  44000451	trap	#0x451
  541  000015fc  4be00000	jr	r31
  542  00001600  54000000	nop
  543  00001604          	.endproc _sem_wait
  545  00001604          	.proc _sem_signal
  546  00001604          	.global _sem_signal
  547  00001604          	_sem_signal:
  548  00001604  44000452	trap	#0x452
  549  00001608  4be00000	jr	r31
  550  0000160c  54000000	nop
  551  00001610          	.endproc _sem_signal
  553  00001610          	.proc _lock_create
  554  00001610          	.global _lock_create
  555  00001610          	_lock_create:
  556  00001610  44000453	trap	#0x453
  557  00001614  4be00000	jr	r31
  558  00001618  54000000	nop
  559  0000161c          	.endproc _lock_create
  561  0000161c          	.proc _lock_acquire
  562  0000161c          	.global _lock_acquire
  563  0000161c          	_lock_acquire:
  564  0000161c  44000454	trap	#0x454
  565  00001620  4be00000	jr	r31
  566  00001624  54000000	nop
  567  00001628          	.endproc _lock_acquire
  569  00001628          	.proc _lock_release
  570  00001628          	.global _lock_release
  571  00001628          	_lock_release:
  572  00001628  44000455	trap	#0x455
  573  0000162c  4be00000	jr	r31
  574  00001630  54000000	nop
  575  00001634          	.endproc _lock_release
  577  00001634          	.proc _cond_create
  578  00001634          	.global _cond_create
  579  00001634          	_cond_create:
  580  00001634  44000456	trap	#0x456
  581  00001638  4be00000	jr	r31
  582  0000163c  54000000	nop
  583  00001640          	.endproc _cond_create
  585  00001640          	.proc _cond_wait
  586  00001640          	.global _cond_wait
  587  00001640          	_cond_wait:
  588  00001640  44000457	trap	#0x457
  589  00001644  4be00000	jr	r31
  590  00001648  54000000	nop
  591  0000164c          	.endproc _cond_wait
  593  0000164c          	.proc _cond_signal
  594  0000164c          	.global _cond_signal
  595  0000164c          	_cond_signal:
  596  0000164c  44000458	trap	#0x458
  597  00001650  4be00000	jr	r31
  598  00001654  54000000	nop
  599  00001658          	.endproc _cond_signal
  601  00001658          	.proc _cond_broadcast
  602  00001658          	.global _cond_broadcast
  603  00001658          	_cond_broadcast:
  604  00001658  44000459	trap	#0x459
  605  0000165c  4be00000	jr	r31
  606  00001660  54000000	nop
  607  00001664          	.endproc _cond_broadcast
  609  00001664          	.proc _mbox_create
  610  00001664          	.global _mbox_create
  611  00001664          	_mbox_create:
  612  00001664  44000460	trap	#0x460
  613  00001668  4be00000	jr	r31
  614  0000166c  54000000	nop
  615  00001670          	.endproc _mbox_create
  617  00001670          	.proc _mbox_open
  618  00001670          	.global _mbox_open
  619  00001670          	_mbox_open:
  620  00001670  44000461	trap	#0x461
  621  00001674  4be00000	jr	r31
  622  00001678  54000000	nop
  623  0000167c          	.endproc _mbox_open
  625  0000167c          	.proc _mbox_close
  626  0000167c          	.global _mbox_close
  627  0000167c          	_mbox_close:
  628  0000167c  44000462	trap	#0x462
  629  00001680  4be00000	jr	r31
  630  00001684  54000000	nop
  631  00001688          	.endproc _mbox_close
  633  00001688          	.proc _mbox_send
  634  00001688          	.global _mbox_send
  635  00001688          	_mbox_send:
  636  00001688  44000463	trap	#0x463
  637  0000168c  4be00000	jr	r31
  638  00001690  54000000	nop
  639  00001694          	.endproc _mbox_send
  641  00001694          	.proc _mbox_recv
  642  00001694          	.global _mbox_recv
  643  00001694          	_mbox_recv:
  644  00001694  44000464	trap	#0x464
  645  00001698  4be00000	jr	r31
  646  0000169c  54000000	nop
  647  000016a0          	.endproc _mbox_recv
  649  000016a0          	.proc _sleep
  650  000016a0          	.global _sleep
  651  000016a0          	_sleep:
  652  000016a0  44000465	trap	#0x465
  653  000016a4  4be00000	jr	r31
  654  000016a8  54000000	nop
  655  000016ac          	.endproc _sleep
  657  000016ac          	.proc _yield
  658  000016ac          	.global _yield
  659  000016ac          	_yield:
  660  000016ac  44000466	trap	#0x466
  661  000016b0  4be00000	jr	r31
  662  000016b4  54000000	nop
  663  000016b8          	.endproc _yield
  666  000016b8          	.proc _Exit
  667  000016b8          	.global _Exit
  668  000016b8          	_Exit:
  669  000016b8  44000500	trap	#0x500
  670  000016bc  4be00000	jr	r31
  671  000016c0  54000000	nop
  672  000016c4          	.endproc _Exit
  673                      ; Compiled by GCC
  675  000016c4          	.align 2
  676  000016c4          	.proc _isspace
  677  000016c4          	.global _isspace
  678  000016c4          	_isspace:
  679                      ;  Function 'isspace'; 0 bytes of locals, 3 regs to save.
  680  000016c4  afbefffc	sw	-4(r29),r30; push fp
  681  000016c8  001df020	add	r30,r0,r29; fp = sp
  682  000016cc  afbffff8	sw	-8(r29),r31; push ret addr
  683  000016d0  2fbd0018	subui	r29,r29,#24; alloc local storage
  684  000016d4  afa20000	sw	0(r29),r2
  685  000016d8  afa30004	sw	4(r29),r3
  686  000016dc  afa40008	sw	8(r29),r4
  687  000016e0  83c20003	lb	r2,3(r30)
  688  000016e4  20010000	addi	r1,r0,#0
  689  000016e8  304300ff	andi	r3,r2,#0x00ff
  690  000016ec  60640020	seqi	r4,r3,#32
  691  000016f0  1480002c	bnez	r4,L3_LF2
  692  000016f4  54000000	nop; delay slot nop
  693  000016f8  304300ff	andi	r3,r2,#0x00ff
  694  000016fc  60640009	seqi	r4,r3,#9
  695  00001700  1480001c	bnez	r4,L3_LF2
  696  00001704  54000000	nop; delay slot nop
  697  00001708  304300ff	andi	r3,r2,#0x00ff
  698  0000170c  6064000a	seqi	r4,r3,#10
  699  00001710  1480000c	bnez	r4,L3_LF2
  700  00001714  54000000	nop; delay slot nop
  701  00001718  08000008	j	L2_LF2
  702  0000171c  54000000	nop; delay slot nop
  703  00001720          	L3_LF2:
  704  00001720  20010001	addi	r1,r0,#1
  705  00001724          	L2_LF2:
  706  00001724  08000004	j	L1_LF2
  707  00001728  54000000	nop; delay slot nop
  708  0000172c          	L1_LF2:
  709  0000172c  8fa20000	lw	r2,0(r29)
  710  00001730  8fa30004	lw	r3,4(r29)
  711  00001734  8fa40008	lw	r4,8(r29)
  712  00001738  8fdffff8	lw	r31,-8(r30)
  713  0000173c  001ee820	add	r29,r0,r30
  714  00001740  8fdefffc	lw	r30,-4(r30)
  715  00001744  4be00000	jr	r31
  716  00001748  54000000	nop
  717  0000174c          	.endproc _isspace
  718  0000174c          	.align 2
  719  0000174c          	.proc _isxdigit
  720  0000174c          	.global _isxdigit
  721  0000174c          	_isxdigit:
  722                      ;  Function 'isxdigit'; 0 bytes of locals, 3 regs to save.
  723  0000174c  afbefffc	sw	-4(r29),r30; push fp
  724  00001750  001df020	add	r30,r0,r29; fp = sp
  725  00001754  afbffff8	sw	-8(r29),r31; push ret addr
  726  00001758  2fbd0018	subui	r29,r29,#24; alloc local storage
  727  0000175c  afa20000	sw	0(r29),r2
  728  00001760  afa30004	sw	4(r29),r3
  729  00001764  afa40008	sw	8(r29),r4
  730  00001768  83c20003	lb	r2,3(r30)
  731  0000176c  20010000	addi	r1,r0,#0
  732  00001770  304300ff	andi	r3,r2,#0x00ff
  733  00001774  6c64002f	sgtui	r4,r3,#47
  734  00001778  1080001c	beqz	r4,L7_LF2
  735  0000177c  54000000	nop; delay slot nop
  736  00001780  304300ff	andi	r3,r2,#0x00ff
  737  00001784  70640039	sleui	r4,r3,#57
  738  00001788  1480005c	bnez	r4,L6_LF2
  739  0000178c  54000000	nop; delay slot nop
  740  00001790  08000004	j	L7_LF2
  741  00001794  54000000	nop; delay slot nop
  742  00001798          	L7_LF2:
  743  00001798  304300ff	andi	r3,r2,#0x00ff
  744  0000179c  6c640060	sgtui	r4,r3,#96
  745  000017a0  1080001c	beqz	r4,L8_LF2
  746  000017a4  54000000	nop; delay slot nop
  747  000017a8  304300ff	andi	r3,r2,#0x00ff
  748  000017ac  70640066	sleui	r4,r3,#102
  749  000017b0  14800034	bnez	r4,L6_LF2
  750  000017b4  54000000	nop; delay slot nop
  751  000017b8  08000004	j	L8_LF2
  752  000017bc  54000000	nop; delay slot nop
  753  000017c0          	L8_LF2:
  754  000017c0  304300ff	andi	r3,r2,#0x00ff
  755  000017c4  6c640040	sgtui	r4,r3,#64
  756  000017c8  10800020	beqz	r4,L5_LF2
  757  000017cc  54000000	nop; delay slot nop
  758  000017d0  304300ff	andi	r3,r2,#0x00ff
  759  000017d4  70640041	sleui	r4,r3,#65
  760  000017d8  1480000c	bnez	r4,L6_LF2
  761  000017dc  54000000	nop; delay slot nop
  762  000017e0  08000008	j	L5_LF2
  763  000017e4  54000000	nop; delay slot nop
  764  000017e8          	L6_LF2:
  765  000017e8  20010001	addi	r1,r0,#1
  766  000017ec          	L5_LF2:
  767  000017ec  08000004	j	L4_LF2
  768  000017f0  54000000	nop; delay slot nop
  769  000017f4          	L4_LF2:
  770  000017f4  8fa20000	lw	r2,0(r29)
  771  000017f8  8fa30004	lw	r3,4(r29)
  772  000017fc  8fa40008	lw	r4,8(r29)
  773  00001800  8fdffff8	lw	r31,-8(r30)
  774  00001804  001ee820	add	r29,r0,r30
  775  00001808  8fdefffc	lw	r30,-4(r30)
  776  0000180c  4be00000	jr	r31
  777  00001810  54000000	nop
  778  00001814          	.endproc _isxdigit
  779  00001814          	.align 2
  780  00001814          	.proc _dstrcpy
  781  00001814          	.global _dstrcpy
  782  00001814          	_dstrcpy:
  783                      ;  Function 'dstrcpy'; 8 bytes of locals, 2 regs to save.
  784  00001814  afbefffc	sw	-4(r29),r30; push fp
  785  00001818  001df020	add	r30,r0,r29; fp = sp
  786  0000181c  afbffff8	sw	-8(r29),r31; push ret addr
  787  00001820  2fbd0018	subui	r29,r29,#24; alloc local storage
  788  00001824  afa20000	sw	0(r29),r2
  789  00001828  afa30004	sw	4(r29),r3
  790  0000182c  8fc10000	lw	r1,(r30)
  791  00001830  afc1fff4	sw	-12(r30),r1
  792  00001834          	L10_LF2:
  793  00001834  8fc10000	lw	r1,(r30)
  794  00001838  20220001	addi	r2,r1,#1
  795  0000183c  afc20000	sw	(r30),r2
  796  00001840  8fc20004	lw	r2,4(r30)
  797  00001844  20430001	addi	r3,r2,#1
  798  00001848  afc30004	sw	4(r30),r3
  799  0000184c  80420000	lb	r2,(r2)
  800  00001850  a0220000	sb	(r1),r2
  801  00001854  a3c2fff3	sb	-13(r30),r2
  802  00001858          	L12_LF2:
  803  00001858  93c1fff3	lbu	r1,-13(r30)
  804  0000185c  64220000	snei	r2,r1,#0
  805  00001860  1440000c	bnez	r2,L13_LF2
  806  00001864  54000000	nop; delay slot nop
  807  00001868  0800000c	j	L11_LF2
  808  0000186c  54000000	nop; delay slot nop
  809  00001870          	L13_LF2:
  810  00001870  0bffffc0	j	L10_LF2
  811  00001874  54000000	nop; delay slot nop
  812  00001878          	L11_LF2:
  813  00001878  8fc1fff4	lw	r1,-12(r30)
  814  0000187c  08000004	j	L9_LF2
  815  00001880  54000000	nop; delay slot nop
  816  00001884          	L9_LF2:
  817  00001884  8fa20000	lw	r2,0(r29)
  818  00001888  8fa30004	lw	r3,4(r29)
  819  0000188c  8fdffff8	lw	r31,-8(r30)
  820  00001890  001ee820	add	r29,r0,r30
  821  00001894  8fdefffc	lw	r30,-4(r30)
  822  00001898  4be00000	jr	r31
  823  0000189c  54000000	nop
  824  000018a0          	.endproc _dstrcpy
  825  000018a0          	.align 2
  826  000018a0          	.proc _dstrncpy
  827  000018a0          	.global _dstrncpy
  828  000018a0          	_dstrncpy:
  829                      ;  Function 'dstrncpy'; 8 bytes of locals, 2 regs to save.
  830  000018a0  afbefffc	sw	-4(r29),r30; push fp
  831  000018a4  001df020	add	r30,r0,r29; fp = sp
  832  000018a8  afbffff8	sw	-8(r29),r31; push ret addr
  833  000018ac  2fbd0018	subui	r29,r29,#24; alloc local storage
  834  000018b0  afa20000	sw	0(r29),r2
  835  000018b4  afa30004	sw	4(r29),r3
  836  000018b8  8fc10000	lw	r1,(r30)
  837  000018bc  afc1fff4	sw	-12(r30),r1
  838  000018c0          	L15_LF2:
  839  000018c0  8fc10008	lw	r1,8(r30)
  840  000018c4  2022ffff	addi	r2,r1,#-1
  841  000018c8  afc20008	sw	8(r30),r2
  842  000018cc  70210000	slei	r1,r1,#0
  843  000018d0  1020000c	beqz	r1,L18_LF2
  844  000018d4  54000000	nop; delay slot nop
  845  000018d8  08000048	j	L16_LF2
  846  000018dc  54000000	nop; delay slot nop
  847  000018e0          	L18_LF2:
  848  000018e0  8fc10000	lw	r1,(r30)
  849  000018e4  20220001	addi	r2,r1,#1
  850  000018e8  afc20000	sw	(r30),r2
  851  000018ec  8fc20004	lw	r2,4(r30)
  852  000018f0  20430001	addi	r3,r2,#1
  853  000018f4  afc30004	sw	4(r30),r3
  854  000018f8  80420000	lb	r2,(r2)
  855  000018fc  a0220000	sb	(r1),r2
  856  00001900  a3c2fff3	sb	-13(r30),r2
  857  00001904          	L17_LF2:
  858  00001904  93c1fff3	lbu	r1,-13(r30)
  859  00001908  64220000	snei	r2,r1,#0
  860  0000190c  1440000c	bnez	r2,L19_LF2
  861  00001910  54000000	nop; delay slot nop
  862  00001914  0800000c	j	L16_LF2
  863  00001918  54000000	nop; delay slot nop
  864  0000191c          	L19_LF2:
  865  0000191c  0bffffa0	j	L15_LF2
  866  00001920  54000000	nop; delay slot nop
  867  00001924          	L16_LF2:
  868  00001924  8fc1fff4	lw	r1,-12(r30)
  869  00001928  08000004	j	L14_LF2
  870  0000192c  54000000	nop; delay slot nop
  871  00001930          	L14_LF2:
  872  00001930  8fa20000	lw	r2,0(r29)
  873  00001934  8fa30004	lw	r3,4(r29)
  874  00001938  8fdffff8	lw	r31,-8(r30)
  875  0000193c  001ee820	add	r29,r0,r30
  876  00001940  8fdefffc	lw	r30,-4(r30)
  877  00001944  4be00000	jr	r31
  878  00001948  54000000	nop
  879  0000194c          	.endproc _dstrncpy
  880  0000194c          	.align 2
  881  0000194c          	.proc _dstrcat
  882  0000194c          	.global _dstrcat
  883  0000194c          	_dstrcat:
  884                      ;  Function 'dstrcat'; 8 bytes of locals, 1 regs to save.
  885  0000194c  afbefffc	sw	-4(r29),r30; push fp
  886  00001950  001df020	add	r30,r0,r29; fp = sp
  887  00001954  afbffff8	sw	-8(r29),r31; push ret addr
  888  00001958  2fbd0018	subui	r29,r29,#24; alloc local storage
  889  0000195c  afa20000	sw	0(r29),r2
  890  00001960  8fc10000	lw	r1,(r30)
  891  00001964  afc1fff4	sw	-12(r30),r1
  892  00001968          	L21_LF2:
  893  00001968  8fc10000	lw	r1,(r30)
  894  0000196c  90220000	lbu	r2,(r1)
  895  00001970  64410000	snei	r1,r2,#0
  896  00001974  1420000c	bnez	r1,L23_LF2
  897  00001978  54000000	nop; delay slot nop
  898  0000197c  0800001c	j	L22_LF2
  899  00001980  54000000	nop; delay slot nop
  900  00001984          	L23_LF2:
  901  00001984  8fc20000	lw	r2,(r30)
  902  00001988  20410001	addi	r1,r2,#1
  903  0000198c  00011020	add	r2,r0,r1
  904  00001990  afc20000	sw	(r30),r2
  905  00001994  0bffffd0	j	L21_LF2
  906  00001998  54000000	nop; delay slot nop
  907  0000199c          	L22_LF2:
  908  0000199c  23bdfff8	addi	r29,r29,#-8
  909  000019a0  001d0820	add	r1,r0,r29
  910  000019a4  8fc20000	lw	r2,(r30)
  911  000019a8  ac220000	sw	(r1),r2
  912  000019ac  8fc20004	lw	r2,4(r30)
  913  000019b0  ac220004	sw	4(r1),r2
  914  000019b4  0ffffe5c	jal	_dstrcpy
  915  000019b8  54000000	nop; delay slot nop
  916  000019bc  23bd0008	addi	r29,r29,#8
  917  000019c0  8fc1fff4	lw	r1,-12(r30)
  918  000019c4  08000004	j	L20_LF2
  919  000019c8  54000000	nop; delay slot nop
  920  000019cc          	L20_LF2:
  921  000019cc  8fa20000	lw	r2,0(r29)
  922  000019d0  8fdffff8	lw	r31,-8(r30)
  923  000019d4  001ee820	add	r29,r0,r30
  924  000019d8  8fdefffc	lw	r30,-4(r30)
  925  000019dc  4be00000	jr	r31
  926  000019e0  54000000	nop
  927  000019e4          	.endproc _dstrcat
  928  000019e4          	.align 2
  929  000019e4          	.proc _dstrncmp
  930  000019e4          	.global _dstrncmp
  931  000019e4          	_dstrncmp:
  932                      ;  Function 'dstrncmp'; 8 bytes of locals, 2 regs to save.
  933  000019e4  afbefffc	sw	-4(r29),r30; push fp
  934  000019e8  001df020	add	r30,r0,r29; fp = sp
  935  000019ec  afbffff8	sw	-8(r29),r31; push ret addr
  936  000019f0  2fbd0018	subui	r29,r29,#24; alloc local storage
  937  000019f4  afa20000	sw	0(r29),r2
  938  000019f8  afa30004	sw	4(r29),r3
  939  000019fc  54000000	nop
  940  00001a00  20010000	addi	r1,r0,#0
  941  00001a04  afc1fff4	sw	-12(r30),r1
  942  00001a08          	L25_LF2:
  943  00001a08  8fc1fff4	lw	r1,-12(r30)
  944  00001a0c  8fc20008	lw	r2,8(r30)
  945  00001a10  0022082a	slt	r1,r1,r2
  946  00001a14  1420000c	bnez	r1,L28_LF2
  947  00001a18  54000000	nop; delay slot nop
  948  00001a1c  08000088	j	L26_LF2
  949  00001a20  54000000	nop; delay slot nop
  950  00001a24          	L28_LF2:
  951  00001a24  8fc10004	lw	r1,4(r30)
  952  00001a28  90220000	lbu	r2,(r1)
  953  00001a2c  64410000	snei	r1,r2,#0
  954  00001a30  14200018	bnez	r1,L29_LF2
  955  00001a34  54000000	nop; delay slot nop
  956  00001a38  20010000	addi	r1,r0,#0
  957  00001a3c  080000d8	j	L24_LF2
  958  00001a40  54000000	nop; delay slot nop
  959  00001a44  08000028	j	L30_LF2
  960  00001a48  54000000	nop; delay slot nop
  961  00001a4c          	L29_LF2:
  962  00001a4c  8fc10000	lw	r1,(r30)
  963  00001a50  8fc20004	lw	r2,4(r30)
  964  00001a54  90210000	lbu	r1,(r1)
  965  00001a58  90420000	lbu	r2,(r2)
  966  00001a5c  00220829	sne	r1,r1,r2
  967  00001a60  1020000c	beqz	r1,L30_LF2
  968  00001a64  54000000	nop; delay slot nop
  969  00001a68  0800003c	j	L26_LF2
  970  00001a6c  54000000	nop; delay slot nop
  971  00001a70          	L31_LF2:
  972  00001a70          	L30_LF2:
  973  00001a70  8fc20000	lw	r2,(r30)
  974  00001a74  20410001	addi	r1,r2,#1
  975  00001a78  00011020	add	r2,r0,r1
  976  00001a7c  afc20000	sw	(r30),r2
  977  00001a80  8fc20004	lw	r2,4(r30)
  978  00001a84  20410001	addi	r1,r2,#1
  979  00001a88  00011020	add	r2,r0,r1
  980  00001a8c  afc20004	sw	4(r30),r2
  981  00001a90          	L27_LF2:
  982  00001a90  8fc2fff4	lw	r2,-12(r30)
  983  00001a94  20410001	addi	r1,r2,#1
  984  00001a98  00011020	add	r2,r0,r1
  985  00001a9c  afc2fff4	sw	-12(r30),r2
  986  00001aa0  0bffff64	j	L25_LF2
  987  00001aa4  54000000	nop; delay slot nop
  988  00001aa8          	L26_LF2:
  989  00001aa8  8fc1fff4	lw	r1,-12(r30)
  990  00001aac  8fc20008	lw	r2,8(r30)
  991  00001ab0  00220828	seq	r1,r1,r2
  992  00001ab4  10200018	beqz	r1,L32_LF2
  993  00001ab8  54000000	nop; delay slot nop
  994  00001abc  20010000	addi	r1,r0,#0
  995  00001ac0  08000054	j	L24_LF2
  996  00001ac4  54000000	nop; delay slot nop
  997  00001ac8  0800004c	j	L33_LF2
  998  00001acc  54000000	nop; delay slot nop
  999  00001ad0          	L32_LF2:
 1000  00001ad0  8fc20000	lw	r2,(r30)
 1001  00001ad4  90410000	lbu	r1,(r2)
 1002  00001ad8  8fc20004	lw	r2,4(r30)
 1003  00001adc  90430000	lbu	r3,(r2)
 1004  00001ae0  00230822	sub	r1,r1,r3
 1005  00001ae4  74220000	sgei	r2,r1,#0
 1006  00001ae8  10400020	beqz	r2,L34_LF2
 1007  00001aec  54000000	nop; delay slot nop
 1008  00001af0  8fc10000	lw	r1,(r30)
 1009  00001af4  8fc20004	lw	r2,4(r30)
 1010  00001af8  90210000	lbu	r1,(r1)
 1011  00001afc  90420000	lbu	r2,(r2)
 1012  00001b00  00220829	sne	r1,r1,r2
 1013  00001b04  08000008	j	L35_LF2
 1014  00001b08  54000000	nop; delay slot nop
 1015  00001b0c          	L34_LF2:
 1016  00001b0c  2001ffff	addi	r1,r0,#-1
 1017  00001b10          	L35_LF2:
 1018  00001b10  08000004	j	L24_LF2
 1019  00001b14  54000000	nop; delay slot nop
 1020  00001b18          	L33_LF2:
 1021  00001b18          	L24_LF2:
 1022  00001b18  8fa20000	lw	r2,0(r29)
 1023  00001b1c  8fa30004	lw	r3,4(r29)
 1024  00001b20  8fdffff8	lw	r31,-8(r30)
 1025  00001b24  001ee820	add	r29,r0,r30
 1026  00001b28  8fdefffc	lw	r30,-4(r30)
 1027  00001b2c  4be00000	jr	r31
 1028  00001b30  54000000	nop
 1029  00001b34          	.endproc _dstrncmp
 1030  00001b34          	.align 2
 1031  00001b34          	.proc _dstrlen
 1032  00001b34          	.global _dstrlen
 1033  00001b34          	_dstrlen:
 1034                      ;  Function 'dstrlen'; 8 bytes of locals, 1 regs to save.
 1035  00001b34  afbefffc	sw	-4(r29),r30; push fp
 1036  00001b38  001df020	add	r30,r0,r29; fp = sp
 1037  00001b3c  afbffff8	sw	-8(r29),r31; push ret addr
 1038  00001b40  2fbd0018	subui	r29,r29,#24; alloc local storage
 1039  00001b44  afa20000	sw	0(r29),r2
 1040  00001b48  20010000	addi	r1,r0,#0
 1041  00001b4c  afc1fff4	sw	-12(r30),r1
 1042  00001b50          	L37_LF2:
 1043  00001b50  8fc10000	lw	r1,(r30)
 1044  00001b54  20220001	addi	r2,r1,#1
 1045  00001b58  afc20000	sw	(r30),r2
 1046  00001b5c  90210000	lbu	r1,(r1)
 1047  00001b60  64220000	snei	r2,r1,#0
 1048  00001b64  1440000c	bnez	r2,L39_LF2
 1049  00001b68  54000000	nop; delay slot nop
 1050  00001b6c  0800001c	j	L38_LF2
 1051  00001b70  54000000	nop; delay slot nop
 1052  00001b74          	L39_LF2:
 1053  00001b74  8fc2fff4	lw	r2,-12(r30)
 1054  00001b78  20410001	addi	r1,r2,#1
 1055  00001b7c  00011020	add	r2,r0,r1
 1056  00001b80  afc2fff4	sw	-12(r30),r2
 1057  00001b84  0bffffc8	j	L37_LF2
 1058  00001b88  54000000	nop; delay slot nop
 1059  00001b8c          	L38_LF2:
 1060  00001b8c  8fc1fff4	lw	r1,-12(r30)
 1061  00001b90  08000004	j	L36_LF2
 1062  00001b94  54000000	nop; delay slot nop
 1063  00001b98          	L36_LF2:
 1064  00001b98  8fa20000	lw	r2,0(r29)
 1065  00001b9c  8fdffff8	lw	r31,-8(r30)
 1066  00001ba0  001ee820	add	r29,r0,r30
 1067  00001ba4  8fdefffc	lw	r30,-4(r30)
 1068  00001ba8  4be00000	jr	r31
 1069  00001bac  54000000	nop
 1070  00001bb0          	.endproc _dstrlen
 1071  00001bb0          	.align 2
 1072  00001bb0          	.proc _dstrstr
 1073  00001bb0          	.global _dstrstr
 1074  00001bb0          	_dstrstr:
 1075                      ;  Function 'dstrstr'; 8 bytes of locals, 1 regs to save.
 1076  00001bb0  afbefffc	sw	-4(r29),r30; push fp
 1077  00001bb4  001df020	add	r30,r0,r29; fp = sp
 1078  00001bb8  afbffff8	sw	-8(r29),r31; push ret addr
 1079  00001bbc  2fbd0018	subui	r29,r29,#24; alloc local storage
 1080  00001bc0  afa20000	sw	0(r29),r2
 1081  00001bc4  23bdfff8	addi	r29,r29,#-8
 1082  00001bc8  001d0820	add	r1,r0,r29
 1083  00001bcc  8fc20004	lw	r2,4(r30)
 1084  00001bd0  ac220000	sw	(r1),r2
 1085  00001bd4  0fffff5c	jal	_dstrlen
 1086  00001bd8  54000000	nop; delay slot nop
 1087  00001bdc  23bd0008	addi	r29,r29,#8
 1088  00001be0  afc1fff4	sw	-12(r30),r1
 1089  00001be4          	L41_LF2:
 1090  00001be4  8fc10000	lw	r1,(r30)
 1091  00001be8  90220000	lbu	r2,(r1)
 1092  00001bec  64410000	snei	r1,r2,#0
 1093  00001bf0  1420000c	bnez	r1,L43_LF2
 1094  00001bf4  54000000	nop; delay slot nop
 1095  00001bf8  08000060	j	L42_LF2
 1096  00001bfc  54000000	nop; delay slot nop
 1097  00001c00          	L43_LF2:
 1098  00001c00  23bdfff0	addi	r29,r29,#-16
 1099  00001c04  001d0820	add	r1,r0,r29
 1100  00001c08  8fc20000	lw	r2,(r30)
 1101  00001c0c  ac220000	sw	(r1),r2
 1102  00001c10  8fc20004	lw	r2,4(r30)
 1103  00001c14  ac220004	sw	4(r1),r2
 1104  00001c18  8fc2fff4	lw	r2,-12(r30)
 1105  00001c1c  ac220008	sw	8(r1),r2
 1106  00001c20  0ffffdc0	jal	_dstrncmp
 1107  00001c24  54000000	nop; delay slot nop
 1108  00001c28  23bd0010	addi	r29,r29,#16
 1109  00001c2c  64220000	snei	r2,r1,#0
 1110  00001c30  14400010	bnez	r2,L44_LF2
 1111  00001c34  54000000	nop; delay slot nop
 1112  00001c38  8fc10000	lw	r1,(r30)
 1113  00001c3c  08000028	j	L40_LF2
 1114  00001c40  54000000	nop; delay slot nop
 1115  00001c44          	L44_LF2:
 1116  00001c44  8fc20000	lw	r2,(r30)
 1117  00001c48  20410001	addi	r1,r2,#1
 1118  00001c4c  00011020	add	r2,r0,r1
 1119  00001c50  afc20000	sw	(r30),r2
 1120  00001c54  0bffff8c	j	L41_LF2
 1121  00001c58  54000000	nop; delay slot nop
 1122  00001c5c          	L42_LF2:
 1123  00001c5c  20010000	addi	r1,r0,#0
 1124  00001c60  08000004	j	L40_LF2
 1125  00001c64  54000000	nop; delay slot nop
 1126  00001c68          	L40_LF2:
 1127  00001c68  8fa20000	lw	r2,0(r29)
 1128  00001c6c  8fdffff8	lw	r31,-8(r30)
 1129  00001c70  001ee820	add	r29,r0,r30
 1130  00001c74  8fdefffc	lw	r30,-4(r30)
 1131  00001c78  4be00000	jr	r31
 1132  00001c7c  54000000	nop
 1133  00001c80          	.endproc _dstrstr
 1134  00001c80          	.align 2
 1135  00001c80          	.proc _dmindex
 1136  00001c80          	.global _dmindex
 1137  00001c80          	_dmindex:
 1138                      ;  Function 'dmindex'; 8 bytes of locals, 1 regs to save.
 1139  00001c80  afbefffc	sw	-4(r29),r30; push fp
 1140  00001c84  001df020	add	r30,r0,r29; fp = sp
 1141  00001c88  afbffff8	sw	-8(r29),r31; push ret addr
 1142  00001c8c  2fbd0018	subui	r29,r29,#24; alloc local storage
 1143  00001c90  afa20000	sw	0(r29),r2
 1144  00001c94  54000000	nop
 1145  00001c98          	L46_LF2:
 1146  00001c98  8fc10000	lw	r1,(r30)
 1147  00001c9c  90220000	lbu	r2,(r1)
 1148  00001ca0  64410000	snei	r1,r2,#0
 1149  00001ca4  1420000c	bnez	r1,L48_LF2
 1150  00001ca8  54000000	nop; delay slot nop
 1151  00001cac  08000070	j	L47_LF2
 1152  00001cb0  54000000	nop; delay slot nop
 1153  00001cb4          	L48_LF2:
 1154  00001cb4  8fc10004	lw	r1,4(r30)
 1155  00001cb8  afc1fff4	sw	-12(r30),r1
 1156  00001cbc          	L49_LF2:
 1157  00001cbc  8fc1fff4	lw	r1,-12(r30)
 1158  00001cc0  90220000	lbu	r2,(r1)
 1159  00001cc4  64410000	snei	r1,r2,#0
 1160  00001cc8  1420000c	bnez	r1,L52_LF2
 1161  00001ccc  54000000	nop; delay slot nop
 1162  00001cd0  08000044	j	L50_LF2
 1163  00001cd4  54000000	nop; delay slot nop
 1164  00001cd8          	L52_LF2:
 1165  00001cd8  8fc10000	lw	r1,(r30)
 1166  00001cdc  8fc2fff4	lw	r2,-12(r30)
 1167  00001ce0  90210000	lbu	r1,(r1)
 1168  00001ce4  90420000	lbu	r2,(r2)
 1169  00001ce8  00220828	seq	r1,r1,r2
 1170  00001cec  10200010	beqz	r1,L51_LF2
 1171  00001cf0  54000000	nop; delay slot nop
 1172  00001cf4  8fc10000	lw	r1,(r30)
 1173  00001cf8  08000030	j	L45_LF2
 1174  00001cfc  54000000	nop; delay slot nop
 1175  00001d00          	L53_LF2:
 1176  00001d00          	L51_LF2:
 1177  00001d00  8fc2fff4	lw	r2,-12(r30)
 1178  00001d04  20410001	addi	r1,r2,#1
 1179  00001d08  00011020	add	r2,r0,r1
 1180  00001d0c  afc2fff4	sw	-12(r30),r2
 1181  00001d10  0bffffa8	j	L49_LF2
 1182  00001d14  54000000	nop; delay slot nop
 1183  00001d18          	L50_LF2:
 1184  00001d18  0bffff7c	j	L46_LF2
 1185  00001d1c  54000000	nop; delay slot nop
 1186  00001d20          	L47_LF2:
 1187  00001d20  20010000	addi	r1,r0,#0
 1188  00001d24  08000004	j	L45_LF2
 1189  00001d28  54000000	nop; delay slot nop
 1190  00001d2c          	L45_LF2:
 1191  00001d2c  8fa20000	lw	r2,0(r29)
 1192  00001d30  8fdffff8	lw	r31,-8(r30)
 1193  00001d34  001ee820	add	r29,r0,r30
 1194  00001d38  8fdefffc	lw	r30,-4(r30)
 1195  00001d3c  4be00000	jr	r31
 1196  00001d40  54000000	nop
 1197  00001d44          	.endproc _dmindex
 1198  00001d44          	.align 2
 1199  00001d44          	.proc _dindex
 1200  00001d44          	.global _dindex
 1201  00001d44          	_dindex:
 1202                      ;  Function 'dindex'; 0 bytes of locals, 1 regs to save.
 1203  00001d44  afbefffc	sw	-4(r29),r30; push fp
 1204  00001d48  001df020	add	r30,r0,r29; fp = sp
 1205  00001d4c  afbffff8	sw	-8(r29),r31; push ret addr
 1206  00001d50  2fbd0010	subui	r29,r29,#16; alloc local storage
 1207  00001d54  afa20000	sw	0(r29),r2
 1208  00001d58  54000000	nop
 1209  00001d5c          	L55_LF2:
 1210  00001d5c  8fc10000	lw	r1,(r30)
 1211  00001d60  90220000	lbu	r2,(r1)
 1212  00001d64  64410000	snei	r1,r2,#0
 1213  00001d68  1420000c	bnez	r1,L57_LF2
 1214  00001d6c  54000000	nop; delay slot nop
 1215  00001d70  08000040	j	L56_LF2
 1216  00001d74  54000000	nop; delay slot nop
 1217  00001d78          	L57_LF2:
 1218  00001d78  8fc10000	lw	r1,(r30)
 1219  00001d7c  90220000	lbu	r2,(r1)
 1220  00001d80  8fc10004	lw	r1,4(r30)
 1221  00001d84  00411028	seq	r2,r2,r1
 1222  00001d88  10400010	beqz	r2,L58_LF2
 1223  00001d8c  54000000	nop; delay slot nop
 1224  00001d90  8fc10000	lw	r1,(r30)
 1225  00001d94  08000028	j	L54_LF2
 1226  00001d98  54000000	nop; delay slot nop
 1227  00001d9c          	L58_LF2:
 1228  00001d9c  8fc20000	lw	r2,(r30)
 1229  00001da0  20410001	addi	r1,r2,#1
 1230  00001da4  00011020	add	r2,r0,r1
 1231  00001da8  afc20000	sw	(r30),r2
 1232  00001dac  0bffffac	j	L55_LF2
 1233  00001db0  54000000	nop; delay slot nop
 1234  00001db4          	L56_LF2:
 1235  00001db4  20010000	addi	r1,r0,#0
 1236  00001db8  08000004	j	L54_LF2
 1237  00001dbc  54000000	nop; delay slot nop
 1238  00001dc0          	L54_LF2:
 1239  00001dc0  8fa20000	lw	r2,0(r29)
 1240  00001dc4  8fdffff8	lw	r31,-8(r30)
 1241  00001dc8  001ee820	add	r29,r0,r30
 1242  00001dcc  8fdefffc	lw	r30,-4(r30)
 1243  00001dd0  4be00000	jr	r31
 1244  00001dd4  54000000	nop
 1245  00001dd8          	.endproc _dindex
 1246  00001dd8          	.align 2
 1247  00001dd8          	.proc _ditoa
 1248  00001dd8          	.global _ditoa
 1249  00001dd8          	_ditoa:
 1250                      ;  Function 'ditoa'; 8 bytes of locals, 2 regs to save.
 1251  00001dd8  afbefffc	sw	-4(r29),r30; push fp
 1252  00001ddc  001df020	add	r30,r0,r29; fp = sp
 1253  00001de0  afbffff8	sw	-8(r29),r31; push ret addr
 1254  00001de4  2fbd0018	subui	r29,r29,#24; alloc local storage
 1255  00001de8  afa20000	sw	0(r29),r2
 1256  00001dec  afa30004	sw	4(r29),r3
 1257  00001df0  8fc10000	lw	r1,(r30)
 1258  00001df4  68220000	slti	r2,r1,#0
 1259  00001df8  1040002c	beqz	r2,L60_LF2
 1260  00001dfc  54000000	nop; delay slot nop
 1261  00001e00  8fc10004	lw	r1,4(r30)
 1262  00001e04  20220001	addi	r2,r1,#1
 1263  00001e08  afc20004	sw	4(r30),r2
 1264  00001e0c  2002002d	addi	r2,r0,(#0x2d)&0xff
 1265  00001e10  a0220000	sb	(r1),r2
 1266  00001e14  8fc10000	lw	r1,(r30)
 1267  00001e18  00011022	sub	r2,r0,r1
 1268  00001e1c  afc20000	sw	(r30),r2
 1269  00001e20  08000118	j	L61_LF2
 1270  00001e24  54000000	nop; delay slot nop
 1271  00001e28          	L60_LF2:
 1272  00001e28  8fc10000	lw	r1,(r30)
 1273  00001e2c  64220000	snei	r2,r1,#0
 1274  00001e30  14400020	bnez	r2,L62_LF2
 1275  00001e34  54000000	nop; delay slot nop
 1276  00001e38  8fc10004	lw	r1,4(r30)
 1277  00001e3c  20220001	addi	r2,r1,#1
 1278  00001e40  afc20004	sw	4(r30),r2
 1279  00001e44  20020030	addi	r2,r0,(#0x30)&0xff
 1280  00001e48  a0220000	sb	(r1),r2
 1281  00001e4c  080000ec	j	L61_LF2
 1282  00001e50  54000000	nop; delay slot nop
 1283  00001e54          	L62_LF2:
 1284  00001e54  20010001	addi	r1,r0,#1
 1285  00001e58  afc1fff4	sw	-12(r30),r1
 1286  00001e5c          	L64_LF2:
 1287  00001e5c  8fc1fff4	lw	r1,-12(r30)
 1288  00001e60  8fc20000	lw	r2,(r30)
 1289  00001e64  0022082c	sle	r1,r1,r2
 1290  00001e68  1420000c	bnez	r1,L66_LF2
 1291  00001e6c  54000000	nop; delay slot nop
 1292  00001e70  08000024	j	L65_LF2
 1293  00001e74  54000000	nop; delay slot nop
 1294  00001e78          	L67_LF2:
 1295  00001e78          	L66_LF2:
 1296  00001e78  8fc1fff4	lw	r1,-12(r30)
 1297  00001e7c  00011820	add	r3,r0,r1
 1298  00001e80  50620002	slli	r2,r3,#0x2
 1299  00001e84  00411020	add	r2,r2,r1
 1300  00001e88  50410001	slli	r1,r2,#0x1
 1301  00001e8c  afc1fff4	sw	-12(r30),r1
 1302  00001e90  0bffffc8	j	L64_LF2
 1303  00001e94  54000000	nop; delay slot nop
 1304  00001e98          	L65_LF2:
 1305  00001e98  54000000	nop
 1306  00001e9c          	L68_LF2:
 1307  00001e9c  8fc1fff4	lw	r1,-12(r30)
 1308  00001ea0  2002000a	addi	r2,r0,#10
 1309  00001ea4  00200035	movi2fp	f0,r1
 1310  00001ea8  00400835	movi2fp	f1,r2
 1311  00001eac  0401000f	div	f0,f0,f1
 1312  00001eb0  00000834	movfp2i	r1,f0
 1313  00001eb4  afc1fff4	sw	-12(r30),r1
 1314  00001eb8  8fc10004	lw	r1,4(r30)
 1315  00001ebc  20220001	addi	r2,r1,#1
 1316  00001ec0  afc20004	sw	4(r30),r2
 1317  00001ec4  8fc20000	lw	r2,(r30)
 1318  00001ec8  8fc3fff4	lw	r3,-12(r30)
 1319  00001ecc  00400035	movi2fp	f0,r2
 1320  00001ed0  00600835	movi2fp	f1,r3
 1321  00001ed4  0401000f	div	f0,f0,f1
 1322  00001ed8  00001034	movfp2i	r2,f0
 1323  00001edc  00021820	add	r3,r0,r2
 1324  00001ee0  20620030	addi	r2,r3,#48
 1325  00001ee4  a0220000	sb	(r1),r2
 1326  00001ee8  8fc10000	lw	r1,(r30)
 1327  00001eec  8fc3fff4	lw	r3,-12(r30)
 1328  00001ef0  00200035	movi2fp	f0,r1
 1329  00001ef4  00600835	movi2fp	f1,r3
 1330  00001ef8  0401000f	div	f0,f0,f1
 1331  00001efc  00001034	movfp2i	r2,f0
 1332  00001f00  8fc3fff4	lw	r3,-12(r30)
 1333  00001f04  00400035	movi2fp	f0,r2
 1334  00001f08  00600835	movi2fp	f1,r3
 1335  00001f0c  0401000e	mult	f0,f0,f1
 1336  00001f10  00001034	movfp2i	r2,f0
 1337  00001f14  00220822	sub	r1,r1,r2
 1338  00001f18  afc10000	sw	(r30),r1
 1339  00001f1c          	L70_LF2:
 1340  00001f1c  8fc1fff4	lw	r1,-12(r30)
 1341  00001f20  6c220001	sgti	r2,r1,#1
 1342  00001f24  1440000c	bnez	r2,L71_LF2
 1343  00001f28  54000000	nop; delay slot nop
 1344  00001f2c  0800000c	j	L61_LF2
 1345  00001f30  54000000	nop; delay slot nop
 1346  00001f34          	L71_LF2:
 1347  00001f34  0bffff64	j	L68_LF2
 1348  00001f38  54000000	nop; delay slot nop
 1349  00001f3c          	L69_LF2:
 1350  00001f3c          	L63_LF2:
 1351  00001f3c          	L61_LF2:
 1352  00001f3c  8fc10004	lw	r1,4(r30)
 1353  00001f40  20020000	addi	r2,r0,(#0x0)&0xff
 1354  00001f44  a0220000	sb	(r1),r2
 1355  00001f48          	L59_LF2:
 1356  00001f48  8fa20000	lw	r2,0(r29)
 1357  00001f4c  8fa30004	lw	r3,4(r29)
 1358  00001f50  8fdffff8	lw	r31,-8(r30)
 1359  00001f54  001ee820	add	r29,r0,r30
 1360  00001f58  8fdefffc	lw	r30,-4(r30)
 1361  00001f5c  4be00000	jr	r31
 1362  00001f60  54000000	nop
 1363  00001f64          	.endproc _ditoa
 1364  00001f64          	.align 2
 1365  00001f64          	.proc _dstrtol
 1366  00001f64          	.global _dstrtol
 1367  00001f64          	_dstrtol:
 1368                      ;  Function 'dstrtol'; 16 bytes of locals, 1 regs to save.
 1369  00001f64  afbefffc	sw	-4(r29),r30; push fp
 1370  00001f68  001df020	add	r30,r0,r29; fp = sp
 1371  00001f6c  afbffff8	sw	-8(r29),r31; push ret addr
 1372  00001f70  2fbd0020	subui	r29,r29,#32; alloc local storage
 1373  00001f74  afa20000	sw	0(r29),r2
 1374  00001f78  20010000	addi	r1,r0,#0
 1375  00001f7c  afc1fff4	sw	-12(r30),r1
 1376  00001f80          	L73_LF2:
 1377  00001f80  8fc10000	lw	r1,(r30)
 1378  00001f84  90220000	lbu	r2,(r1)
 1379  00001f88  60410020	seqi	r1,r2,#32
 1380  00001f8c  14200034	bnez	r1,L75_LF2
 1381  00001f90  54000000	nop; delay slot nop
 1382  00001f94  8fc10000	lw	r1,(r30)
 1383  00001f98  90220000	lbu	r2,(r1)
 1384  00001f9c  60410009	seqi	r1,r2,#9
 1385  00001fa0  14200020	bnez	r1,L75_LF2
 1386  00001fa4  54000000	nop; delay slot nop
 1387  00001fa8  8fc10000	lw	r1,(r30)
 1388  00001fac  90220000	lbu	r2,(r1)
 1389  00001fb0  6041000a	seqi	r1,r2,#10
 1390  00001fb4  1420000c	bnez	r1,L75_LF2
 1391  00001fb8  54000000	nop; delay slot nop
 1392  00001fbc  0800001c	j	L74_LF2
 1393  00001fc0  54000000	nop; delay slot nop
 1394  00001fc4          	L75_LF2:
 1395  00001fc4  8fc20000	lw	r2,(r30)
 1396  00001fc8  20410001	addi	r1,r2,#1
 1397  00001fcc  00011020	add	r2,r0,r1
 1398  00001fd0  afc20000	sw	(r30),r2
 1399  00001fd4  0bffffa8	j	L73_LF2
 1400  00001fd8  54000000	nop; delay slot nop
 1401  00001fdc          	L74_LF2:
 1402  00001fdc  8fc10004	lw	r1,4(r30)
 1403  00001fe0  64220000	snei	r2,r1,#0
 1404  00001fe4  10400010	beqz	r2,L76_LF2
 1405  00001fe8  54000000	nop; delay slot nop
 1406  00001fec  8fc10004	lw	r1,4(r30)
 1407  00001ff0  8fc20000	lw	r2,(r30)
 1408  00001ff4  ac220000	sw	(r1),r2
 1409  00001ff8          	L76_LF2:
 1410  00001ff8  8fc10000	lw	r1,(r30)
 1411  00001ffc  90220000	lbu	r2,(r1)
 1412  00002000  64410000	snei	r1,r2,#0
 1413  00002004  14200010	bnez	r1,L77_LF2
 1414  00002008  54000000	nop; delay slot nop
 1415  0000200c  8fc1fff4	lw	r1,-12(r30)
 1416  00002010  08000294	j	L72_LF2
 1417  00002014  54000000	nop; delay slot nop
 1418  00002018          	L77_LF2:
 1419  00002018  8fc10000	lw	r1,(r30)
 1420  0000201c  90220000	lbu	r2,(r1)
 1421  00002020  6041002d	seqi	r1,r2,#45
 1422  00002024  10200024	beqz	r1,L78_LF2
 1423  00002028  54000000	nop; delay slot nop
 1424  0000202c  2001ffff	addi	r1,r0,#-1
 1425  00002030  afc1ffec	sw	-20(r30),r1
 1426  00002034  8fc20000	lw	r2,(r30)
 1427  00002038  20410001	addi	r1,r2,#1
 1428  0000203c  00011020	add	r2,r0,r1
 1429  00002040  afc20000	sw	(r30),r2
 1430  00002044  0800000c	j	L79_LF2
 1431  00002048  54000000	nop; delay slot nop
 1432  0000204c          	L78_LF2:
 1433  0000204c  20010001	addi	r1,r0,#1
 1434  00002050  afc1ffec	sw	-20(r30),r1
 1435  00002054          	L79_LF2:
 1436  00002054  8fc10008	lw	r1,8(r30)
 1437  00002058  64220000	snei	r2,r1,#0
 1438  0000205c  14400090	bnez	r2,L80_LF2
 1439  00002060  54000000	nop; delay slot nop
 1440  00002064  8fc10000	lw	r1,(r30)
 1441  00002068  90220000	lbu	r2,(r1)
 1442  0000206c  60410030	seqi	r1,r2,#48
 1443  00002070  10200074	beqz	r1,L81_LF2
 1444  00002074  54000000	nop; delay slot nop
 1445  00002078  8fc20000	lw	r2,(r30)
 1446  0000207c  20410001	addi	r1,r2,#1
 1447  00002080  00011020	add	r2,r0,r1
 1448  00002084  afc20000	sw	(r30),r2
 1449  00002088  8fc10000	lw	r1,(r30)
 1450  0000208c  90220000	lbu	r2,(r1)
 1451  00002090  60410078	seqi	r1,r2,#120
 1452  00002094  14200020	bnez	r1,L83_LF2
 1453  00002098  54000000	nop; delay slot nop
 1454  0000209c  8fc10000	lw	r1,(r30)
 1455  000020a0  90220000	lbu	r2,(r1)
 1456  000020a4  60410058	seqi	r1,r2,#88
 1457  000020a8  1420000c	bnez	r1,L83_LF2
 1458  000020ac  54000000	nop; delay slot nop
 1459  000020b0  08000024	j	L82_LF2
 1460  000020b4  54000000	nop; delay slot nop
 1461  000020b8          	L83_LF2:
 1462  000020b8  20010010	addi	r1,r0,#16
 1463  000020bc  afc10008	sw	8(r30),r1
 1464  000020c0  8fc20000	lw	r2,(r30)
 1465  000020c4  20410001	addi	r1,r2,#1
 1466  000020c8  00011020	add	r2,r0,r1
 1467  000020cc  afc20000	sw	(r30),r2
 1468  000020d0  0800000c	j	L84_LF2
 1469  000020d4  54000000	nop; delay slot nop
 1470  000020d8          	L82_LF2:
 1471  000020d8  20010008	addi	r1,r0,#8
 1472  000020dc  afc10008	sw	8(r30),r1
 1473  000020e0          	L84_LF2:
 1474  000020e0  0800000c	j	L80_LF2
 1475  000020e4  54000000	nop; delay slot nop
 1476  000020e8          	L81_LF2:
 1477  000020e8  2001000a	addi	r1,r0,#10
 1478  000020ec  afc10008	sw	8(r30),r1
 1479  000020f0          	L85_LF2:
 1480  000020f0          	L80_LF2:
 1481  000020f0  8fc10008	lw	r1,8(r30)
 1482  000020f4  70220000	slei	r2,r1,#0
 1483  000020f8  1440001c	bnez	r2,L87_LF2
 1484  000020fc  54000000	nop; delay slot nop
 1485  00002100  8fc10008	lw	r1,8(r30)
 1486  00002104  6c220010	sgti	r2,r1,#16
 1487  00002108  1440000c	bnez	r2,L87_LF2
 1488  0000210c  54000000	nop; delay slot nop
 1489  00002110  08000010	j	L86_LF2
 1490  00002114  54000000	nop; delay slot nop
 1491  00002118          	L87_LF2:
 1492  00002118  8fc1fff4	lw	r1,-12(r30)
 1493  0000211c  08000188	j	L72_LF2
 1494  00002120  54000000	nop; delay slot nop
 1495  00002124          	L86_LF2:
 1496  00002124  54000000	nop
 1497  00002128          	L88_LF2:
 1498  00002128  8fc10000	lw	r1,(r30)
 1499  0000212c  90220000	lbu	r2,(r1)
 1500  00002130  6c41002f	sgtui	r1,r2,#47
 1501  00002134  10200030	beqz	r1,L91_LF2
 1502  00002138  54000000	nop; delay slot nop
 1503  0000213c  8fc10000	lw	r1,(r30)
 1504  00002140  90220000	lbu	r2,(r1)
 1505  00002144  70410039	sleui	r1,r2,#57
 1506  00002148  1020001c	beqz	r1,L91_LF2
 1507  0000214c  54000000	nop; delay slot nop
 1508  00002150  8fc10000	lw	r1,(r30)
 1509  00002154  90220000	lbu	r2,(r1)
 1510  00002158  2041ffd0	addi	r1,r2,#-48
 1511  0000215c  afc1fff0	sw	-16(r30),r1
 1512  00002160  0800008c	j	L92_LF2
 1513  00002164  54000000	nop; delay slot nop
 1514  00002168          	L91_LF2:
 1515  00002168  8fc10000	lw	r1,(r30)
 1516  0000216c  90220000	lbu	r2,(r1)
 1517  00002170  6c410060	sgtui	r1,r2,#96
 1518  00002174  10200030	beqz	r1,L93_LF2
 1519  00002178  54000000	nop; delay slot nop
 1520  0000217c  8fc10000	lw	r1,(r30)
 1521  00002180  90220000	lbu	r2,(r1)
 1522  00002184  7041007a	sleui	r1,r2,#122
 1523  00002188  1020001c	beqz	r1,L93_LF2
 1524  0000218c  54000000	nop; delay slot nop
 1525  00002190  8fc10000	lw	r1,(r30)
 1526  00002194  90220000	lbu	r2,(r1)
 1527  00002198  2041ffa9	addi	r1,r2,#-87
 1528  0000219c  afc1fff0	sw	-16(r30),r1
 1529  000021a0  0800004c	j	L92_LF2
 1530  000021a4  54000000	nop; delay slot nop
 1531  000021a8          	L93_LF2:
 1532  000021a8  8fc10000	lw	r1,(r30)
 1533  000021ac  90220000	lbu	r2,(r1)
 1534  000021b0  6c410040	sgtui	r1,r2,#64
 1535  000021b4  10200030	beqz	r1,L95_LF2
 1536  000021b8  54000000	nop; delay slot nop
 1537  000021bc  8fc10000	lw	r1,(r30)
 1538  000021c0  90220000	lbu	r2,(r1)
 1539  000021c4  7041005a	sleui	r1,r2,#90
 1540  000021c8  1020001c	beqz	r1,L95_LF2
 1541  000021cc  54000000	nop; delay slot nop
 1542  000021d0  8fc10000	lw	r1,(r30)
 1543  000021d4  90220000	lbu	r2,(r1)
 1544  000021d8  2041ffc9	addi	r1,r2,#-55
 1545  000021dc  afc1fff0	sw	-16(r30),r1
 1546  000021e0  0800000c	j	L92_LF2
 1547  000021e4  54000000	nop; delay slot nop
 1548  000021e8          	L95_LF2:
 1549  000021e8  200103e8	addi	r1,r0,#1000
 1550  000021ec  afc1fff0	sw	-16(r30),r1
 1551  000021f0          	L96_LF2:
 1552  000021f0          	L94_LF2:
 1553  000021f0          	L92_LF2:
 1554  000021f0  8fc1fff0	lw	r1,-16(r30)
 1555  000021f4  8fc20008	lw	r2,8(r30)
 1556  000021f8  0022082a	slt	r1,r1,r2
 1557  000021fc  10200040	beqz	r1,L90_LF2
 1558  00002200  54000000	nop; delay slot nop
 1559  00002204  8fc1fff4	lw	r1,-12(r30)
 1560  00002208  8fc20008	lw	r2,8(r30)
 1561  0000220c  00200035	movi2fp	f0,r1
 1562  00002210  00400835	movi2fp	f1,r2
 1563  00002214  0401000e	mult	f0,f0,f1
 1564  00002218  00000834	movfp2i	r1,f0
 1565  0000221c  afc1fff4	sw	-12(r30),r1
 1566  00002220  8fc1fff4	lw	r1,-12(r30)
 1567  00002224  8fc2fff0	lw	r2,-16(r30)
 1568  00002228  00220820	add	r1,r1,r2
 1569  0000222c  afc1fff4	sw	-12(r30),r1
 1570  00002230  8fc20000	lw	r2,(r30)
 1571  00002234  20410001	addi	r1,r2,#1
 1572  00002238  00011020	add	r2,r0,r1
 1573  0000223c  afc20000	sw	(r30),r2
 1574  00002240          	L97_LF2:
 1575  00002240          	L90_LF2:
 1576  00002240  8fc1fff0	lw	r1,-16(r30)
 1577  00002244  8fc20008	lw	r2,8(r30)
 1578  00002248  0022082a	slt	r1,r1,r2
 1579  0000224c  1420000c	bnez	r1,L98_LF2
 1580  00002250  54000000	nop; delay slot nop
 1581  00002254  0800000c	j	L89_LF2
 1582  00002258  54000000	nop; delay slot nop
 1583  0000225c          	L98_LF2:
 1584  0000225c  0bfffec8	j	L88_LF2
 1585  00002260  54000000	nop; delay slot nop
 1586  00002264          	L89_LF2:
 1587  00002264  8fc10004	lw	r1,4(r30)
 1588  00002268  64220000	snei	r2,r1,#0
 1589  0000226c  10400010	beqz	r2,L99_LF2
 1590  00002270  54000000	nop; delay slot nop
 1591  00002274  8fc10004	lw	r1,4(r30)
 1592  00002278  8fc20000	lw	r2,(r30)
 1593  0000227c  ac220000	sw	(r1),r2
 1594  00002280          	L99_LF2:
 1595  00002280  8fc1fff4	lw	r1,-12(r30)
 1596  00002284  8fc2ffec	lw	r2,-20(r30)
 1597  00002288  00200035	movi2fp	f0,r1
 1598  0000228c  00400835	movi2fp	f1,r2
 1599  00002290  0401000e	mult	f0,f0,f1
 1600  00002294  00000834	movfp2i	r1,f0
 1601  00002298  afc1fff4	sw	-12(r30),r1
 1602  0000229c  8fc1fff4	lw	r1,-12(r30)
 1603  000022a0  08000004	j	L72_LF2
 1604  000022a4  54000000	nop; delay slot nop
 1605  000022a8          	L72_LF2:
 1606  000022a8  8fa20000	lw	r2,0(r29)
 1607  000022ac  8fdffff8	lw	r31,-8(r30)
 1608  000022b0  001ee820	add	r29,r0,r30
 1609  000022b4  8fdefffc	lw	r30,-4(r30)
 1610  000022b8  4be00000	jr	r31
 1611  000022bc  54000000	nop
 1612  000022c0          	.endproc _dstrtol
 1613  000022c0          	.align 2
 1614  000022c0          	.proc _bcopy
 1615  000022c0          	.global _bcopy
 1616  000022c0          	_bcopy:
 1617                      ;  Function 'bcopy'; 0 bytes of locals, 2 regs to save.
 1618  000022c0  afbefffc	sw	-4(r29),r30; push fp
 1619  000022c4  001df020	add	r30,r0,r29; fp = sp
 1620  000022c8  afbffff8	sw	-8(r29),r31; push ret addr
 1621  000022cc  2fbd0010	subui	r29,r29,#16; alloc local storage
 1622  000022d0  afa20000	sw	0(r29),r2
 1623  000022d4  afa30004	sw	4(r29),r3
 1624  000022d8  54000000	nop
 1625  000022dc          	L101_LF2:
 1626  000022dc  8fc10008	lw	r1,8(r30)
 1627  000022e0  2022ffff	addi	r2,r1,#-1
 1628  000022e4  afc20008	sw	8(r30),r2
 1629  000022e8  6c210000	sgti	r1,r1,#0
 1630  000022ec  1420000c	bnez	r1,L103_LF2
 1631  000022f0  54000000	nop; delay slot nop
 1632  000022f4  0800002c	j	L102_LF2
 1633  000022f8  54000000	nop; delay slot nop
 1634  000022fc          	L103_LF2:
 1635  000022fc  8fc10004	lw	r1,4(r30)
 1636  00002300  20220001	addi	r2,r1,#1
 1637  00002304  afc20004	sw	4(r30),r2
 1638  00002308  8fc20000	lw	r2,(r30)
 1639  0000230c  20430001	addi	r3,r2,#1
 1640  00002310  afc30000	sw	(r30),r3
 1641  00002314  80420000	lb	r2,(r2)
 1642  00002318  a0220000	sb	(r1),r2
 1643  0000231c  0bffffbc	j	L101_LF2
 1644  00002320  54000000	nop; delay slot nop
 1645  00002324          	L102_LF2:
 1646  00002324          	L100_LF2:
 1647  00002324  8fa20000	lw	r2,0(r29)
 1648  00002328  8fa30004	lw	r3,4(r29)
 1649  0000232c  8fdffff8	lw	r31,-8(r30)
 1650  00002330  001ee820	add	r29,r0,r30
 1651  00002334  8fdefffc	lw	r30,-4(r30)
 1652  00002338  4be00000	jr	r31
 1653  0000233c  54000000	nop
 1654  00002340          	.endproc _bcopy
 1655  00002340          	.align 2
 1656  00002340          	.proc _bzero
 1657  00002340          	.global _bzero
 1658  00002340          	_bzero:
 1659                      ;  Function 'bzero'; 0 bytes of locals, 1 regs to save.
 1660  00002340  afbefffc	sw	-4(r29),r30; push fp
 1661  00002344  001df020	add	r30,r0,r29; fp = sp
 1662  00002348  afbffff8	sw	-8(r29),r31; push ret addr
 1663  0000234c  2fbd0010	subui	r29,r29,#16; alloc local storage
 1664  00002350  afa20000	sw	0(r29),r2
 1665  00002354  54000000	nop
 1666  00002358          	L105_LF2:
 1667  00002358  8fc10004	lw	r1,4(r30)
 1668  0000235c  2022ffff	addi	r2,r1,#-1
 1669  00002360  afc20004	sw	4(r30),r2
 1670  00002364  6c210000	sgti	r1,r1,#0
 1671  00002368  1420000c	bnez	r1,L107_LF2
 1672  0000236c  54000000	nop; delay slot nop
 1673  00002370  08000020	j	L106_LF2
 1674  00002374  54000000	nop; delay slot nop
 1675  00002378          	L107_LF2:
 1676  00002378  8fc10000	lw	r1,(r30)
 1677  0000237c  20220001	addi	r2,r1,#1
 1678  00002380  afc20000	sw	(r30),r2
 1679  00002384  20020000	addi	r2,r0,(#0x0)&0xff
 1680  00002388  a0220000	sb	(r1),r2
 1681  0000238c  0bffffc8	j	L105_LF2
 1682  00002390  54000000	nop; delay slot nop
 1683  00002394          	L106_LF2:
 1684  00002394          	L104_LF2:
 1685  00002394  8fa20000	lw	r2,0(r29)
 1686  00002398  8fdffff8	lw	r31,-8(r30)
 1687  0000239c  001ee820	add	r29,r0,r30
 1688  000023a0  8fdefffc	lw	r30,-4(r30)
 1689  000023a4  4be00000	jr	r31
 1690  000023a8  54000000	nop
 1691  000023ac          	.endproc _bzero
 1692  000023ac          	.align 2
 1693  000023ac          	.proc _min
 1694  000023ac          	.global _min
 1695  000023ac          	_min:
 1696                      ;  Function 'min'; 0 bytes of locals, 2 regs to save.
 1697  000023ac  afbefffc	sw	-4(r29),r30; push fp
 1698  000023b0  001df020	add	r30,r0,r29; fp = sp
 1699  000023b4  afbffff8	sw	-8(r29),r31; push ret addr
 1700  000023b8  2fbd0010	subui	r29,r29,#16; alloc local storage
 1701  000023bc  afa20000	sw	0(r29),r2
 1702  000023c0  afa30004	sw	4(r29),r3
 1703  000023c4  8fc10000	lw	r1,(r30)
 1704  000023c8  8fc20004	lw	r2,4(r30)
 1705  000023cc  0022182c	sle	r3,r1,r2
 1706  000023d0  14600008	bnez	r3,L109_LF2
 1707  000023d4  54000000	nop; delay slot nop
 1708  000023d8  8fc10004	lw	r1,4(r30)
 1709  000023dc          	L109_LF2:
 1710  000023dc  08000004	j	L108_LF2
 1711  000023e0  54000000	nop; delay slot nop
 1712  000023e4          	L108_LF2:
 1713  000023e4  8fa20000	lw	r2,0(r29)
 1714  000023e8  8fa30004	lw	r3,4(r29)
 1715  000023ec  8fdffff8	lw	r31,-8(r30)
 1716  000023f0  001ee820	add	r29,r0,r30
 1717  000023f4  8fdefffc	lw	r30,-4(r30)
 1718  000023f8  4be00000	jr	r31
 1719  000023fc  54000000	nop
 1720  00002400          	.endproc _min
 1721  00002400          	.align 2
 1722  00002400          	.proc _max
 1723  00002400          	.global _max
 1724  00002400          	_max:
 1725                      ;  Function 'max'; 0 bytes of locals, 2 regs to save.
 1726  00002400  afbefffc	sw	-4(r29),r30; push fp
 1727  00002404  001df020	add	r30,r0,r29; fp = sp
 1728  00002408  afbffff8	sw	-8(r29),r31; push ret addr
 1729  0000240c  2fbd0010	subui	r29,r29,#16; alloc local storage
 1730  00002410  afa20000	sw	0(r29),r2
 1731  00002414  afa30004	sw	4(r29),r3
 1732  00002418  8fc10000	lw	r1,(r30)
 1733  0000241c  8fc20004	lw	r2,4(r30)
 1734  00002420  0022182d	sge	r3,r1,r2
 1735  00002424  14600008	bnez	r3,L111_LF2
 1736  00002428  54000000	nop; delay slot nop
 1737  0000242c  8fc10004	lw	r1,4(r30)
 1738  00002430          	L111_LF2:
 1739  00002430  08000004	j	L110_LF2
 1740  00002434  54000000	nop; delay slot nop
 1741  00002438          	L110_LF2:
 1742  00002438  8fa20000	lw	r2,0(r29)
 1743  0000243c  8fa30004	lw	r3,4(r29)
 1744  00002440  8fdffff8	lw	r31,-8(r30)
 1745  00002444  001ee820	add	r29,r0,r30
 1746  00002448  8fdefffc	lw	r30,-4(r30)
 1747  0000244c  4be00000	jr	r31
 1748  00002450  54000000	nop
 1749  00002454          	.endproc _max
 1750                      ;;; Ethan L. Miller, 1999.  Released to the public domain
 1751                      ;;;
 1752                      ;;; Most of the traps are called in files from libtraps.
 1755  00002454          	.align 2
 1756  00002454          	.proc _exit
 1757  00002454          	.global _exit
 1758  00002454          	_exit:
 1759  00002454  44000300	trap	#0x300
 1760  00002458  4be00000	jr	r31
 1761  0000245c  54000000	nop
 1762  00002460          	.endproc _exit
 1764                      ; for the benefit of gcc.
 1765  00002460          	.proc ___main
 1766  00002460          	.global ___main
 1767  00002460          	___main:
 1768  00002460  4be00000	jr	r31
 1769  00002464  54000000	nop
 1770  00002468          	.endproc ___main
 1771  00002468          	.text
 1772  00002468          	.global _etext
 1773  00002468          	_etext:
 1774  00002468          	.align 3
 1775  00002468          	.data
 1776  00003146          	.global _edata
 1777  00003146          	_edata:
