 line   address	contents
    1                      ; Linked by DLX-LD.
    2                      ; MemSize 24576
    3                      ; Data size: 218
    4                      ; Text size: 4632
    5                      ; Stack size: 8192
    6  00000000          	.text 0x1000
    7  00001000          	.data 0x3000
    8                      ; Compiled by GCC
    9  00003000          	.text
   10  00001000          	.align 2
   11  00001000          	.proc _isspace
   12  00001000          	.global _isspace
   13  00001000          	_isspace:
   14                      ;  Function 'isspace'; 0 bytes of locals, 1 regs to save.
   15  00001000  afbefffc	sw	-4(r29),r30; push fp
   16  00001004  001df020	add	r30,r0,r29; fp = sp
   17  00001008  afbffff8	sw	-8(r29),r31; push ret addr
   18  0000100c  2fbd0010	subui	r29,r29,#16; alloc local storage
   19  00001010  afa20000	sw	0(r29),r2
   20  00001014  83c20003	lb	r2,3(r30)
   21  00001018  201f0000	addi	r31,r0,#0
   22  0000101c  304100ff	andi	r1,r2,#0x00ff
   23  00001020  60210020	seqi	r1,r1,#32
   24  00001024  14200018	bnez	r1,L6_LF0
   25  00001028  54000000	nop; not filled.
   26  0000102c  2041fff7	addi	r1,r2,#-9
   27  00001030  302100ff	andi	r1,r1,#0x00ff
   28  00001034  70210001	sleui	r1,r1,#1
   29  00001038  10200008	beqz	r1,L5_LF0
   30  0000103c  54000000	nop; not filled.
   31  00001040          	L6_LF0:
   32  00001040  201f0001	addi	r31,r0,#1
   33  00001044          	L5_LF0:
   34  00001044  001f0820	add	r1,r0,r31
   35  00001048  8fa20000	lw	r2,0(r29)
   36  0000104c  8fdffff8	lw	r31,-8(r30)
   37  00001050  001ee820	add	r29,r0,r30
   38  00001054  8fdefffc	lw	r30,-4(r30)
   39  00001058  4be00000	jr	r31
   40  0000105c  54000000	nop
   41  00001060          	.endproc _isspace
   42  00001060          	.align 2
   43  00001060          	.proc _isxdigit
   44  00001060          	.global _isxdigit
   45  00001060          	_isxdigit:
   46                      ;  Function 'isxdigit'; 0 bytes of locals, 1 regs to save.
   47  00001060  afbefffc	sw	-4(r29),r30; push fp
   48  00001064  001df020	add	r30,r0,r29; fp = sp
   49  00001068  afbffff8	sw	-8(r29),r31; push ret addr
   50  0000106c  2fbd0010	subui	r29,r29,#16; alloc local storage
   51  00001070  afa20000	sw	0(r29),r2
   52  00001074  83df0003	lb	r31,3(r30)
   53  00001078  20020000	addi	r2,r0,#0
   54  0000107c  23e1ffd0	addi	r1,r31,#-48
   55  00001080  302100ff	andi	r1,r1,#0x00ff
   56  00001084  70210009	sleui	r1,r1,#9
   57  00001088  14200028	bnez	r1,L12_LF0
   58  0000108c  54000000	nop; not filled.
   59  00001090  23e1ff9f	addi	r1,r31,#-97
   60  00001094  302100ff	andi	r1,r1,#0x00ff
   61  00001098  70210005	sleui	r1,r1,#5
   62  0000109c  14200014	bnez	r1,L12_LF0
   63  000010a0  54000000	nop; not filled.
   64  000010a4  33e100ff	andi	r1,r31,#0x00ff
   65  000010a8  64210041	snei	r1,r1,#65
   66  000010ac  14200008	bnez	r1,L11_LF0
   67  000010b0  54000000	nop; not filled.
   68  000010b4          	L12_LF0:
   69  000010b4  20020001	addi	r2,r0,#1
   70  000010b8          	L11_LF0:
   71  000010b8  00020820	add	r1,r0,r2
   72  000010bc  8fa20000	lw	r2,0(r29)
   73  000010c0  8fdffff8	lw	r31,-8(r30)
   74  000010c4  001ee820	add	r29,r0,r30
   75  000010c8  8fdefffc	lw	r30,-4(r30)
   76  000010cc  4be00000	jr	r31
   77  000010d0  54000000	nop
   78  000010d4          	.endproc _isxdigit
   79  000010d4          	.data
   80  00003000          	.align 2
   81  00003000          	LC0_LF0:
   82  00003000  48656c6c	.ascii "Hello World\000"
   82  00003004  6f20576f	
   82  00003008  726c6400	
   83  0000300c          	.align 2
   84  0000300c          	LC1_LF0:
   85  0000300c  55736167	.ascii "Usage: \000"
   85  00003010  653a2000	
   86  00003014          	.align 2
   87  00003014          	LC2_LF0:
   88  00003014  203c6861	.ascii " <handle_to_shared_memory_page> <handle_to_page_mapped_semaphore>\n\000"
   88  00003018  6e646c65	
   88  0000301c  5f746f5f	
   88  00003020  73686172	
   88  00003024  65645f6d	
   88  00003028  656d6f72	
   88  0000302c  795f7061	
   88  00003030  67653e20	
   88  00003034  3c68616e	
   88  00003038  646c655f	
   88  0000303c  746f5f70	
   88  00003040  6167655f	
   88  00003044  6d617070	
   88  00003048  65645f73	
   88  0000304c  656d6170	
   88  00003050  686f7265	
   88  00003054  3e0a00  	
   89  00003057          	.align 2
   90  00003058          	LC3_LF0:
   91  00003058  436f756c	.ascii "Could not map virtual address to memory in \000"
   91  0000305c  64206e6f	
   91  00003060  74206d61	
   91  00003064  70207669	
   91  00003068  72747561	
   91  0000306c  6c206164	
   91  00003070  64726573	
   91  00003074  7320746f	
   91  00003078  206d656d	
   91  0000307c  6f727920	
   91  00003080  696e2000	
   92  00003084          	.align 2
   93  00003084          	LC4_LF0:
   94  00003084  50726f64	.ascii "Producer %d inserted: %c\n\000"
   94  00003088  75636572	
   94  0000308c  20256420	
   94  00003090  696e7365	
   94  00003094  72746564	
   94  00003098  3a202563	
   94  0000309c  0a00    	
   95  0000309e          	.align 2
   96  000030a0          	LC5_LF0:
   97  000030a0  42616420	.ascii "Bad semaphore sem_procs_completed (%d) in \000"
   97  000030a4  73656d61	
   97  000030a8  70686f72	
   97  000030ac  65207365	
   97  000030b0  6d5f7072	
   97  000030b4  6f63735f	
   97  000030b8  636f6d70	
   97  000030bc  6c657465	
   97  000030c0  64202825	
   97  000030c4  64292069	
   97  000030c8  6e2000  	
   98  000030cb          	.align 2
   99  000030cc          	LC6_LF0:
  100  000030cc  2c206578	.ascii ", exiting...\n\000"
  100  000030d0  6974696e	
  100  000030d4  672e2e2e	
  100  000030d8  0a00    	
  101  000030da          	.text
  102  000010d4          	.align 2
  103  000010d4          	.proc _main
  104  000010d4          	.global _main
  105  000010d4          	_main:
  106                      ;  Function 'main'; 16 bytes of locals, 0 regs to save.
  107  000010d4  afbefffc	sw	-4(r29),r30; push fp
  108  000010d8  001df020	add	r30,r0,r29; fp = sp
  109  000010dc  afbffff8	sw	-8(r29),r31; push ret addr
  110  000010e0  2fbd0018	subui	r29,r29,#24; alloc local storage
  111  000010e4  8fc20000	lw	r2,(r30)
  112  000010e8  8fc90004	lw	r9,4(r30)
  113  000010ec  0c001120	jal	___main
  114  000010f0  54000000	nop; not filled.
  115  000010f4  3c010000	lhi	r1,((LC0_LF0)>>16)&0xffff
  116  000010f8  24213000	addui	r1,r1,(LC0_LF0)&0xffff
  117  000010fc  802b0000	lb	r11,(r1)
  118  00001100  a3cbffe8	sb	-24(r30),r11
  119  00001104  802b0001	lb	r11,1(r1)
  120  00001108  a3cbffe9	sb	-23(r30),r11
  121  0000110c  802b0002	lb	r11,2(r1)
  122  00001110  a3cbffea	sb	-22(r30),r11
  123  00001114  802b0003	lb	r11,3(r1)
  124  00001118  a3cbffeb	sb	-21(r30),r11
  125  0000111c  802b0004	lb	r11,4(r1)
  126  00001120  a3cbffec	sb	-20(r30),r11
  127  00001124  802b0005	lb	r11,5(r1)
  128  00001128  a3cbffed	sb	-19(r30),r11
  129  0000112c  802b0006	lb	r11,6(r1)
  130  00001130  a3cbffee	sb	-18(r30),r11
  131  00001134  802b0007	lb	r11,7(r1)
  132  00001138  a3cbffef	sb	-17(r30),r11
  133  0000113c  802b0008	lb	r11,8(r1)
  134  00001140  a3cbfff0	sb	-16(r30),r11
  135  00001144  802b0009	lb	r11,9(r1)
  136  00001148  a3cbfff1	sb	-15(r30),r11
  137  0000114c  8021000a	lb	r1,10(r1)
  138  00001150  a3c1fff2	sb	-14(r30),r1
  139  00001154  64410004	snei	r1,r2,#4
  140  00001158  1020004c	beqz	r1,L14_LF0
  141  0000115c  54000000	nop; not filled.
  142  00001160  23bdfff8	addi	r29,r29,#-8
  143  00001164  3c0b0000	lhi	r11,((LC1_LF0)>>16)&0xffff
  144  00001168  256b300c	addui	r11,r11,(LC1_LF0)&0xffff
  145  0000116c  afab0000	sw	(r29),r11
  146  00001170  0c000294	jal	_Printf
  147  00001174  54000000	nop; not filled.
  148  00001178  8d2b0000	lw	r11,(r9)
  149  0000117c  afab0000	sw	(r29),r11
  150  00001180  0c000284	jal	_Printf
  151  00001184  54000000	nop; not filled.
  152  00001188  3c0b0000	lhi	r11,((LC2_LF0)>>16)&0xffff
  153  0000118c  256b3014	addui	r11,r11,(LC2_LF0)&0xffff
  154  00001190  afab0000	sw	(r29),r11
  155  00001194  0c000270	jal	_Printf
  156  00001198  54000000	nop; not filled.
  157  0000119c  0c00031c	jal	_Exit
  158  000011a0  54000000	nop; not filled.
  159  000011a4  23bd0008	addi	r29,r29,#8
  160  000011a8          	L14_LF0:
  161  000011a8  23bdfff0	addi	r29,r29,#-16
  162  000011ac  8d2b0004	lw	r11,4(r9)
  163  000011b0  afab0000	sw	(r29),r11
  164  000011b4  200b0000	addi	r11,r0,#0
  165  000011b8  afab0004	sw	4(r29),r11
  166  000011bc  200b000a	addi	r11,r0,#10
  167  000011c0  afab0008	sw	8(r29),r11
  168  000011c4  0c000ba0	jal	_dstrtol
  169  000011c8  54000000	nop; not filled.
  170  000011cc  00015020	add	r10,r0,r1
  171  000011d0  8d2b0008	lw	r11,8(r9)
  172  000011d4  afab0000	sw	(r29),r11
  173  000011d8  200b0000	addi	r11,r0,#0
  174  000011dc  afab0004	sw	4(r29),r11
  175  000011e0  200b000a	addi	r11,r0,#10
  176  000011e4  afab0008	sw	8(r29),r11
  177  000011e8  0c000b7c	jal	_dstrtol
  178  000011ec  54000000	nop; not filled.
  179  000011f0  00011020	add	r2,r0,r1
  180  000011f4  8d2b000c	lw	r11,12(r9)
  181  000011f8  afab0000	sw	(r29),r11
  182  000011fc  200b0000	addi	r11,r0,#0
  183  00001200  afab0004	sw	4(r29),r11
  184  00001204  200b000a	addi	r11,r0,#10
  185  00001208  afab0008	sw	8(r29),r11
  186  0000120c  0c000b58	jal	_dstrtol
  187  00001210  54000000	nop; not filled.
  188  00001214  00013020	add	r6,r0,r1
  189  00001218  afa20000	sw	(r29),r2
  190  0000121c  0c000218	jal	_shmat
  191  00001220  54000000	nop; not filled.
  192  00001224  00012820	add	r5,r0,r1
  193  00001228  23bd0010	addi	r29,r29,#16
  194  0000122c  64a10000	snei	r1,r5,#0
  195  00001230  14200038	bnez	r1,L15_LF0
  196  00001234  54000000	nop; not filled.
  197  00001238  23bdfff8	addi	r29,r29,#-8
  198  0000123c  3c0b0000	lhi	r11,((LC3_LF0)>>16)&0xffff
  199  00001240  256b3058	addui	r11,r11,(LC3_LF0)&0xffff
  200  00001244  afab0000	sw	(r29),r11
  201  00001248  0c0001bc	jal	_Printf
  202  0000124c  54000000	nop; not filled.
  203  00001250  8d2b0000	lw	r11,(r9)
  204  00001254  afab0000	sw	(r29),r11
  205  00001258  0c0001ac	jal	_Printf
  206  0000125c  54000000	nop; not filled.
  207  00001260  0c000258	jal	_Exit
  208  00001264  54000000	nop; not filled.
  209  00001268  23bd0008	addi	r29,r29,#8
  210  0000126c          	L15_LF0:
  211  0000126c  20070005	addi	r7,r0,#5
  212  00001270  23c4ffe8	addi	r4,r30,#-24
  213  00001274  23c8fff2	addi	r8,r30,#-14
  214  00001278          	L18_LF0:
  215  00001278  23bdfff8	addi	r29,r29,#-8
  216  0000127c  afa60000	sw	(r29),r6
  217  00001280  0c0001f0	jal	_lock_acquire
  218  00001284  54000000	nop; not filled.
  219  00001288  8ca10008	lw	r1,8(r5)
  220  0000128c  20230001	addi	r3,r1,#1
  221  00001290  00600035	movi2fp	f0,r3
  222  00001294  00e00835	movi2fp	f1,r7
  223  00001298  0401000f	div	f0,f0,f1
  224  0000129c  00001034	movfp2i	r2,f0
  225  000012a0  50410002	slli	r1,r2,#0x2
  226  000012a4  00220820	add	r1,r1,r2
  227  000012a8  00610822	sub	r1,r3,r1
  228  000012ac  8ca2000c	lw	r2,12(r5)
  229  000012b0  23bd0008	addi	r29,r29,#8
  230  000012b4  00220829	sne	r1,r1,r2
  231  000012b8  1020006c	beqz	r1,L19_LF0
  232  000012bc  54000000	nop; not filled.
  233  000012c0  00a20820	add	r1,r5,r2
  234  000012c4  808b0000	lb	r11,(r4)
  235  000012c8  a02b0000	sb	(r1),r11
  236  000012cc  0c000144	jal	_getpid
  237  000012d0  54000000	nop; not filled.
  238  000012d4  23bdfff0	addi	r29,r29,#-16
  239  000012d8  3c0b0000	lhi	r11,((LC4_LF0)>>16)&0xffff
  240  000012dc  256b3084	addui	r11,r11,(LC4_LF0)&0xffff
  241  000012e0  afab0000	sw	(r29),r11
  242  000012e4  afa10004	sw	4(r29),r1
  243  000012e8  90810000	lbu	r1,(r4)
  244  000012ec  afa10008	sw	8(r29),r1
  245  000012f0  0c000114	jal	_Printf
  246  000012f4  54000000	nop; not filled.
  247  000012f8  8ca1000c	lw	r1,12(r5)
  248  000012fc  20230001	addi	r3,r1,#1
  249  00001300  00600035	movi2fp	f0,r3
  250  00001304  00e00835	movi2fp	f1,r7
  251  00001308  0401000f	div	f0,f0,f1
  252  0000130c  00001034	movfp2i	r2,f0
  253  00001310  50410002	slli	r1,r2,#0x2
  254  00001314  00220820	add	r1,r1,r2
  255  00001318  00610822	sub	r1,r3,r1
  256  0000131c  aca1000c	sw	12(r5),r1
  257  00001320  20840001	addi	r4,r4,#1
  258  00001324  23bd0010	addi	r29,r29,#16
  259  00001328          	L19_LF0:
  260  00001328  23bdfff8	addi	r29,r29,#-8
  261  0000132c  afa60000	sw	(r29),r6
  262  00001330  0c00014c	jal	_lock_release
  263  00001334  54000000	nop; not filled.
  264  00001338  23bd0008	addi	r29,r29,#8
  265  0000133c  0088082c	sle	r1,r4,r8
  266  00001340  1420ff34	bnez	r1,L18_LF0
  267  00001344  54000000	nop; not filled.
  268  00001348  23bdfff8	addi	r29,r29,#-8
  269  0000134c  afaa0000	sw	(r29),r10
  270  00001350  0c000108	jal	_sem_signal
  271  00001354  54000000	nop; not filled.
  272  00001358  23bd0008	addi	r29,r29,#8
  273  0000135c  64210001	snei	r1,r1,#1
  274  00001360  10200050	beqz	r1,L21_LF0
  275  00001364  54000000	nop; not filled.
  276  00001368  23bdfff8	addi	r29,r29,#-8
  277  0000136c  3c0b0000	lhi	r11,((LC5_LF0)>>16)&0xffff
  278  00001370  256b30a0	addui	r11,r11,(LC5_LF0)&0xffff
  279  00001374  afab0000	sw	(r29),r11
  280  00001378  afaa0004	sw	4(r29),r10
  281  0000137c  0c000088	jal	_Printf
  282  00001380  54000000	nop; not filled.
  283  00001384  8d290000	lw	r9,(r9)
  284  00001388  afa90000	sw	(r29),r9
  285  0000138c  0c000078	jal	_Printf
  286  00001390  54000000	nop; not filled.
  287  00001394  3c0b0000	lhi	r11,((LC6_LF0)>>16)&0xffff
  288  00001398  256b30cc	addui	r11,r11,(LC6_LF0)&0xffff
  289  0000139c  afab0000	sw	(r29),r11
  290  000013a0  0c000064	jal	_Printf
  291  000013a4  54000000	nop; not filled.
  292  000013a8  0c000110	jal	_Exit
  293  000013ac  54000000	nop; not filled.
  294  000013b0  23bd0008	addi	r29,r29,#8
  295  000013b4          	L21_LF0:
  296  000013b4  20010000	addi	r1,r0,#0
  297  000013b8  0c000e48	jal	_exit
  298  000013bc  54000000	nop
  299  000013c0          	.endproc _main
  300                      ;;;
  301                      ;;; Stub functions for DLX traps.
  302                      ;;;
  303                      ;;; Ethan L. Miller, 1999.  Released to the public domain.
  304                      ;;;
  305                      ;;; The traps such as Open and Close
  306                      ;;; (note the capital letters) are for use by user programs.  The traps
  307                      ;;; with names such as open and close (lower case) are for use by the OS.
  308                      ;;;
  311  000013c0          	.align 2
  313                      ;;; The following are the traps to be used by user-level programs
  314                      ;;;
  316  000013c0          	.align 2
  317  000013c0          	.proc _Open
  318  000013c0          	.global _Open
  319  000013c0          	_Open:
  320                      ;;; Note that trap #0x213 actually causes a trap vector in the OS of
  321                      ;;; 0x1213.  The same is true for other user traps.  Thus, a user trap
  322                      ;;; with trap #0x240 will result in a trap vector of 0x1240 in the OS.
  323  000013c0  44000213	trap	#0x213
  324  000013c4  4be00000	jr	r31
  325  000013c8  54000000	nop
  326  000013cc          	.endproc _Open
  328  000013cc          	.proc _Close
  329  000013cc          	.global _Close
  330  000013cc          	_Close:
  331  000013cc  44000214	trap	#0x214
  332  000013d0  4be00000	jr	r31
  333  000013d4  54000000	nop
  334  000013d8          	.endproc _Close
  336  000013d8          	.proc _Read
  337  000013d8          	.global _Read
  338  000013d8          	_Read:
  339  000013d8  44000210	trap	#0x210
  340  000013dc  4be00000	jr	r31
  341  000013e0  54000000	nop
  342  000013e4          	.endproc _Read
  344  000013e4          	.proc _Write
  345  000013e4          	.global _Write
  346  000013e4          	_Write:
  347  000013e4  44000211	trap	#0x211
  348  000013e8  4be00000	jr	r31
  349  000013ec  54000000	nop
  350  000013f0          	.endproc _Write
  352  000013f0          	.proc _Lseek
  353  000013f0          	.global _Lseek
  354  000013f0          	_Lseek:
  355  000013f0  44000212	trap	#0x212
  356  000013f4  4be00000	jr	r31
  357  000013f8  54000000	nop
  358  000013fc          	.endproc _Lseek
  360  000013fc          	.proc _Putchar
  361  000013fc          	.global _Putchar
  362  000013fc          	_Putchar:
  363  000013fc  44000280	trap	#0x280
  364  00001400  4be00000	jr	r31
  365  00001404  54000000	nop
  366  00001408          	.endproc _Putchar
  368  00001408          	.proc _Printf
  369  00001408          	.global _Printf
  370  00001408          	_Printf:
  371  00001408  44000201	trap	#0x201
  372  0000140c  4be00000	jr	r31
  373  00001410  54000000	nop
  374  00001414          	.endproc _Printf
  376  00001414          	.proc _getpid
  377  00001414          	.global _getpid
  378  00001414          	_getpid:
  379  00001414  44000431	trap	#0x431
  380  00001418  4be00000	jr	r31
  381  0000141c  54000000	nop
  382  00001420          	.endproc _getpid
  384  00001420          	.proc _process_create
  385  00001420          	.global _process_create
  386  00001420          	_process_create:
  387  00001420  44000432	trap	#0x432
  388  00001424  4be00000	jr	r31
  389  00001428  54000000	nop
  390  0000142c          	.endproc _process_create
  392  0000142c          	.proc _shmget
  393  0000142c          	.global _shmget
  394  0000142c          	_shmget:
  395  0000142c  44000440	trap	#0x440
  396  00001430  4be00000	jr	r31
  397  00001434  54000000	nop
  398  00001438          	.endproc _shmget
  400  00001438          	.proc _shmat
  401  00001438          	.global _shmat
  402  00001438          	_shmat:
  403  00001438  44000441	trap	#0x441
  404  0000143c  4be00000	jr	r31
  405  00001440  54000000	nop
  406  00001444          	.endproc _shmat
  408  00001444          	.proc _sem_create
  409  00001444          	.global _sem_create
  410  00001444          	_sem_create:
  411  00001444  44000450	trap	#0x450
  412  00001448  4be00000	jr	r31
  413  0000144c  54000000	nop
  414  00001450          	.endproc _sem_create
  416  00001450          	.proc _sem_wait
  417  00001450          	.global _sem_wait
  418  00001450          	_sem_wait:
  419  00001450  44000451	trap	#0x451
  420  00001454  4be00000	jr	r31
  421  00001458  54000000	nop
  422  0000145c          	.endproc _sem_wait
  424  0000145c          	.proc _sem_signal
  425  0000145c          	.global _sem_signal
  426  0000145c          	_sem_signal:
  427  0000145c  44000452	trap	#0x452
  428  00001460  4be00000	jr	r31
  429  00001464  54000000	nop
  430  00001468          	.endproc _sem_signal
  432  00001468          	.proc _lock_create
  433  00001468          	.global _lock_create
  434  00001468          	_lock_create:
  435  00001468  44000453	trap	#0x453
  436  0000146c  4be00000	jr	r31
  437  00001470  54000000	nop
  438  00001474          	.endproc _lock_create
  440  00001474          	.proc _lock_acquire
  441  00001474          	.global _lock_acquire
  442  00001474          	_lock_acquire:
  443  00001474  44000454	trap	#0x454
  444  00001478  4be00000	jr	r31
  445  0000147c  54000000	nop
  446  00001480          	.endproc _lock_acquire
  448  00001480          	.proc _lock_release
  449  00001480          	.global _lock_release
  450  00001480          	_lock_release:
  451  00001480  44000455	trap	#0x455
  452  00001484  4be00000	jr	r31
  453  00001488  54000000	nop
  454  0000148c          	.endproc _lock_release
  456  0000148c          	.proc _cond_create
  457  0000148c          	.global _cond_create
  458  0000148c          	_cond_create:
  459  0000148c  44000456	trap	#0x456
  460  00001490  4be00000	jr	r31
  461  00001494  54000000	nop
  462  00001498          	.endproc _cond_create
  464  00001498          	.proc _cond_wait
  465  00001498          	.global _cond_wait
  466  00001498          	_cond_wait:
  467  00001498  44000457	trap	#0x457
  468  0000149c  4be00000	jr	r31
  469  000014a0  54000000	nop
  470  000014a4          	.endproc _cond_wait
  472  000014a4          	.proc _cond_signal
  473  000014a4          	.global _cond_signal
  474  000014a4          	_cond_signal:
  475  000014a4  44000458	trap	#0x458
  476  000014a8  4be00000	jr	r31
  477  000014ac  54000000	nop
  478  000014b0          	.endproc _cond_signal
  480  000014b0          	.proc _cond_broadcast
  481  000014b0          	.global _cond_broadcast
  482  000014b0          	_cond_broadcast:
  483  000014b0  44000459	trap	#0x459
  484  000014b4  4be00000	jr	r31
  485  000014b8  54000000	nop
  486  000014bc          	.endproc _cond_broadcast
  488  000014bc          	.proc _Exit
  489  000014bc          	.global _Exit
  490  000014bc          	_Exit:
  491  000014bc  44000500	trap	#0x500
  492  000014c0  4be00000	jr	r31
  493  000014c4  54000000	nop
  494  000014c8          	.endproc _Exit
  495                      ; Compiled by GCC
  497  000014c8          	.align 2
  498  000014c8          	.proc _isspace
  499  000014c8          	.global _isspace
  500  000014c8          	_isspace:
  501                      ;  Function 'isspace'; 0 bytes of locals, 3 regs to save.
  502  000014c8  afbefffc	sw	-4(r29),r30; push fp
  503  000014cc  001df020	add	r30,r0,r29; fp = sp
  504  000014d0  afbffff8	sw	-8(r29),r31; push ret addr
  505  000014d4  2fbd0018	subui	r29,r29,#24; alloc local storage
  506  000014d8  afa20000	sw	0(r29),r2
  507  000014dc  afa30004	sw	4(r29),r3
  508  000014e0  afa40008	sw	8(r29),r4
  509  000014e4  83c20003	lb	r2,3(r30)
  510  000014e8  20010000	addi	r1,r0,#0
  511  000014ec  304300ff	andi	r3,r2,#0x00ff
  512  000014f0  60640020	seqi	r4,r3,#32
  513  000014f4  1480002c	bnez	r4,L3_LF2
  514  000014f8  54000000	nop; delay slot nop
  515  000014fc  304300ff	andi	r3,r2,#0x00ff
  516  00001500  60640009	seqi	r4,r3,#9
  517  00001504  1480001c	bnez	r4,L3_LF2
  518  00001508  54000000	nop; delay slot nop
  519  0000150c  304300ff	andi	r3,r2,#0x00ff
  520  00001510  6064000a	seqi	r4,r3,#10
  521  00001514  1480000c	bnez	r4,L3_LF2
  522  00001518  54000000	nop; delay slot nop
  523  0000151c  08000008	j	L2_LF2
  524  00001520  54000000	nop; delay slot nop
  525  00001524          	L3_LF2:
  526  00001524  20010001	addi	r1,r0,#1
  527  00001528          	L2_LF2:
  528  00001528  08000004	j	L1_LF2
  529  0000152c  54000000	nop; delay slot nop
  530  00001530          	L1_LF2:
  531  00001530  8fa20000	lw	r2,0(r29)
  532  00001534  8fa30004	lw	r3,4(r29)
  533  00001538  8fa40008	lw	r4,8(r29)
  534  0000153c  8fdffff8	lw	r31,-8(r30)
  535  00001540  001ee820	add	r29,r0,r30
  536  00001544  8fdefffc	lw	r30,-4(r30)
  537  00001548  4be00000	jr	r31
  538  0000154c  54000000	nop
  539  00001550          	.endproc _isspace
  540  00001550          	.align 2
  541  00001550          	.proc _isxdigit
  542  00001550          	.global _isxdigit
  543  00001550          	_isxdigit:
  544                      ;  Function 'isxdigit'; 0 bytes of locals, 3 regs to save.
  545  00001550  afbefffc	sw	-4(r29),r30; push fp
  546  00001554  001df020	add	r30,r0,r29; fp = sp
  547  00001558  afbffff8	sw	-8(r29),r31; push ret addr
  548  0000155c  2fbd0018	subui	r29,r29,#24; alloc local storage
  549  00001560  afa20000	sw	0(r29),r2
  550  00001564  afa30004	sw	4(r29),r3
  551  00001568  afa40008	sw	8(r29),r4
  552  0000156c  83c20003	lb	r2,3(r30)
  553  00001570  20010000	addi	r1,r0,#0
  554  00001574  304300ff	andi	r3,r2,#0x00ff
  555  00001578  6c64002f	sgtui	r4,r3,#47
  556  0000157c  1080001c	beqz	r4,L7_LF2
  557  00001580  54000000	nop; delay slot nop
  558  00001584  304300ff	andi	r3,r2,#0x00ff
  559  00001588  70640039	sleui	r4,r3,#57
  560  0000158c  1480005c	bnez	r4,L6_LF2
  561  00001590  54000000	nop; delay slot nop
  562  00001594  08000004	j	L7_LF2
  563  00001598  54000000	nop; delay slot nop
  564  0000159c          	L7_LF2:
  565  0000159c  304300ff	andi	r3,r2,#0x00ff
  566  000015a0  6c640060	sgtui	r4,r3,#96
  567  000015a4  1080001c	beqz	r4,L8_LF2
  568  000015a8  54000000	nop; delay slot nop
  569  000015ac  304300ff	andi	r3,r2,#0x00ff
  570  000015b0  70640066	sleui	r4,r3,#102
  571  000015b4  14800034	bnez	r4,L6_LF2
  572  000015b8  54000000	nop; delay slot nop
  573  000015bc  08000004	j	L8_LF2
  574  000015c0  54000000	nop; delay slot nop
  575  000015c4          	L8_LF2:
  576  000015c4  304300ff	andi	r3,r2,#0x00ff
  577  000015c8  6c640040	sgtui	r4,r3,#64
  578  000015cc  10800020	beqz	r4,L5_LF2
  579  000015d0  54000000	nop; delay slot nop
  580  000015d4  304300ff	andi	r3,r2,#0x00ff
  581  000015d8  70640041	sleui	r4,r3,#65
  582  000015dc  1480000c	bnez	r4,L6_LF2
  583  000015e0  54000000	nop; delay slot nop
  584  000015e4  08000008	j	L5_LF2
  585  000015e8  54000000	nop; delay slot nop
  586  000015ec          	L6_LF2:
  587  000015ec  20010001	addi	r1,r0,#1
  588  000015f0          	L5_LF2:
  589  000015f0  08000004	j	L4_LF2
  590  000015f4  54000000	nop; delay slot nop
  591  000015f8          	L4_LF2:
  592  000015f8  8fa20000	lw	r2,0(r29)
  593  000015fc  8fa30004	lw	r3,4(r29)
  594  00001600  8fa40008	lw	r4,8(r29)
  595  00001604  8fdffff8	lw	r31,-8(r30)
  596  00001608  001ee820	add	r29,r0,r30
  597  0000160c  8fdefffc	lw	r30,-4(r30)
  598  00001610  4be00000	jr	r31
  599  00001614  54000000	nop
  600  00001618          	.endproc _isxdigit
  601  00001618          	.align 2
  602  00001618          	.proc _dstrcpy
  603  00001618          	.global _dstrcpy
  604  00001618          	_dstrcpy:
  605                      ;  Function 'dstrcpy'; 8 bytes of locals, 2 regs to save.
  606  00001618  afbefffc	sw	-4(r29),r30; push fp
  607  0000161c  001df020	add	r30,r0,r29; fp = sp
  608  00001620  afbffff8	sw	-8(r29),r31; push ret addr
  609  00001624  2fbd0018	subui	r29,r29,#24; alloc local storage
  610  00001628  afa20000	sw	0(r29),r2
  611  0000162c  afa30004	sw	4(r29),r3
  612  00001630  8fc10000	lw	r1,(r30)
  613  00001634  afc1fff4	sw	-12(r30),r1
  614  00001638          	L10_LF2:
  615  00001638  8fc10000	lw	r1,(r30)
  616  0000163c  20220001	addi	r2,r1,#1
  617  00001640  afc20000	sw	(r30),r2
  618  00001644  8fc20004	lw	r2,4(r30)
  619  00001648  20430001	addi	r3,r2,#1
  620  0000164c  afc30004	sw	4(r30),r3
  621  00001650  80420000	lb	r2,(r2)
  622  00001654  a0220000	sb	(r1),r2
  623  00001658  a3c2fff3	sb	-13(r30),r2
  624  0000165c          	L12_LF2:
  625  0000165c  93c1fff3	lbu	r1,-13(r30)
  626  00001660  64220000	snei	r2,r1,#0
  627  00001664  1440000c	bnez	r2,L13_LF2
  628  00001668  54000000	nop; delay slot nop
  629  0000166c  0800000c	j	L11_LF2
  630  00001670  54000000	nop; delay slot nop
  631  00001674          	L13_LF2:
  632  00001674  0bffffc0	j	L10_LF2
  633  00001678  54000000	nop; delay slot nop
  634  0000167c          	L11_LF2:
  635  0000167c  8fc1fff4	lw	r1,-12(r30)
  636  00001680  08000004	j	L9_LF2
  637  00001684  54000000	nop; delay slot nop
  638  00001688          	L9_LF2:
  639  00001688  8fa20000	lw	r2,0(r29)
  640  0000168c  8fa30004	lw	r3,4(r29)
  641  00001690  8fdffff8	lw	r31,-8(r30)
  642  00001694  001ee820	add	r29,r0,r30
  643  00001698  8fdefffc	lw	r30,-4(r30)
  644  0000169c  4be00000	jr	r31
  645  000016a0  54000000	nop
  646  000016a4          	.endproc _dstrcpy
  647  000016a4          	.align 2
  648  000016a4          	.proc _dstrncpy
  649  000016a4          	.global _dstrncpy
  650  000016a4          	_dstrncpy:
  651                      ;  Function 'dstrncpy'; 8 bytes of locals, 2 regs to save.
  652  000016a4  afbefffc	sw	-4(r29),r30; push fp
  653  000016a8  001df020	add	r30,r0,r29; fp = sp
  654  000016ac  afbffff8	sw	-8(r29),r31; push ret addr
  655  000016b0  2fbd0018	subui	r29,r29,#24; alloc local storage
  656  000016b4  afa20000	sw	0(r29),r2
  657  000016b8  afa30004	sw	4(r29),r3
  658  000016bc  8fc10000	lw	r1,(r30)
  659  000016c0  afc1fff4	sw	-12(r30),r1
  660  000016c4          	L15_LF2:
  661  000016c4  8fc10008	lw	r1,8(r30)
  662  000016c8  2022ffff	addi	r2,r1,#-1
  663  000016cc  afc20008	sw	8(r30),r2
  664  000016d0  70210000	slei	r1,r1,#0
  665  000016d4  1020000c	beqz	r1,L18_LF2
  666  000016d8  54000000	nop; delay slot nop
  667  000016dc  08000048	j	L16_LF2
  668  000016e0  54000000	nop; delay slot nop
  669  000016e4          	L18_LF2:
  670  000016e4  8fc10000	lw	r1,(r30)
  671  000016e8  20220001	addi	r2,r1,#1
  672  000016ec  afc20000	sw	(r30),r2
  673  000016f0  8fc20004	lw	r2,4(r30)
  674  000016f4  20430001	addi	r3,r2,#1
  675  000016f8  afc30004	sw	4(r30),r3
  676  000016fc  80420000	lb	r2,(r2)
  677  00001700  a0220000	sb	(r1),r2
  678  00001704  a3c2fff3	sb	-13(r30),r2
  679  00001708          	L17_LF2:
  680  00001708  93c1fff3	lbu	r1,-13(r30)
  681  0000170c  64220000	snei	r2,r1,#0
  682  00001710  1440000c	bnez	r2,L19_LF2
  683  00001714  54000000	nop; delay slot nop
  684  00001718  0800000c	j	L16_LF2
  685  0000171c  54000000	nop; delay slot nop
  686  00001720          	L19_LF2:
  687  00001720  0bffffa0	j	L15_LF2
  688  00001724  54000000	nop; delay slot nop
  689  00001728          	L16_LF2:
  690  00001728  8fc1fff4	lw	r1,-12(r30)
  691  0000172c  08000004	j	L14_LF2
  692  00001730  54000000	nop; delay slot nop
  693  00001734          	L14_LF2:
  694  00001734  8fa20000	lw	r2,0(r29)
  695  00001738  8fa30004	lw	r3,4(r29)
  696  0000173c  8fdffff8	lw	r31,-8(r30)
  697  00001740  001ee820	add	r29,r0,r30
  698  00001744  8fdefffc	lw	r30,-4(r30)
  699  00001748  4be00000	jr	r31
  700  0000174c  54000000	nop
  701  00001750          	.endproc _dstrncpy
  702  00001750          	.align 2
  703  00001750          	.proc _dstrcat
  704  00001750          	.global _dstrcat
  705  00001750          	_dstrcat:
  706                      ;  Function 'dstrcat'; 8 bytes of locals, 1 regs to save.
  707  00001750  afbefffc	sw	-4(r29),r30; push fp
  708  00001754  001df020	add	r30,r0,r29; fp = sp
  709  00001758  afbffff8	sw	-8(r29),r31; push ret addr
  710  0000175c  2fbd0018	subui	r29,r29,#24; alloc local storage
  711  00001760  afa20000	sw	0(r29),r2
  712  00001764  8fc10000	lw	r1,(r30)
  713  00001768  afc1fff4	sw	-12(r30),r1
  714  0000176c          	L21_LF2:
  715  0000176c  8fc10000	lw	r1,(r30)
  716  00001770  90220000	lbu	r2,(r1)
  717  00001774  64410000	snei	r1,r2,#0
  718  00001778  1420000c	bnez	r1,L23_LF2
  719  0000177c  54000000	nop; delay slot nop
  720  00001780  0800001c	j	L22_LF2
  721  00001784  54000000	nop; delay slot nop
  722  00001788          	L23_LF2:
  723  00001788  8fc20000	lw	r2,(r30)
  724  0000178c  20410001	addi	r1,r2,#1
  725  00001790  00011020	add	r2,r0,r1
  726  00001794  afc20000	sw	(r30),r2
  727  00001798  0bffffd0	j	L21_LF2
  728  0000179c  54000000	nop; delay slot nop
  729  000017a0          	L22_LF2:
  730  000017a0  23bdfff8	addi	r29,r29,#-8
  731  000017a4  001d0820	add	r1,r0,r29
  732  000017a8  8fc20000	lw	r2,(r30)
  733  000017ac  ac220000	sw	(r1),r2
  734  000017b0  8fc20004	lw	r2,4(r30)
  735  000017b4  ac220004	sw	4(r1),r2
  736  000017b8  0ffffe5c	jal	_dstrcpy
  737  000017bc  54000000	nop; delay slot nop
  738  000017c0  23bd0008	addi	r29,r29,#8
  739  000017c4  8fc1fff4	lw	r1,-12(r30)
  740  000017c8  08000004	j	L20_LF2
  741  000017cc  54000000	nop; delay slot nop
  742  000017d0          	L20_LF2:
  743  000017d0  8fa20000	lw	r2,0(r29)
  744  000017d4  8fdffff8	lw	r31,-8(r30)
  745  000017d8  001ee820	add	r29,r0,r30
  746  000017dc  8fdefffc	lw	r30,-4(r30)
  747  000017e0  4be00000	jr	r31
  748  000017e4  54000000	nop
  749  000017e8          	.endproc _dstrcat
  750  000017e8          	.align 2
  751  000017e8          	.proc _dstrncmp
  752  000017e8          	.global _dstrncmp
  753  000017e8          	_dstrncmp:
  754                      ;  Function 'dstrncmp'; 8 bytes of locals, 2 regs to save.
  755  000017e8  afbefffc	sw	-4(r29),r30; push fp
  756  000017ec  001df020	add	r30,r0,r29; fp = sp
  757  000017f0  afbffff8	sw	-8(r29),r31; push ret addr
  758  000017f4  2fbd0018	subui	r29,r29,#24; alloc local storage
  759  000017f8  afa20000	sw	0(r29),r2
  760  000017fc  afa30004	sw	4(r29),r3
  761  00001800  54000000	nop
  762  00001804  20010000	addi	r1,r0,#0
  763  00001808  afc1fff4	sw	-12(r30),r1
  764  0000180c          	L25_LF2:
  765  0000180c  8fc1fff4	lw	r1,-12(r30)
  766  00001810  8fc20008	lw	r2,8(r30)
  767  00001814  0022082a	slt	r1,r1,r2
  768  00001818  1420000c	bnez	r1,L28_LF2
  769  0000181c  54000000	nop; delay slot nop
  770  00001820  08000088	j	L26_LF2
  771  00001824  54000000	nop; delay slot nop
  772  00001828          	L28_LF2:
  773  00001828  8fc10004	lw	r1,4(r30)
  774  0000182c  90220000	lbu	r2,(r1)
  775  00001830  64410000	snei	r1,r2,#0
  776  00001834  14200018	bnez	r1,L29_LF2
  777  00001838  54000000	nop; delay slot nop
  778  0000183c  20010000	addi	r1,r0,#0
  779  00001840  080000d8	j	L24_LF2
  780  00001844  54000000	nop; delay slot nop
  781  00001848  08000028	j	L30_LF2
  782  0000184c  54000000	nop; delay slot nop
  783  00001850          	L29_LF2:
  784  00001850  8fc10000	lw	r1,(r30)
  785  00001854  8fc20004	lw	r2,4(r30)
  786  00001858  90210000	lbu	r1,(r1)
  787  0000185c  90420000	lbu	r2,(r2)
  788  00001860  00220829	sne	r1,r1,r2
  789  00001864  1020000c	beqz	r1,L30_LF2
  790  00001868  54000000	nop; delay slot nop
  791  0000186c  0800003c	j	L26_LF2
  792  00001870  54000000	nop; delay slot nop
  793  00001874          	L31_LF2:
  794  00001874          	L30_LF2:
  795  00001874  8fc20000	lw	r2,(r30)
  796  00001878  20410001	addi	r1,r2,#1
  797  0000187c  00011020	add	r2,r0,r1
  798  00001880  afc20000	sw	(r30),r2
  799  00001884  8fc20004	lw	r2,4(r30)
  800  00001888  20410001	addi	r1,r2,#1
  801  0000188c  00011020	add	r2,r0,r1
  802  00001890  afc20004	sw	4(r30),r2
  803  00001894          	L27_LF2:
  804  00001894  8fc2fff4	lw	r2,-12(r30)
  805  00001898  20410001	addi	r1,r2,#1
  806  0000189c  00011020	add	r2,r0,r1
  807  000018a0  afc2fff4	sw	-12(r30),r2
  808  000018a4  0bffff64	j	L25_LF2
  809  000018a8  54000000	nop; delay slot nop
  810  000018ac          	L26_LF2:
  811  000018ac  8fc1fff4	lw	r1,-12(r30)
  812  000018b0  8fc20008	lw	r2,8(r30)
  813  000018b4  00220828	seq	r1,r1,r2
  814  000018b8  10200018	beqz	r1,L32_LF2
  815  000018bc  54000000	nop; delay slot nop
  816  000018c0  20010000	addi	r1,r0,#0
  817  000018c4  08000054	j	L24_LF2
  818  000018c8  54000000	nop; delay slot nop
  819  000018cc  0800004c	j	L33_LF2
  820  000018d0  54000000	nop; delay slot nop
  821  000018d4          	L32_LF2:
  822  000018d4  8fc20000	lw	r2,(r30)
  823  000018d8  90410000	lbu	r1,(r2)
  824  000018dc  8fc20004	lw	r2,4(r30)
  825  000018e0  90430000	lbu	r3,(r2)
  826  000018e4  00230822	sub	r1,r1,r3
  827  000018e8  74220000	sgei	r2,r1,#0
  828  000018ec  10400020	beqz	r2,L34_LF2
  829  000018f0  54000000	nop; delay slot nop
  830  000018f4  8fc10000	lw	r1,(r30)
  831  000018f8  8fc20004	lw	r2,4(r30)
  832  000018fc  90210000	lbu	r1,(r1)
  833  00001900  90420000	lbu	r2,(r2)
  834  00001904  00220829	sne	r1,r1,r2
  835  00001908  08000008	j	L35_LF2
  836  0000190c  54000000	nop; delay slot nop
  837  00001910          	L34_LF2:
  838  00001910  2001ffff	addi	r1,r0,#-1
  839  00001914          	L35_LF2:
  840  00001914  08000004	j	L24_LF2
  841  00001918  54000000	nop; delay slot nop
  842  0000191c          	L33_LF2:
  843  0000191c          	L24_LF2:
  844  0000191c  8fa20000	lw	r2,0(r29)
  845  00001920  8fa30004	lw	r3,4(r29)
  846  00001924  8fdffff8	lw	r31,-8(r30)
  847  00001928  001ee820	add	r29,r0,r30
  848  0000192c  8fdefffc	lw	r30,-4(r30)
  849  00001930  4be00000	jr	r31
  850  00001934  54000000	nop
  851  00001938          	.endproc _dstrncmp
  852  00001938          	.align 2
  853  00001938          	.proc _dstrlen
  854  00001938          	.global _dstrlen
  855  00001938          	_dstrlen:
  856                      ;  Function 'dstrlen'; 8 bytes of locals, 1 regs to save.
  857  00001938  afbefffc	sw	-4(r29),r30; push fp
  858  0000193c  001df020	add	r30,r0,r29; fp = sp
  859  00001940  afbffff8	sw	-8(r29),r31; push ret addr
  860  00001944  2fbd0018	subui	r29,r29,#24; alloc local storage
  861  00001948  afa20000	sw	0(r29),r2
  862  0000194c  20010000	addi	r1,r0,#0
  863  00001950  afc1fff4	sw	-12(r30),r1
  864  00001954          	L37_LF2:
  865  00001954  8fc10000	lw	r1,(r30)
  866  00001958  20220001	addi	r2,r1,#1
  867  0000195c  afc20000	sw	(r30),r2
  868  00001960  90210000	lbu	r1,(r1)
  869  00001964  64220000	snei	r2,r1,#0
  870  00001968  1440000c	bnez	r2,L39_LF2
  871  0000196c  54000000	nop; delay slot nop
  872  00001970  0800001c	j	L38_LF2
  873  00001974  54000000	nop; delay slot nop
  874  00001978          	L39_LF2:
  875  00001978  8fc2fff4	lw	r2,-12(r30)
  876  0000197c  20410001	addi	r1,r2,#1
  877  00001980  00011020	add	r2,r0,r1
  878  00001984  afc2fff4	sw	-12(r30),r2
  879  00001988  0bffffc8	j	L37_LF2
  880  0000198c  54000000	nop; delay slot nop
  881  00001990          	L38_LF2:
  882  00001990  8fc1fff4	lw	r1,-12(r30)
  883  00001994  08000004	j	L36_LF2
  884  00001998  54000000	nop; delay slot nop
  885  0000199c          	L36_LF2:
  886  0000199c  8fa20000	lw	r2,0(r29)
  887  000019a0  8fdffff8	lw	r31,-8(r30)
  888  000019a4  001ee820	add	r29,r0,r30
  889  000019a8  8fdefffc	lw	r30,-4(r30)
  890  000019ac  4be00000	jr	r31
  891  000019b0  54000000	nop
  892  000019b4          	.endproc _dstrlen
  893  000019b4          	.align 2
  894  000019b4          	.proc _dstrstr
  895  000019b4          	.global _dstrstr
  896  000019b4          	_dstrstr:
  897                      ;  Function 'dstrstr'; 8 bytes of locals, 1 regs to save.
  898  000019b4  afbefffc	sw	-4(r29),r30; push fp
  899  000019b8  001df020	add	r30,r0,r29; fp = sp
  900  000019bc  afbffff8	sw	-8(r29),r31; push ret addr
  901  000019c0  2fbd0018	subui	r29,r29,#24; alloc local storage
  902  000019c4  afa20000	sw	0(r29),r2
  903  000019c8  23bdfff8	addi	r29,r29,#-8
  904  000019cc  001d0820	add	r1,r0,r29
  905  000019d0  8fc20004	lw	r2,4(r30)
  906  000019d4  ac220000	sw	(r1),r2
  907  000019d8  0fffff5c	jal	_dstrlen
  908  000019dc  54000000	nop; delay slot nop
  909  000019e0  23bd0008	addi	r29,r29,#8
  910  000019e4  afc1fff4	sw	-12(r30),r1
  911  000019e8          	L41_LF2:
  912  000019e8  8fc10000	lw	r1,(r30)
  913  000019ec  90220000	lbu	r2,(r1)
  914  000019f0  64410000	snei	r1,r2,#0
  915  000019f4  1420000c	bnez	r1,L43_LF2
  916  000019f8  54000000	nop; delay slot nop
  917  000019fc  08000060	j	L42_LF2
  918  00001a00  54000000	nop; delay slot nop
  919  00001a04          	L43_LF2:
  920  00001a04  23bdfff0	addi	r29,r29,#-16
  921  00001a08  001d0820	add	r1,r0,r29
  922  00001a0c  8fc20000	lw	r2,(r30)
  923  00001a10  ac220000	sw	(r1),r2
  924  00001a14  8fc20004	lw	r2,4(r30)
  925  00001a18  ac220004	sw	4(r1),r2
  926  00001a1c  8fc2fff4	lw	r2,-12(r30)
  927  00001a20  ac220008	sw	8(r1),r2
  928  00001a24  0ffffdc0	jal	_dstrncmp
  929  00001a28  54000000	nop; delay slot nop
  930  00001a2c  23bd0010	addi	r29,r29,#16
  931  00001a30  64220000	snei	r2,r1,#0
  932  00001a34  14400010	bnez	r2,L44_LF2
  933  00001a38  54000000	nop; delay slot nop
  934  00001a3c  8fc10000	lw	r1,(r30)
  935  00001a40  08000028	j	L40_LF2
  936  00001a44  54000000	nop; delay slot nop
  937  00001a48          	L44_LF2:
  938  00001a48  8fc20000	lw	r2,(r30)
  939  00001a4c  20410001	addi	r1,r2,#1
  940  00001a50  00011020	add	r2,r0,r1
  941  00001a54  afc20000	sw	(r30),r2
  942  00001a58  0bffff8c	j	L41_LF2
  943  00001a5c  54000000	nop; delay slot nop
  944  00001a60          	L42_LF2:
  945  00001a60  20010000	addi	r1,r0,#0
  946  00001a64  08000004	j	L40_LF2
  947  00001a68  54000000	nop; delay slot nop
  948  00001a6c          	L40_LF2:
  949  00001a6c  8fa20000	lw	r2,0(r29)
  950  00001a70  8fdffff8	lw	r31,-8(r30)
  951  00001a74  001ee820	add	r29,r0,r30
  952  00001a78  8fdefffc	lw	r30,-4(r30)
  953  00001a7c  4be00000	jr	r31
  954  00001a80  54000000	nop
  955  00001a84          	.endproc _dstrstr
  956  00001a84          	.align 2
  957  00001a84          	.proc _dmindex
  958  00001a84          	.global _dmindex
  959  00001a84          	_dmindex:
  960                      ;  Function 'dmindex'; 8 bytes of locals, 1 regs to save.
  961  00001a84  afbefffc	sw	-4(r29),r30; push fp
  962  00001a88  001df020	add	r30,r0,r29; fp = sp
  963  00001a8c  afbffff8	sw	-8(r29),r31; push ret addr
  964  00001a90  2fbd0018	subui	r29,r29,#24; alloc local storage
  965  00001a94  afa20000	sw	0(r29),r2
  966  00001a98  54000000	nop
  967  00001a9c          	L46_LF2:
  968  00001a9c  8fc10000	lw	r1,(r30)
  969  00001aa0  90220000	lbu	r2,(r1)
  970  00001aa4  64410000	snei	r1,r2,#0
  971  00001aa8  1420000c	bnez	r1,L48_LF2
  972  00001aac  54000000	nop; delay slot nop
  973  00001ab0  08000070	j	L47_LF2
  974  00001ab4  54000000	nop; delay slot nop
  975  00001ab8          	L48_LF2:
  976  00001ab8  8fc10004	lw	r1,4(r30)
  977  00001abc  afc1fff4	sw	-12(r30),r1
  978  00001ac0          	L49_LF2:
  979  00001ac0  8fc1fff4	lw	r1,-12(r30)
  980  00001ac4  90220000	lbu	r2,(r1)
  981  00001ac8  64410000	snei	r1,r2,#0
  982  00001acc  1420000c	bnez	r1,L52_LF2
  983  00001ad0  54000000	nop; delay slot nop
  984  00001ad4  08000044	j	L50_LF2
  985  00001ad8  54000000	nop; delay slot nop
  986  00001adc          	L52_LF2:
  987  00001adc  8fc10000	lw	r1,(r30)
  988  00001ae0  8fc2fff4	lw	r2,-12(r30)
  989  00001ae4  90210000	lbu	r1,(r1)
  990  00001ae8  90420000	lbu	r2,(r2)
  991  00001aec  00220828	seq	r1,r1,r2
  992  00001af0  10200010	beqz	r1,L51_LF2
  993  00001af4  54000000	nop; delay slot nop
  994  00001af8  8fc10000	lw	r1,(r30)
  995  00001afc  08000030	j	L45_LF2
  996  00001b00  54000000	nop; delay slot nop
  997  00001b04          	L53_LF2:
  998  00001b04          	L51_LF2:
  999  00001b04  8fc2fff4	lw	r2,-12(r30)
 1000  00001b08  20410001	addi	r1,r2,#1
 1001  00001b0c  00011020	add	r2,r0,r1
 1002  00001b10  afc2fff4	sw	-12(r30),r2
 1003  00001b14  0bffffa8	j	L49_LF2
 1004  00001b18  54000000	nop; delay slot nop
 1005  00001b1c          	L50_LF2:
 1006  00001b1c  0bffff7c	j	L46_LF2
 1007  00001b20  54000000	nop; delay slot nop
 1008  00001b24          	L47_LF2:
 1009  00001b24  20010000	addi	r1,r0,#0
 1010  00001b28  08000004	j	L45_LF2
 1011  00001b2c  54000000	nop; delay slot nop
 1012  00001b30          	L45_LF2:
 1013  00001b30  8fa20000	lw	r2,0(r29)
 1014  00001b34  8fdffff8	lw	r31,-8(r30)
 1015  00001b38  001ee820	add	r29,r0,r30
 1016  00001b3c  8fdefffc	lw	r30,-4(r30)
 1017  00001b40  4be00000	jr	r31
 1018  00001b44  54000000	nop
 1019  00001b48          	.endproc _dmindex
 1020  00001b48          	.align 2
 1021  00001b48          	.proc _dindex
 1022  00001b48          	.global _dindex
 1023  00001b48          	_dindex:
 1024                      ;  Function 'dindex'; 0 bytes of locals, 1 regs to save.
 1025  00001b48  afbefffc	sw	-4(r29),r30; push fp
 1026  00001b4c  001df020	add	r30,r0,r29; fp = sp
 1027  00001b50  afbffff8	sw	-8(r29),r31; push ret addr
 1028  00001b54  2fbd0010	subui	r29,r29,#16; alloc local storage
 1029  00001b58  afa20000	sw	0(r29),r2
 1030  00001b5c  54000000	nop
 1031  00001b60          	L55_LF2:
 1032  00001b60  8fc10000	lw	r1,(r30)
 1033  00001b64  90220000	lbu	r2,(r1)
 1034  00001b68  64410000	snei	r1,r2,#0
 1035  00001b6c  1420000c	bnez	r1,L57_LF2
 1036  00001b70  54000000	nop; delay slot nop
 1037  00001b74  08000040	j	L56_LF2
 1038  00001b78  54000000	nop; delay slot nop
 1039  00001b7c          	L57_LF2:
 1040  00001b7c  8fc10000	lw	r1,(r30)
 1041  00001b80  90220000	lbu	r2,(r1)
 1042  00001b84  8fc10004	lw	r1,4(r30)
 1043  00001b88  00411028	seq	r2,r2,r1
 1044  00001b8c  10400010	beqz	r2,L58_LF2
 1045  00001b90  54000000	nop; delay slot nop
 1046  00001b94  8fc10000	lw	r1,(r30)
 1047  00001b98  08000028	j	L54_LF2
 1048  00001b9c  54000000	nop; delay slot nop
 1049  00001ba0          	L58_LF2:
 1050  00001ba0  8fc20000	lw	r2,(r30)
 1051  00001ba4  20410001	addi	r1,r2,#1
 1052  00001ba8  00011020	add	r2,r0,r1
 1053  00001bac  afc20000	sw	(r30),r2
 1054  00001bb0  0bffffac	j	L55_LF2
 1055  00001bb4  54000000	nop; delay slot nop
 1056  00001bb8          	L56_LF2:
 1057  00001bb8  20010000	addi	r1,r0,#0
 1058  00001bbc  08000004	j	L54_LF2
 1059  00001bc0  54000000	nop; delay slot nop
 1060  00001bc4          	L54_LF2:
 1061  00001bc4  8fa20000	lw	r2,0(r29)
 1062  00001bc8  8fdffff8	lw	r31,-8(r30)
 1063  00001bcc  001ee820	add	r29,r0,r30
 1064  00001bd0  8fdefffc	lw	r30,-4(r30)
 1065  00001bd4  4be00000	jr	r31
 1066  00001bd8  54000000	nop
 1067  00001bdc          	.endproc _dindex
 1068  00001bdc          	.align 2
 1069  00001bdc          	.proc _ditoa
 1070  00001bdc          	.global _ditoa
 1071  00001bdc          	_ditoa:
 1072                      ;  Function 'ditoa'; 8 bytes of locals, 2 regs to save.
 1073  00001bdc  afbefffc	sw	-4(r29),r30; push fp
 1074  00001be0  001df020	add	r30,r0,r29; fp = sp
 1075  00001be4  afbffff8	sw	-8(r29),r31; push ret addr
 1076  00001be8  2fbd0018	subui	r29,r29,#24; alloc local storage
 1077  00001bec  afa20000	sw	0(r29),r2
 1078  00001bf0  afa30004	sw	4(r29),r3
 1079  00001bf4  8fc10000	lw	r1,(r30)
 1080  00001bf8  68220000	slti	r2,r1,#0
 1081  00001bfc  1040002c	beqz	r2,L60_LF2
 1082  00001c00  54000000	nop; delay slot nop
 1083  00001c04  8fc10004	lw	r1,4(r30)
 1084  00001c08  20220001	addi	r2,r1,#1
 1085  00001c0c  afc20004	sw	4(r30),r2
 1086  00001c10  2002002d	addi	r2,r0,(#0x2d)&0xff
 1087  00001c14  a0220000	sb	(r1),r2
 1088  00001c18  8fc10000	lw	r1,(r30)
 1089  00001c1c  00011022	sub	r2,r0,r1
 1090  00001c20  afc20000	sw	(r30),r2
 1091  00001c24  08000118	j	L61_LF2
 1092  00001c28  54000000	nop; delay slot nop
 1093  00001c2c          	L60_LF2:
 1094  00001c2c  8fc10000	lw	r1,(r30)
 1095  00001c30  64220000	snei	r2,r1,#0
 1096  00001c34  14400020	bnez	r2,L62_LF2
 1097  00001c38  54000000	nop; delay slot nop
 1098  00001c3c  8fc10004	lw	r1,4(r30)
 1099  00001c40  20220001	addi	r2,r1,#1
 1100  00001c44  afc20004	sw	4(r30),r2
 1101  00001c48  20020030	addi	r2,r0,(#0x30)&0xff
 1102  00001c4c  a0220000	sb	(r1),r2
 1103  00001c50  080000ec	j	L61_LF2
 1104  00001c54  54000000	nop; delay slot nop
 1105  00001c58          	L62_LF2:
 1106  00001c58  20010001	addi	r1,r0,#1
 1107  00001c5c  afc1fff4	sw	-12(r30),r1
 1108  00001c60          	L64_LF2:
 1109  00001c60  8fc1fff4	lw	r1,-12(r30)
 1110  00001c64  8fc20000	lw	r2,(r30)
 1111  00001c68  0022082c	sle	r1,r1,r2
 1112  00001c6c  1420000c	bnez	r1,L66_LF2
 1113  00001c70  54000000	nop; delay slot nop
 1114  00001c74  08000024	j	L65_LF2
 1115  00001c78  54000000	nop; delay slot nop
 1116  00001c7c          	L67_LF2:
 1117  00001c7c          	L66_LF2:
 1118  00001c7c  8fc1fff4	lw	r1,-12(r30)
 1119  00001c80  00011820	add	r3,r0,r1
 1120  00001c84  50620002	slli	r2,r3,#0x2
 1121  00001c88  00411020	add	r2,r2,r1
 1122  00001c8c  50410001	slli	r1,r2,#0x1
 1123  00001c90  afc1fff4	sw	-12(r30),r1
 1124  00001c94  0bffffc8	j	L64_LF2
 1125  00001c98  54000000	nop; delay slot nop
 1126  00001c9c          	L65_LF2:
 1127  00001c9c  54000000	nop
 1128  00001ca0          	L68_LF2:
 1129  00001ca0  8fc1fff4	lw	r1,-12(r30)
 1130  00001ca4  2002000a	addi	r2,r0,#10
 1131  00001ca8  00200035	movi2fp	f0,r1
 1132  00001cac  00400835	movi2fp	f1,r2
 1133  00001cb0  0401000f	div	f0,f0,f1
 1134  00001cb4  00000834	movfp2i	r1,f0
 1135  00001cb8  afc1fff4	sw	-12(r30),r1
 1136  00001cbc  8fc10004	lw	r1,4(r30)
 1137  00001cc0  20220001	addi	r2,r1,#1
 1138  00001cc4  afc20004	sw	4(r30),r2
 1139  00001cc8  8fc20000	lw	r2,(r30)
 1140  00001ccc  8fc3fff4	lw	r3,-12(r30)
 1141  00001cd0  00400035	movi2fp	f0,r2
 1142  00001cd4  00600835	movi2fp	f1,r3
 1143  00001cd8  0401000f	div	f0,f0,f1
 1144  00001cdc  00001034	movfp2i	r2,f0
 1145  00001ce0  00021820	add	r3,r0,r2
 1146  00001ce4  20620030	addi	r2,r3,#48
 1147  00001ce8  a0220000	sb	(r1),r2
 1148  00001cec  8fc10000	lw	r1,(r30)
 1149  00001cf0  8fc3fff4	lw	r3,-12(r30)
 1150  00001cf4  00200035	movi2fp	f0,r1
 1151  00001cf8  00600835	movi2fp	f1,r3
 1152  00001cfc  0401000f	div	f0,f0,f1
 1153  00001d00  00001034	movfp2i	r2,f0
 1154  00001d04  8fc3fff4	lw	r3,-12(r30)
 1155  00001d08  00400035	movi2fp	f0,r2
 1156  00001d0c  00600835	movi2fp	f1,r3
 1157  00001d10  0401000e	mult	f0,f0,f1
 1158  00001d14  00001034	movfp2i	r2,f0
 1159  00001d18  00220822	sub	r1,r1,r2
 1160  00001d1c  afc10000	sw	(r30),r1
 1161  00001d20          	L70_LF2:
 1162  00001d20  8fc1fff4	lw	r1,-12(r30)
 1163  00001d24  6c220001	sgti	r2,r1,#1
 1164  00001d28  1440000c	bnez	r2,L71_LF2
 1165  00001d2c  54000000	nop; delay slot nop
 1166  00001d30  0800000c	j	L61_LF2
 1167  00001d34  54000000	nop; delay slot nop
 1168  00001d38          	L71_LF2:
 1169  00001d38  0bffff64	j	L68_LF2
 1170  00001d3c  54000000	nop; delay slot nop
 1171  00001d40          	L69_LF2:
 1172  00001d40          	L63_LF2:
 1173  00001d40          	L61_LF2:
 1174  00001d40  8fc10004	lw	r1,4(r30)
 1175  00001d44  20020000	addi	r2,r0,(#0x0)&0xff
 1176  00001d48  a0220000	sb	(r1),r2
 1177  00001d4c          	L59_LF2:
 1178  00001d4c  8fa20000	lw	r2,0(r29)
 1179  00001d50  8fa30004	lw	r3,4(r29)
 1180  00001d54  8fdffff8	lw	r31,-8(r30)
 1181  00001d58  001ee820	add	r29,r0,r30
 1182  00001d5c  8fdefffc	lw	r30,-4(r30)
 1183  00001d60  4be00000	jr	r31
 1184  00001d64  54000000	nop
 1185  00001d68          	.endproc _ditoa
 1186  00001d68          	.align 2
 1187  00001d68          	.proc _dstrtol
 1188  00001d68          	.global _dstrtol
 1189  00001d68          	_dstrtol:
 1190                      ;  Function 'dstrtol'; 16 bytes of locals, 1 regs to save.
 1191  00001d68  afbefffc	sw	-4(r29),r30; push fp
 1192  00001d6c  001df020	add	r30,r0,r29; fp = sp
 1193  00001d70  afbffff8	sw	-8(r29),r31; push ret addr
 1194  00001d74  2fbd0020	subui	r29,r29,#32; alloc local storage
 1195  00001d78  afa20000	sw	0(r29),r2
 1196  00001d7c  20010000	addi	r1,r0,#0
 1197  00001d80  afc1fff4	sw	-12(r30),r1
 1198  00001d84          	L73_LF2:
 1199  00001d84  8fc10000	lw	r1,(r30)
 1200  00001d88  90220000	lbu	r2,(r1)
 1201  00001d8c  60410020	seqi	r1,r2,#32
 1202  00001d90  14200034	bnez	r1,L75_LF2
 1203  00001d94  54000000	nop; delay slot nop
 1204  00001d98  8fc10000	lw	r1,(r30)
 1205  00001d9c  90220000	lbu	r2,(r1)
 1206  00001da0  60410009	seqi	r1,r2,#9
 1207  00001da4  14200020	bnez	r1,L75_LF2
 1208  00001da8  54000000	nop; delay slot nop
 1209  00001dac  8fc10000	lw	r1,(r30)
 1210  00001db0  90220000	lbu	r2,(r1)
 1211  00001db4  6041000a	seqi	r1,r2,#10
 1212  00001db8  1420000c	bnez	r1,L75_LF2
 1213  00001dbc  54000000	nop; delay slot nop
 1214  00001dc0  0800001c	j	L74_LF2
 1215  00001dc4  54000000	nop; delay slot nop
 1216  00001dc8          	L75_LF2:
 1217  00001dc8  8fc20000	lw	r2,(r30)
 1218  00001dcc  20410001	addi	r1,r2,#1
 1219  00001dd0  00011020	add	r2,r0,r1
 1220  00001dd4  afc20000	sw	(r30),r2
 1221  00001dd8  0bffffa8	j	L73_LF2
 1222  00001ddc  54000000	nop; delay slot nop
 1223  00001de0          	L74_LF2:
 1224  00001de0  8fc10004	lw	r1,4(r30)
 1225  00001de4  64220000	snei	r2,r1,#0
 1226  00001de8  10400010	beqz	r2,L76_LF2
 1227  00001dec  54000000	nop; delay slot nop
 1228  00001df0  8fc10004	lw	r1,4(r30)
 1229  00001df4  8fc20000	lw	r2,(r30)
 1230  00001df8  ac220000	sw	(r1),r2
 1231  00001dfc          	L76_LF2:
 1232  00001dfc  8fc10000	lw	r1,(r30)
 1233  00001e00  90220000	lbu	r2,(r1)
 1234  00001e04  64410000	snei	r1,r2,#0
 1235  00001e08  14200010	bnez	r1,L77_LF2
 1236  00001e0c  54000000	nop; delay slot nop
 1237  00001e10  8fc1fff4	lw	r1,-12(r30)
 1238  00001e14  08000294	j	L72_LF2
 1239  00001e18  54000000	nop; delay slot nop
 1240  00001e1c          	L77_LF2:
 1241  00001e1c  8fc10000	lw	r1,(r30)
 1242  00001e20  90220000	lbu	r2,(r1)
 1243  00001e24  6041002d	seqi	r1,r2,#45
 1244  00001e28  10200024	beqz	r1,L78_LF2
 1245  00001e2c  54000000	nop; delay slot nop
 1246  00001e30  2001ffff	addi	r1,r0,#-1
 1247  00001e34  afc1ffec	sw	-20(r30),r1
 1248  00001e38  8fc20000	lw	r2,(r30)
 1249  00001e3c  20410001	addi	r1,r2,#1
 1250  00001e40  00011020	add	r2,r0,r1
 1251  00001e44  afc20000	sw	(r30),r2
 1252  00001e48  0800000c	j	L79_LF2
 1253  00001e4c  54000000	nop; delay slot nop
 1254  00001e50          	L78_LF2:
 1255  00001e50  20010001	addi	r1,r0,#1
 1256  00001e54  afc1ffec	sw	-20(r30),r1
 1257  00001e58          	L79_LF2:
 1258  00001e58  8fc10008	lw	r1,8(r30)
 1259  00001e5c  64220000	snei	r2,r1,#0
 1260  00001e60  14400090	bnez	r2,L80_LF2
 1261  00001e64  54000000	nop; delay slot nop
 1262  00001e68  8fc10000	lw	r1,(r30)
 1263  00001e6c  90220000	lbu	r2,(r1)
 1264  00001e70  60410030	seqi	r1,r2,#48
 1265  00001e74  10200074	beqz	r1,L81_LF2
 1266  00001e78  54000000	nop; delay slot nop
 1267  00001e7c  8fc20000	lw	r2,(r30)
 1268  00001e80  20410001	addi	r1,r2,#1
 1269  00001e84  00011020	add	r2,r0,r1
 1270  00001e88  afc20000	sw	(r30),r2
 1271  00001e8c  8fc10000	lw	r1,(r30)
 1272  00001e90  90220000	lbu	r2,(r1)
 1273  00001e94  60410078	seqi	r1,r2,#120
 1274  00001e98  14200020	bnez	r1,L83_LF2
 1275  00001e9c  54000000	nop; delay slot nop
 1276  00001ea0  8fc10000	lw	r1,(r30)
 1277  00001ea4  90220000	lbu	r2,(r1)
 1278  00001ea8  60410058	seqi	r1,r2,#88
 1279  00001eac  1420000c	bnez	r1,L83_LF2
 1280  00001eb0  54000000	nop; delay slot nop
 1281  00001eb4  08000024	j	L82_LF2
 1282  00001eb8  54000000	nop; delay slot nop
 1283  00001ebc          	L83_LF2:
 1284  00001ebc  20010010	addi	r1,r0,#16
 1285  00001ec0  afc10008	sw	8(r30),r1
 1286  00001ec4  8fc20000	lw	r2,(r30)
 1287  00001ec8  20410001	addi	r1,r2,#1
 1288  00001ecc  00011020	add	r2,r0,r1
 1289  00001ed0  afc20000	sw	(r30),r2
 1290  00001ed4  0800000c	j	L84_LF2
 1291  00001ed8  54000000	nop; delay slot nop
 1292  00001edc          	L82_LF2:
 1293  00001edc  20010008	addi	r1,r0,#8
 1294  00001ee0  afc10008	sw	8(r30),r1
 1295  00001ee4          	L84_LF2:
 1296  00001ee4  0800000c	j	L80_LF2
 1297  00001ee8  54000000	nop; delay slot nop
 1298  00001eec          	L81_LF2:
 1299  00001eec  2001000a	addi	r1,r0,#10
 1300  00001ef0  afc10008	sw	8(r30),r1
 1301  00001ef4          	L85_LF2:
 1302  00001ef4          	L80_LF2:
 1303  00001ef4  8fc10008	lw	r1,8(r30)
 1304  00001ef8  70220000	slei	r2,r1,#0
 1305  00001efc  1440001c	bnez	r2,L87_LF2
 1306  00001f00  54000000	nop; delay slot nop
 1307  00001f04  8fc10008	lw	r1,8(r30)
 1308  00001f08  6c220010	sgti	r2,r1,#16
 1309  00001f0c  1440000c	bnez	r2,L87_LF2
 1310  00001f10  54000000	nop; delay slot nop
 1311  00001f14  08000010	j	L86_LF2
 1312  00001f18  54000000	nop; delay slot nop
 1313  00001f1c          	L87_LF2:
 1314  00001f1c  8fc1fff4	lw	r1,-12(r30)
 1315  00001f20  08000188	j	L72_LF2
 1316  00001f24  54000000	nop; delay slot nop
 1317  00001f28          	L86_LF2:
 1318  00001f28  54000000	nop
 1319  00001f2c          	L88_LF2:
 1320  00001f2c  8fc10000	lw	r1,(r30)
 1321  00001f30  90220000	lbu	r2,(r1)
 1322  00001f34  6c41002f	sgtui	r1,r2,#47
 1323  00001f38  10200030	beqz	r1,L91_LF2
 1324  00001f3c  54000000	nop; delay slot nop
 1325  00001f40  8fc10000	lw	r1,(r30)
 1326  00001f44  90220000	lbu	r2,(r1)
 1327  00001f48  70410039	sleui	r1,r2,#57
 1328  00001f4c  1020001c	beqz	r1,L91_LF2
 1329  00001f50  54000000	nop; delay slot nop
 1330  00001f54  8fc10000	lw	r1,(r30)
 1331  00001f58  90220000	lbu	r2,(r1)
 1332  00001f5c  2041ffd0	addi	r1,r2,#-48
 1333  00001f60  afc1fff0	sw	-16(r30),r1
 1334  00001f64  0800008c	j	L92_LF2
 1335  00001f68  54000000	nop; delay slot nop
 1336  00001f6c          	L91_LF2:
 1337  00001f6c  8fc10000	lw	r1,(r30)
 1338  00001f70  90220000	lbu	r2,(r1)
 1339  00001f74  6c410060	sgtui	r1,r2,#96
 1340  00001f78  10200030	beqz	r1,L93_LF2
 1341  00001f7c  54000000	nop; delay slot nop
 1342  00001f80  8fc10000	lw	r1,(r30)
 1343  00001f84  90220000	lbu	r2,(r1)
 1344  00001f88  7041007a	sleui	r1,r2,#122
 1345  00001f8c  1020001c	beqz	r1,L93_LF2
 1346  00001f90  54000000	nop; delay slot nop
 1347  00001f94  8fc10000	lw	r1,(r30)
 1348  00001f98  90220000	lbu	r2,(r1)
 1349  00001f9c  2041ffa9	addi	r1,r2,#-87
 1350  00001fa0  afc1fff0	sw	-16(r30),r1
 1351  00001fa4  0800004c	j	L92_LF2
 1352  00001fa8  54000000	nop; delay slot nop
 1353  00001fac          	L93_LF2:
 1354  00001fac  8fc10000	lw	r1,(r30)
 1355  00001fb0  90220000	lbu	r2,(r1)
 1356  00001fb4  6c410040	sgtui	r1,r2,#64
 1357  00001fb8  10200030	beqz	r1,L95_LF2
 1358  00001fbc  54000000	nop; delay slot nop
 1359  00001fc0  8fc10000	lw	r1,(r30)
 1360  00001fc4  90220000	lbu	r2,(r1)
 1361  00001fc8  7041005a	sleui	r1,r2,#90
 1362  00001fcc  1020001c	beqz	r1,L95_LF2
 1363  00001fd0  54000000	nop; delay slot nop
 1364  00001fd4  8fc10000	lw	r1,(r30)
 1365  00001fd8  90220000	lbu	r2,(r1)
 1366  00001fdc  2041ffc9	addi	r1,r2,#-55
 1367  00001fe0  afc1fff0	sw	-16(r30),r1
 1368  00001fe4  0800000c	j	L92_LF2
 1369  00001fe8  54000000	nop; delay slot nop
 1370  00001fec          	L95_LF2:
 1371  00001fec  200103e8	addi	r1,r0,#1000
 1372  00001ff0  afc1fff0	sw	-16(r30),r1
 1373  00001ff4          	L96_LF2:
 1374  00001ff4          	L94_LF2:
 1375  00001ff4          	L92_LF2:
 1376  00001ff4  8fc1fff0	lw	r1,-16(r30)
 1377  00001ff8  8fc20008	lw	r2,8(r30)
 1378  00001ffc  0022082a	slt	r1,r1,r2
 1379  00002000  10200040	beqz	r1,L90_LF2
 1380  00002004  54000000	nop; delay slot nop
 1381  00002008  8fc1fff4	lw	r1,-12(r30)
 1382  0000200c  8fc20008	lw	r2,8(r30)
 1383  00002010  00200035	movi2fp	f0,r1
 1384  00002014  00400835	movi2fp	f1,r2
 1385  00002018  0401000e	mult	f0,f0,f1
 1386  0000201c  00000834	movfp2i	r1,f0
 1387  00002020  afc1fff4	sw	-12(r30),r1
 1388  00002024  8fc1fff4	lw	r1,-12(r30)
 1389  00002028  8fc2fff0	lw	r2,-16(r30)
 1390  0000202c  00220820	add	r1,r1,r2
 1391  00002030  afc1fff4	sw	-12(r30),r1
 1392  00002034  8fc20000	lw	r2,(r30)
 1393  00002038  20410001	addi	r1,r2,#1
 1394  0000203c  00011020	add	r2,r0,r1
 1395  00002040  afc20000	sw	(r30),r2
 1396  00002044          	L97_LF2:
 1397  00002044          	L90_LF2:
 1398  00002044  8fc1fff0	lw	r1,-16(r30)
 1399  00002048  8fc20008	lw	r2,8(r30)
 1400  0000204c  0022082a	slt	r1,r1,r2
 1401  00002050  1420000c	bnez	r1,L98_LF2
 1402  00002054  54000000	nop; delay slot nop
 1403  00002058  0800000c	j	L89_LF2
 1404  0000205c  54000000	nop; delay slot nop
 1405  00002060          	L98_LF2:
 1406  00002060  0bfffec8	j	L88_LF2
 1407  00002064  54000000	nop; delay slot nop
 1408  00002068          	L89_LF2:
 1409  00002068  8fc10004	lw	r1,4(r30)
 1410  0000206c  64220000	snei	r2,r1,#0
 1411  00002070  10400010	beqz	r2,L99_LF2
 1412  00002074  54000000	nop; delay slot nop
 1413  00002078  8fc10004	lw	r1,4(r30)
 1414  0000207c  8fc20000	lw	r2,(r30)
 1415  00002080  ac220000	sw	(r1),r2
 1416  00002084          	L99_LF2:
 1417  00002084  8fc1fff4	lw	r1,-12(r30)
 1418  00002088  8fc2ffec	lw	r2,-20(r30)
 1419  0000208c  00200035	movi2fp	f0,r1
 1420  00002090  00400835	movi2fp	f1,r2
 1421  00002094  0401000e	mult	f0,f0,f1
 1422  00002098  00000834	movfp2i	r1,f0
 1423  0000209c  afc1fff4	sw	-12(r30),r1
 1424  000020a0  8fc1fff4	lw	r1,-12(r30)
 1425  000020a4  08000004	j	L72_LF2
 1426  000020a8  54000000	nop; delay slot nop
 1427  000020ac          	L72_LF2:
 1428  000020ac  8fa20000	lw	r2,0(r29)
 1429  000020b0  8fdffff8	lw	r31,-8(r30)
 1430  000020b4  001ee820	add	r29,r0,r30
 1431  000020b8  8fdefffc	lw	r30,-4(r30)
 1432  000020bc  4be00000	jr	r31
 1433  000020c0  54000000	nop
 1434  000020c4          	.endproc _dstrtol
 1435  000020c4          	.align 2
 1436  000020c4          	.proc _bcopy
 1437  000020c4          	.global _bcopy
 1438  000020c4          	_bcopy:
 1439                      ;  Function 'bcopy'; 0 bytes of locals, 2 regs to save.
 1440  000020c4  afbefffc	sw	-4(r29),r30; push fp
 1441  000020c8  001df020	add	r30,r0,r29; fp = sp
 1442  000020cc  afbffff8	sw	-8(r29),r31; push ret addr
 1443  000020d0  2fbd0010	subui	r29,r29,#16; alloc local storage
 1444  000020d4  afa20000	sw	0(r29),r2
 1445  000020d8  afa30004	sw	4(r29),r3
 1446  000020dc  54000000	nop
 1447  000020e0          	L101_LF2:
 1448  000020e0  8fc10008	lw	r1,8(r30)
 1449  000020e4  2022ffff	addi	r2,r1,#-1
 1450  000020e8  afc20008	sw	8(r30),r2
 1451  000020ec  6c210000	sgti	r1,r1,#0
 1452  000020f0  1420000c	bnez	r1,L103_LF2
 1453  000020f4  54000000	nop; delay slot nop
 1454  000020f8  0800002c	j	L102_LF2
 1455  000020fc  54000000	nop; delay slot nop
 1456  00002100          	L103_LF2:
 1457  00002100  8fc10004	lw	r1,4(r30)
 1458  00002104  20220001	addi	r2,r1,#1
 1459  00002108  afc20004	sw	4(r30),r2
 1460  0000210c  8fc20000	lw	r2,(r30)
 1461  00002110  20430001	addi	r3,r2,#1
 1462  00002114  afc30000	sw	(r30),r3
 1463  00002118  80420000	lb	r2,(r2)
 1464  0000211c  a0220000	sb	(r1),r2
 1465  00002120  0bffffbc	j	L101_LF2
 1466  00002124  54000000	nop; delay slot nop
 1467  00002128          	L102_LF2:
 1468  00002128          	L100_LF2:
 1469  00002128  8fa20000	lw	r2,0(r29)
 1470  0000212c  8fa30004	lw	r3,4(r29)
 1471  00002130  8fdffff8	lw	r31,-8(r30)
 1472  00002134  001ee820	add	r29,r0,r30
 1473  00002138  8fdefffc	lw	r30,-4(r30)
 1474  0000213c  4be00000	jr	r31
 1475  00002140  54000000	nop
 1476  00002144          	.endproc _bcopy
 1477  00002144          	.align 2
 1478  00002144          	.proc _bzero
 1479  00002144          	.global _bzero
 1480  00002144          	_bzero:
 1481                      ;  Function 'bzero'; 0 bytes of locals, 1 regs to save.
 1482  00002144  afbefffc	sw	-4(r29),r30; push fp
 1483  00002148  001df020	add	r30,r0,r29; fp = sp
 1484  0000214c  afbffff8	sw	-8(r29),r31; push ret addr
 1485  00002150  2fbd0010	subui	r29,r29,#16; alloc local storage
 1486  00002154  afa20000	sw	0(r29),r2
 1487  00002158  54000000	nop
 1488  0000215c          	L105_LF2:
 1489  0000215c  8fc10004	lw	r1,4(r30)
 1490  00002160  2022ffff	addi	r2,r1,#-1
 1491  00002164  afc20004	sw	4(r30),r2
 1492  00002168  6c210000	sgti	r1,r1,#0
 1493  0000216c  1420000c	bnez	r1,L107_LF2
 1494  00002170  54000000	nop; delay slot nop
 1495  00002174  08000020	j	L106_LF2
 1496  00002178  54000000	nop; delay slot nop
 1497  0000217c          	L107_LF2:
 1498  0000217c  8fc10000	lw	r1,(r30)
 1499  00002180  20220001	addi	r2,r1,#1
 1500  00002184  afc20000	sw	(r30),r2
 1501  00002188  20020000	addi	r2,r0,(#0x0)&0xff
 1502  0000218c  a0220000	sb	(r1),r2
 1503  00002190  0bffffc8	j	L105_LF2
 1504  00002194  54000000	nop; delay slot nop
 1505  00002198          	L106_LF2:
 1506  00002198          	L104_LF2:
 1507  00002198  8fa20000	lw	r2,0(r29)
 1508  0000219c  8fdffff8	lw	r31,-8(r30)
 1509  000021a0  001ee820	add	r29,r0,r30
 1510  000021a4  8fdefffc	lw	r30,-4(r30)
 1511  000021a8  4be00000	jr	r31
 1512  000021ac  54000000	nop
 1513  000021b0          	.endproc _bzero
 1514  000021b0          	.align 2
 1515  000021b0          	.proc _min
 1516  000021b0          	.global _min
 1517  000021b0          	_min:
 1518                      ;  Function 'min'; 0 bytes of locals, 2 regs to save.
 1519  000021b0  afbefffc	sw	-4(r29),r30; push fp
 1520  000021b4  001df020	add	r30,r0,r29; fp = sp
 1521  000021b8  afbffff8	sw	-8(r29),r31; push ret addr
 1522  000021bc  2fbd0010	subui	r29,r29,#16; alloc local storage
 1523  000021c0  afa20000	sw	0(r29),r2
 1524  000021c4  afa30004	sw	4(r29),r3
 1525  000021c8  8fc10000	lw	r1,(r30)
 1526  000021cc  8fc20004	lw	r2,4(r30)
 1527  000021d0  0022182c	sle	r3,r1,r2
 1528  000021d4  14600008	bnez	r3,L109_LF2
 1529  000021d8  54000000	nop; delay slot nop
 1530  000021dc  8fc10004	lw	r1,4(r30)
 1531  000021e0          	L109_LF2:
 1532  000021e0  08000004	j	L108_LF2
 1533  000021e4  54000000	nop; delay slot nop
 1534  000021e8          	L108_LF2:
 1535  000021e8  8fa20000	lw	r2,0(r29)
 1536  000021ec  8fa30004	lw	r3,4(r29)
 1537  000021f0  8fdffff8	lw	r31,-8(r30)
 1538  000021f4  001ee820	add	r29,r0,r30
 1539  000021f8  8fdefffc	lw	r30,-4(r30)
 1540  000021fc  4be00000	jr	r31
 1541  00002200  54000000	nop
 1542  00002204          	.endproc _min
 1543                      ;;; Ethan L. Miller, 1999.  Released to the public domain
 1544                      ;;;
 1545                      ;;; Most of the traps are called in files from libtraps.
 1548  00002204          	.align 2
 1549  00002204          	.proc _exit
 1550  00002204          	.global _exit
 1551  00002204          	_exit:
 1552  00002204  44000300	trap	#0x300
 1553  00002208  4be00000	jr	r31
 1554  0000220c  54000000	nop
 1555  00002210          	.endproc _exit
 1557                      ; for the benefit of gcc.
 1558  00002210          	.proc ___main
 1559  00002210          	.global ___main
 1560  00002210          	___main:
 1561  00002210  4be00000	jr	r31
 1562  00002214  54000000	nop
 1563  00002218          	.endproc ___main
 1564  00002218          	.text
 1565  00002218          	.global _etext
 1566  00002218          	_etext:
 1567  00002218          	.align 3
 1568  00002218          	.data
 1569  000030da          	.global _edata
 1570  000030da          	_edata:
