 line   address	contents
    1                      ; Linked by DLX-LD.
    2                      ; MemSize 24576
    3                      ; Data size: 380
    4                      ; Text size: 5800
    5                      ; Stack size: 8192
    6  00000000          	.text 0x1000
    7  00001000          	.data 0x3000
    8                      ; Compiled by GCC
    9  00003000          	.text
   10  00001000          	.align 2
   11  00001000          	.proc _isspace
   12  00001000          	.global _isspace
   13  00001000          	_isspace:
   14                      ;  Function 'isspace'; 0 bytes of locals, 1 regs to save.
   15  00001000  afbefffc	sw	-4(r29),r30; push fp
   16  00001004  001df020	add	r30,r0,r29; fp = sp
   17  00001008  afbffff8	sw	-8(r29),r31; push ret addr
   18  0000100c  2fbd0010	subui	r29,r29,#16; alloc local storage
   19  00001010  afa20000	sw	0(r29),r2
   20  00001014  83c20003	lb	r2,3(r30)
   21  00001018  201f0000	addi	r31,r0,#0
   22  0000101c  304100ff	andi	r1,r2,#0x00ff
   23  00001020  60210020	seqi	r1,r1,#32
   24  00001024  14200018	bnez	r1,L6_LF0
   25  00001028  54000000	nop; not filled.
   26  0000102c  2041fff7	addi	r1,r2,#-9
   27  00001030  302100ff	andi	r1,r1,#0x00ff
   28  00001034  70210001	sleui	r1,r1,#1
   29  00001038  10200008	beqz	r1,L5_LF0
   30  0000103c  54000000	nop; not filled.
   31  00001040          	L6_LF0:
   32  00001040  201f0001	addi	r31,r0,#1
   33  00001044          	L5_LF0:
   34  00001044  001f0820	add	r1,r0,r31
   35  00001048  8fa20000	lw	r2,0(r29)
   36  0000104c  8fdffff8	lw	r31,-8(r30)
   37  00001050  001ee820	add	r29,r0,r30
   38  00001054  8fdefffc	lw	r30,-4(r30)
   39  00001058  4be00000	jr	r31
   40  0000105c  54000000	nop
   41  00001060          	.endproc _isspace
   42  00001060          	.align 2
   43  00001060          	.proc _isxdigit
   44  00001060          	.global _isxdigit
   45  00001060          	_isxdigit:
   46                      ;  Function 'isxdigit'; 0 bytes of locals, 1 regs to save.
   47  00001060  afbefffc	sw	-4(r29),r30; push fp
   48  00001064  001df020	add	r30,r0,r29; fp = sp
   49  00001068  afbffff8	sw	-8(r29),r31; push ret addr
   50  0000106c  2fbd0010	subui	r29,r29,#16; alloc local storage
   51  00001070  afa20000	sw	0(r29),r2
   52  00001074  83df0003	lb	r31,3(r30)
   53  00001078  20020000	addi	r2,r0,#0
   54  0000107c  23e1ffd0	addi	r1,r31,#-48
   55  00001080  302100ff	andi	r1,r1,#0x00ff
   56  00001084  70210009	sleui	r1,r1,#9
   57  00001088  14200028	bnez	r1,L12_LF0
   58  0000108c  54000000	nop; not filled.
   59  00001090  23e1ff9f	addi	r1,r31,#-97
   60  00001094  302100ff	andi	r1,r1,#0x00ff
   61  00001098  70210005	sleui	r1,r1,#5
   62  0000109c  14200014	bnez	r1,L12_LF0
   63  000010a0  54000000	nop; not filled.
   64  000010a4  33e100ff	andi	r1,r31,#0x00ff
   65  000010a8  64210041	snei	r1,r1,#65
   66  000010ac  14200008	bnez	r1,L11_LF0
   67  000010b0  54000000	nop; not filled.
   68  000010b4          	L12_LF0:
   69  000010b4  20020001	addi	r2,r0,#1
   70  000010b8          	L11_LF0:
   71  000010b8  00020820	add	r1,r0,r2
   72  000010bc  8fa20000	lw	r2,0(r29)
   73  000010c0  8fdffff8	lw	r31,-8(r30)
   74  000010c4  001ee820	add	r29,r0,r30
   75  000010c8  8fdefffc	lw	r30,-4(r30)
   76  000010cc  4be00000	jr	r31
   77  000010d0  54000000	nop
   78  000010d4          	.endproc _isxdigit
   79  000010d4          	.data
   80  00003000          	.align 2
   81  00003000          	LC0_LF0:
   82  00003000  55736167	.ascii "Usage: \000"
   82  00003004  653a2000	
   83  00003008          	.align 2
   84  00003008          	LC1_LF0:
   85  00003008  203c6e75	.ascii " <number of H2O molecules> <number of SO4 molecules>\n\000"
   85  0000300c  6d626572	
   85  00003010  206f6620	
   85  00003014  48324f20	
   85  00003018  6d6f6c65	
   85  0000301c  63756c65	
   85  00003020  733e203c	
   85  00003024  6e756d62	
   85  00003028  6572206f	
   85  0000302c  6620534f	
   85  00003030  34206d6f	
   85  00003034  6c656375	
   85  00003038  6c65733e	
   85  0000303c  0a00    	
   86  0000303e          	.align 2
   87  00003040          	LC2_LF0:
   88  00003040  42616420	.ascii "Bad sem_create in \000"
   88  00003044  73656d5f	
   88  00003048  63726561	
   88  0000304c  74652069	
   88  00003050  6e2000  	
   89  00003053          	.align 2
   90  00003054          	LC3_LF0:
   91  00003054  0a00    	.ascii "\n\000"
   92  00003056          	.align 2
   93  00003058          	LC4_LF0:
   94  00003058  42616420	.ascii "Bad mbox_create in \000"
   94  0000305c  6d626f78	
   94  00003060  5f637265	
   94  00003064  61746520	
   94  00003068  696e2000	
   95  0000306c          	.align 2
   96  0000306c          	LC5_LF0:
   97  0000306c  42616420	.ascii "Bad mbox_open in \000"
   97  00003070  6d626f78	
   97  00003074  5f6f7065	
   97  00003078  6e20696e	
   97  0000307c  2000    	
   98  0000307e          	.align 2
   99  00003080          	LC6_LF0:
  100  00003080  70726f64	.ascii "producerS.dlx.obj\000"
  100  00003084  75636572	
  100  00003088  532e646c	
  100  0000308c  782e6f62	
  100  00003090  6a00    	
  101  00003092          	.align 2
  102  00003094          	LC7_LF0:
  103  00003094  70726f64	.ascii "producerCO.dlx.obj\000"
  103  00003098  75636572	
  103  0000309c  434f2e64	
  103  000030a0  6c782e6f	
  103  000030a4  626a00  	
  104  000030a7          	.align 2
  105  000030a8          	LC8_LF0:
  106  000030a8  72656163	.ascii "react1.dlx.obj\000"
  106  000030ac  74312e64	
  106  000030b0  6c782e6f	
  106  000030b4  626a00  	
  107  000030b7          	.align 2
  108  000030b8          	LC9_LF0:
  109  000030b8  72656163	.ascii "react2.dlx.obj\000"
  109  000030bc  74322e64	
  109  000030c0  6c782e6f	
  109  000030c4  626a00  	
  110  000030c7          	.align 2
  111  000030c8          	LC10_LF0:
  112  000030c8  72656163	.ascii "react3.dlx.obj\000"
  112  000030cc  74332e64	
  112  000030d0  6c782e6f	
  112  000030d4  626a00  	
  113  000030d7          	.align 2
  114  000030d8          	LC11_LF0:
  115  000030d8  42616420	.ascii "Bad semaphore sem_procs_completed (%d) in \000"
  115  000030dc  73656d61	
  115  000030e0  70686f72	
  115  000030e4  65207365	
  115  000030e8  6d5f7072	
  115  000030ec  6f63735f	
  115  000030f0  636f6d70	
  115  000030f4  6c657465	
  115  000030f8  64202825	
  115  000030fc  64292069	
  115  00003100  6e2000  	
  116  00003103          	.align 2
  117  00003104          	LC12_LF0:
  118  00003104  25642053	.ascii "%d S2\'s left over. \000"
  118  00003108  32277320	
  118  0000310c  6c656674	
  118  00003110  206f7665	
  118  00003114  722e2000	
  119  00003118          	.align 2
  120  00003118          	LC13_LF0:
  121  00003118  25642053	.ascii "%d S\'s left over. \000"
  121  0000311c  2773206c	
  121  00003120  65667420	
  121  00003124  6f766572	
  121  00003128  2e2000  	
  122  0000312b          	.align 2
  123  0000312c          	LC14_LF0:
  124  0000312c  25642043	.ascii "%d CO\'s left over. \000"
  124  00003130  4f277320	
  124  00003134  6c656674	
  124  00003138  206f7665	
  124  0000313c  722e2000	
  125  00003140          	.align 2
  126  00003140          	LC15_LF0:
  127  00003140  2564204f	.ascii "%d O2\'s left over. \000"
  127  00003144  32277320	
  127  00003148  6c656674	
  127  0000314c  206f7665	
  127  00003150  722e2000	
  128  00003154          	.align 2
  129  00003154          	LC16_LF0:
  130  00003154  25642043	.ascii "%d C2\'s created. \000"
  130  00003158  32277320	
  130  0000315c  63726561	
  130  00003160  7465642e	
  130  00003164  2000    	
  131  00003166          	.align 2
  132  00003168          	LC17_LF0:
  133  00003168  25642053	.ascii "%d SO4\'s created. \n\000"
  133  0000316c  4f342773	
  133  00003170  20637265	
  133  00003174  61746564	
  133  00003178  2e200a00	
  134  0000317c          	.text
  135  000010d4          	.align 2
  136  000010d4          	.proc _main
  137  000010d4          	.global _main
  138  000010d4          	_main:
  139                      ;  Function 'main'; 192 bytes of locals, 0 regs to save.
  140  000010d4  afbefffc	sw	-4(r29),r30; push fp
  141  000010d8  001df020	add	r30,r0,r29; fp = sp
  142  000010dc  afbffff8	sw	-8(r29),r31; push ret addr
  143  000010e0  2fbd00c8	subui	r29,r29,#200; alloc local storage
  144  000010e4  8fc20000	lw	r2,(r30)
  145  000010e8  8fcf0004	lw	r15,4(r30)
  146  000010ec  0c0015b0	jal	___main
  147  000010f0  54000000	nop; not filled.
  148  000010f4  64410003	snei	r1,r2,#3
  149  000010f8  1020004c	beqz	r1,L14_LF0
  150  000010fc  54000000	nop; not filled.
  151  00001100  23bdfff8	addi	r29,r29,#-8
  152  00001104  3c150000	lhi	r21,((LC0_LF0)>>16)&0xffff
  153  00001108  26b53000	addui	r21,r21,(LC0_LF0)&0xffff
  154  0000110c  afb50000	sw	(r29),r21
  155  00001110  0c0006dc	jal	_Printf
  156  00001114  54000000	nop; not filled.
  157  00001118  8df50000	lw	r21,(r15)
  158  0000111c  afb50000	sw	(r29),r21
  159  00001120  0c0006cc	jal	_Printf
  160  00001124  54000000	nop; not filled.
  161  00001128  3c150000	lhi	r21,((LC1_LF0)>>16)&0xffff
  162  0000112c  26b53008	addui	r21,r21,(LC1_LF0)&0xffff
  163  00001130  afb50000	sw	(r29),r21
  164  00001134  0c0006b8	jal	_Printf
  165  00001138  54000000	nop; not filled.
  166  0000113c  0c0007b8	jal	_Exit
  167  00001140  54000000	nop; not filled.
  168  00001144  23bd0008	addi	r29,r29,#8
  169  00001148          	L14_LF0:
  170  00001148  23bdfff0	addi	r29,r29,#-16
  171  0000114c  8df50004	lw	r21,4(r15)
  172  00001150  afb50000	sw	(r29),r21
  173  00001154  20150000	addi	r21,r0,#0
  174  00001158  afb50004	sw	4(r29),r21
  175  0000115c  2015000a	addi	r21,r0,#10
  176  00001160  afb50008	sw	8(r29),r21
  177  00001164  0c00103c	jal	_dstrtol
  178  00001168  54000000	nop; not filled.
  179  0000116c  0001a020	add	r20,r0,r1
  180  00001170  8df50008	lw	r21,8(r15)
  181  00001174  afb50000	sw	(r29),r21
  182  00001178  20150000	addi	r21,r0,#0
  183  0000117c  afb50004	sw	4(r29),r21
  184  00001180  2015000a	addi	r21,r0,#10
  185  00001184  afb50008	sw	8(r29),r21
  186  00001188  0c001018	jal	_dstrtol
  187  0000118c  54000000	nop; not filled.
  188  00001190  00017020	add	r14,r0,r1
  189  00001194  00149020	add	r18,r0,r20
  190  00001198  000e1020	add	r2,r0,r14
  191  0000119c  75c10000	sgei	r1,r14,#0
  192  000011a0  14200008	bnez	r1,L15_LF0
  193  000011a4  54000000	nop; not filled.
  194  000011a8  21c20003	addi	r2,r14,#3
  195  000011ac          	L15_LF0:
  196  000011ac  5c500002	srai	r16,r2,#0x2
  197  000011b0  52410001	slli	r1,r18,#0x1
  198  000011b4  afa10000	sw	(r29),r1
  199  000011b8  afb00004	sw	4(r29),r16
  200  000011bc  0c0005a4	jal	_min2
  201  000011c0  54000000	nop; not filled.
  202  000011c4  00019820	add	r19,r0,r1
  203  000011c8  2015fffc	addi	r21,r0,#-4
  204  000011cc  afb50000	sw	(r29),r21
  205  000011d0  0c000658	jal	_sem_create
  206  000011d4  54000000	nop; not filled.
  207  000011d8  00018820	add	r17,r0,r1
  208  000011dc  23bd0010	addi	r29,r29,#16
  209  000011e0  6221ffff	seqi	r1,r17,#-1
  210  000011e4  1020004c	beqz	r1,L16_LF0
  211  000011e8  54000000	nop; not filled.
  212  000011ec  23bdfff8	addi	r29,r29,#-8
  213  000011f0  3c150000	lhi	r21,((LC2_LF0)>>16)&0xffff
  214  000011f4  26b53040	addui	r21,r21,(LC2_LF0)&0xffff
  215  000011f8  afb50000	sw	(r29),r21
  216  000011fc  0c0005f0	jal	_Printf
  217  00001200  54000000	nop; not filled.
  218  00001204  8df50000	lw	r21,(r15)
  219  00001208  afb50000	sw	(r29),r21
  220  0000120c  0c0005e0	jal	_Printf
  221  00001210  54000000	nop; not filled.
  222  00001214  3c150000	lhi	r21,((LC3_LF0)>>16)&0xffff
  223  00001218  26b53054	addui	r21,r21,(LC3_LF0)&0xffff
  224  0000121c  afb50000	sw	(r29),r21
  225  00001220  0c0005cc	jal	_Printf
  226  00001224  54000000	nop; not filled.
  227  00001228  0c0006cc	jal	_Exit
  228  0000122c  54000000	nop; not filled.
  229  00001230  23bd0008	addi	r29,r29,#8
  230  00001234          	L16_LF0:
  231  00001234  0c00066c	jal	_mbox_create
  232  00001238  54000000	nop; not filled.
  233  0000123c  00011020	add	r2,r0,r1
  234  00001240  0c000660	jal	_mbox_create
  235  00001244  54000000	nop; not filled.
  236  00001248  00012020	add	r4,r0,r1
  237  0000124c  0c000654	jal	_mbox_create
  238  00001250  54000000	nop; not filled.
  239  00001254  00012820	add	r5,r0,r1
  240  00001258  0c000648	jal	_mbox_create
  241  0000125c  54000000	nop; not filled.
  242  00001260  00013820	add	r7,r0,r1
  243  00001264  0c00063c	jal	_mbox_create
  244  00001268  54000000	nop; not filled.
  245  0000126c  00014020	add	r8,r0,r1
  246  00001270  0c000630	jal	_mbox_create
  247  00001274  54000000	nop; not filled.
  248  00001278  00015020	add	r10,r0,r1
  249  0000127c  6041ffff	seqi	r1,r2,#-1
  250  00001280  14200040	bnez	r1,L18_LF0
  251  00001284  54000000	nop; not filled.
  252  00001288  6081ffff	seqi	r1,r4,#-1
  253  0000128c  14200034	bnez	r1,L18_LF0
  254  00001290  54000000	nop; not filled.
  255  00001294  60a1ffff	seqi	r1,r5,#-1
  256  00001298  14200028	bnez	r1,L18_LF0
  257  0000129c  54000000	nop; not filled.
  258  000012a0  60e1ffff	seqi	r1,r7,#-1
  259  000012a4  1420001c	bnez	r1,L18_LF0
  260  000012a8  54000000	nop; not filled.
  261  000012ac  6101ffff	seqi	r1,r8,#-1
  262  000012b0  14200010	bnez	r1,L18_LF0
  263  000012b4  54000000	nop; not filled.
  264  000012b8  6141ffff	seqi	r1,r10,#-1
  265  000012bc  1020004c	beqz	r1,L17_LF0
  266  000012c0  54000000	nop; not filled.
  267  000012c4          	L18_LF0:
  268  000012c4  23bdfff8	addi	r29,r29,#-8
  269  000012c8  3c150000	lhi	r21,((LC4_LF0)>>16)&0xffff
  270  000012cc  26b53058	addui	r21,r21,(LC4_LF0)&0xffff
  271  000012d0  afb50000	sw	(r29),r21
  272  000012d4  0c000518	jal	_Printf
  273  000012d8  54000000	nop; not filled.
  274  000012dc  8df50000	lw	r21,(r15)
  275  000012e0  afb50000	sw	(r29),r21
  276  000012e4  0c000508	jal	_Printf
  277  000012e8  54000000	nop; not filled.
  278  000012ec  3c150000	lhi	r21,((LC3_LF0)>>16)&0xffff
  279  000012f0  26b53054	addui	r21,r21,(LC3_LF0)&0xffff
  280  000012f4  afb50000	sw	(r29),r21
  281  000012f8  0c0004f4	jal	_Printf
  282  000012fc  54000000	nop; not filled.
  283  00001300  0c0005f4	jal	_Exit
  284  00001304  54000000	nop; not filled.
  285  00001308  23bd0008	addi	r29,r29,#8
  286  0000130c          	L17_LF0:
  287  0000130c  23bdfff8	addi	r29,r29,#-8
  288  00001310  afa20000	sw	(r29),r2
  289  00001314  0c000598	jal	_mbox_open
  290  00001318  54000000	nop; not filled.
  291  0000131c  23bd0008	addi	r29,r29,#8
  292  00001320  6021ffff	seqi	r1,r1,#-1
  293  00001324  142000a4	bnez	r1,L20_LF0
  294  00001328  54000000	nop; not filled.
  295  0000132c  23bdfff8	addi	r29,r29,#-8
  296  00001330  afa40000	sw	(r29),r4
  297  00001334  0c000578	jal	_mbox_open
  298  00001338  54000000	nop; not filled.
  299  0000133c  23bd0008	addi	r29,r29,#8
  300  00001340  6021ffff	seqi	r1,r1,#-1
  301  00001344  14200084	bnez	r1,L20_LF0
  302  00001348  54000000	nop; not filled.
  303  0000134c  23bdfff8	addi	r29,r29,#-8
  304  00001350  afa50000	sw	(r29),r5
  305  00001354  0c000558	jal	_mbox_open
  306  00001358  54000000	nop; not filled.
  307  0000135c  23bd0008	addi	r29,r29,#8
  308  00001360  6021ffff	seqi	r1,r1,#-1
  309  00001364  14200064	bnez	r1,L20_LF0
  310  00001368  54000000	nop; not filled.
  311  0000136c  23bdfff8	addi	r29,r29,#-8
  312  00001370  afa70000	sw	(r29),r7
  313  00001374  0c000538	jal	_mbox_open
  314  00001378  54000000	nop; not filled.
  315  0000137c  23bd0008	addi	r29,r29,#8
  316  00001380  6021ffff	seqi	r1,r1,#-1
  317  00001384  14200044	bnez	r1,L20_LF0
  318  00001388  54000000	nop; not filled.
  319  0000138c  23bdfff8	addi	r29,r29,#-8
  320  00001390  afa80000	sw	(r29),r8
  321  00001394  0c000518	jal	_mbox_open
  322  00001398  54000000	nop; not filled.
  323  0000139c  23bd0008	addi	r29,r29,#8
  324  000013a0  6021ffff	seqi	r1,r1,#-1
  325  000013a4  14200024	bnez	r1,L20_LF0
  326  000013a8  54000000	nop; not filled.
  327  000013ac  23bdfff8	addi	r29,r29,#-8
  328  000013b0  afaa0000	sw	(r29),r10
  329  000013b4  0c0004f8	jal	_mbox_open
  330  000013b8  54000000	nop; not filled.
  331  000013bc  23bd0008	addi	r29,r29,#8
  332  000013c0  6021ffff	seqi	r1,r1,#-1
  333  000013c4  1020004c	beqz	r1,L19_LF0
  334  000013c8  54000000	nop; not filled.
  335  000013cc          	L20_LF0:
  336  000013cc  23bdfff8	addi	r29,r29,#-8
  337  000013d0  3c150000	lhi	r21,((LC5_LF0)>>16)&0xffff
  338  000013d4  26b5306c	addui	r21,r21,(LC5_LF0)&0xffff
  339  000013d8  afb50000	sw	(r29),r21
  340  000013dc  0c000410	jal	_Printf
  341  000013e0  54000000	nop; not filled.
  342  000013e4  8df50000	lw	r21,(r15)
  343  000013e8  afb50000	sw	(r29),r21
  344  000013ec  0c000400	jal	_Printf
  345  000013f0  54000000	nop; not filled.
  346  000013f4  3c150000	lhi	r21,((LC3_LF0)>>16)&0xffff
  347  000013f8  26b53054	addui	r21,r21,(LC3_LF0)&0xffff
  348  000013fc  afb50000	sw	(r29),r21
  349  00001400  0c0003ec	jal	_Printf
  350  00001404  54000000	nop; not filled.
  351  00001408  0c0004ec	jal	_Exit
  352  0000140c  54000000	nop; not filled.
  353  00001410  23bd0008	addi	r29,r29,#8
  354  00001414          	L19_LF0:
  355  00001414  23bdfff8	addi	r29,r29,#-8
  356  00001418  afb40000	sw	(r29),r20
  357  0000141c  23c9ffe8	addi	r9,r30,#-24
  358  00001420  afa90004	sw	4(r29),r9
  359  00001424  0c000bf0	jal	_ditoa
  360  00001428  54000000	nop; not filled.
  361  0000142c  afae0000	sw	(r29),r14
  362  00001430  23cbffd8	addi	r11,r30,#-40
  363  00001434  afab0004	sw	4(r29),r11
  364  00001438  0c000bdc	jal	_ditoa
  365  0000143c  54000000	nop; not filled.
  366  00001440  afa20000	sw	(r29),r2
  367  00001444  23c3ffb8	addi	r3,r30,#-72
  368  00001448  afa30004	sw	4(r29),r3
  369  0000144c  0c000bc8	jal	_ditoa
  370  00001450  54000000	nop; not filled.
  371  00001454  afa40000	sw	(r29),r4
  372  00001458  23c6ffa8	addi	r6,r30,#-88
  373  0000145c  afa60004	sw	4(r29),r6
  374  00001460  0c000bb4	jal	_ditoa
  375  00001464  54000000	nop; not filled.
  376  00001468  afa50000	sw	(r29),r5
  377  0000146c  23c4ff98	addi	r4,r30,#-104
  378  00001470  afa40004	sw	4(r29),r4
  379  00001474  0c000ba0	jal	_ditoa
  380  00001478  54000000	nop; not filled.
  381  0000147c  afa70000	sw	(r29),r7
  382  00001480  23c5ff88	addi	r5,r30,#-120
  383  00001484  afa50004	sw	4(r29),r5
  384  00001488  0c000b8c	jal	_ditoa
  385  0000148c  54000000	nop; not filled.
  386  00001490  afa80000	sw	(r29),r8
  387  00001494  23ccff78	addi	r12,r30,#-136
  388  00001498  afac0004	sw	4(r29),r12
  389  0000149c  0c000b78	jal	_ditoa
  390  000014a0  54000000	nop; not filled.
  391  000014a4  afaa0000	sw	(r29),r10
  392  000014a8  23cdff68	addi	r13,r30,#-152
  393  000014ac  afad0004	sw	4(r29),r13
  394  000014b0  0c000b64	jal	_ditoa
  395  000014b4  54000000	nop; not filled.
  396  000014b8  afb10000	sw	(r29),r17
  397  000014bc  23c2ffc8	addi	r2,r30,#-56
  398  000014c0  afa20004	sw	4(r29),r2
  399  000014c4  0c000b50	jal	_ditoa
  400  000014c8  54000000	nop; not filled.
  401  000014cc  afb20000	sw	(r29),r18
  402  000014d0  23c7ff58	addi	r7,r30,#-168
  403  000014d4  afa70004	sw	4(r29),r7
  404  000014d8  0c000b3c	jal	_ditoa
  405  000014dc  54000000	nop; not filled.
  406  000014e0  afb00000	sw	(r29),r16
  407  000014e4  23c8ff48	addi	r8,r30,#-184
  408  000014e8  afa80004	sw	4(r29),r8
  409  000014ec  0c000b28	jal	_ditoa
  410  000014f0  54000000	nop; not filled.
  411  000014f4  afb30000	sw	(r29),r19
  412  000014f8  23caff38	addi	r10,r30,#-200
  413  000014fc  afaa0004	sw	4(r29),r10
  414  00001500  0c000b14	jal	_ditoa
  415  00001504  54000000	nop; not filled.
  416  00001508  23bdffe8	addi	r29,r29,#-24
  417  0000150c  3c150000	lhi	r21,((LC6_LF0)>>16)&0xffff
  418  00001510  26b53080	addui	r21,r21,(LC6_LF0)&0xffff
  419  00001514  afb50000	sw	(r29),r21
  420  00001518  20150000	addi	r21,r0,#0
  421  0000151c  afb50004	sw	4(r29),r21
  422  00001520  afb50008	sw	8(r29),r21
  423  00001524  afa2000c	sw	12(r29),r2
  424  00001528  afa90010	sw	16(r29),r9
  425  0000152c  afa30014	sw	20(r29),r3
  426  00001530  afb50018	sw	24(r29),r21
  427  00001534  0c0002d0	jal	_process_create
  428  00001538  54000000	nop; not filled.
  429  0000153c  23bd0020	addi	r29,r29,#32
  430  00001540  23bdffe0	addi	r29,r29,#-32
  431  00001544  3c150000	lhi	r21,((LC7_LF0)>>16)&0xffff
  432  00001548  26b53094	addui	r21,r21,(LC7_LF0)&0xffff
  433  0000154c  afb50000	sw	(r29),r21
  434  00001550  20150000	addi	r21,r0,#0
  435  00001554  afb50004	sw	4(r29),r21
  436  00001558  afb50008	sw	8(r29),r21
  437  0000155c  afa2000c	sw	12(r29),r2
  438  00001560  afab0010	sw	16(r29),r11
  439  00001564  afa40014	sw	20(r29),r4
  440  00001568  afb50018	sw	24(r29),r21
  441  0000156c  0c000298	jal	_process_create
  442  00001570  54000000	nop; not filled.
  443  00001574  23bd0020	addi	r29,r29,#32
  444  00001578  23bdffe0	addi	r29,r29,#-32
  445  0000157c  3c150000	lhi	r21,((LC8_LF0)>>16)&0xffff
  446  00001580  26b530a8	addui	r21,r21,(LC8_LF0)&0xffff
  447  00001584  afb50000	sw	(r29),r21
  448  00001588  20150000	addi	r21,r0,#0
  449  0000158c  afb50004	sw	4(r29),r21
  450  00001590  afb50008	sw	8(r29),r21
  451  00001594  afa2000c	sw	12(r29),r2
  452  00001598  afa30010	sw	16(r29),r3
  453  0000159c  afa60014	sw	20(r29),r6
  454  000015a0  afa70018	sw	24(r29),r7
  455  000015a4  afb5001c	sw	28(r29),r21
  456  000015a8  0c00025c	jal	_process_create
  457  000015ac  54000000	nop; not filled.
  458  000015b0  23bd0020	addi	r29,r29,#32
  459  000015b4  23bdffd8	addi	r29,r29,#-40
  460  000015b8  3c150000	lhi	r21,((LC9_LF0)>>16)&0xffff
  461  000015bc  26b530b8	addui	r21,r21,(LC9_LF0)&0xffff
  462  000015c0  afb50000	sw	(r29),r21
  463  000015c4  20150000	addi	r21,r0,#0
  464  000015c8  afb50004	sw	4(r29),r21
  465  000015cc  afb50008	sw	8(r29),r21
  466  000015d0  afa2000c	sw	12(r29),r2
  467  000015d4  afa40010	sw	16(r29),r4
  468  000015d8  afa50014	sw	20(r29),r5
  469  000015dc  afac0018	sw	24(r29),r12
  470  000015e0  afa8001c	sw	28(r29),r8
  471  000015e4  afb50020	sw	32(r29),r21
  472  000015e8  0c00021c	jal	_process_create
  473  000015ec  54000000	nop; not filled.
  474  000015f0  23bd0028	addi	r29,r29,#40
  475  000015f4  23bdffd8	addi	r29,r29,#-40
  476  000015f8  3c150000	lhi	r21,((LC10_LF0)>>16)&0xffff
  477  000015fc  26b530c8	addui	r21,r21,(LC10_LF0)&0xffff
  478  00001600  afb50000	sw	(r29),r21
  479  00001604  20150000	addi	r21,r0,#0
  480  00001608  afb50004	sw	4(r29),r21
  481  0000160c  afb50008	sw	8(r29),r21
  482  00001610  afa2000c	sw	12(r29),r2
  483  00001614  afa60010	sw	16(r29),r6
  484  00001618  afa50014	sw	20(r29),r5
  485  0000161c  afad0018	sw	24(r29),r13
  486  00001620  afaa001c	sw	28(r29),r10
  487  00001624  afb50020	sw	32(r29),r21
  488  00001628  0c0001dc	jal	_process_create
  489  0000162c  54000000	nop; not filled.
  490  00001630  23bd0028	addi	r29,r29,#40
  491  00001634  23bdfff8	addi	r29,r29,#-8
  492  00001638  afb10000	sw	(r29),r17
  493  0000163c  0c0001f8	jal	_sem_wait
  494  00001640  54000000	nop; not filled.
  495  00001644  23bd0008	addi	r29,r29,#8
  496  00001648  64210001	snei	r1,r1,#1
  497  0000164c  10200050	beqz	r1,L21_LF0
  498  00001650  54000000	nop; not filled.
  499  00001654  23bdfff8	addi	r29,r29,#-8
  500  00001658  3c150000	lhi	r21,((LC11_LF0)>>16)&0xffff
  501  0000165c  26b530d8	addui	r21,r21,(LC11_LF0)&0xffff
  502  00001660  afb50000	sw	(r29),r21
  503  00001664  afb10004	sw	4(r29),r17
  504  00001668  0c000184	jal	_Printf
  505  0000166c  54000000	nop; not filled.
  506  00001670  8def0000	lw	r15,(r15)
  507  00001674  afaf0000	sw	(r29),r15
  508  00001678  0c000174	jal	_Printf
  509  0000167c  54000000	nop; not filled.
  510  00001680  3c150000	lhi	r21,((LC3_LF0)>>16)&0xffff
  511  00001684  26b53054	addui	r21,r21,(LC3_LF0)&0xffff
  512  00001688  afb50000	sw	(r29),r21
  513  0000168c  0c000160	jal	_Printf
  514  00001690  54000000	nop; not filled.
  515  00001694  0c000260	jal	_Exit
  516  00001698  54000000	nop; not filled.
  517  0000169c  23bd0008	addi	r29,r29,#8
  518  000016a0          	L21_LF0:
  519  000016a0  23bdfff8	addi	r29,r29,#-8
  520  000016a4  3c150000	lhi	r21,((LC12_LF0)>>16)&0xffff
  521  000016a8  26b53104	addui	r21,r21,(LC12_LF0)&0xffff
  522  000016ac  afb50000	sw	(r29),r21
  523  000016b0  02920822	sub	r1,r20,r18
  524  000016b4  afa10004	sw	4(r29),r1
  525  000016b8  0c000134	jal	_Printf
  526  000016bc  54000000	nop; not filled.
  527  000016c0  3c150000	lhi	r21,((LC13_LF0)>>16)&0xffff
  528  000016c4  26b53118	addui	r21,r21,(LC13_LF0)&0xffff
  529  000016c8  afb50000	sw	(r29),r21
  530  000016cc  52410001	slli	r1,r18,#0x1
  531  000016d0  00330822	sub	r1,r1,r19
  532  000016d4  afa10004	sw	4(r29),r1
  533  000016d8  0c000114	jal	_Printf
  534  000016dc  54000000	nop; not filled.
  535  000016e0  3c150000	lhi	r21,((LC14_LF0)>>16)&0xffff
  536  000016e4  26b5312c	addui	r21,r21,(LC14_LF0)&0xffff
  537  000016e8  afb50000	sw	(r29),r21
  538  000016ec  52010002	slli	r1,r16,#0x2
  539  000016f0  01c10822	sub	r1,r14,r1
  540  000016f4  afa10004	sw	4(r29),r1
  541  000016f8  0c0000f4	jal	_Printf
  542  000016fc  54000000	nop; not filled.
  543  00001700  3c150000	lhi	r21,((LC15_LF0)>>16)&0xffff
  544  00001704  26b53140	addui	r21,r21,(LC15_LF0)&0xffff
  545  00001708  afb50000	sw	(r29),r21
  546  0000170c  02130822	sub	r1,r16,r19
  547  00001710  50210001	slli	r1,r1,#0x1
  548  00001714  afa10004	sw	4(r29),r1
  549  00001718  0c0000d4	jal	_Printf
  550  0000171c  54000000	nop; not filled.
  551  00001720  3c150000	lhi	r21,((LC16_LF0)>>16)&0xffff
  552  00001724  26b53154	addui	r21,r21,(LC16_LF0)&0xffff
  553  00001728  afb50000	sw	(r29),r21
  554  0000172c  52010001	slli	r1,r16,#0x1
  555  00001730  afa10004	sw	4(r29),r1
  556  00001734  0c0000b8	jal	_Printf
  557  00001738  54000000	nop; not filled.
  558  0000173c  3c150000	lhi	r21,((LC17_LF0)>>16)&0xffff
  559  00001740  26b53168	addui	r21,r21,(LC17_LF0)&0xffff
  560  00001744  afb50000	sw	(r29),r21
  561  00001748  afb30004	sw	4(r29),r19
  562  0000174c  0c0000a0	jal	_Printf
  563  00001750  54000000	nop; not filled.
  564  00001754  20010000	addi	r1,r0,#0
  565  00001758  23bd0008	addi	r29,r29,#8
  566  0000175c  0c000f34	jal	_exit
  567  00001760  54000000	nop
  568  00001764          	.endproc _main
  569  00001764          	.align 2
  570  00001764          	.proc _min2
  571  00001764          	.global _min2
  572  00001764          	_min2:
  573                      ;  Function 'min2'; 0 bytes of locals, 1 regs to save.
  574  00001764  afbefffc	sw	-4(r29),r30; push fp
  575  00001768  001df020	add	r30,r0,r29; fp = sp
  576  0000176c  afbffff8	sw	-8(r29),r31; push ret addr
  577  00001770  2fbd0010	subui	r29,r29,#16; alloc local storage
  578  00001774  afa20000	sw	0(r29),r2
  579  00001778  8fc10000	lw	r1,(r30)
  580  0000177c  8fdf0004	lw	r31,4(r30)
  581  00001780  003f102a	slt	r2,r1,r31
  582  00001784  14400008	bnez	r2,L25_LF0
  583  00001788  54000000	nop; not filled.
  584  0000178c  001f0820	add	r1,r0,r31
  585  00001790          	L25_LF0:
  586  00001790  8fa20000	lw	r2,0(r29)
  587  00001794  8fdffff8	lw	r31,-8(r30)
  588  00001798  001ee820	add	r29,r0,r30
  589  0000179c  8fdefffc	lw	r30,-4(r30)
  590  000017a0  4be00000	jr	r31
  591  000017a4  54000000	nop
  592  000017a8          	.endproc _min2
  593                      ;;;
  594                      ;;; Stub functions for DLX traps.
  595                      ;;;
  596                      ;;; Ethan L. Miller, 1999.  Released to the public domain.
  597                      ;;;
  598                      ;;; The traps such as Open and Close
  599                      ;;; (note the capital letters) are for use by user programs.  The traps
  600                      ;;; with names such as open and close (lower case) are for use by the OS.
  601                      ;;;
  604  000017a8          	.align 2
  606                      ;;; The following are the traps to be used by user-level programs
  607                      ;;;
  609  000017a8          	.align 2
  610  000017a8          	.proc _Open
  611  000017a8          	.global _Open
  612  000017a8          	_Open:
  613                      ;;; Note that trap #0x213 actually causes a trap vector in the OS of
  614                      ;;; 0x1213.  The same is true for other user traps.  Thus, a user trap
  615                      ;;; with trap #0x240 will result in a trap vector of 0x1240 in the OS.
  616  000017a8  44000213	trap	#0x213
  617  000017ac  4be00000	jr	r31
  618  000017b0  54000000	nop
  619  000017b4          	.endproc _Open
  621  000017b4          	.proc _Close
  622  000017b4          	.global _Close
  623  000017b4          	_Close:
  624  000017b4  44000214	trap	#0x214
  625  000017b8  4be00000	jr	r31
  626  000017bc  54000000	nop
  627  000017c0          	.endproc _Close
  629  000017c0          	.proc _Read
  630  000017c0          	.global _Read
  631  000017c0          	_Read:
  632  000017c0  44000210	trap	#0x210
  633  000017c4  4be00000	jr	r31
  634  000017c8  54000000	nop
  635  000017cc          	.endproc _Read
  637  000017cc          	.proc _Write
  638  000017cc          	.global _Write
  639  000017cc          	_Write:
  640  000017cc  44000211	trap	#0x211
  641  000017d0  4be00000	jr	r31
  642  000017d4  54000000	nop
  643  000017d8          	.endproc _Write
  645  000017d8          	.proc _Lseek
  646  000017d8          	.global _Lseek
  647  000017d8          	_Lseek:
  648  000017d8  44000212	trap	#0x212
  649  000017dc  4be00000	jr	r31
  650  000017e0  54000000	nop
  651  000017e4          	.endproc _Lseek
  653  000017e4          	.proc _Putchar
  654  000017e4          	.global _Putchar
  655  000017e4          	_Putchar:
  656  000017e4  44000280	trap	#0x280
  657  000017e8  4be00000	jr	r31
  658  000017ec  54000000	nop
  659  000017f0          	.endproc _Putchar
  661  000017f0          	.proc _Printf
  662  000017f0          	.global _Printf
  663  000017f0          	_Printf:
  664  000017f0  44000201	trap	#0x201
  665  000017f4  4be00000	jr	r31
  666  000017f8  54000000	nop
  667  000017fc          	.endproc _Printf
  669  000017fc          	.proc _getpid
  670  000017fc          	.global _getpid
  671  000017fc          	_getpid:
  672  000017fc  44000431	trap	#0x431
  673  00001800  4be00000	jr	r31
  674  00001804  54000000	nop
  675  00001808          	.endproc _getpid
  677  00001808          	.proc _process_create
  678  00001808          	.global _process_create
  679  00001808          	_process_create:
  680  00001808  44000432	trap	#0x432
  681  0000180c  4be00000	jr	r31
  682  00001810  54000000	nop
  683  00001814          	.endproc _process_create
  685  00001814          	.proc _shmget
  686  00001814          	.global _shmget
  687  00001814          	_shmget:
  688  00001814  44000440	trap	#0x440
  689  00001818  4be00000	jr	r31
  690  0000181c  54000000	nop
  691  00001820          	.endproc _shmget
  693  00001820          	.proc _shmat
  694  00001820          	.global _shmat
  695  00001820          	_shmat:
  696  00001820  44000441	trap	#0x441
  697  00001824  4be00000	jr	r31
  698  00001828  54000000	nop
  699  0000182c          	.endproc _shmat
  701  0000182c          	.proc _sem_create
  702  0000182c          	.global _sem_create
  703  0000182c          	_sem_create:
  704  0000182c  44000450	trap	#0x450
  705  00001830  4be00000	jr	r31
  706  00001834  54000000	nop
  707  00001838          	.endproc _sem_create
  709  00001838          	.proc _sem_wait
  710  00001838          	.global _sem_wait
  711  00001838          	_sem_wait:
  712  00001838  44000451	trap	#0x451
  713  0000183c  4be00000	jr	r31
  714  00001840  54000000	nop
  715  00001844          	.endproc _sem_wait
  717  00001844          	.proc _sem_signal
  718  00001844          	.global _sem_signal
  719  00001844          	_sem_signal:
  720  00001844  44000452	trap	#0x452
  721  00001848  4be00000	jr	r31
  722  0000184c  54000000	nop
  723  00001850          	.endproc _sem_signal
  725  00001850          	.proc _lock_create
  726  00001850          	.global _lock_create
  727  00001850          	_lock_create:
  728  00001850  44000453	trap	#0x453
  729  00001854  4be00000	jr	r31
  730  00001858  54000000	nop
  731  0000185c          	.endproc _lock_create
  733  0000185c          	.proc _lock_acquire
  734  0000185c          	.global _lock_acquire
  735  0000185c          	_lock_acquire:
  736  0000185c  44000454	trap	#0x454
  737  00001860  4be00000	jr	r31
  738  00001864  54000000	nop
  739  00001868          	.endproc _lock_acquire
  741  00001868          	.proc _lock_release
  742  00001868          	.global _lock_release
  743  00001868          	_lock_release:
  744  00001868  44000455	trap	#0x455
  745  0000186c  4be00000	jr	r31
  746  00001870  54000000	nop
  747  00001874          	.endproc _lock_release
  749  00001874          	.proc _cond_create
  750  00001874          	.global _cond_create
  751  00001874          	_cond_create:
  752  00001874  44000456	trap	#0x456
  753  00001878  4be00000	jr	r31
  754  0000187c  54000000	nop
  755  00001880          	.endproc _cond_create
  757  00001880          	.proc _cond_wait
  758  00001880          	.global _cond_wait
  759  00001880          	_cond_wait:
  760  00001880  44000457	trap	#0x457
  761  00001884  4be00000	jr	r31
  762  00001888  54000000	nop
  763  0000188c          	.endproc _cond_wait
  765  0000188c          	.proc _cond_signal
  766  0000188c          	.global _cond_signal
  767  0000188c          	_cond_signal:
  768  0000188c  44000458	trap	#0x458
  769  00001890  4be00000	jr	r31
  770  00001894  54000000	nop
  771  00001898          	.endproc _cond_signal
  773  00001898          	.proc _cond_broadcast
  774  00001898          	.global _cond_broadcast
  775  00001898          	_cond_broadcast:
  776  00001898  44000459	trap	#0x459
  777  0000189c  4be00000	jr	r31
  778  000018a0  54000000	nop
  779  000018a4          	.endproc _cond_broadcast
  781  000018a4          	.proc _mbox_create
  782  000018a4          	.global _mbox_create
  783  000018a4          	_mbox_create:
  784  000018a4  44000460	trap	#0x460
  785  000018a8  4be00000	jr	r31
  786  000018ac  54000000	nop
  787  000018b0          	.endproc _mbox_create
  789  000018b0          	.proc _mbox_open
  790  000018b0          	.global _mbox_open
  791  000018b0          	_mbox_open:
  792  000018b0  44000461	trap	#0x461
  793  000018b4  4be00000	jr	r31
  794  000018b8  54000000	nop
  795  000018bc          	.endproc _mbox_open
  797  000018bc          	.proc _mbox_close
  798  000018bc          	.global _mbox_close
  799  000018bc          	_mbox_close:
  800  000018bc  44000462	trap	#0x462
  801  000018c0  4be00000	jr	r31
  802  000018c4  54000000	nop
  803  000018c8          	.endproc _mbox_close
  805  000018c8          	.proc _mbox_send
  806  000018c8          	.global _mbox_send
  807  000018c8          	_mbox_send:
  808  000018c8  44000463	trap	#0x463
  809  000018cc  4be00000	jr	r31
  810  000018d0  54000000	nop
  811  000018d4          	.endproc _mbox_send
  813  000018d4          	.proc _mbox_recv
  814  000018d4          	.global _mbox_recv
  815  000018d4          	_mbox_recv:
  816  000018d4  44000464	trap	#0x464
  817  000018d8  4be00000	jr	r31
  818  000018dc  54000000	nop
  819  000018e0          	.endproc _mbox_recv
  821  000018e0          	.proc _sleep
  822  000018e0          	.global _sleep
  823  000018e0          	_sleep:
  824  000018e0  44000465	trap	#0x465
  825  000018e4  4be00000	jr	r31
  826  000018e8  54000000	nop
  827  000018ec          	.endproc _sleep
  829  000018ec          	.proc _yield
  830  000018ec          	.global _yield
  831  000018ec          	_yield:
  832  000018ec  44000466	trap	#0x466
  833  000018f0  4be00000	jr	r31
  834  000018f4  54000000	nop
  835  000018f8          	.endproc _yield
  838  000018f8          	.proc _Exit
  839  000018f8          	.global _Exit
  840  000018f8          	_Exit:
  841  000018f8  44000500	trap	#0x500
  842  000018fc  4be00000	jr	r31
  843  00001900  54000000	nop
  844  00001904          	.endproc _Exit
  845                      ; Compiled by GCC
  847  00001904          	.align 2
  848  00001904          	.proc _isspace
  849  00001904          	.global _isspace
  850  00001904          	_isspace:
  851                      ;  Function 'isspace'; 0 bytes of locals, 3 regs to save.
  852  00001904  afbefffc	sw	-4(r29),r30; push fp
  853  00001908  001df020	add	r30,r0,r29; fp = sp
  854  0000190c  afbffff8	sw	-8(r29),r31; push ret addr
  855  00001910  2fbd0018	subui	r29,r29,#24; alloc local storage
  856  00001914  afa20000	sw	0(r29),r2
  857  00001918  afa30004	sw	4(r29),r3
  858  0000191c  afa40008	sw	8(r29),r4
  859  00001920  83c20003	lb	r2,3(r30)
  860  00001924  20010000	addi	r1,r0,#0
  861  00001928  304300ff	andi	r3,r2,#0x00ff
  862  0000192c  60640020	seqi	r4,r3,#32
  863  00001930  1480002c	bnez	r4,L3_LF2
  864  00001934  54000000	nop; delay slot nop
  865  00001938  304300ff	andi	r3,r2,#0x00ff
  866  0000193c  60640009	seqi	r4,r3,#9
  867  00001940  1480001c	bnez	r4,L3_LF2
  868  00001944  54000000	nop; delay slot nop
  869  00001948  304300ff	andi	r3,r2,#0x00ff
  870  0000194c  6064000a	seqi	r4,r3,#10
  871  00001950  1480000c	bnez	r4,L3_LF2
  872  00001954  54000000	nop; delay slot nop
  873  00001958  08000008	j	L2_LF2
  874  0000195c  54000000	nop; delay slot nop
  875  00001960          	L3_LF2:
  876  00001960  20010001	addi	r1,r0,#1
  877  00001964          	L2_LF2:
  878  00001964  08000004	j	L1_LF2
  879  00001968  54000000	nop; delay slot nop
  880  0000196c          	L1_LF2:
  881  0000196c  8fa20000	lw	r2,0(r29)
  882  00001970  8fa30004	lw	r3,4(r29)
  883  00001974  8fa40008	lw	r4,8(r29)
  884  00001978  8fdffff8	lw	r31,-8(r30)
  885  0000197c  001ee820	add	r29,r0,r30
  886  00001980  8fdefffc	lw	r30,-4(r30)
  887  00001984  4be00000	jr	r31
  888  00001988  54000000	nop
  889  0000198c          	.endproc _isspace
  890  0000198c          	.align 2
  891  0000198c          	.proc _isxdigit
  892  0000198c          	.global _isxdigit
  893  0000198c          	_isxdigit:
  894                      ;  Function 'isxdigit'; 0 bytes of locals, 3 regs to save.
  895  0000198c  afbefffc	sw	-4(r29),r30; push fp
  896  00001990  001df020	add	r30,r0,r29; fp = sp
  897  00001994  afbffff8	sw	-8(r29),r31; push ret addr
  898  00001998  2fbd0018	subui	r29,r29,#24; alloc local storage
  899  0000199c  afa20000	sw	0(r29),r2
  900  000019a0  afa30004	sw	4(r29),r3
  901  000019a4  afa40008	sw	8(r29),r4
  902  000019a8  83c20003	lb	r2,3(r30)
  903  000019ac  20010000	addi	r1,r0,#0
  904  000019b0  304300ff	andi	r3,r2,#0x00ff
  905  000019b4  6c64002f	sgtui	r4,r3,#47
  906  000019b8  1080001c	beqz	r4,L7_LF2
  907  000019bc  54000000	nop; delay slot nop
  908  000019c0  304300ff	andi	r3,r2,#0x00ff
  909  000019c4  70640039	sleui	r4,r3,#57
  910  000019c8  1480005c	bnez	r4,L6_LF2
  911  000019cc  54000000	nop; delay slot nop
  912  000019d0  08000004	j	L7_LF2
  913  000019d4  54000000	nop; delay slot nop
  914  000019d8          	L7_LF2:
  915  000019d8  304300ff	andi	r3,r2,#0x00ff
  916  000019dc  6c640060	sgtui	r4,r3,#96
  917  000019e0  1080001c	beqz	r4,L8_LF2
  918  000019e4  54000000	nop; delay slot nop
  919  000019e8  304300ff	andi	r3,r2,#0x00ff
  920  000019ec  70640066	sleui	r4,r3,#102
  921  000019f0  14800034	bnez	r4,L6_LF2
  922  000019f4  54000000	nop; delay slot nop
  923  000019f8  08000004	j	L8_LF2
  924  000019fc  54000000	nop; delay slot nop
  925  00001a00          	L8_LF2:
  926  00001a00  304300ff	andi	r3,r2,#0x00ff
  927  00001a04  6c640040	sgtui	r4,r3,#64
  928  00001a08  10800020	beqz	r4,L5_LF2
  929  00001a0c  54000000	nop; delay slot nop
  930  00001a10  304300ff	andi	r3,r2,#0x00ff
  931  00001a14  70640041	sleui	r4,r3,#65
  932  00001a18  1480000c	bnez	r4,L6_LF2
  933  00001a1c  54000000	nop; delay slot nop
  934  00001a20  08000008	j	L5_LF2
  935  00001a24  54000000	nop; delay slot nop
  936  00001a28          	L6_LF2:
  937  00001a28  20010001	addi	r1,r0,#1
  938  00001a2c          	L5_LF2:
  939  00001a2c  08000004	j	L4_LF2
  940  00001a30  54000000	nop; delay slot nop
  941  00001a34          	L4_LF2:
  942  00001a34  8fa20000	lw	r2,0(r29)
  943  00001a38  8fa30004	lw	r3,4(r29)
  944  00001a3c  8fa40008	lw	r4,8(r29)
  945  00001a40  8fdffff8	lw	r31,-8(r30)
  946  00001a44  001ee820	add	r29,r0,r30
  947  00001a48  8fdefffc	lw	r30,-4(r30)
  948  00001a4c  4be00000	jr	r31
  949  00001a50  54000000	nop
  950  00001a54          	.endproc _isxdigit
  951  00001a54          	.align 2
  952  00001a54          	.proc _dstrcpy
  953  00001a54          	.global _dstrcpy
  954  00001a54          	_dstrcpy:
  955                      ;  Function 'dstrcpy'; 8 bytes of locals, 2 regs to save.
  956  00001a54  afbefffc	sw	-4(r29),r30; push fp
  957  00001a58  001df020	add	r30,r0,r29; fp = sp
  958  00001a5c  afbffff8	sw	-8(r29),r31; push ret addr
  959  00001a60  2fbd0018	subui	r29,r29,#24; alloc local storage
  960  00001a64  afa20000	sw	0(r29),r2
  961  00001a68  afa30004	sw	4(r29),r3
  962  00001a6c  8fc10000	lw	r1,(r30)
  963  00001a70  afc1fff4	sw	-12(r30),r1
  964  00001a74          	L10_LF2:
  965  00001a74  8fc10000	lw	r1,(r30)
  966  00001a78  20220001	addi	r2,r1,#1
  967  00001a7c  afc20000	sw	(r30),r2
  968  00001a80  8fc20004	lw	r2,4(r30)
  969  00001a84  20430001	addi	r3,r2,#1
  970  00001a88  afc30004	sw	4(r30),r3
  971  00001a8c  80420000	lb	r2,(r2)
  972  00001a90  a0220000	sb	(r1),r2
  973  00001a94  a3c2fff3	sb	-13(r30),r2
  974  00001a98          	L12_LF2:
  975  00001a98  93c1fff3	lbu	r1,-13(r30)
  976  00001a9c  64220000	snei	r2,r1,#0
  977  00001aa0  1440000c	bnez	r2,L13_LF2
  978  00001aa4  54000000	nop; delay slot nop
  979  00001aa8  0800000c	j	L11_LF2
  980  00001aac  54000000	nop; delay slot nop
  981  00001ab0          	L13_LF2:
  982  00001ab0  0bffffc0	j	L10_LF2
  983  00001ab4  54000000	nop; delay slot nop
  984  00001ab8          	L11_LF2:
  985  00001ab8  8fc1fff4	lw	r1,-12(r30)
  986  00001abc  08000004	j	L9_LF2
  987  00001ac0  54000000	nop; delay slot nop
  988  00001ac4          	L9_LF2:
  989  00001ac4  8fa20000	lw	r2,0(r29)
  990  00001ac8  8fa30004	lw	r3,4(r29)
  991  00001acc  8fdffff8	lw	r31,-8(r30)
  992  00001ad0  001ee820	add	r29,r0,r30
  993  00001ad4  8fdefffc	lw	r30,-4(r30)
  994  00001ad8  4be00000	jr	r31
  995  00001adc  54000000	nop
  996  00001ae0          	.endproc _dstrcpy
  997  00001ae0          	.align 2
  998  00001ae0          	.proc _dstrncpy
  999  00001ae0          	.global _dstrncpy
 1000  00001ae0          	_dstrncpy:
 1001                      ;  Function 'dstrncpy'; 8 bytes of locals, 2 regs to save.
 1002  00001ae0  afbefffc	sw	-4(r29),r30; push fp
 1003  00001ae4  001df020	add	r30,r0,r29; fp = sp
 1004  00001ae8  afbffff8	sw	-8(r29),r31; push ret addr
 1005  00001aec  2fbd0018	subui	r29,r29,#24; alloc local storage
 1006  00001af0  afa20000	sw	0(r29),r2
 1007  00001af4  afa30004	sw	4(r29),r3
 1008  00001af8  8fc10000	lw	r1,(r30)
 1009  00001afc  afc1fff4	sw	-12(r30),r1
 1010  00001b00          	L15_LF2:
 1011  00001b00  8fc10008	lw	r1,8(r30)
 1012  00001b04  2022ffff	addi	r2,r1,#-1
 1013  00001b08  afc20008	sw	8(r30),r2
 1014  00001b0c  70210000	slei	r1,r1,#0
 1015  00001b10  1020000c	beqz	r1,L18_LF2
 1016  00001b14  54000000	nop; delay slot nop
 1017  00001b18  08000048	j	L16_LF2
 1018  00001b1c  54000000	nop; delay slot nop
 1019  00001b20          	L18_LF2:
 1020  00001b20  8fc10000	lw	r1,(r30)
 1021  00001b24  20220001	addi	r2,r1,#1
 1022  00001b28  afc20000	sw	(r30),r2
 1023  00001b2c  8fc20004	lw	r2,4(r30)
 1024  00001b30  20430001	addi	r3,r2,#1
 1025  00001b34  afc30004	sw	4(r30),r3
 1026  00001b38  80420000	lb	r2,(r2)
 1027  00001b3c  a0220000	sb	(r1),r2
 1028  00001b40  a3c2fff3	sb	-13(r30),r2
 1029  00001b44          	L17_LF2:
 1030  00001b44  93c1fff3	lbu	r1,-13(r30)
 1031  00001b48  64220000	snei	r2,r1,#0
 1032  00001b4c  1440000c	bnez	r2,L19_LF2
 1033  00001b50  54000000	nop; delay slot nop
 1034  00001b54  0800000c	j	L16_LF2
 1035  00001b58  54000000	nop; delay slot nop
 1036  00001b5c          	L19_LF2:
 1037  00001b5c  0bffffa0	j	L15_LF2
 1038  00001b60  54000000	nop; delay slot nop
 1039  00001b64          	L16_LF2:
 1040  00001b64  8fc1fff4	lw	r1,-12(r30)
 1041  00001b68  08000004	j	L14_LF2
 1042  00001b6c  54000000	nop; delay slot nop
 1043  00001b70          	L14_LF2:
 1044  00001b70  8fa20000	lw	r2,0(r29)
 1045  00001b74  8fa30004	lw	r3,4(r29)
 1046  00001b78  8fdffff8	lw	r31,-8(r30)
 1047  00001b7c  001ee820	add	r29,r0,r30
 1048  00001b80  8fdefffc	lw	r30,-4(r30)
 1049  00001b84  4be00000	jr	r31
 1050  00001b88  54000000	nop
 1051  00001b8c          	.endproc _dstrncpy
 1052  00001b8c          	.align 2
 1053  00001b8c          	.proc _dstrcat
 1054  00001b8c          	.global _dstrcat
 1055  00001b8c          	_dstrcat:
 1056                      ;  Function 'dstrcat'; 8 bytes of locals, 1 regs to save.
 1057  00001b8c  afbefffc	sw	-4(r29),r30; push fp
 1058  00001b90  001df020	add	r30,r0,r29; fp = sp
 1059  00001b94  afbffff8	sw	-8(r29),r31; push ret addr
 1060  00001b98  2fbd0018	subui	r29,r29,#24; alloc local storage
 1061  00001b9c  afa20000	sw	0(r29),r2
 1062  00001ba0  8fc10000	lw	r1,(r30)
 1063  00001ba4  afc1fff4	sw	-12(r30),r1
 1064  00001ba8          	L21_LF2:
 1065  00001ba8  8fc10000	lw	r1,(r30)
 1066  00001bac  90220000	lbu	r2,(r1)
 1067  00001bb0  64410000	snei	r1,r2,#0
 1068  00001bb4  1420000c	bnez	r1,L23_LF2
 1069  00001bb8  54000000	nop; delay slot nop
 1070  00001bbc  0800001c	j	L22_LF2
 1071  00001bc0  54000000	nop; delay slot nop
 1072  00001bc4          	L23_LF2:
 1073  00001bc4  8fc20000	lw	r2,(r30)
 1074  00001bc8  20410001	addi	r1,r2,#1
 1075  00001bcc  00011020	add	r2,r0,r1
 1076  00001bd0  afc20000	sw	(r30),r2
 1077  00001bd4  0bffffd0	j	L21_LF2
 1078  00001bd8  54000000	nop; delay slot nop
 1079  00001bdc          	L22_LF2:
 1080  00001bdc  23bdfff8	addi	r29,r29,#-8
 1081  00001be0  001d0820	add	r1,r0,r29
 1082  00001be4  8fc20000	lw	r2,(r30)
 1083  00001be8  ac220000	sw	(r1),r2
 1084  00001bec  8fc20004	lw	r2,4(r30)
 1085  00001bf0  ac220004	sw	4(r1),r2
 1086  00001bf4  0ffffe5c	jal	_dstrcpy
 1087  00001bf8  54000000	nop; delay slot nop
 1088  00001bfc  23bd0008	addi	r29,r29,#8
 1089  00001c00  8fc1fff4	lw	r1,-12(r30)
 1090  00001c04  08000004	j	L20_LF2
 1091  00001c08  54000000	nop; delay slot nop
 1092  00001c0c          	L20_LF2:
 1093  00001c0c  8fa20000	lw	r2,0(r29)
 1094  00001c10  8fdffff8	lw	r31,-8(r30)
 1095  00001c14  001ee820	add	r29,r0,r30
 1096  00001c18  8fdefffc	lw	r30,-4(r30)
 1097  00001c1c  4be00000	jr	r31
 1098  00001c20  54000000	nop
 1099  00001c24          	.endproc _dstrcat
 1100  00001c24          	.align 2
 1101  00001c24          	.proc _dstrncmp
 1102  00001c24          	.global _dstrncmp
 1103  00001c24          	_dstrncmp:
 1104                      ;  Function 'dstrncmp'; 8 bytes of locals, 2 regs to save.
 1105  00001c24  afbefffc	sw	-4(r29),r30; push fp
 1106  00001c28  001df020	add	r30,r0,r29; fp = sp
 1107  00001c2c  afbffff8	sw	-8(r29),r31; push ret addr
 1108  00001c30  2fbd0018	subui	r29,r29,#24; alloc local storage
 1109  00001c34  afa20000	sw	0(r29),r2
 1110  00001c38  afa30004	sw	4(r29),r3
 1111  00001c3c  54000000	nop
 1112  00001c40  20010000	addi	r1,r0,#0
 1113  00001c44  afc1fff4	sw	-12(r30),r1
 1114  00001c48          	L25_LF2:
 1115  00001c48  8fc1fff4	lw	r1,-12(r30)
 1116  00001c4c  8fc20008	lw	r2,8(r30)
 1117  00001c50  0022082a	slt	r1,r1,r2
 1118  00001c54  1420000c	bnez	r1,L28_LF2
 1119  00001c58  54000000	nop; delay slot nop
 1120  00001c5c  08000088	j	L26_LF2
 1121  00001c60  54000000	nop; delay slot nop
 1122  00001c64          	L28_LF2:
 1123  00001c64  8fc10004	lw	r1,4(r30)
 1124  00001c68  90220000	lbu	r2,(r1)
 1125  00001c6c  64410000	snei	r1,r2,#0
 1126  00001c70  14200018	bnez	r1,L29_LF2
 1127  00001c74  54000000	nop; delay slot nop
 1128  00001c78  20010000	addi	r1,r0,#0
 1129  00001c7c  080000d8	j	L24_LF2
 1130  00001c80  54000000	nop; delay slot nop
 1131  00001c84  08000028	j	L30_LF2
 1132  00001c88  54000000	nop; delay slot nop
 1133  00001c8c          	L29_LF2:
 1134  00001c8c  8fc10000	lw	r1,(r30)
 1135  00001c90  8fc20004	lw	r2,4(r30)
 1136  00001c94  90210000	lbu	r1,(r1)
 1137  00001c98  90420000	lbu	r2,(r2)
 1138  00001c9c  00220829	sne	r1,r1,r2
 1139  00001ca0  1020000c	beqz	r1,L30_LF2
 1140  00001ca4  54000000	nop; delay slot nop
 1141  00001ca8  0800003c	j	L26_LF2
 1142  00001cac  54000000	nop; delay slot nop
 1143  00001cb0          	L31_LF2:
 1144  00001cb0          	L30_LF2:
 1145  00001cb0  8fc20000	lw	r2,(r30)
 1146  00001cb4  20410001	addi	r1,r2,#1
 1147  00001cb8  00011020	add	r2,r0,r1
 1148  00001cbc  afc20000	sw	(r30),r2
 1149  00001cc0  8fc20004	lw	r2,4(r30)
 1150  00001cc4  20410001	addi	r1,r2,#1
 1151  00001cc8  00011020	add	r2,r0,r1
 1152  00001ccc  afc20004	sw	4(r30),r2
 1153  00001cd0          	L27_LF2:
 1154  00001cd0  8fc2fff4	lw	r2,-12(r30)
 1155  00001cd4  20410001	addi	r1,r2,#1
 1156  00001cd8  00011020	add	r2,r0,r1
 1157  00001cdc  afc2fff4	sw	-12(r30),r2
 1158  00001ce0  0bffff64	j	L25_LF2
 1159  00001ce4  54000000	nop; delay slot nop
 1160  00001ce8          	L26_LF2:
 1161  00001ce8  8fc1fff4	lw	r1,-12(r30)
 1162  00001cec  8fc20008	lw	r2,8(r30)
 1163  00001cf0  00220828	seq	r1,r1,r2
 1164  00001cf4  10200018	beqz	r1,L32_LF2
 1165  00001cf8  54000000	nop; delay slot nop
 1166  00001cfc  20010000	addi	r1,r0,#0
 1167  00001d00  08000054	j	L24_LF2
 1168  00001d04  54000000	nop; delay slot nop
 1169  00001d08  0800004c	j	L33_LF2
 1170  00001d0c  54000000	nop; delay slot nop
 1171  00001d10          	L32_LF2:
 1172  00001d10  8fc20000	lw	r2,(r30)
 1173  00001d14  90410000	lbu	r1,(r2)
 1174  00001d18  8fc20004	lw	r2,4(r30)
 1175  00001d1c  90430000	lbu	r3,(r2)
 1176  00001d20  00230822	sub	r1,r1,r3
 1177  00001d24  74220000	sgei	r2,r1,#0
 1178  00001d28  10400020	beqz	r2,L34_LF2
 1179  00001d2c  54000000	nop; delay slot nop
 1180  00001d30  8fc10000	lw	r1,(r30)
 1181  00001d34  8fc20004	lw	r2,4(r30)
 1182  00001d38  90210000	lbu	r1,(r1)
 1183  00001d3c  90420000	lbu	r2,(r2)
 1184  00001d40  00220829	sne	r1,r1,r2
 1185  00001d44  08000008	j	L35_LF2
 1186  00001d48  54000000	nop; delay slot nop
 1187  00001d4c          	L34_LF2:
 1188  00001d4c  2001ffff	addi	r1,r0,#-1
 1189  00001d50          	L35_LF2:
 1190  00001d50  08000004	j	L24_LF2
 1191  00001d54  54000000	nop; delay slot nop
 1192  00001d58          	L33_LF2:
 1193  00001d58          	L24_LF2:
 1194  00001d58  8fa20000	lw	r2,0(r29)
 1195  00001d5c  8fa30004	lw	r3,4(r29)
 1196  00001d60  8fdffff8	lw	r31,-8(r30)
 1197  00001d64  001ee820	add	r29,r0,r30
 1198  00001d68  8fdefffc	lw	r30,-4(r30)
 1199  00001d6c  4be00000	jr	r31
 1200  00001d70  54000000	nop
 1201  00001d74          	.endproc _dstrncmp
 1202  00001d74          	.align 2
 1203  00001d74          	.proc _dstrlen
 1204  00001d74          	.global _dstrlen
 1205  00001d74          	_dstrlen:
 1206                      ;  Function 'dstrlen'; 8 bytes of locals, 1 regs to save.
 1207  00001d74  afbefffc	sw	-4(r29),r30; push fp
 1208  00001d78  001df020	add	r30,r0,r29; fp = sp
 1209  00001d7c  afbffff8	sw	-8(r29),r31; push ret addr
 1210  00001d80  2fbd0018	subui	r29,r29,#24; alloc local storage
 1211  00001d84  afa20000	sw	0(r29),r2
 1212  00001d88  20010000	addi	r1,r0,#0
 1213  00001d8c  afc1fff4	sw	-12(r30),r1
 1214  00001d90          	L37_LF2:
 1215  00001d90  8fc10000	lw	r1,(r30)
 1216  00001d94  20220001	addi	r2,r1,#1
 1217  00001d98  afc20000	sw	(r30),r2
 1218  00001d9c  90210000	lbu	r1,(r1)
 1219  00001da0  64220000	snei	r2,r1,#0
 1220  00001da4  1440000c	bnez	r2,L39_LF2
 1221  00001da8  54000000	nop; delay slot nop
 1222  00001dac  0800001c	j	L38_LF2
 1223  00001db0  54000000	nop; delay slot nop
 1224  00001db4          	L39_LF2:
 1225  00001db4  8fc2fff4	lw	r2,-12(r30)
 1226  00001db8  20410001	addi	r1,r2,#1
 1227  00001dbc  00011020	add	r2,r0,r1
 1228  00001dc0  afc2fff4	sw	-12(r30),r2
 1229  00001dc4  0bffffc8	j	L37_LF2
 1230  00001dc8  54000000	nop; delay slot nop
 1231  00001dcc          	L38_LF2:
 1232  00001dcc  8fc1fff4	lw	r1,-12(r30)
 1233  00001dd0  08000004	j	L36_LF2
 1234  00001dd4  54000000	nop; delay slot nop
 1235  00001dd8          	L36_LF2:
 1236  00001dd8  8fa20000	lw	r2,0(r29)
 1237  00001ddc  8fdffff8	lw	r31,-8(r30)
 1238  00001de0  001ee820	add	r29,r0,r30
 1239  00001de4  8fdefffc	lw	r30,-4(r30)
 1240  00001de8  4be00000	jr	r31
 1241  00001dec  54000000	nop
 1242  00001df0          	.endproc _dstrlen
 1243  00001df0          	.align 2
 1244  00001df0          	.proc _dstrstr
 1245  00001df0          	.global _dstrstr
 1246  00001df0          	_dstrstr:
 1247                      ;  Function 'dstrstr'; 8 bytes of locals, 1 regs to save.
 1248  00001df0  afbefffc	sw	-4(r29),r30; push fp
 1249  00001df4  001df020	add	r30,r0,r29; fp = sp
 1250  00001df8  afbffff8	sw	-8(r29),r31; push ret addr
 1251  00001dfc  2fbd0018	subui	r29,r29,#24; alloc local storage
 1252  00001e00  afa20000	sw	0(r29),r2
 1253  00001e04  23bdfff8	addi	r29,r29,#-8
 1254  00001e08  001d0820	add	r1,r0,r29
 1255  00001e0c  8fc20004	lw	r2,4(r30)
 1256  00001e10  ac220000	sw	(r1),r2
 1257  00001e14  0fffff5c	jal	_dstrlen
 1258  00001e18  54000000	nop; delay slot nop
 1259  00001e1c  23bd0008	addi	r29,r29,#8
 1260  00001e20  afc1fff4	sw	-12(r30),r1
 1261  00001e24          	L41_LF2:
 1262  00001e24  8fc10000	lw	r1,(r30)
 1263  00001e28  90220000	lbu	r2,(r1)
 1264  00001e2c  64410000	snei	r1,r2,#0
 1265  00001e30  1420000c	bnez	r1,L43_LF2
 1266  00001e34  54000000	nop; delay slot nop
 1267  00001e38  08000060	j	L42_LF2
 1268  00001e3c  54000000	nop; delay slot nop
 1269  00001e40          	L43_LF2:
 1270  00001e40  23bdfff0	addi	r29,r29,#-16
 1271  00001e44  001d0820	add	r1,r0,r29
 1272  00001e48  8fc20000	lw	r2,(r30)
 1273  00001e4c  ac220000	sw	(r1),r2
 1274  00001e50  8fc20004	lw	r2,4(r30)
 1275  00001e54  ac220004	sw	4(r1),r2
 1276  00001e58  8fc2fff4	lw	r2,-12(r30)
 1277  00001e5c  ac220008	sw	8(r1),r2
 1278  00001e60  0ffffdc0	jal	_dstrncmp
 1279  00001e64  54000000	nop; delay slot nop
 1280  00001e68  23bd0010	addi	r29,r29,#16
 1281  00001e6c  64220000	snei	r2,r1,#0
 1282  00001e70  14400010	bnez	r2,L44_LF2
 1283  00001e74  54000000	nop; delay slot nop
 1284  00001e78  8fc10000	lw	r1,(r30)
 1285  00001e7c  08000028	j	L40_LF2
 1286  00001e80  54000000	nop; delay slot nop
 1287  00001e84          	L44_LF2:
 1288  00001e84  8fc20000	lw	r2,(r30)
 1289  00001e88  20410001	addi	r1,r2,#1
 1290  00001e8c  00011020	add	r2,r0,r1
 1291  00001e90  afc20000	sw	(r30),r2
 1292  00001e94  0bffff8c	j	L41_LF2
 1293  00001e98  54000000	nop; delay slot nop
 1294  00001e9c          	L42_LF2:
 1295  00001e9c  20010000	addi	r1,r0,#0
 1296  00001ea0  08000004	j	L40_LF2
 1297  00001ea4  54000000	nop; delay slot nop
 1298  00001ea8          	L40_LF2:
 1299  00001ea8  8fa20000	lw	r2,0(r29)
 1300  00001eac  8fdffff8	lw	r31,-8(r30)
 1301  00001eb0  001ee820	add	r29,r0,r30
 1302  00001eb4  8fdefffc	lw	r30,-4(r30)
 1303  00001eb8  4be00000	jr	r31
 1304  00001ebc  54000000	nop
 1305  00001ec0          	.endproc _dstrstr
 1306  00001ec0          	.align 2
 1307  00001ec0          	.proc _dmindex
 1308  00001ec0          	.global _dmindex
 1309  00001ec0          	_dmindex:
 1310                      ;  Function 'dmindex'; 8 bytes of locals, 1 regs to save.
 1311  00001ec0  afbefffc	sw	-4(r29),r30; push fp
 1312  00001ec4  001df020	add	r30,r0,r29; fp = sp
 1313  00001ec8  afbffff8	sw	-8(r29),r31; push ret addr
 1314  00001ecc  2fbd0018	subui	r29,r29,#24; alloc local storage
 1315  00001ed0  afa20000	sw	0(r29),r2
 1316  00001ed4  54000000	nop
 1317  00001ed8          	L46_LF2:
 1318  00001ed8  8fc10000	lw	r1,(r30)
 1319  00001edc  90220000	lbu	r2,(r1)
 1320  00001ee0  64410000	snei	r1,r2,#0
 1321  00001ee4  1420000c	bnez	r1,L48_LF2
 1322  00001ee8  54000000	nop; delay slot nop
 1323  00001eec  08000070	j	L47_LF2
 1324  00001ef0  54000000	nop; delay slot nop
 1325  00001ef4          	L48_LF2:
 1326  00001ef4  8fc10004	lw	r1,4(r30)
 1327  00001ef8  afc1fff4	sw	-12(r30),r1
 1328  00001efc          	L49_LF2:
 1329  00001efc  8fc1fff4	lw	r1,-12(r30)
 1330  00001f00  90220000	lbu	r2,(r1)
 1331  00001f04  64410000	snei	r1,r2,#0
 1332  00001f08  1420000c	bnez	r1,L52_LF2
 1333  00001f0c  54000000	nop; delay slot nop
 1334  00001f10  08000044	j	L50_LF2
 1335  00001f14  54000000	nop; delay slot nop
 1336  00001f18          	L52_LF2:
 1337  00001f18  8fc10000	lw	r1,(r30)
 1338  00001f1c  8fc2fff4	lw	r2,-12(r30)
 1339  00001f20  90210000	lbu	r1,(r1)
 1340  00001f24  90420000	lbu	r2,(r2)
 1341  00001f28  00220828	seq	r1,r1,r2
 1342  00001f2c  10200010	beqz	r1,L51_LF2
 1343  00001f30  54000000	nop; delay slot nop
 1344  00001f34  8fc10000	lw	r1,(r30)
 1345  00001f38  08000030	j	L45_LF2
 1346  00001f3c  54000000	nop; delay slot nop
 1347  00001f40          	L53_LF2:
 1348  00001f40          	L51_LF2:
 1349  00001f40  8fc2fff4	lw	r2,-12(r30)
 1350  00001f44  20410001	addi	r1,r2,#1
 1351  00001f48  00011020	add	r2,r0,r1
 1352  00001f4c  afc2fff4	sw	-12(r30),r2
 1353  00001f50  0bffffa8	j	L49_LF2
 1354  00001f54  54000000	nop; delay slot nop
 1355  00001f58          	L50_LF2:
 1356  00001f58  0bffff7c	j	L46_LF2
 1357  00001f5c  54000000	nop; delay slot nop
 1358  00001f60          	L47_LF2:
 1359  00001f60  20010000	addi	r1,r0,#0
 1360  00001f64  08000004	j	L45_LF2
 1361  00001f68  54000000	nop; delay slot nop
 1362  00001f6c          	L45_LF2:
 1363  00001f6c  8fa20000	lw	r2,0(r29)
 1364  00001f70  8fdffff8	lw	r31,-8(r30)
 1365  00001f74  001ee820	add	r29,r0,r30
 1366  00001f78  8fdefffc	lw	r30,-4(r30)
 1367  00001f7c  4be00000	jr	r31
 1368  00001f80  54000000	nop
 1369  00001f84          	.endproc _dmindex
 1370  00001f84          	.align 2
 1371  00001f84          	.proc _dindex
 1372  00001f84          	.global _dindex
 1373  00001f84          	_dindex:
 1374                      ;  Function 'dindex'; 0 bytes of locals, 1 regs to save.
 1375  00001f84  afbefffc	sw	-4(r29),r30; push fp
 1376  00001f88  001df020	add	r30,r0,r29; fp = sp
 1377  00001f8c  afbffff8	sw	-8(r29),r31; push ret addr
 1378  00001f90  2fbd0010	subui	r29,r29,#16; alloc local storage
 1379  00001f94  afa20000	sw	0(r29),r2
 1380  00001f98  54000000	nop
 1381  00001f9c          	L55_LF2:
 1382  00001f9c  8fc10000	lw	r1,(r30)
 1383  00001fa0  90220000	lbu	r2,(r1)
 1384  00001fa4  64410000	snei	r1,r2,#0
 1385  00001fa8  1420000c	bnez	r1,L57_LF2
 1386  00001fac  54000000	nop; delay slot nop
 1387  00001fb0  08000040	j	L56_LF2
 1388  00001fb4  54000000	nop; delay slot nop
 1389  00001fb8          	L57_LF2:
 1390  00001fb8  8fc10000	lw	r1,(r30)
 1391  00001fbc  90220000	lbu	r2,(r1)
 1392  00001fc0  8fc10004	lw	r1,4(r30)
 1393  00001fc4  00411028	seq	r2,r2,r1
 1394  00001fc8  10400010	beqz	r2,L58_LF2
 1395  00001fcc  54000000	nop; delay slot nop
 1396  00001fd0  8fc10000	lw	r1,(r30)
 1397  00001fd4  08000028	j	L54_LF2
 1398  00001fd8  54000000	nop; delay slot nop
 1399  00001fdc          	L58_LF2:
 1400  00001fdc  8fc20000	lw	r2,(r30)
 1401  00001fe0  20410001	addi	r1,r2,#1
 1402  00001fe4  00011020	add	r2,r0,r1
 1403  00001fe8  afc20000	sw	(r30),r2
 1404  00001fec  0bffffac	j	L55_LF2
 1405  00001ff0  54000000	nop; delay slot nop
 1406  00001ff4          	L56_LF2:
 1407  00001ff4  20010000	addi	r1,r0,#0
 1408  00001ff8  08000004	j	L54_LF2
 1409  00001ffc  54000000	nop; delay slot nop
 1410  00002000          	L54_LF2:
 1411  00002000  8fa20000	lw	r2,0(r29)
 1412  00002004  8fdffff8	lw	r31,-8(r30)
 1413  00002008  001ee820	add	r29,r0,r30
 1414  0000200c  8fdefffc	lw	r30,-4(r30)
 1415  00002010  4be00000	jr	r31
 1416  00002014  54000000	nop
 1417  00002018          	.endproc _dindex
 1418  00002018          	.align 2
 1419  00002018          	.proc _ditoa
 1420  00002018          	.global _ditoa
 1421  00002018          	_ditoa:
 1422                      ;  Function 'ditoa'; 8 bytes of locals, 2 regs to save.
 1423  00002018  afbefffc	sw	-4(r29),r30; push fp
 1424  0000201c  001df020	add	r30,r0,r29; fp = sp
 1425  00002020  afbffff8	sw	-8(r29),r31; push ret addr
 1426  00002024  2fbd0018	subui	r29,r29,#24; alloc local storage
 1427  00002028  afa20000	sw	0(r29),r2
 1428  0000202c  afa30004	sw	4(r29),r3
 1429  00002030  8fc10000	lw	r1,(r30)
 1430  00002034  68220000	slti	r2,r1,#0
 1431  00002038  1040002c	beqz	r2,L60_LF2
 1432  0000203c  54000000	nop; delay slot nop
 1433  00002040  8fc10004	lw	r1,4(r30)
 1434  00002044  20220001	addi	r2,r1,#1
 1435  00002048  afc20004	sw	4(r30),r2
 1436  0000204c  2002002d	addi	r2,r0,(#0x2d)&0xff
 1437  00002050  a0220000	sb	(r1),r2
 1438  00002054  8fc10000	lw	r1,(r30)
 1439  00002058  00011022	sub	r2,r0,r1
 1440  0000205c  afc20000	sw	(r30),r2
 1441  00002060  08000118	j	L61_LF2
 1442  00002064  54000000	nop; delay slot nop
 1443  00002068          	L60_LF2:
 1444  00002068  8fc10000	lw	r1,(r30)
 1445  0000206c  64220000	snei	r2,r1,#0
 1446  00002070  14400020	bnez	r2,L62_LF2
 1447  00002074  54000000	nop; delay slot nop
 1448  00002078  8fc10004	lw	r1,4(r30)
 1449  0000207c  20220001	addi	r2,r1,#1
 1450  00002080  afc20004	sw	4(r30),r2
 1451  00002084  20020030	addi	r2,r0,(#0x30)&0xff
 1452  00002088  a0220000	sb	(r1),r2
 1453  0000208c  080000ec	j	L61_LF2
 1454  00002090  54000000	nop; delay slot nop
 1455  00002094          	L62_LF2:
 1456  00002094  20010001	addi	r1,r0,#1
 1457  00002098  afc1fff4	sw	-12(r30),r1
 1458  0000209c          	L64_LF2:
 1459  0000209c  8fc1fff4	lw	r1,-12(r30)
 1460  000020a0  8fc20000	lw	r2,(r30)
 1461  000020a4  0022082c	sle	r1,r1,r2
 1462  000020a8  1420000c	bnez	r1,L66_LF2
 1463  000020ac  54000000	nop; delay slot nop
 1464  000020b0  08000024	j	L65_LF2
 1465  000020b4  54000000	nop; delay slot nop
 1466  000020b8          	L67_LF2:
 1467  000020b8          	L66_LF2:
 1468  000020b8  8fc1fff4	lw	r1,-12(r30)
 1469  000020bc  00011820	add	r3,r0,r1
 1470  000020c0  50620002	slli	r2,r3,#0x2
 1471  000020c4  00411020	add	r2,r2,r1
 1472  000020c8  50410001	slli	r1,r2,#0x1
 1473  000020cc  afc1fff4	sw	-12(r30),r1
 1474  000020d0  0bffffc8	j	L64_LF2
 1475  000020d4  54000000	nop; delay slot nop
 1476  000020d8          	L65_LF2:
 1477  000020d8  54000000	nop
 1478  000020dc          	L68_LF2:
 1479  000020dc  8fc1fff4	lw	r1,-12(r30)
 1480  000020e0  2002000a	addi	r2,r0,#10
 1481  000020e4  00200035	movi2fp	f0,r1
 1482  000020e8  00400835	movi2fp	f1,r2
 1483  000020ec  0401000f	div	f0,f0,f1
 1484  000020f0  00000834	movfp2i	r1,f0
 1485  000020f4  afc1fff4	sw	-12(r30),r1
 1486  000020f8  8fc10004	lw	r1,4(r30)
 1487  000020fc  20220001	addi	r2,r1,#1
 1488  00002100  afc20004	sw	4(r30),r2
 1489  00002104  8fc20000	lw	r2,(r30)
 1490  00002108  8fc3fff4	lw	r3,-12(r30)
 1491  0000210c  00400035	movi2fp	f0,r2
 1492  00002110  00600835	movi2fp	f1,r3
 1493  00002114  0401000f	div	f0,f0,f1
 1494  00002118  00001034	movfp2i	r2,f0
 1495  0000211c  00021820	add	r3,r0,r2
 1496  00002120  20620030	addi	r2,r3,#48
 1497  00002124  a0220000	sb	(r1),r2
 1498  00002128  8fc10000	lw	r1,(r30)
 1499  0000212c  8fc3fff4	lw	r3,-12(r30)
 1500  00002130  00200035	movi2fp	f0,r1
 1501  00002134  00600835	movi2fp	f1,r3
 1502  00002138  0401000f	div	f0,f0,f1
 1503  0000213c  00001034	movfp2i	r2,f0
 1504  00002140  8fc3fff4	lw	r3,-12(r30)
 1505  00002144  00400035	movi2fp	f0,r2
 1506  00002148  00600835	movi2fp	f1,r3
 1507  0000214c  0401000e	mult	f0,f0,f1
 1508  00002150  00001034	movfp2i	r2,f0
 1509  00002154  00220822	sub	r1,r1,r2
 1510  00002158  afc10000	sw	(r30),r1
 1511  0000215c          	L70_LF2:
 1512  0000215c  8fc1fff4	lw	r1,-12(r30)
 1513  00002160  6c220001	sgti	r2,r1,#1
 1514  00002164  1440000c	bnez	r2,L71_LF2
 1515  00002168  54000000	nop; delay slot nop
 1516  0000216c  0800000c	j	L61_LF2
 1517  00002170  54000000	nop; delay slot nop
 1518  00002174          	L71_LF2:
 1519  00002174  0bffff64	j	L68_LF2
 1520  00002178  54000000	nop; delay slot nop
 1521  0000217c          	L69_LF2:
 1522  0000217c          	L63_LF2:
 1523  0000217c          	L61_LF2:
 1524  0000217c  8fc10004	lw	r1,4(r30)
 1525  00002180  20020000	addi	r2,r0,(#0x0)&0xff
 1526  00002184  a0220000	sb	(r1),r2
 1527  00002188          	L59_LF2:
 1528  00002188  8fa20000	lw	r2,0(r29)
 1529  0000218c  8fa30004	lw	r3,4(r29)
 1530  00002190  8fdffff8	lw	r31,-8(r30)
 1531  00002194  001ee820	add	r29,r0,r30
 1532  00002198  8fdefffc	lw	r30,-4(r30)
 1533  0000219c  4be00000	jr	r31
 1534  000021a0  54000000	nop
 1535  000021a4          	.endproc _ditoa
 1536  000021a4          	.align 2
 1537  000021a4          	.proc _dstrtol
 1538  000021a4          	.global _dstrtol
 1539  000021a4          	_dstrtol:
 1540                      ;  Function 'dstrtol'; 16 bytes of locals, 1 regs to save.
 1541  000021a4  afbefffc	sw	-4(r29),r30; push fp
 1542  000021a8  001df020	add	r30,r0,r29; fp = sp
 1543  000021ac  afbffff8	sw	-8(r29),r31; push ret addr
 1544  000021b0  2fbd0020	subui	r29,r29,#32; alloc local storage
 1545  000021b4  afa20000	sw	0(r29),r2
 1546  000021b8  20010000	addi	r1,r0,#0
 1547  000021bc  afc1fff4	sw	-12(r30),r1
 1548  000021c0          	L73_LF2:
 1549  000021c0  8fc10000	lw	r1,(r30)
 1550  000021c4  90220000	lbu	r2,(r1)
 1551  000021c8  60410020	seqi	r1,r2,#32
 1552  000021cc  14200034	bnez	r1,L75_LF2
 1553  000021d0  54000000	nop; delay slot nop
 1554  000021d4  8fc10000	lw	r1,(r30)
 1555  000021d8  90220000	lbu	r2,(r1)
 1556  000021dc  60410009	seqi	r1,r2,#9
 1557  000021e0  14200020	bnez	r1,L75_LF2
 1558  000021e4  54000000	nop; delay slot nop
 1559  000021e8  8fc10000	lw	r1,(r30)
 1560  000021ec  90220000	lbu	r2,(r1)
 1561  000021f0  6041000a	seqi	r1,r2,#10
 1562  000021f4  1420000c	bnez	r1,L75_LF2
 1563  000021f8  54000000	nop; delay slot nop
 1564  000021fc  0800001c	j	L74_LF2
 1565  00002200  54000000	nop; delay slot nop
 1566  00002204          	L75_LF2:
 1567  00002204  8fc20000	lw	r2,(r30)
 1568  00002208  20410001	addi	r1,r2,#1
 1569  0000220c  00011020	add	r2,r0,r1
 1570  00002210  afc20000	sw	(r30),r2
 1571  00002214  0bffffa8	j	L73_LF2
 1572  00002218  54000000	nop; delay slot nop
 1573  0000221c          	L74_LF2:
 1574  0000221c  8fc10004	lw	r1,4(r30)
 1575  00002220  64220000	snei	r2,r1,#0
 1576  00002224  10400010	beqz	r2,L76_LF2
 1577  00002228  54000000	nop; delay slot nop
 1578  0000222c  8fc10004	lw	r1,4(r30)
 1579  00002230  8fc20000	lw	r2,(r30)
 1580  00002234  ac220000	sw	(r1),r2
 1581  00002238          	L76_LF2:
 1582  00002238  8fc10000	lw	r1,(r30)
 1583  0000223c  90220000	lbu	r2,(r1)
 1584  00002240  64410000	snei	r1,r2,#0
 1585  00002244  14200010	bnez	r1,L77_LF2
 1586  00002248  54000000	nop; delay slot nop
 1587  0000224c  8fc1fff4	lw	r1,-12(r30)
 1588  00002250  08000294	j	L72_LF2
 1589  00002254  54000000	nop; delay slot nop
 1590  00002258          	L77_LF2:
 1591  00002258  8fc10000	lw	r1,(r30)
 1592  0000225c  90220000	lbu	r2,(r1)
 1593  00002260  6041002d	seqi	r1,r2,#45
 1594  00002264  10200024	beqz	r1,L78_LF2
 1595  00002268  54000000	nop; delay slot nop
 1596  0000226c  2001ffff	addi	r1,r0,#-1
 1597  00002270  afc1ffec	sw	-20(r30),r1
 1598  00002274  8fc20000	lw	r2,(r30)
 1599  00002278  20410001	addi	r1,r2,#1
 1600  0000227c  00011020	add	r2,r0,r1
 1601  00002280  afc20000	sw	(r30),r2
 1602  00002284  0800000c	j	L79_LF2
 1603  00002288  54000000	nop; delay slot nop
 1604  0000228c          	L78_LF2:
 1605  0000228c  20010001	addi	r1,r0,#1
 1606  00002290  afc1ffec	sw	-20(r30),r1
 1607  00002294          	L79_LF2:
 1608  00002294  8fc10008	lw	r1,8(r30)
 1609  00002298  64220000	snei	r2,r1,#0
 1610  0000229c  14400090	bnez	r2,L80_LF2
 1611  000022a0  54000000	nop; delay slot nop
 1612  000022a4  8fc10000	lw	r1,(r30)
 1613  000022a8  90220000	lbu	r2,(r1)
 1614  000022ac  60410030	seqi	r1,r2,#48
 1615  000022b0  10200074	beqz	r1,L81_LF2
 1616  000022b4  54000000	nop; delay slot nop
 1617  000022b8  8fc20000	lw	r2,(r30)
 1618  000022bc  20410001	addi	r1,r2,#1
 1619  000022c0  00011020	add	r2,r0,r1
 1620  000022c4  afc20000	sw	(r30),r2
 1621  000022c8  8fc10000	lw	r1,(r30)
 1622  000022cc  90220000	lbu	r2,(r1)
 1623  000022d0  60410078	seqi	r1,r2,#120
 1624  000022d4  14200020	bnez	r1,L83_LF2
 1625  000022d8  54000000	nop; delay slot nop
 1626  000022dc  8fc10000	lw	r1,(r30)
 1627  000022e0  90220000	lbu	r2,(r1)
 1628  000022e4  60410058	seqi	r1,r2,#88
 1629  000022e8  1420000c	bnez	r1,L83_LF2
 1630  000022ec  54000000	nop; delay slot nop
 1631  000022f0  08000024	j	L82_LF2
 1632  000022f4  54000000	nop; delay slot nop
 1633  000022f8          	L83_LF2:
 1634  000022f8  20010010	addi	r1,r0,#16
 1635  000022fc  afc10008	sw	8(r30),r1
 1636  00002300  8fc20000	lw	r2,(r30)
 1637  00002304  20410001	addi	r1,r2,#1
 1638  00002308  00011020	add	r2,r0,r1
 1639  0000230c  afc20000	sw	(r30),r2
 1640  00002310  0800000c	j	L84_LF2
 1641  00002314  54000000	nop; delay slot nop
 1642  00002318          	L82_LF2:
 1643  00002318  20010008	addi	r1,r0,#8
 1644  0000231c  afc10008	sw	8(r30),r1
 1645  00002320          	L84_LF2:
 1646  00002320  0800000c	j	L80_LF2
 1647  00002324  54000000	nop; delay slot nop
 1648  00002328          	L81_LF2:
 1649  00002328  2001000a	addi	r1,r0,#10
 1650  0000232c  afc10008	sw	8(r30),r1
 1651  00002330          	L85_LF2:
 1652  00002330          	L80_LF2:
 1653  00002330  8fc10008	lw	r1,8(r30)
 1654  00002334  70220000	slei	r2,r1,#0
 1655  00002338  1440001c	bnez	r2,L87_LF2
 1656  0000233c  54000000	nop; delay slot nop
 1657  00002340  8fc10008	lw	r1,8(r30)
 1658  00002344  6c220010	sgti	r2,r1,#16
 1659  00002348  1440000c	bnez	r2,L87_LF2
 1660  0000234c  54000000	nop; delay slot nop
 1661  00002350  08000010	j	L86_LF2
 1662  00002354  54000000	nop; delay slot nop
 1663  00002358          	L87_LF2:
 1664  00002358  8fc1fff4	lw	r1,-12(r30)
 1665  0000235c  08000188	j	L72_LF2
 1666  00002360  54000000	nop; delay slot nop
 1667  00002364          	L86_LF2:
 1668  00002364  54000000	nop
 1669  00002368          	L88_LF2:
 1670  00002368  8fc10000	lw	r1,(r30)
 1671  0000236c  90220000	lbu	r2,(r1)
 1672  00002370  6c41002f	sgtui	r1,r2,#47
 1673  00002374  10200030	beqz	r1,L91_LF2
 1674  00002378  54000000	nop; delay slot nop
 1675  0000237c  8fc10000	lw	r1,(r30)
 1676  00002380  90220000	lbu	r2,(r1)
 1677  00002384  70410039	sleui	r1,r2,#57
 1678  00002388  1020001c	beqz	r1,L91_LF2
 1679  0000238c  54000000	nop; delay slot nop
 1680  00002390  8fc10000	lw	r1,(r30)
 1681  00002394  90220000	lbu	r2,(r1)
 1682  00002398  2041ffd0	addi	r1,r2,#-48
 1683  0000239c  afc1fff0	sw	-16(r30),r1
 1684  000023a0  0800008c	j	L92_LF2
 1685  000023a4  54000000	nop; delay slot nop
 1686  000023a8          	L91_LF2:
 1687  000023a8  8fc10000	lw	r1,(r30)
 1688  000023ac  90220000	lbu	r2,(r1)
 1689  000023b0  6c410060	sgtui	r1,r2,#96
 1690  000023b4  10200030	beqz	r1,L93_LF2
 1691  000023b8  54000000	nop; delay slot nop
 1692  000023bc  8fc10000	lw	r1,(r30)
 1693  000023c0  90220000	lbu	r2,(r1)
 1694  000023c4  7041007a	sleui	r1,r2,#122
 1695  000023c8  1020001c	beqz	r1,L93_LF2
 1696  000023cc  54000000	nop; delay slot nop
 1697  000023d0  8fc10000	lw	r1,(r30)
 1698  000023d4  90220000	lbu	r2,(r1)
 1699  000023d8  2041ffa9	addi	r1,r2,#-87
 1700  000023dc  afc1fff0	sw	-16(r30),r1
 1701  000023e0  0800004c	j	L92_LF2
 1702  000023e4  54000000	nop; delay slot nop
 1703  000023e8          	L93_LF2:
 1704  000023e8  8fc10000	lw	r1,(r30)
 1705  000023ec  90220000	lbu	r2,(r1)
 1706  000023f0  6c410040	sgtui	r1,r2,#64
 1707  000023f4  10200030	beqz	r1,L95_LF2
 1708  000023f8  54000000	nop; delay slot nop
 1709  000023fc  8fc10000	lw	r1,(r30)
 1710  00002400  90220000	lbu	r2,(r1)
 1711  00002404  7041005a	sleui	r1,r2,#90
 1712  00002408  1020001c	beqz	r1,L95_LF2
 1713  0000240c  54000000	nop; delay slot nop
 1714  00002410  8fc10000	lw	r1,(r30)
 1715  00002414  90220000	lbu	r2,(r1)
 1716  00002418  2041ffc9	addi	r1,r2,#-55
 1717  0000241c  afc1fff0	sw	-16(r30),r1
 1718  00002420  0800000c	j	L92_LF2
 1719  00002424  54000000	nop; delay slot nop
 1720  00002428          	L95_LF2:
 1721  00002428  200103e8	addi	r1,r0,#1000
 1722  0000242c  afc1fff0	sw	-16(r30),r1
 1723  00002430          	L96_LF2:
 1724  00002430          	L94_LF2:
 1725  00002430          	L92_LF2:
 1726  00002430  8fc1fff0	lw	r1,-16(r30)
 1727  00002434  8fc20008	lw	r2,8(r30)
 1728  00002438  0022082a	slt	r1,r1,r2
 1729  0000243c  10200040	beqz	r1,L90_LF2
 1730  00002440  54000000	nop; delay slot nop
 1731  00002444  8fc1fff4	lw	r1,-12(r30)
 1732  00002448  8fc20008	lw	r2,8(r30)
 1733  0000244c  00200035	movi2fp	f0,r1
 1734  00002450  00400835	movi2fp	f1,r2
 1735  00002454  0401000e	mult	f0,f0,f1
 1736  00002458  00000834	movfp2i	r1,f0
 1737  0000245c  afc1fff4	sw	-12(r30),r1
 1738  00002460  8fc1fff4	lw	r1,-12(r30)
 1739  00002464  8fc2fff0	lw	r2,-16(r30)
 1740  00002468  00220820	add	r1,r1,r2
 1741  0000246c  afc1fff4	sw	-12(r30),r1
 1742  00002470  8fc20000	lw	r2,(r30)
 1743  00002474  20410001	addi	r1,r2,#1
 1744  00002478  00011020	add	r2,r0,r1
 1745  0000247c  afc20000	sw	(r30),r2
 1746  00002480          	L97_LF2:
 1747  00002480          	L90_LF2:
 1748  00002480  8fc1fff0	lw	r1,-16(r30)
 1749  00002484  8fc20008	lw	r2,8(r30)
 1750  00002488  0022082a	slt	r1,r1,r2
 1751  0000248c  1420000c	bnez	r1,L98_LF2
 1752  00002490  54000000	nop; delay slot nop
 1753  00002494  0800000c	j	L89_LF2
 1754  00002498  54000000	nop; delay slot nop
 1755  0000249c          	L98_LF2:
 1756  0000249c  0bfffec8	j	L88_LF2
 1757  000024a0  54000000	nop; delay slot nop
 1758  000024a4          	L89_LF2:
 1759  000024a4  8fc10004	lw	r1,4(r30)
 1760  000024a8  64220000	snei	r2,r1,#0
 1761  000024ac  10400010	beqz	r2,L99_LF2
 1762  000024b0  54000000	nop; delay slot nop
 1763  000024b4  8fc10004	lw	r1,4(r30)
 1764  000024b8  8fc20000	lw	r2,(r30)
 1765  000024bc  ac220000	sw	(r1),r2
 1766  000024c0          	L99_LF2:
 1767  000024c0  8fc1fff4	lw	r1,-12(r30)
 1768  000024c4  8fc2ffec	lw	r2,-20(r30)
 1769  000024c8  00200035	movi2fp	f0,r1
 1770  000024cc  00400835	movi2fp	f1,r2
 1771  000024d0  0401000e	mult	f0,f0,f1
 1772  000024d4  00000834	movfp2i	r1,f0
 1773  000024d8  afc1fff4	sw	-12(r30),r1
 1774  000024dc  8fc1fff4	lw	r1,-12(r30)
 1775  000024e0  08000004	j	L72_LF2
 1776  000024e4  54000000	nop; delay slot nop
 1777  000024e8          	L72_LF2:
 1778  000024e8  8fa20000	lw	r2,0(r29)
 1779  000024ec  8fdffff8	lw	r31,-8(r30)
 1780  000024f0  001ee820	add	r29,r0,r30
 1781  000024f4  8fdefffc	lw	r30,-4(r30)
 1782  000024f8  4be00000	jr	r31
 1783  000024fc  54000000	nop
 1784  00002500          	.endproc _dstrtol
 1785  00002500          	.align 2
 1786  00002500          	.proc _bcopy
 1787  00002500          	.global _bcopy
 1788  00002500          	_bcopy:
 1789                      ;  Function 'bcopy'; 0 bytes of locals, 2 regs to save.
 1790  00002500  afbefffc	sw	-4(r29),r30; push fp
 1791  00002504  001df020	add	r30,r0,r29; fp = sp
 1792  00002508  afbffff8	sw	-8(r29),r31; push ret addr
 1793  0000250c  2fbd0010	subui	r29,r29,#16; alloc local storage
 1794  00002510  afa20000	sw	0(r29),r2
 1795  00002514  afa30004	sw	4(r29),r3
 1796  00002518  54000000	nop
 1797  0000251c          	L101_LF2:
 1798  0000251c  8fc10008	lw	r1,8(r30)
 1799  00002520  2022ffff	addi	r2,r1,#-1
 1800  00002524  afc20008	sw	8(r30),r2
 1801  00002528  6c210000	sgti	r1,r1,#0
 1802  0000252c  1420000c	bnez	r1,L103_LF2
 1803  00002530  54000000	nop; delay slot nop
 1804  00002534  0800002c	j	L102_LF2
 1805  00002538  54000000	nop; delay slot nop
 1806  0000253c          	L103_LF2:
 1807  0000253c  8fc10004	lw	r1,4(r30)
 1808  00002540  20220001	addi	r2,r1,#1
 1809  00002544  afc20004	sw	4(r30),r2
 1810  00002548  8fc20000	lw	r2,(r30)
 1811  0000254c  20430001	addi	r3,r2,#1
 1812  00002550  afc30000	sw	(r30),r3
 1813  00002554  80420000	lb	r2,(r2)
 1814  00002558  a0220000	sb	(r1),r2
 1815  0000255c  0bffffbc	j	L101_LF2
 1816  00002560  54000000	nop; delay slot nop
 1817  00002564          	L102_LF2:
 1818  00002564          	L100_LF2:
 1819  00002564  8fa20000	lw	r2,0(r29)
 1820  00002568  8fa30004	lw	r3,4(r29)
 1821  0000256c  8fdffff8	lw	r31,-8(r30)
 1822  00002570  001ee820	add	r29,r0,r30
 1823  00002574  8fdefffc	lw	r30,-4(r30)
 1824  00002578  4be00000	jr	r31
 1825  0000257c  54000000	nop
 1826  00002580          	.endproc _bcopy
 1827  00002580          	.align 2
 1828  00002580          	.proc _bzero
 1829  00002580          	.global _bzero
 1830  00002580          	_bzero:
 1831                      ;  Function 'bzero'; 0 bytes of locals, 1 regs to save.
 1832  00002580  afbefffc	sw	-4(r29),r30; push fp
 1833  00002584  001df020	add	r30,r0,r29; fp = sp
 1834  00002588  afbffff8	sw	-8(r29),r31; push ret addr
 1835  0000258c  2fbd0010	subui	r29,r29,#16; alloc local storage
 1836  00002590  afa20000	sw	0(r29),r2
 1837  00002594  54000000	nop
 1838  00002598          	L105_LF2:
 1839  00002598  8fc10004	lw	r1,4(r30)
 1840  0000259c  2022ffff	addi	r2,r1,#-1
 1841  000025a0  afc20004	sw	4(r30),r2
 1842  000025a4  6c210000	sgti	r1,r1,#0
 1843  000025a8  1420000c	bnez	r1,L107_LF2
 1844  000025ac  54000000	nop; delay slot nop
 1845  000025b0  08000020	j	L106_LF2
 1846  000025b4  54000000	nop; delay slot nop
 1847  000025b8          	L107_LF2:
 1848  000025b8  8fc10000	lw	r1,(r30)
 1849  000025bc  20220001	addi	r2,r1,#1
 1850  000025c0  afc20000	sw	(r30),r2
 1851  000025c4  20020000	addi	r2,r0,(#0x0)&0xff
 1852  000025c8  a0220000	sb	(r1),r2
 1853  000025cc  0bffffc8	j	L105_LF2
 1854  000025d0  54000000	nop; delay slot nop
 1855  000025d4          	L106_LF2:
 1856  000025d4          	L104_LF2:
 1857  000025d4  8fa20000	lw	r2,0(r29)
 1858  000025d8  8fdffff8	lw	r31,-8(r30)
 1859  000025dc  001ee820	add	r29,r0,r30
 1860  000025e0  8fdefffc	lw	r30,-4(r30)
 1861  000025e4  4be00000	jr	r31
 1862  000025e8  54000000	nop
 1863  000025ec          	.endproc _bzero
 1864  000025ec          	.align 2
 1865  000025ec          	.proc _min
 1866  000025ec          	.global _min
 1867  000025ec          	_min:
 1868                      ;  Function 'min'; 0 bytes of locals, 2 regs to save.
 1869  000025ec  afbefffc	sw	-4(r29),r30; push fp
 1870  000025f0  001df020	add	r30,r0,r29; fp = sp
 1871  000025f4  afbffff8	sw	-8(r29),r31; push ret addr
 1872  000025f8  2fbd0010	subui	r29,r29,#16; alloc local storage
 1873  000025fc  afa20000	sw	0(r29),r2
 1874  00002600  afa30004	sw	4(r29),r3
 1875  00002604  8fc10000	lw	r1,(r30)
 1876  00002608  8fc20004	lw	r2,4(r30)
 1877  0000260c  0022182c	sle	r3,r1,r2
 1878  00002610  14600008	bnez	r3,L109_LF2
 1879  00002614  54000000	nop; delay slot nop
 1880  00002618  8fc10004	lw	r1,4(r30)
 1881  0000261c          	L109_LF2:
 1882  0000261c  08000004	j	L108_LF2
 1883  00002620  54000000	nop; delay slot nop
 1884  00002624          	L108_LF2:
 1885  00002624  8fa20000	lw	r2,0(r29)
 1886  00002628  8fa30004	lw	r3,4(r29)
 1887  0000262c  8fdffff8	lw	r31,-8(r30)
 1888  00002630  001ee820	add	r29,r0,r30
 1889  00002634  8fdefffc	lw	r30,-4(r30)
 1890  00002638  4be00000	jr	r31
 1891  0000263c  54000000	nop
 1892  00002640          	.endproc _min
 1893  00002640          	.align 2
 1894  00002640          	.proc _max
 1895  00002640          	.global _max
 1896  00002640          	_max:
 1897                      ;  Function 'max'; 0 bytes of locals, 2 regs to save.
 1898  00002640  afbefffc	sw	-4(r29),r30; push fp
 1899  00002644  001df020	add	r30,r0,r29; fp = sp
 1900  00002648  afbffff8	sw	-8(r29),r31; push ret addr
 1901  0000264c  2fbd0010	subui	r29,r29,#16; alloc local storage
 1902  00002650  afa20000	sw	0(r29),r2
 1903  00002654  afa30004	sw	4(r29),r3
 1904  00002658  8fc10000	lw	r1,(r30)
 1905  0000265c  8fc20004	lw	r2,4(r30)
 1906  00002660  0022182d	sge	r3,r1,r2
 1907  00002664  14600008	bnez	r3,L111_LF2
 1908  00002668  54000000	nop; delay slot nop
 1909  0000266c  8fc10004	lw	r1,4(r30)
 1910  00002670          	L111_LF2:
 1911  00002670  08000004	j	L110_LF2
 1912  00002674  54000000	nop; delay slot nop
 1913  00002678          	L110_LF2:
 1914  00002678  8fa20000	lw	r2,0(r29)
 1915  0000267c  8fa30004	lw	r3,4(r29)
 1916  00002680  8fdffff8	lw	r31,-8(r30)
 1917  00002684  001ee820	add	r29,r0,r30
 1918  00002688  8fdefffc	lw	r30,-4(r30)
 1919  0000268c  4be00000	jr	r31
 1920  00002690  54000000	nop
 1921  00002694          	.endproc _max
 1922                      ;;; Ethan L. Miller, 1999.  Released to the public domain
 1923                      ;;;
 1924                      ;;; Most of the traps are called in files from libtraps.
 1927  00002694          	.align 2
 1928  00002694          	.proc _exit
 1929  00002694          	.global _exit
 1930  00002694          	_exit:
 1931  00002694  44000300	trap	#0x300
 1932  00002698  4be00000	jr	r31
 1933  0000269c  54000000	nop
 1934  000026a0          	.endproc _exit
 1936                      ; for the benefit of gcc.
 1937  000026a0          	.proc ___main
 1938  000026a0          	.global ___main
 1939  000026a0          	___main:
 1940  000026a0  4be00000	jr	r31
 1941  000026a4  54000000	nop
 1942  000026a8          	.endproc ___main
 1943  000026a8          	.text
 1944  000026a8          	.global _etext
 1945  000026a8          	_etext:
 1946  000026a8          	.align 3
 1947  000026a8          	.data
 1948  0000317c          	.global _edata
 1949  0000317c          	_edata:
