 line   address	contents
    1                      ; Linked by DLX-LD.
    2                      ; MemSize 24576
    3                      ; Data size: 339
    4                      ; Text size: 5084
    5                      ; Stack size: 8192
    6  00000000          	.text 0x1000
    7  00001000          	.data 0x3000
    8                      ; Compiled by GCC
    9  00003000          	.text
   10  00001000          	.align 2
   11  00001000          	.proc _isspace
   12  00001000          	.global _isspace
   13  00001000          	_isspace:
   14                      ;  Function 'isspace'; 0 bytes of locals, 1 regs to save.
   15  00001000  afbefffc	sw	-4(r29),r30; push fp
   16  00001004  001df020	add	r30,r0,r29; fp = sp
   17  00001008  afbffff8	sw	-8(r29),r31; push ret addr
   18  0000100c  2fbd0010	subui	r29,r29,#16; alloc local storage
   19  00001010  afa20000	sw	0(r29),r2
   20  00001014  83c20003	lb	r2,3(r30)
   21  00001018  201f0000	addi	r31,r0,#0
   22  0000101c  304100ff	andi	r1,r2,#0x00ff
   23  00001020  60210020	seqi	r1,r1,#32
   24  00001024  14200018	bnez	r1,L6_LF0
   25  00001028  54000000	nop; not filled.
   26  0000102c  2041fff7	addi	r1,r2,#-9
   27  00001030  302100ff	andi	r1,r1,#0x00ff
   28  00001034  70210001	sleui	r1,r1,#1
   29  00001038  10200008	beqz	r1,L5_LF0
   30  0000103c  54000000	nop; not filled.
   31  00001040          	L6_LF0:
   32  00001040  201f0001	addi	r31,r0,#1
   33  00001044          	L5_LF0:
   34  00001044  001f0820	add	r1,r0,r31
   35  00001048  8fa20000	lw	r2,0(r29)
   36  0000104c  8fdffff8	lw	r31,-8(r30)
   37  00001050  001ee820	add	r29,r0,r30
   38  00001054  8fdefffc	lw	r30,-4(r30)
   39  00001058  4be00000	jr	r31
   40  0000105c  54000000	nop
   41  00001060          	.endproc _isspace
   42  00001060          	.align 2
   43  00001060          	.proc _isxdigit
   44  00001060          	.global _isxdigit
   45  00001060          	_isxdigit:
   46                      ;  Function 'isxdigit'; 0 bytes of locals, 1 regs to save.
   47  00001060  afbefffc	sw	-4(r29),r30; push fp
   48  00001064  001df020	add	r30,r0,r29; fp = sp
   49  00001068  afbffff8	sw	-8(r29),r31; push ret addr
   50  0000106c  2fbd0010	subui	r29,r29,#16; alloc local storage
   51  00001070  afa20000	sw	0(r29),r2
   52  00001074  83df0003	lb	r31,3(r30)
   53  00001078  20020000	addi	r2,r0,#0
   54  0000107c  23e1ffd0	addi	r1,r31,#-48
   55  00001080  302100ff	andi	r1,r1,#0x00ff
   56  00001084  70210009	sleui	r1,r1,#9
   57  00001088  14200028	bnez	r1,L12_LF0
   58  0000108c  54000000	nop; not filled.
   59  00001090  23e1ff9f	addi	r1,r31,#-97
   60  00001094  302100ff	andi	r1,r1,#0x00ff
   61  00001098  70210005	sleui	r1,r1,#5
   62  0000109c  14200014	bnez	r1,L12_LF0
   63  000010a0  54000000	nop; not filled.
   64  000010a4  33e100ff	andi	r1,r31,#0x00ff
   65  000010a8  64210041	snei	r1,r1,#65
   66  000010ac  14200008	bnez	r1,L11_LF0
   67  000010b0  54000000	nop; not filled.
   68  000010b4          	L12_LF0:
   69  000010b4  20020001	addi	r2,r0,#1
   70  000010b8          	L11_LF0:
   71  000010b8  00020820	add	r1,r0,r2
   72  000010bc  8fa20000	lw	r2,0(r29)
   73  000010c0  8fdffff8	lw	r31,-8(r30)
   74  000010c4  001ee820	add	r29,r0,r30
   75  000010c8  8fdefffc	lw	r30,-4(r30)
   76  000010cc  4be00000	jr	r31
   77  000010d0  54000000	nop
   78  000010d4          	.endproc _isxdigit
   79  000010d4          	.data
   80  00003000          	.align 2
   81  00003000          	LC0_LF0:
   82  00003000  55736167	.ascii "Usage: \000"
   82  00003004  653a2000	
   83  00003008          	.align 2
   84  00003008          	LC1_LF0:
   85  00003008  203c6e75	.ascii " <number of Producers/Consumers to create>\n\000"
   85  0000300c  6d626572	
   85  00003010  206f6620	
   85  00003014  50726f64	
   85  00003018  75636572	
   85  0000301c  732f436f	
   85  00003020  6e73756d	
   85  00003024  65727320	
   85  00003028  746f2063	
   85  0000302c  72656174	
   85  00003030  653e0a00	
   86  00003034          	.align 2
   87  00003034          	LC2_LF0:
   88  00003034  4552524f	.ascii "ERROR: could not allocate shared memory page in \000"
   88  00003038  523a2063	
   88  0000303c  6f756c64	
   88  00003040  206e6f74	
   88  00003044  20616c6c	
   88  00003048  6f636174	
   88  0000304c  65207368	
   88  00003050  61726564	
   88  00003054  206d656d	
   88  00003058  6f727920	
   88  0000305c  70616765	
   88  00003060  20696e20	
   88  00003064  00      	
   89  00003065          	.align 2
   90  00003068          	LC3_LF0:
   91  00003068  2c206578	.ascii ", exiting...\n\000"
   91  0000306c  6974696e	
   91  00003070  672e2e2e	
   91  00003074  0a00    	
   92  00003076          	.align 2
   93  00003078          	LC4_LF0:
   94  00003078  436f756c	.ascii "Could not map the shared page to virtual address in \000"
   94  0000307c  64206e6f	
   94  00003080  74206d61	
   94  00003084  70207468	
   94  00003088  65207368	
   94  0000308c  61726564	
   94  00003090  20706167	
   94  00003094  6520746f	
   94  00003098  20766972	
   94  0000309c  7475616c	
   94  000030a0  20616464	
   94  000030a4  72657373	
   94  000030a8  20696e20	
   94  000030ac  00      	
   95  000030ad          	.align 2
   96  000030b0          	LC5_LF0:
   97  000030b0  2c206578	.ascii ", exiting..\n\000"
   97  000030b4  6974696e	
   97  000030b8  672e2e0a	
   97  000030bc  00      	
   98  000030bd          	.align 2
   99  000030c0          	LC6_LF0:
  100  000030c0  42616420	.ascii "Bad sem_create in \000"
  100  000030c4  73656d5f	
  100  000030c8  63726561	
  100  000030cc  74652069	
  100  000030d0  6e2000  	
  101  000030d3          	.align 2
  102  000030d4          	LC7_LF0:
  103  000030d4  0a00    	.ascii "\n\000"
  104  000030d6          	.align 2
  105  000030d8          	LC8_LF0:
  106  000030d8  42616420	.ascii "Bad LockCreate in \000"
  106  000030dc  4c6f636b	
  106  000030e0  43726561	
  106  000030e4  74652069	
  106  000030e8  6e2000  	
  107  000030eb          	.align 2
  108  000030ec          	LC9_LF0:
  109  000030ec  42616420	.ascii "Bad Cond_Create in \000"
  109  000030f0  436f6e64	
  109  000030f4  5f437265	
  109  000030f8  61746520	
  109  000030fc  696e2000	
  110  00003100          	.align 2
  111  00003100          	LC10_LF0:
  112  00003100  70726f64	.ascii "producer.dlx.obj\000"
  112  00003104  75636572	
  112  00003108  2e646c78	
  112  0000310c  2e6f626a	
  112  00003110  00      	
  113  00003111          	.align 2
  114  00003114          	LC11_LF0:
  115  00003114  636f6e73	.ascii "consumer.dlx.obj\000"
  115  00003118  756d6572	
  115  0000311c  2e646c78	
  115  00003120  2e6f626a	
  115  00003124  00      	
  116  00003125          	.align 2
  117  00003128          	LC12_LF0:
  118  00003128  42616420	.ascii "Bad semaphore sem_procs_completed (%d) in \000"
  118  0000312c  73656d61	
  118  00003130  70686f72	
  118  00003134  65207365	
  118  00003138  6d5f7072	
  118  0000313c  6f63735f	
  118  00003140  636f6d70	
  118  00003144  6c657465	
  118  00003148  64202825	
  118  0000314c  64292069	
  118  00003150  6e2000  	
  119  00003153          	.text
  120  000010d4          	.align 2
  121  000010d4          	.proc _main
  122  000010d4          	.global _main
  123  000010d4          	_main:
  124                      ;  Function 'main'; 88 bytes of locals, 0 regs to save.
  125  000010d4  afbefffc	sw	-4(r29),r30; push fp
  126  000010d8  001df020	add	r30,r0,r29; fp = sp
  127  000010dc  afbffff8	sw	-8(r29),r31; push ret addr
  128  000010e0  2fbd0060	subui	r29,r29,#96; alloc local storage
  129  000010e4  8fc20000	lw	r2,(r30)
  130  000010e8  8fca0004	lw	r10,4(r30)
  131  000010ec  0c0012e4	jal	___main
  132  000010f0  54000000	nop; not filled.
  133  000010f4  64410002	snei	r1,r2,#2
  134  000010f8  1020004c	beqz	r1,L14_LF0
  135  000010fc  54000000	nop; not filled.
  136  00001100  23bdfff8	addi	r29,r29,#-8
  137  00001104  3c0c0000	lhi	r12,((LC0_LF0)>>16)&0xffff
  138  00001108  258c3000	addui	r12,r12,(LC0_LF0)&0xffff
  139  0000110c  afac0000	sw	(r29),r12
  140  00001110  0c0004b8	jal	_Printf
  141  00001114  54000000	nop; not filled.
  142  00001118  8d4c0000	lw	r12,(r10)
  143  0000111c  afac0000	sw	(r29),r12
  144  00001120  0c0004a8	jal	_Printf
  145  00001124  54000000	nop; not filled.
  146  00001128  3c0c0000	lhi	r12,((LC1_LF0)>>16)&0xffff
  147  0000112c  258c3008	addui	r12,r12,(LC1_LF0)&0xffff
  148  00001130  afac0000	sw	(r29),r12
  149  00001134  0c000494	jal	_Printf
  150  00001138  54000000	nop; not filled.
  151  0000113c  0c000540	jal	_Exit
  152  00001140  54000000	nop; not filled.
  153  00001144  23bd0008	addi	r29,r29,#8
  154  00001148          	L14_LF0:
  155  00001148  23bdfff0	addi	r29,r29,#-16
  156  0000114c  8d4c0004	lw	r12,4(r10)
  157  00001150  afac0000	sw	(r29),r12
  158  00001154  200c0000	addi	r12,r0,#0
  159  00001158  afac0004	sw	4(r29),r12
  160  0000115c  200c000a	addi	r12,r0,#10
  161  00001160  afac0008	sw	8(r29),r12
  162  00001164  0c000dc4	jal	_dstrtol
  163  00001168  54000000	nop; not filled.
  164  0000116c  502b0001	slli	r11,r1,#0x1
  165  00001170  0c00047c	jal	_shmget
  166  00001174  54000000	nop; not filled.
  167  00001178  00012020	add	r4,r0,r1
  168  0000117c  23bd0010	addi	r29,r29,#16
  169  00001180  64810000	snei	r1,r4,#0
  170  00001184  1420004c	bnez	r1,L15_LF0
  171  00001188  54000000	nop; not filled.
  172  0000118c  23bdfff8	addi	r29,r29,#-8
  173  00001190  3c0c0000	lhi	r12,((LC2_LF0)>>16)&0xffff
  174  00001194  258c3034	addui	r12,r12,(LC2_LF0)&0xffff
  175  00001198  afac0000	sw	(r29),r12
  176  0000119c  0c00042c	jal	_Printf
  177  000011a0  54000000	nop; not filled.
  178  000011a4  8d4c0000	lw	r12,(r10)
  179  000011a8  afac0000	sw	(r29),r12
  180  000011ac  0c00041c	jal	_Printf
  181  000011b0  54000000	nop; not filled.
  182  000011b4  3c0c0000	lhi	r12,((LC3_LF0)>>16)&0xffff
  183  000011b8  258c3068	addui	r12,r12,(LC3_LF0)&0xffff
  184  000011bc  afac0000	sw	(r29),r12
  185  000011c0  0c000408	jal	_Printf
  186  000011c4  54000000	nop; not filled.
  187  000011c8  0c0004b4	jal	_Exit
  188  000011cc  54000000	nop; not filled.
  189  000011d0  23bd0008	addi	r29,r29,#8
  190  000011d4          	L15_LF0:
  191  000011d4  23bdfff8	addi	r29,r29,#-8
  192  000011d8  afa40000	sw	(r29),r4
  193  000011dc  0c00041c	jal	_shmat
  194  000011e0  54000000	nop; not filled.
  195  000011e4  00011020	add	r2,r0,r1
  196  000011e8  23bd0008	addi	r29,r29,#8
  197  000011ec  64410000	snei	r1,r2,#0
  198  000011f0  1420004c	bnez	r1,L16_LF0
  199  000011f4  54000000	nop; not filled.
  200  000011f8  23bdfff8	addi	r29,r29,#-8
  201  000011fc  3c0c0000	lhi	r12,((LC4_LF0)>>16)&0xffff
  202  00001200  258c3078	addui	r12,r12,(LC4_LF0)&0xffff
  203  00001204  afac0000	sw	(r29),r12
  204  00001208  0c0003c0	jal	_Printf
  205  0000120c  54000000	nop; not filled.
  206  00001210  8d4c0000	lw	r12,(r10)
  207  00001214  afac0000	sw	(r29),r12
  208  00001218  0c0003b0	jal	_Printf
  209  0000121c  54000000	nop; not filled.
  210  00001220  3c0c0000	lhi	r12,((LC5_LF0)>>16)&0xffff
  211  00001224  258c30b0	addui	r12,r12,(LC5_LF0)&0xffff
  212  00001228  afac0000	sw	(r29),r12
  213  0000122c  0c00039c	jal	_Printf
  214  00001230  54000000	nop; not filled.
  215  00001234  0c000448	jal	_Exit
  216  00001238  54000000	nop; not filled.
  217  0000123c  23bd0008	addi	r29,r29,#8
  218  00001240          	L16_LF0:
  219  00001240  200c0000	addi	r12,r0,#0
  220  00001244  ac4c0014	sw	20(r2),r12
  221  00001248  ac4c0018	sw	24(r2),r12
  222  0000124c  20010001	addi	r1,r0,#1
  223  00001250  200c0001	addi	r12,r0,#1
  224  00001254  ac4c001c	sw	28(r2),r12
  225  00001258  23bdfff8	addi	r29,r29,#-8
  226  0000125c  002b0822	sub	r1,r1,r11
  227  00001260  afa10000	sw	(r29),r1
  228  00001264  0c0003a0	jal	_sem_create
  229  00001268  54000000	nop; not filled.
  230  0000126c  00014820	add	r9,r0,r1
  231  00001270  23bd0008	addi	r29,r29,#8
  232  00001274  6121ffff	seqi	r1,r9,#-1
  233  00001278  1020004c	beqz	r1,L17_LF0
  234  0000127c  54000000	nop; not filled.
  235  00001280  23bdfff8	addi	r29,r29,#-8
  236  00001284  3c0c0000	lhi	r12,((LC6_LF0)>>16)&0xffff
  237  00001288  258c30c0	addui	r12,r12,(LC6_LF0)&0xffff
  238  0000128c  afac0000	sw	(r29),r12
  239  00001290  0c000338	jal	_Printf
  240  00001294  54000000	nop; not filled.
  241  00001298  8d4c0000	lw	r12,(r10)
  242  0000129c  afac0000	sw	(r29),r12
  243  000012a0  0c000328	jal	_Printf
  244  000012a4  54000000	nop; not filled.
  245  000012a8  3c0c0000	lhi	r12,((LC7_LF0)>>16)&0xffff
  246  000012ac  258c30d4	addui	r12,r12,(LC7_LF0)&0xffff
  247  000012b0  afac0000	sw	(r29),r12
  248  000012b4  0c000314	jal	_Printf
  249  000012b8  54000000	nop; not filled.
  250  000012bc  0c0003c0	jal	_Exit
  251  000012c0  54000000	nop; not filled.
  252  000012c4  23bd0008	addi	r29,r29,#8
  253  000012c8          	L17_LF0:
  254  000012c8  0c000360	jal	_lock_create
  255  000012cc  54000000	nop; not filled.
  256  000012d0  00011020	add	r2,r0,r1
  257  000012d4  6041ffff	seqi	r1,r2,#-1
  258  000012d8  1020004c	beqz	r1,L18_LF0
  259  000012dc  54000000	nop; not filled.
  260  000012e0  23bdfff8	addi	r29,r29,#-8
  261  000012e4  3c0c0000	lhi	r12,((LC8_LF0)>>16)&0xffff
  262  000012e8  258c30d8	addui	r12,r12,(LC8_LF0)&0xffff
  263  000012ec  afac0000	sw	(r29),r12
  264  000012f0  0c0002d8	jal	_Printf
  265  000012f4  54000000	nop; not filled.
  266  000012f8  8d4c0000	lw	r12,(r10)
  267  000012fc  afac0000	sw	(r29),r12
  268  00001300  0c0002c8	jal	_Printf
  269  00001304  54000000	nop; not filled.
  270  00001308  3c0c0000	lhi	r12,((LC7_LF0)>>16)&0xffff
  271  0000130c  258c30d4	addui	r12,r12,(LC7_LF0)&0xffff
  272  00001310  afac0000	sw	(r29),r12
  273  00001314  0c0002b4	jal	_Printf
  274  00001318  54000000	nop; not filled.
  275  0000131c  0c000360	jal	_Exit
  276  00001320  54000000	nop; not filled.
  277  00001324  23bd0008	addi	r29,r29,#8
  278  00001328          	L18_LF0:
  279  00001328  23bdfff8	addi	r29,r29,#-8
  280  0000132c  afa20000	sw	(r29),r2
  281  00001330  0c00031c	jal	_cond_create
  282  00001334  54000000	nop; not filled.
  283  00001338  00013820	add	r7,r0,r1
  284  0000133c  23bd0008	addi	r29,r29,#8
  285  00001340  60e1ffff	seqi	r1,r7,#-1
  286  00001344  1020004c	beqz	r1,L19_LF0
  287  00001348  54000000	nop; not filled.
  288  0000134c  23bdfff8	addi	r29,r29,#-8
  289  00001350  3c0c0000	lhi	r12,((LC9_LF0)>>16)&0xffff
  290  00001354  258c30ec	addui	r12,r12,(LC9_LF0)&0xffff
  291  00001358  afac0000	sw	(r29),r12
  292  0000135c  0c00026c	jal	_Printf
  293  00001360  54000000	nop; not filled.
  294  00001364  8d4c0000	lw	r12,(r10)
  295  00001368  afac0000	sw	(r29),r12
  296  0000136c  0c00025c	jal	_Printf
  297  00001370  54000000	nop; not filled.
  298  00001374  3c0c0000	lhi	r12,((LC7_LF0)>>16)&0xffff
  299  00001378  258c30d4	addui	r12,r12,(LC7_LF0)&0xffff
  300  0000137c  afac0000	sw	(r29),r12
  301  00001380  0c000248	jal	_Printf
  302  00001384  54000000	nop; not filled.
  303  00001388  0c0002f4	jal	_Exit
  304  0000138c  54000000	nop; not filled.
  305  00001390  23bd0008	addi	r29,r29,#8
  306  00001394          	L19_LF0:
  307  00001394  23bdfff8	addi	r29,r29,#-8
  308  00001398  afa20000	sw	(r29),r2
  309  0000139c  0c0002b0	jal	_cond_create
  310  000013a0  54000000	nop; not filled.
  311  000013a4  00011820	add	r3,r0,r1
  312  000013a8  23bd0008	addi	r29,r29,#8
  313  000013ac  6061ffff	seqi	r1,r3,#-1
  314  000013b0  1020004c	beqz	r1,L20_LF0
  315  000013b4  54000000	nop; not filled.
  316  000013b8  23bdfff8	addi	r29,r29,#-8
  317  000013bc  3c0c0000	lhi	r12,((LC9_LF0)>>16)&0xffff
  318  000013c0  258c30ec	addui	r12,r12,(LC9_LF0)&0xffff
  319  000013c4  afac0000	sw	(r29),r12
  320  000013c8  0c000200	jal	_Printf
  321  000013cc  54000000	nop; not filled.
  322  000013d0  8d4c0000	lw	r12,(r10)
  323  000013d4  afac0000	sw	(r29),r12
  324  000013d8  0c0001f0	jal	_Printf
  325  000013dc  54000000	nop; not filled.
  326  000013e0  3c0c0000	lhi	r12,((LC7_LF0)>>16)&0xffff
  327  000013e4  258c30d4	addui	r12,r12,(LC7_LF0)&0xffff
  328  000013e8  afac0000	sw	(r29),r12
  329  000013ec  0c0001dc	jal	_Printf
  330  000013f0  54000000	nop; not filled.
  331  000013f4  0c000288	jal	_Exit
  332  000013f8  54000000	nop; not filled.
  333  000013fc  23bd0008	addi	r29,r29,#8
  334  00001400          	L20_LF0:
  335  00001400  23bdfff8	addi	r29,r29,#-8
  336  00001404  afa40000	sw	(r29),r4
  337  00001408  23c8ffe8	addi	r8,r30,#-24
  338  0000140c  afa80004	sw	4(r29),r8
  339  00001410  0c00098c	jal	_ditoa
  340  00001414  54000000	nop; not filled.
  341  00001418  afa90000	sw	(r29),r9
  342  0000141c  23c6ffd8	addi	r6,r30,#-40
  343  00001420  afa60004	sw	4(r29),r6
  344  00001424  0c000978	jal	_ditoa
  345  00001428  54000000	nop; not filled.
  346  0000142c  afa20000	sw	(r29),r2
  347  00001430  23c5ffc8	addi	r5,r30,#-56
  348  00001434  afa50004	sw	4(r29),r5
  349  00001438  0c000964	jal	_ditoa
  350  0000143c  54000000	nop; not filled.
  351  00001440  afa70000	sw	(r29),r7
  352  00001444  23c4ffb8	addi	r4,r30,#-72
  353  00001448  afa40004	sw	4(r29),r4
  354  0000144c  0c000950	jal	_ditoa
  355  00001450  54000000	nop; not filled.
  356  00001454  afa30000	sw	(r29),r3
  357  00001458  23c3ffa8	addi	r3,r30,#-88
  358  0000145c  afa30004	sw	4(r29),r3
  359  00001460  0c00093c	jal	_ditoa
  360  00001464  54000000	nop; not filled.
  361  00001468  20020000	addi	r2,r0,#0
  362  0000146c  23bd0008	addi	r29,r29,#8
  363  00001470  5d7f0001	srai	r31,r11,#0x1
  364  00001474  005f082a	slt	r1,r2,r31
  365  00001478  10200090	beqz	r1,L22_LF0
  366  0000147c  54000000	nop; not filled.
  367  00001480  00063820	add	r7,r0,r6
  368  00001484  00083020	add	r6,r0,r8
  369  00001488  001f4020	add	r8,r0,r31
  370  0000148c          	L24_LF0:
  371  0000148c  23bdffe0	addi	r29,r29,#-32
  372  00001490  3c0c0000	lhi	r12,((LC10_LF0)>>16)&0xffff
  373  00001494  258c3100	addui	r12,r12,(LC10_LF0)&0xffff
  374  00001498  afac0000	sw	(r29),r12
  375  0000149c  afa70004	sw	4(r29),r7
  376  000014a0  afa60008	sw	8(r29),r6
  377  000014a4  afa5000c	sw	12(r29),r5
  378  000014a8  afa40010	sw	16(r29),r4
  379  000014ac  afa30014	sw	20(r29),r3
  380  000014b0  200c0000	addi	r12,r0,#0
  381  000014b4  afac0018	sw	24(r29),r12
  382  000014b8  0c000128	jal	_process_create
  383  000014bc  54000000	nop; not filled.
  384  000014c0  23bd0020	addi	r29,r29,#32
  385  000014c4  23bdffe0	addi	r29,r29,#-32
  386  000014c8  3c0c0000	lhi	r12,((LC11_LF0)>>16)&0xffff
  387  000014cc  258c3114	addui	r12,r12,(LC11_LF0)&0xffff
  388  000014d0  afac0000	sw	(r29),r12
  389  000014d4  afa70004	sw	4(r29),r7
  390  000014d8  afa60008	sw	8(r29),r6
  391  000014dc  afa5000c	sw	12(r29),r5
  392  000014e0  afa40010	sw	16(r29),r4
  393  000014e4  afa30014	sw	20(r29),r3
  394  000014e8  200c0000	addi	r12,r0,#0
  395  000014ec  afac0018	sw	24(r29),r12
  396  000014f0  0c0000f0	jal	_process_create
  397  000014f4  54000000	nop; not filled.
  398  000014f8  23bd0020	addi	r29,r29,#32
  399  000014fc  20420001	addi	r2,r2,#1
  400  00001500  0048082a	slt	r1,r2,r8
  401  00001504  1420ff84	bnez	r1,L24_LF0
  402  00001508  54000000	nop; not filled.
  403  0000150c          	L22_LF0:
  404  0000150c  23bdfff8	addi	r29,r29,#-8
  405  00001510  afa90000	sw	(r29),r9
  406  00001514  0c0000fc	jal	_sem_wait
  407  00001518  54000000	nop; not filled.
  408  0000151c  23bd0008	addi	r29,r29,#8
  409  00001520  64210001	snei	r1,r1,#1
  410  00001524  10200050	beqz	r1,L26_LF0
  411  00001528  54000000	nop; not filled.
  412  0000152c  23bdfff8	addi	r29,r29,#-8
  413  00001530  3c0c0000	lhi	r12,((LC12_LF0)>>16)&0xffff
  414  00001534  258c3128	addui	r12,r12,(LC12_LF0)&0xffff
  415  00001538  afac0000	sw	(r29),r12
  416  0000153c  afa90004	sw	4(r29),r9
  417  00001540  0c000088	jal	_Printf
  418  00001544  54000000	nop; not filled.
  419  00001548  8d4a0000	lw	r10,(r10)
  420  0000154c  afaa0000	sw	(r29),r10
  421  00001550  0c000078	jal	_Printf
  422  00001554  54000000	nop; not filled.
  423  00001558  3c0c0000	lhi	r12,((LC7_LF0)>>16)&0xffff
  424  0000155c  258c30d4	addui	r12,r12,(LC7_LF0)&0xffff
  425  00001560  afac0000	sw	(r29),r12
  426  00001564  0c000064	jal	_Printf
  427  00001568  54000000	nop; not filled.
  428  0000156c  0c000110	jal	_Exit
  429  00001570  54000000	nop; not filled.
  430  00001574  23bd0008	addi	r29,r29,#8
  431  00001578          	L26_LF0:
  432  00001578  20010000	addi	r1,r0,#0
  433  0000157c  0c000e48	jal	_exit
  434  00001580  54000000	nop
  435  00001584          	.endproc _main
  436                      ;;;
  437                      ;;; Stub functions for DLX traps.
  438                      ;;;
  439                      ;;; Ethan L. Miller, 1999.  Released to the public domain.
  440                      ;;;
  441                      ;;; The traps such as Open and Close
  442                      ;;; (note the capital letters) are for use by user programs.  The traps
  443                      ;;; with names such as open and close (lower case) are for use by the OS.
  444                      ;;;
  447  00001584          	.align 2
  449                      ;;; The following are the traps to be used by user-level programs
  450                      ;;;
  452  00001584          	.align 2
  453  00001584          	.proc _Open
  454  00001584          	.global _Open
  455  00001584          	_Open:
  456                      ;;; Note that trap #0x213 actually causes a trap vector in the OS of
  457                      ;;; 0x1213.  The same is true for other user traps.  Thus, a user trap
  458                      ;;; with trap #0x240 will result in a trap vector of 0x1240 in the OS.
  459  00001584  44000213	trap	#0x213
  460  00001588  4be00000	jr	r31
  461  0000158c  54000000	nop
  462  00001590          	.endproc _Open
  464  00001590          	.proc _Close
  465  00001590          	.global _Close
  466  00001590          	_Close:
  467  00001590  44000214	trap	#0x214
  468  00001594  4be00000	jr	r31
  469  00001598  54000000	nop
  470  0000159c          	.endproc _Close
  472  0000159c          	.proc _Read
  473  0000159c          	.global _Read
  474  0000159c          	_Read:
  475  0000159c  44000210	trap	#0x210
  476  000015a0  4be00000	jr	r31
  477  000015a4  54000000	nop
  478  000015a8          	.endproc _Read
  480  000015a8          	.proc _Write
  481  000015a8          	.global _Write
  482  000015a8          	_Write:
  483  000015a8  44000211	trap	#0x211
  484  000015ac  4be00000	jr	r31
  485  000015b0  54000000	nop
  486  000015b4          	.endproc _Write
  488  000015b4          	.proc _Lseek
  489  000015b4          	.global _Lseek
  490  000015b4          	_Lseek:
  491  000015b4  44000212	trap	#0x212
  492  000015b8  4be00000	jr	r31
  493  000015bc  54000000	nop
  494  000015c0          	.endproc _Lseek
  496  000015c0          	.proc _Putchar
  497  000015c0          	.global _Putchar
  498  000015c0          	_Putchar:
  499  000015c0  44000280	trap	#0x280
  500  000015c4  4be00000	jr	r31
  501  000015c8  54000000	nop
  502  000015cc          	.endproc _Putchar
  504  000015cc          	.proc _Printf
  505  000015cc          	.global _Printf
  506  000015cc          	_Printf:
  507  000015cc  44000201	trap	#0x201
  508  000015d0  4be00000	jr	r31
  509  000015d4  54000000	nop
  510  000015d8          	.endproc _Printf
  512  000015d8          	.proc _getpid
  513  000015d8          	.global _getpid
  514  000015d8          	_getpid:
  515  000015d8  44000431	trap	#0x431
  516  000015dc  4be00000	jr	r31
  517  000015e0  54000000	nop
  518  000015e4          	.endproc _getpid
  520  000015e4          	.proc _process_create
  521  000015e4          	.global _process_create
  522  000015e4          	_process_create:
  523  000015e4  44000432	trap	#0x432
  524  000015e8  4be00000	jr	r31
  525  000015ec  54000000	nop
  526  000015f0          	.endproc _process_create
  528  000015f0          	.proc _shmget
  529  000015f0          	.global _shmget
  530  000015f0          	_shmget:
  531  000015f0  44000440	trap	#0x440
  532  000015f4  4be00000	jr	r31
  533  000015f8  54000000	nop
  534  000015fc          	.endproc _shmget
  536  000015fc          	.proc _shmat
  537  000015fc          	.global _shmat
  538  000015fc          	_shmat:
  539  000015fc  44000441	trap	#0x441
  540  00001600  4be00000	jr	r31
  541  00001604  54000000	nop
  542  00001608          	.endproc _shmat
  544  00001608          	.proc _sem_create
  545  00001608          	.global _sem_create
  546  00001608          	_sem_create:
  547  00001608  44000450	trap	#0x450
  548  0000160c  4be00000	jr	r31
  549  00001610  54000000	nop
  550  00001614          	.endproc _sem_create
  552  00001614          	.proc _sem_wait
  553  00001614          	.global _sem_wait
  554  00001614          	_sem_wait:
  555  00001614  44000451	trap	#0x451
  556  00001618  4be00000	jr	r31
  557  0000161c  54000000	nop
  558  00001620          	.endproc _sem_wait
  560  00001620          	.proc _sem_signal
  561  00001620          	.global _sem_signal
  562  00001620          	_sem_signal:
  563  00001620  44000452	trap	#0x452
  564  00001624  4be00000	jr	r31
  565  00001628  54000000	nop
  566  0000162c          	.endproc _sem_signal
  568  0000162c          	.proc _lock_create
  569  0000162c          	.global _lock_create
  570  0000162c          	_lock_create:
  571  0000162c  44000453	trap	#0x453
  572  00001630  4be00000	jr	r31
  573  00001634  54000000	nop
  574  00001638          	.endproc _lock_create
  576  00001638          	.proc _lock_acquire
  577  00001638          	.global _lock_acquire
  578  00001638          	_lock_acquire:
  579  00001638  44000454	trap	#0x454
  580  0000163c  4be00000	jr	r31
  581  00001640  54000000	nop
  582  00001644          	.endproc _lock_acquire
  584  00001644          	.proc _lock_release
  585  00001644          	.global _lock_release
  586  00001644          	_lock_release:
  587  00001644  44000455	trap	#0x455
  588  00001648  4be00000	jr	r31
  589  0000164c  54000000	nop
  590  00001650          	.endproc _lock_release
  592  00001650          	.proc _cond_create
  593  00001650          	.global _cond_create
  594  00001650          	_cond_create:
  595  00001650  44000456	trap	#0x456
  596  00001654  4be00000	jr	r31
  597  00001658  54000000	nop
  598  0000165c          	.endproc _cond_create
  600  0000165c          	.proc _cond_wait
  601  0000165c          	.global _cond_wait
  602  0000165c          	_cond_wait:
  603  0000165c  44000457	trap	#0x457
  604  00001660  4be00000	jr	r31
  605  00001664  54000000	nop
  606  00001668          	.endproc _cond_wait
  608  00001668          	.proc _cond_signal
  609  00001668          	.global _cond_signal
  610  00001668          	_cond_signal:
  611  00001668  44000458	trap	#0x458
  612  0000166c  4be00000	jr	r31
  613  00001670  54000000	nop
  614  00001674          	.endproc _cond_signal
  616  00001674          	.proc _cond_broadcast
  617  00001674          	.global _cond_broadcast
  618  00001674          	_cond_broadcast:
  619  00001674  44000459	trap	#0x459
  620  00001678  4be00000	jr	r31
  621  0000167c  54000000	nop
  622  00001680          	.endproc _cond_broadcast
  624  00001680          	.proc _Exit
  625  00001680          	.global _Exit
  626  00001680          	_Exit:
  627  00001680  44000500	trap	#0x500
  628  00001684  4be00000	jr	r31
  629  00001688  54000000	nop
  630  0000168c          	.endproc _Exit
  631                      ; Compiled by GCC
  633  0000168c          	.align 2
  634  0000168c          	.proc _isspace
  635  0000168c          	.global _isspace
  636  0000168c          	_isspace:
  637                      ;  Function 'isspace'; 0 bytes of locals, 3 regs to save.
  638  0000168c  afbefffc	sw	-4(r29),r30; push fp
  639  00001690  001df020	add	r30,r0,r29; fp = sp
  640  00001694  afbffff8	sw	-8(r29),r31; push ret addr
  641  00001698  2fbd0018	subui	r29,r29,#24; alloc local storage
  642  0000169c  afa20000	sw	0(r29),r2
  643  000016a0  afa30004	sw	4(r29),r3
  644  000016a4  afa40008	sw	8(r29),r4
  645  000016a8  83c20003	lb	r2,3(r30)
  646  000016ac  20010000	addi	r1,r0,#0
  647  000016b0  304300ff	andi	r3,r2,#0x00ff
  648  000016b4  60640020	seqi	r4,r3,#32
  649  000016b8  1480002c	bnez	r4,L3_LF2
  650  000016bc  54000000	nop; delay slot nop
  651  000016c0  304300ff	andi	r3,r2,#0x00ff
  652  000016c4  60640009	seqi	r4,r3,#9
  653  000016c8  1480001c	bnez	r4,L3_LF2
  654  000016cc  54000000	nop; delay slot nop
  655  000016d0  304300ff	andi	r3,r2,#0x00ff
  656  000016d4  6064000a	seqi	r4,r3,#10
  657  000016d8  1480000c	bnez	r4,L3_LF2
  658  000016dc  54000000	nop; delay slot nop
  659  000016e0  08000008	j	L2_LF2
  660  000016e4  54000000	nop; delay slot nop
  661  000016e8          	L3_LF2:
  662  000016e8  20010001	addi	r1,r0,#1
  663  000016ec          	L2_LF2:
  664  000016ec  08000004	j	L1_LF2
  665  000016f0  54000000	nop; delay slot nop
  666  000016f4          	L1_LF2:
  667  000016f4  8fa20000	lw	r2,0(r29)
  668  000016f8  8fa30004	lw	r3,4(r29)
  669  000016fc  8fa40008	lw	r4,8(r29)
  670  00001700  8fdffff8	lw	r31,-8(r30)
  671  00001704  001ee820	add	r29,r0,r30
  672  00001708  8fdefffc	lw	r30,-4(r30)
  673  0000170c  4be00000	jr	r31
  674  00001710  54000000	nop
  675  00001714          	.endproc _isspace
  676  00001714          	.align 2
  677  00001714          	.proc _isxdigit
  678  00001714          	.global _isxdigit
  679  00001714          	_isxdigit:
  680                      ;  Function 'isxdigit'; 0 bytes of locals, 3 regs to save.
  681  00001714  afbefffc	sw	-4(r29),r30; push fp
  682  00001718  001df020	add	r30,r0,r29; fp = sp
  683  0000171c  afbffff8	sw	-8(r29),r31; push ret addr
  684  00001720  2fbd0018	subui	r29,r29,#24; alloc local storage
  685  00001724  afa20000	sw	0(r29),r2
  686  00001728  afa30004	sw	4(r29),r3
  687  0000172c  afa40008	sw	8(r29),r4
  688  00001730  83c20003	lb	r2,3(r30)
  689  00001734  20010000	addi	r1,r0,#0
  690  00001738  304300ff	andi	r3,r2,#0x00ff
  691  0000173c  6c64002f	sgtui	r4,r3,#47
  692  00001740  1080001c	beqz	r4,L7_LF2
  693  00001744  54000000	nop; delay slot nop
  694  00001748  304300ff	andi	r3,r2,#0x00ff
  695  0000174c  70640039	sleui	r4,r3,#57
  696  00001750  1480005c	bnez	r4,L6_LF2
  697  00001754  54000000	nop; delay slot nop
  698  00001758  08000004	j	L7_LF2
  699  0000175c  54000000	nop; delay slot nop
  700  00001760          	L7_LF2:
  701  00001760  304300ff	andi	r3,r2,#0x00ff
  702  00001764  6c640060	sgtui	r4,r3,#96
  703  00001768  1080001c	beqz	r4,L8_LF2
  704  0000176c  54000000	nop; delay slot nop
  705  00001770  304300ff	andi	r3,r2,#0x00ff
  706  00001774  70640066	sleui	r4,r3,#102
  707  00001778  14800034	bnez	r4,L6_LF2
  708  0000177c  54000000	nop; delay slot nop
  709  00001780  08000004	j	L8_LF2
  710  00001784  54000000	nop; delay slot nop
  711  00001788          	L8_LF2:
  712  00001788  304300ff	andi	r3,r2,#0x00ff
  713  0000178c  6c640040	sgtui	r4,r3,#64
  714  00001790  10800020	beqz	r4,L5_LF2
  715  00001794  54000000	nop; delay slot nop
  716  00001798  304300ff	andi	r3,r2,#0x00ff
  717  0000179c  70640041	sleui	r4,r3,#65
  718  000017a0  1480000c	bnez	r4,L6_LF2
  719  000017a4  54000000	nop; delay slot nop
  720  000017a8  08000008	j	L5_LF2
  721  000017ac  54000000	nop; delay slot nop
  722  000017b0          	L6_LF2:
  723  000017b0  20010001	addi	r1,r0,#1
  724  000017b4          	L5_LF2:
  725  000017b4  08000004	j	L4_LF2
  726  000017b8  54000000	nop; delay slot nop
  727  000017bc          	L4_LF2:
  728  000017bc  8fa20000	lw	r2,0(r29)
  729  000017c0  8fa30004	lw	r3,4(r29)
  730  000017c4  8fa40008	lw	r4,8(r29)
  731  000017c8  8fdffff8	lw	r31,-8(r30)
  732  000017cc  001ee820	add	r29,r0,r30
  733  000017d0  8fdefffc	lw	r30,-4(r30)
  734  000017d4  4be00000	jr	r31
  735  000017d8  54000000	nop
  736  000017dc          	.endproc _isxdigit
  737  000017dc          	.align 2
  738  000017dc          	.proc _dstrcpy
  739  000017dc          	.global _dstrcpy
  740  000017dc          	_dstrcpy:
  741                      ;  Function 'dstrcpy'; 8 bytes of locals, 2 regs to save.
  742  000017dc  afbefffc	sw	-4(r29),r30; push fp
  743  000017e0  001df020	add	r30,r0,r29; fp = sp
  744  000017e4  afbffff8	sw	-8(r29),r31; push ret addr
  745  000017e8  2fbd0018	subui	r29,r29,#24; alloc local storage
  746  000017ec  afa20000	sw	0(r29),r2
  747  000017f0  afa30004	sw	4(r29),r3
  748  000017f4  8fc10000	lw	r1,(r30)
  749  000017f8  afc1fff4	sw	-12(r30),r1
  750  000017fc          	L10_LF2:
  751  000017fc  8fc10000	lw	r1,(r30)
  752  00001800  20220001	addi	r2,r1,#1
  753  00001804  afc20000	sw	(r30),r2
  754  00001808  8fc20004	lw	r2,4(r30)
  755  0000180c  20430001	addi	r3,r2,#1
  756  00001810  afc30004	sw	4(r30),r3
  757  00001814  80420000	lb	r2,(r2)
  758  00001818  a0220000	sb	(r1),r2
  759  0000181c  a3c2fff3	sb	-13(r30),r2
  760  00001820          	L12_LF2:
  761  00001820  93c1fff3	lbu	r1,-13(r30)
  762  00001824  64220000	snei	r2,r1,#0
  763  00001828  1440000c	bnez	r2,L13_LF2
  764  0000182c  54000000	nop; delay slot nop
  765  00001830  0800000c	j	L11_LF2
  766  00001834  54000000	nop; delay slot nop
  767  00001838          	L13_LF2:
  768  00001838  0bffffc0	j	L10_LF2
  769  0000183c  54000000	nop; delay slot nop
  770  00001840          	L11_LF2:
  771  00001840  8fc1fff4	lw	r1,-12(r30)
  772  00001844  08000004	j	L9_LF2
  773  00001848  54000000	nop; delay slot nop
  774  0000184c          	L9_LF2:
  775  0000184c  8fa20000	lw	r2,0(r29)
  776  00001850  8fa30004	lw	r3,4(r29)
  777  00001854  8fdffff8	lw	r31,-8(r30)
  778  00001858  001ee820	add	r29,r0,r30
  779  0000185c  8fdefffc	lw	r30,-4(r30)
  780  00001860  4be00000	jr	r31
  781  00001864  54000000	nop
  782  00001868          	.endproc _dstrcpy
  783  00001868          	.align 2
  784  00001868          	.proc _dstrncpy
  785  00001868          	.global _dstrncpy
  786  00001868          	_dstrncpy:
  787                      ;  Function 'dstrncpy'; 8 bytes of locals, 2 regs to save.
  788  00001868  afbefffc	sw	-4(r29),r30; push fp
  789  0000186c  001df020	add	r30,r0,r29; fp = sp
  790  00001870  afbffff8	sw	-8(r29),r31; push ret addr
  791  00001874  2fbd0018	subui	r29,r29,#24; alloc local storage
  792  00001878  afa20000	sw	0(r29),r2
  793  0000187c  afa30004	sw	4(r29),r3
  794  00001880  8fc10000	lw	r1,(r30)
  795  00001884  afc1fff4	sw	-12(r30),r1
  796  00001888          	L15_LF2:
  797  00001888  8fc10008	lw	r1,8(r30)
  798  0000188c  2022ffff	addi	r2,r1,#-1
  799  00001890  afc20008	sw	8(r30),r2
  800  00001894  70210000	slei	r1,r1,#0
  801  00001898  1020000c	beqz	r1,L18_LF2
  802  0000189c  54000000	nop; delay slot nop
  803  000018a0  08000048	j	L16_LF2
  804  000018a4  54000000	nop; delay slot nop
  805  000018a8          	L18_LF2:
  806  000018a8  8fc10000	lw	r1,(r30)
  807  000018ac  20220001	addi	r2,r1,#1
  808  000018b0  afc20000	sw	(r30),r2
  809  000018b4  8fc20004	lw	r2,4(r30)
  810  000018b8  20430001	addi	r3,r2,#1
  811  000018bc  afc30004	sw	4(r30),r3
  812  000018c0  80420000	lb	r2,(r2)
  813  000018c4  a0220000	sb	(r1),r2
  814  000018c8  a3c2fff3	sb	-13(r30),r2
  815  000018cc          	L17_LF2:
  816  000018cc  93c1fff3	lbu	r1,-13(r30)
  817  000018d0  64220000	snei	r2,r1,#0
  818  000018d4  1440000c	bnez	r2,L19_LF2
  819  000018d8  54000000	nop; delay slot nop
  820  000018dc  0800000c	j	L16_LF2
  821  000018e0  54000000	nop; delay slot nop
  822  000018e4          	L19_LF2:
  823  000018e4  0bffffa0	j	L15_LF2
  824  000018e8  54000000	nop; delay slot nop
  825  000018ec          	L16_LF2:
  826  000018ec  8fc1fff4	lw	r1,-12(r30)
  827  000018f0  08000004	j	L14_LF2
  828  000018f4  54000000	nop; delay slot nop
  829  000018f8          	L14_LF2:
  830  000018f8  8fa20000	lw	r2,0(r29)
  831  000018fc  8fa30004	lw	r3,4(r29)
  832  00001900  8fdffff8	lw	r31,-8(r30)
  833  00001904  001ee820	add	r29,r0,r30
  834  00001908  8fdefffc	lw	r30,-4(r30)
  835  0000190c  4be00000	jr	r31
  836  00001910  54000000	nop
  837  00001914          	.endproc _dstrncpy
  838  00001914          	.align 2
  839  00001914          	.proc _dstrcat
  840  00001914          	.global _dstrcat
  841  00001914          	_dstrcat:
  842                      ;  Function 'dstrcat'; 8 bytes of locals, 1 regs to save.
  843  00001914  afbefffc	sw	-4(r29),r30; push fp
  844  00001918  001df020	add	r30,r0,r29; fp = sp
  845  0000191c  afbffff8	sw	-8(r29),r31; push ret addr
  846  00001920  2fbd0018	subui	r29,r29,#24; alloc local storage
  847  00001924  afa20000	sw	0(r29),r2
  848  00001928  8fc10000	lw	r1,(r30)
  849  0000192c  afc1fff4	sw	-12(r30),r1
  850  00001930          	L21_LF2:
  851  00001930  8fc10000	lw	r1,(r30)
  852  00001934  90220000	lbu	r2,(r1)
  853  00001938  64410000	snei	r1,r2,#0
  854  0000193c  1420000c	bnez	r1,L23_LF2
  855  00001940  54000000	nop; delay slot nop
  856  00001944  0800001c	j	L22_LF2
  857  00001948  54000000	nop; delay slot nop
  858  0000194c          	L23_LF2:
  859  0000194c  8fc20000	lw	r2,(r30)
  860  00001950  20410001	addi	r1,r2,#1
  861  00001954  00011020	add	r2,r0,r1
  862  00001958  afc20000	sw	(r30),r2
  863  0000195c  0bffffd0	j	L21_LF2
  864  00001960  54000000	nop; delay slot nop
  865  00001964          	L22_LF2:
  866  00001964  23bdfff8	addi	r29,r29,#-8
  867  00001968  001d0820	add	r1,r0,r29
  868  0000196c  8fc20000	lw	r2,(r30)
  869  00001970  ac220000	sw	(r1),r2
  870  00001974  8fc20004	lw	r2,4(r30)
  871  00001978  ac220004	sw	4(r1),r2
  872  0000197c  0ffffe5c	jal	_dstrcpy
  873  00001980  54000000	nop; delay slot nop
  874  00001984  23bd0008	addi	r29,r29,#8
  875  00001988  8fc1fff4	lw	r1,-12(r30)
  876  0000198c  08000004	j	L20_LF2
  877  00001990  54000000	nop; delay slot nop
  878  00001994          	L20_LF2:
  879  00001994  8fa20000	lw	r2,0(r29)
  880  00001998  8fdffff8	lw	r31,-8(r30)
  881  0000199c  001ee820	add	r29,r0,r30
  882  000019a0  8fdefffc	lw	r30,-4(r30)
  883  000019a4  4be00000	jr	r31
  884  000019a8  54000000	nop
  885  000019ac          	.endproc _dstrcat
  886  000019ac          	.align 2
  887  000019ac          	.proc _dstrncmp
  888  000019ac          	.global _dstrncmp
  889  000019ac          	_dstrncmp:
  890                      ;  Function 'dstrncmp'; 8 bytes of locals, 2 regs to save.
  891  000019ac  afbefffc	sw	-4(r29),r30; push fp
  892  000019b0  001df020	add	r30,r0,r29; fp = sp
  893  000019b4  afbffff8	sw	-8(r29),r31; push ret addr
  894  000019b8  2fbd0018	subui	r29,r29,#24; alloc local storage
  895  000019bc  afa20000	sw	0(r29),r2
  896  000019c0  afa30004	sw	4(r29),r3
  897  000019c4  54000000	nop
  898  000019c8  20010000	addi	r1,r0,#0
  899  000019cc  afc1fff4	sw	-12(r30),r1
  900  000019d0          	L25_LF2:
  901  000019d0  8fc1fff4	lw	r1,-12(r30)
  902  000019d4  8fc20008	lw	r2,8(r30)
  903  000019d8  0022082a	slt	r1,r1,r2
  904  000019dc  1420000c	bnez	r1,L28_LF2
  905  000019e0  54000000	nop; delay slot nop
  906  000019e4  08000088	j	L26_LF2
  907  000019e8  54000000	nop; delay slot nop
  908  000019ec          	L28_LF2:
  909  000019ec  8fc10004	lw	r1,4(r30)
  910  000019f0  90220000	lbu	r2,(r1)
  911  000019f4  64410000	snei	r1,r2,#0
  912  000019f8  14200018	bnez	r1,L29_LF2
  913  000019fc  54000000	nop; delay slot nop
  914  00001a00  20010000	addi	r1,r0,#0
  915  00001a04  080000d8	j	L24_LF2
  916  00001a08  54000000	nop; delay slot nop
  917  00001a0c  08000028	j	L30_LF2
  918  00001a10  54000000	nop; delay slot nop
  919  00001a14          	L29_LF2:
  920  00001a14  8fc10000	lw	r1,(r30)
  921  00001a18  8fc20004	lw	r2,4(r30)
  922  00001a1c  90210000	lbu	r1,(r1)
  923  00001a20  90420000	lbu	r2,(r2)
  924  00001a24  00220829	sne	r1,r1,r2
  925  00001a28  1020000c	beqz	r1,L30_LF2
  926  00001a2c  54000000	nop; delay slot nop
  927  00001a30  0800003c	j	L26_LF2
  928  00001a34  54000000	nop; delay slot nop
  929  00001a38          	L31_LF2:
  930  00001a38          	L30_LF2:
  931  00001a38  8fc20000	lw	r2,(r30)
  932  00001a3c  20410001	addi	r1,r2,#1
  933  00001a40  00011020	add	r2,r0,r1
  934  00001a44  afc20000	sw	(r30),r2
  935  00001a48  8fc20004	lw	r2,4(r30)
  936  00001a4c  20410001	addi	r1,r2,#1
  937  00001a50  00011020	add	r2,r0,r1
  938  00001a54  afc20004	sw	4(r30),r2
  939  00001a58          	L27_LF2:
  940  00001a58  8fc2fff4	lw	r2,-12(r30)
  941  00001a5c  20410001	addi	r1,r2,#1
  942  00001a60  00011020	add	r2,r0,r1
  943  00001a64  afc2fff4	sw	-12(r30),r2
  944  00001a68  0bffff64	j	L25_LF2
  945  00001a6c  54000000	nop; delay slot nop
  946  00001a70          	L26_LF2:
  947  00001a70  8fc1fff4	lw	r1,-12(r30)
  948  00001a74  8fc20008	lw	r2,8(r30)
  949  00001a78  00220828	seq	r1,r1,r2
  950  00001a7c  10200018	beqz	r1,L32_LF2
  951  00001a80  54000000	nop; delay slot nop
  952  00001a84  20010000	addi	r1,r0,#0
  953  00001a88  08000054	j	L24_LF2
  954  00001a8c  54000000	nop; delay slot nop
  955  00001a90  0800004c	j	L33_LF2
  956  00001a94  54000000	nop; delay slot nop
  957  00001a98          	L32_LF2:
  958  00001a98  8fc20000	lw	r2,(r30)
  959  00001a9c  90410000	lbu	r1,(r2)
  960  00001aa0  8fc20004	lw	r2,4(r30)
  961  00001aa4  90430000	lbu	r3,(r2)
  962  00001aa8  00230822	sub	r1,r1,r3
  963  00001aac  74220000	sgei	r2,r1,#0
  964  00001ab0  10400020	beqz	r2,L34_LF2
  965  00001ab4  54000000	nop; delay slot nop
  966  00001ab8  8fc10000	lw	r1,(r30)
  967  00001abc  8fc20004	lw	r2,4(r30)
  968  00001ac0  90210000	lbu	r1,(r1)
  969  00001ac4  90420000	lbu	r2,(r2)
  970  00001ac8  00220829	sne	r1,r1,r2
  971  00001acc  08000008	j	L35_LF2
  972  00001ad0  54000000	nop; delay slot nop
  973  00001ad4          	L34_LF2:
  974  00001ad4  2001ffff	addi	r1,r0,#-1
  975  00001ad8          	L35_LF2:
  976  00001ad8  08000004	j	L24_LF2
  977  00001adc  54000000	nop; delay slot nop
  978  00001ae0          	L33_LF2:
  979  00001ae0          	L24_LF2:
  980  00001ae0  8fa20000	lw	r2,0(r29)
  981  00001ae4  8fa30004	lw	r3,4(r29)
  982  00001ae8  8fdffff8	lw	r31,-8(r30)
  983  00001aec  001ee820	add	r29,r0,r30
  984  00001af0  8fdefffc	lw	r30,-4(r30)
  985  00001af4  4be00000	jr	r31
  986  00001af8  54000000	nop
  987  00001afc          	.endproc _dstrncmp
  988  00001afc          	.align 2
  989  00001afc          	.proc _dstrlen
  990  00001afc          	.global _dstrlen
  991  00001afc          	_dstrlen:
  992                      ;  Function 'dstrlen'; 8 bytes of locals, 1 regs to save.
  993  00001afc  afbefffc	sw	-4(r29),r30; push fp
  994  00001b00  001df020	add	r30,r0,r29; fp = sp
  995  00001b04  afbffff8	sw	-8(r29),r31; push ret addr
  996  00001b08  2fbd0018	subui	r29,r29,#24; alloc local storage
  997  00001b0c  afa20000	sw	0(r29),r2
  998  00001b10  20010000	addi	r1,r0,#0
  999  00001b14  afc1fff4	sw	-12(r30),r1
 1000  00001b18          	L37_LF2:
 1001  00001b18  8fc10000	lw	r1,(r30)
 1002  00001b1c  20220001	addi	r2,r1,#1
 1003  00001b20  afc20000	sw	(r30),r2
 1004  00001b24  90210000	lbu	r1,(r1)
 1005  00001b28  64220000	snei	r2,r1,#0
 1006  00001b2c  1440000c	bnez	r2,L39_LF2
 1007  00001b30  54000000	nop; delay slot nop
 1008  00001b34  0800001c	j	L38_LF2
 1009  00001b38  54000000	nop; delay slot nop
 1010  00001b3c          	L39_LF2:
 1011  00001b3c  8fc2fff4	lw	r2,-12(r30)
 1012  00001b40  20410001	addi	r1,r2,#1
 1013  00001b44  00011020	add	r2,r0,r1
 1014  00001b48  afc2fff4	sw	-12(r30),r2
 1015  00001b4c  0bffffc8	j	L37_LF2
 1016  00001b50  54000000	nop; delay slot nop
 1017  00001b54          	L38_LF2:
 1018  00001b54  8fc1fff4	lw	r1,-12(r30)
 1019  00001b58  08000004	j	L36_LF2
 1020  00001b5c  54000000	nop; delay slot nop
 1021  00001b60          	L36_LF2:
 1022  00001b60  8fa20000	lw	r2,0(r29)
 1023  00001b64  8fdffff8	lw	r31,-8(r30)
 1024  00001b68  001ee820	add	r29,r0,r30
 1025  00001b6c  8fdefffc	lw	r30,-4(r30)
 1026  00001b70  4be00000	jr	r31
 1027  00001b74  54000000	nop
 1028  00001b78          	.endproc _dstrlen
 1029  00001b78          	.align 2
 1030  00001b78          	.proc _dstrstr
 1031  00001b78          	.global _dstrstr
 1032  00001b78          	_dstrstr:
 1033                      ;  Function 'dstrstr'; 8 bytes of locals, 1 regs to save.
 1034  00001b78  afbefffc	sw	-4(r29),r30; push fp
 1035  00001b7c  001df020	add	r30,r0,r29; fp = sp
 1036  00001b80  afbffff8	sw	-8(r29),r31; push ret addr
 1037  00001b84  2fbd0018	subui	r29,r29,#24; alloc local storage
 1038  00001b88  afa20000	sw	0(r29),r2
 1039  00001b8c  23bdfff8	addi	r29,r29,#-8
 1040  00001b90  001d0820	add	r1,r0,r29
 1041  00001b94  8fc20004	lw	r2,4(r30)
 1042  00001b98  ac220000	sw	(r1),r2
 1043  00001b9c  0fffff5c	jal	_dstrlen
 1044  00001ba0  54000000	nop; delay slot nop
 1045  00001ba4  23bd0008	addi	r29,r29,#8
 1046  00001ba8  afc1fff4	sw	-12(r30),r1
 1047  00001bac          	L41_LF2:
 1048  00001bac  8fc10000	lw	r1,(r30)
 1049  00001bb0  90220000	lbu	r2,(r1)
 1050  00001bb4  64410000	snei	r1,r2,#0
 1051  00001bb8  1420000c	bnez	r1,L43_LF2
 1052  00001bbc  54000000	nop; delay slot nop
 1053  00001bc0  08000060	j	L42_LF2
 1054  00001bc4  54000000	nop; delay slot nop
 1055  00001bc8          	L43_LF2:
 1056  00001bc8  23bdfff0	addi	r29,r29,#-16
 1057  00001bcc  001d0820	add	r1,r0,r29
 1058  00001bd0  8fc20000	lw	r2,(r30)
 1059  00001bd4  ac220000	sw	(r1),r2
 1060  00001bd8  8fc20004	lw	r2,4(r30)
 1061  00001bdc  ac220004	sw	4(r1),r2
 1062  00001be0  8fc2fff4	lw	r2,-12(r30)
 1063  00001be4  ac220008	sw	8(r1),r2
 1064  00001be8  0ffffdc0	jal	_dstrncmp
 1065  00001bec  54000000	nop; delay slot nop
 1066  00001bf0  23bd0010	addi	r29,r29,#16
 1067  00001bf4  64220000	snei	r2,r1,#0
 1068  00001bf8  14400010	bnez	r2,L44_LF2
 1069  00001bfc  54000000	nop; delay slot nop
 1070  00001c00  8fc10000	lw	r1,(r30)
 1071  00001c04  08000028	j	L40_LF2
 1072  00001c08  54000000	nop; delay slot nop
 1073  00001c0c          	L44_LF2:
 1074  00001c0c  8fc20000	lw	r2,(r30)
 1075  00001c10  20410001	addi	r1,r2,#1
 1076  00001c14  00011020	add	r2,r0,r1
 1077  00001c18  afc20000	sw	(r30),r2
 1078  00001c1c  0bffff8c	j	L41_LF2
 1079  00001c20  54000000	nop; delay slot nop
 1080  00001c24          	L42_LF2:
 1081  00001c24  20010000	addi	r1,r0,#0
 1082  00001c28  08000004	j	L40_LF2
 1083  00001c2c  54000000	nop; delay slot nop
 1084  00001c30          	L40_LF2:
 1085  00001c30  8fa20000	lw	r2,0(r29)
 1086  00001c34  8fdffff8	lw	r31,-8(r30)
 1087  00001c38  001ee820	add	r29,r0,r30
 1088  00001c3c  8fdefffc	lw	r30,-4(r30)
 1089  00001c40  4be00000	jr	r31
 1090  00001c44  54000000	nop
 1091  00001c48          	.endproc _dstrstr
 1092  00001c48          	.align 2
 1093  00001c48          	.proc _dmindex
 1094  00001c48          	.global _dmindex
 1095  00001c48          	_dmindex:
 1096                      ;  Function 'dmindex'; 8 bytes of locals, 1 regs to save.
 1097  00001c48  afbefffc	sw	-4(r29),r30; push fp
 1098  00001c4c  001df020	add	r30,r0,r29; fp = sp
 1099  00001c50  afbffff8	sw	-8(r29),r31; push ret addr
 1100  00001c54  2fbd0018	subui	r29,r29,#24; alloc local storage
 1101  00001c58  afa20000	sw	0(r29),r2
 1102  00001c5c  54000000	nop
 1103  00001c60          	L46_LF2:
 1104  00001c60  8fc10000	lw	r1,(r30)
 1105  00001c64  90220000	lbu	r2,(r1)
 1106  00001c68  64410000	snei	r1,r2,#0
 1107  00001c6c  1420000c	bnez	r1,L48_LF2
 1108  00001c70  54000000	nop; delay slot nop
 1109  00001c74  08000070	j	L47_LF2
 1110  00001c78  54000000	nop; delay slot nop
 1111  00001c7c          	L48_LF2:
 1112  00001c7c  8fc10004	lw	r1,4(r30)
 1113  00001c80  afc1fff4	sw	-12(r30),r1
 1114  00001c84          	L49_LF2:
 1115  00001c84  8fc1fff4	lw	r1,-12(r30)
 1116  00001c88  90220000	lbu	r2,(r1)
 1117  00001c8c  64410000	snei	r1,r2,#0
 1118  00001c90  1420000c	bnez	r1,L52_LF2
 1119  00001c94  54000000	nop; delay slot nop
 1120  00001c98  08000044	j	L50_LF2
 1121  00001c9c  54000000	nop; delay slot nop
 1122  00001ca0          	L52_LF2:
 1123  00001ca0  8fc10000	lw	r1,(r30)
 1124  00001ca4  8fc2fff4	lw	r2,-12(r30)
 1125  00001ca8  90210000	lbu	r1,(r1)
 1126  00001cac  90420000	lbu	r2,(r2)
 1127  00001cb0  00220828	seq	r1,r1,r2
 1128  00001cb4  10200010	beqz	r1,L51_LF2
 1129  00001cb8  54000000	nop; delay slot nop
 1130  00001cbc  8fc10000	lw	r1,(r30)
 1131  00001cc0  08000030	j	L45_LF2
 1132  00001cc4  54000000	nop; delay slot nop
 1133  00001cc8          	L53_LF2:
 1134  00001cc8          	L51_LF2:
 1135  00001cc8  8fc2fff4	lw	r2,-12(r30)
 1136  00001ccc  20410001	addi	r1,r2,#1
 1137  00001cd0  00011020	add	r2,r0,r1
 1138  00001cd4  afc2fff4	sw	-12(r30),r2
 1139  00001cd8  0bffffa8	j	L49_LF2
 1140  00001cdc  54000000	nop; delay slot nop
 1141  00001ce0          	L50_LF2:
 1142  00001ce0  0bffff7c	j	L46_LF2
 1143  00001ce4  54000000	nop; delay slot nop
 1144  00001ce8          	L47_LF2:
 1145  00001ce8  20010000	addi	r1,r0,#0
 1146  00001cec  08000004	j	L45_LF2
 1147  00001cf0  54000000	nop; delay slot nop
 1148  00001cf4          	L45_LF2:
 1149  00001cf4  8fa20000	lw	r2,0(r29)
 1150  00001cf8  8fdffff8	lw	r31,-8(r30)
 1151  00001cfc  001ee820	add	r29,r0,r30
 1152  00001d00  8fdefffc	lw	r30,-4(r30)
 1153  00001d04  4be00000	jr	r31
 1154  00001d08  54000000	nop
 1155  00001d0c          	.endproc _dmindex
 1156  00001d0c          	.align 2
 1157  00001d0c          	.proc _dindex
 1158  00001d0c          	.global _dindex
 1159  00001d0c          	_dindex:
 1160                      ;  Function 'dindex'; 0 bytes of locals, 1 regs to save.
 1161  00001d0c  afbefffc	sw	-4(r29),r30; push fp
 1162  00001d10  001df020	add	r30,r0,r29; fp = sp
 1163  00001d14  afbffff8	sw	-8(r29),r31; push ret addr
 1164  00001d18  2fbd0010	subui	r29,r29,#16; alloc local storage
 1165  00001d1c  afa20000	sw	0(r29),r2
 1166  00001d20  54000000	nop
 1167  00001d24          	L55_LF2:
 1168  00001d24  8fc10000	lw	r1,(r30)
 1169  00001d28  90220000	lbu	r2,(r1)
 1170  00001d2c  64410000	snei	r1,r2,#0
 1171  00001d30  1420000c	bnez	r1,L57_LF2
 1172  00001d34  54000000	nop; delay slot nop
 1173  00001d38  08000040	j	L56_LF2
 1174  00001d3c  54000000	nop; delay slot nop
 1175  00001d40          	L57_LF2:
 1176  00001d40  8fc10000	lw	r1,(r30)
 1177  00001d44  90220000	lbu	r2,(r1)
 1178  00001d48  8fc10004	lw	r1,4(r30)
 1179  00001d4c  00411028	seq	r2,r2,r1
 1180  00001d50  10400010	beqz	r2,L58_LF2
 1181  00001d54  54000000	nop; delay slot nop
 1182  00001d58  8fc10000	lw	r1,(r30)
 1183  00001d5c  08000028	j	L54_LF2
 1184  00001d60  54000000	nop; delay slot nop
 1185  00001d64          	L58_LF2:
 1186  00001d64  8fc20000	lw	r2,(r30)
 1187  00001d68  20410001	addi	r1,r2,#1
 1188  00001d6c  00011020	add	r2,r0,r1
 1189  00001d70  afc20000	sw	(r30),r2
 1190  00001d74  0bffffac	j	L55_LF2
 1191  00001d78  54000000	nop; delay slot nop
 1192  00001d7c          	L56_LF2:
 1193  00001d7c  20010000	addi	r1,r0,#0
 1194  00001d80  08000004	j	L54_LF2
 1195  00001d84  54000000	nop; delay slot nop
 1196  00001d88          	L54_LF2:
 1197  00001d88  8fa20000	lw	r2,0(r29)
 1198  00001d8c  8fdffff8	lw	r31,-8(r30)
 1199  00001d90  001ee820	add	r29,r0,r30
 1200  00001d94  8fdefffc	lw	r30,-4(r30)
 1201  00001d98  4be00000	jr	r31
 1202  00001d9c  54000000	nop
 1203  00001da0          	.endproc _dindex
 1204  00001da0          	.align 2
 1205  00001da0          	.proc _ditoa
 1206  00001da0          	.global _ditoa
 1207  00001da0          	_ditoa:
 1208                      ;  Function 'ditoa'; 8 bytes of locals, 2 regs to save.
 1209  00001da0  afbefffc	sw	-4(r29),r30; push fp
 1210  00001da4  001df020	add	r30,r0,r29; fp = sp
 1211  00001da8  afbffff8	sw	-8(r29),r31; push ret addr
 1212  00001dac  2fbd0018	subui	r29,r29,#24; alloc local storage
 1213  00001db0  afa20000	sw	0(r29),r2
 1214  00001db4  afa30004	sw	4(r29),r3
 1215  00001db8  8fc10000	lw	r1,(r30)
 1216  00001dbc  68220000	slti	r2,r1,#0
 1217  00001dc0  1040002c	beqz	r2,L60_LF2
 1218  00001dc4  54000000	nop; delay slot nop
 1219  00001dc8  8fc10004	lw	r1,4(r30)
 1220  00001dcc  20220001	addi	r2,r1,#1
 1221  00001dd0  afc20004	sw	4(r30),r2
 1222  00001dd4  2002002d	addi	r2,r0,(#0x2d)&0xff
 1223  00001dd8  a0220000	sb	(r1),r2
 1224  00001ddc  8fc10000	lw	r1,(r30)
 1225  00001de0  00011022	sub	r2,r0,r1
 1226  00001de4  afc20000	sw	(r30),r2
 1227  00001de8  08000118	j	L61_LF2
 1228  00001dec  54000000	nop; delay slot nop
 1229  00001df0          	L60_LF2:
 1230  00001df0  8fc10000	lw	r1,(r30)
 1231  00001df4  64220000	snei	r2,r1,#0
 1232  00001df8  14400020	bnez	r2,L62_LF2
 1233  00001dfc  54000000	nop; delay slot nop
 1234  00001e00  8fc10004	lw	r1,4(r30)
 1235  00001e04  20220001	addi	r2,r1,#1
 1236  00001e08  afc20004	sw	4(r30),r2
 1237  00001e0c  20020030	addi	r2,r0,(#0x30)&0xff
 1238  00001e10  a0220000	sb	(r1),r2
 1239  00001e14  080000ec	j	L61_LF2
 1240  00001e18  54000000	nop; delay slot nop
 1241  00001e1c          	L62_LF2:
 1242  00001e1c  20010001	addi	r1,r0,#1
 1243  00001e20  afc1fff4	sw	-12(r30),r1
 1244  00001e24          	L64_LF2:
 1245  00001e24  8fc1fff4	lw	r1,-12(r30)
 1246  00001e28  8fc20000	lw	r2,(r30)
 1247  00001e2c  0022082c	sle	r1,r1,r2
 1248  00001e30  1420000c	bnez	r1,L66_LF2
 1249  00001e34  54000000	nop; delay slot nop
 1250  00001e38  08000024	j	L65_LF2
 1251  00001e3c  54000000	nop; delay slot nop
 1252  00001e40          	L67_LF2:
 1253  00001e40          	L66_LF2:
 1254  00001e40  8fc1fff4	lw	r1,-12(r30)
 1255  00001e44  00011820	add	r3,r0,r1
 1256  00001e48  50620002	slli	r2,r3,#0x2
 1257  00001e4c  00411020	add	r2,r2,r1
 1258  00001e50  50410001	slli	r1,r2,#0x1
 1259  00001e54  afc1fff4	sw	-12(r30),r1
 1260  00001e58  0bffffc8	j	L64_LF2
 1261  00001e5c  54000000	nop; delay slot nop
 1262  00001e60          	L65_LF2:
 1263  00001e60  54000000	nop
 1264  00001e64          	L68_LF2:
 1265  00001e64  8fc1fff4	lw	r1,-12(r30)
 1266  00001e68  2002000a	addi	r2,r0,#10
 1267  00001e6c  00200035	movi2fp	f0,r1
 1268  00001e70  00400835	movi2fp	f1,r2
 1269  00001e74  0401000f	div	f0,f0,f1
 1270  00001e78  00000834	movfp2i	r1,f0
 1271  00001e7c  afc1fff4	sw	-12(r30),r1
 1272  00001e80  8fc10004	lw	r1,4(r30)
 1273  00001e84  20220001	addi	r2,r1,#1
 1274  00001e88  afc20004	sw	4(r30),r2
 1275  00001e8c  8fc20000	lw	r2,(r30)
 1276  00001e90  8fc3fff4	lw	r3,-12(r30)
 1277  00001e94  00400035	movi2fp	f0,r2
 1278  00001e98  00600835	movi2fp	f1,r3
 1279  00001e9c  0401000f	div	f0,f0,f1
 1280  00001ea0  00001034	movfp2i	r2,f0
 1281  00001ea4  00021820	add	r3,r0,r2
 1282  00001ea8  20620030	addi	r2,r3,#48
 1283  00001eac  a0220000	sb	(r1),r2
 1284  00001eb0  8fc10000	lw	r1,(r30)
 1285  00001eb4  8fc3fff4	lw	r3,-12(r30)
 1286  00001eb8  00200035	movi2fp	f0,r1
 1287  00001ebc  00600835	movi2fp	f1,r3
 1288  00001ec0  0401000f	div	f0,f0,f1
 1289  00001ec4  00001034	movfp2i	r2,f0
 1290  00001ec8  8fc3fff4	lw	r3,-12(r30)
 1291  00001ecc  00400035	movi2fp	f0,r2
 1292  00001ed0  00600835	movi2fp	f1,r3
 1293  00001ed4  0401000e	mult	f0,f0,f1
 1294  00001ed8  00001034	movfp2i	r2,f0
 1295  00001edc  00220822	sub	r1,r1,r2
 1296  00001ee0  afc10000	sw	(r30),r1
 1297  00001ee4          	L70_LF2:
 1298  00001ee4  8fc1fff4	lw	r1,-12(r30)
 1299  00001ee8  6c220001	sgti	r2,r1,#1
 1300  00001eec  1440000c	bnez	r2,L71_LF2
 1301  00001ef0  54000000	nop; delay slot nop
 1302  00001ef4  0800000c	j	L61_LF2
 1303  00001ef8  54000000	nop; delay slot nop
 1304  00001efc          	L71_LF2:
 1305  00001efc  0bffff64	j	L68_LF2
 1306  00001f00  54000000	nop; delay slot nop
 1307  00001f04          	L69_LF2:
 1308  00001f04          	L63_LF2:
 1309  00001f04          	L61_LF2:
 1310  00001f04  8fc10004	lw	r1,4(r30)
 1311  00001f08  20020000	addi	r2,r0,(#0x0)&0xff
 1312  00001f0c  a0220000	sb	(r1),r2
 1313  00001f10          	L59_LF2:
 1314  00001f10  8fa20000	lw	r2,0(r29)
 1315  00001f14  8fa30004	lw	r3,4(r29)
 1316  00001f18  8fdffff8	lw	r31,-8(r30)
 1317  00001f1c  001ee820	add	r29,r0,r30
 1318  00001f20  8fdefffc	lw	r30,-4(r30)
 1319  00001f24  4be00000	jr	r31
 1320  00001f28  54000000	nop
 1321  00001f2c          	.endproc _ditoa
 1322  00001f2c          	.align 2
 1323  00001f2c          	.proc _dstrtol
 1324  00001f2c          	.global _dstrtol
 1325  00001f2c          	_dstrtol:
 1326                      ;  Function 'dstrtol'; 16 bytes of locals, 1 regs to save.
 1327  00001f2c  afbefffc	sw	-4(r29),r30; push fp
 1328  00001f30  001df020	add	r30,r0,r29; fp = sp
 1329  00001f34  afbffff8	sw	-8(r29),r31; push ret addr
 1330  00001f38  2fbd0020	subui	r29,r29,#32; alloc local storage
 1331  00001f3c  afa20000	sw	0(r29),r2
 1332  00001f40  20010000	addi	r1,r0,#0
 1333  00001f44  afc1fff4	sw	-12(r30),r1
 1334  00001f48          	L73_LF2:
 1335  00001f48  8fc10000	lw	r1,(r30)
 1336  00001f4c  90220000	lbu	r2,(r1)
 1337  00001f50  60410020	seqi	r1,r2,#32
 1338  00001f54  14200034	bnez	r1,L75_LF2
 1339  00001f58  54000000	nop; delay slot nop
 1340  00001f5c  8fc10000	lw	r1,(r30)
 1341  00001f60  90220000	lbu	r2,(r1)
 1342  00001f64  60410009	seqi	r1,r2,#9
 1343  00001f68  14200020	bnez	r1,L75_LF2
 1344  00001f6c  54000000	nop; delay slot nop
 1345  00001f70  8fc10000	lw	r1,(r30)
 1346  00001f74  90220000	lbu	r2,(r1)
 1347  00001f78  6041000a	seqi	r1,r2,#10
 1348  00001f7c  1420000c	bnez	r1,L75_LF2
 1349  00001f80  54000000	nop; delay slot nop
 1350  00001f84  0800001c	j	L74_LF2
 1351  00001f88  54000000	nop; delay slot nop
 1352  00001f8c          	L75_LF2:
 1353  00001f8c  8fc20000	lw	r2,(r30)
 1354  00001f90  20410001	addi	r1,r2,#1
 1355  00001f94  00011020	add	r2,r0,r1
 1356  00001f98  afc20000	sw	(r30),r2
 1357  00001f9c  0bffffa8	j	L73_LF2
 1358  00001fa0  54000000	nop; delay slot nop
 1359  00001fa4          	L74_LF2:
 1360  00001fa4  8fc10004	lw	r1,4(r30)
 1361  00001fa8  64220000	snei	r2,r1,#0
 1362  00001fac  10400010	beqz	r2,L76_LF2
 1363  00001fb0  54000000	nop; delay slot nop
 1364  00001fb4  8fc10004	lw	r1,4(r30)
 1365  00001fb8  8fc20000	lw	r2,(r30)
 1366  00001fbc  ac220000	sw	(r1),r2
 1367  00001fc0          	L76_LF2:
 1368  00001fc0  8fc10000	lw	r1,(r30)
 1369  00001fc4  90220000	lbu	r2,(r1)
 1370  00001fc8  64410000	snei	r1,r2,#0
 1371  00001fcc  14200010	bnez	r1,L77_LF2
 1372  00001fd0  54000000	nop; delay slot nop
 1373  00001fd4  8fc1fff4	lw	r1,-12(r30)
 1374  00001fd8  08000294	j	L72_LF2
 1375  00001fdc  54000000	nop; delay slot nop
 1376  00001fe0          	L77_LF2:
 1377  00001fe0  8fc10000	lw	r1,(r30)
 1378  00001fe4  90220000	lbu	r2,(r1)
 1379  00001fe8  6041002d	seqi	r1,r2,#45
 1380  00001fec  10200024	beqz	r1,L78_LF2
 1381  00001ff0  54000000	nop; delay slot nop
 1382  00001ff4  2001ffff	addi	r1,r0,#-1
 1383  00001ff8  afc1ffec	sw	-20(r30),r1
 1384  00001ffc  8fc20000	lw	r2,(r30)
 1385  00002000  20410001	addi	r1,r2,#1
 1386  00002004  00011020	add	r2,r0,r1
 1387  00002008  afc20000	sw	(r30),r2
 1388  0000200c  0800000c	j	L79_LF2
 1389  00002010  54000000	nop; delay slot nop
 1390  00002014          	L78_LF2:
 1391  00002014  20010001	addi	r1,r0,#1
 1392  00002018  afc1ffec	sw	-20(r30),r1
 1393  0000201c          	L79_LF2:
 1394  0000201c  8fc10008	lw	r1,8(r30)
 1395  00002020  64220000	snei	r2,r1,#0
 1396  00002024  14400090	bnez	r2,L80_LF2
 1397  00002028  54000000	nop; delay slot nop
 1398  0000202c  8fc10000	lw	r1,(r30)
 1399  00002030  90220000	lbu	r2,(r1)
 1400  00002034  60410030	seqi	r1,r2,#48
 1401  00002038  10200074	beqz	r1,L81_LF2
 1402  0000203c  54000000	nop; delay slot nop
 1403  00002040  8fc20000	lw	r2,(r30)
 1404  00002044  20410001	addi	r1,r2,#1
 1405  00002048  00011020	add	r2,r0,r1
 1406  0000204c  afc20000	sw	(r30),r2
 1407  00002050  8fc10000	lw	r1,(r30)
 1408  00002054  90220000	lbu	r2,(r1)
 1409  00002058  60410078	seqi	r1,r2,#120
 1410  0000205c  14200020	bnez	r1,L83_LF2
 1411  00002060  54000000	nop; delay slot nop
 1412  00002064  8fc10000	lw	r1,(r30)
 1413  00002068  90220000	lbu	r2,(r1)
 1414  0000206c  60410058	seqi	r1,r2,#88
 1415  00002070  1420000c	bnez	r1,L83_LF2
 1416  00002074  54000000	nop; delay slot nop
 1417  00002078  08000024	j	L82_LF2
 1418  0000207c  54000000	nop; delay slot nop
 1419  00002080          	L83_LF2:
 1420  00002080  20010010	addi	r1,r0,#16
 1421  00002084  afc10008	sw	8(r30),r1
 1422  00002088  8fc20000	lw	r2,(r30)
 1423  0000208c  20410001	addi	r1,r2,#1
 1424  00002090  00011020	add	r2,r0,r1
 1425  00002094  afc20000	sw	(r30),r2
 1426  00002098  0800000c	j	L84_LF2
 1427  0000209c  54000000	nop; delay slot nop
 1428  000020a0          	L82_LF2:
 1429  000020a0  20010008	addi	r1,r0,#8
 1430  000020a4  afc10008	sw	8(r30),r1
 1431  000020a8          	L84_LF2:
 1432  000020a8  0800000c	j	L80_LF2
 1433  000020ac  54000000	nop; delay slot nop
 1434  000020b0          	L81_LF2:
 1435  000020b0  2001000a	addi	r1,r0,#10
 1436  000020b4  afc10008	sw	8(r30),r1
 1437  000020b8          	L85_LF2:
 1438  000020b8          	L80_LF2:
 1439  000020b8  8fc10008	lw	r1,8(r30)
 1440  000020bc  70220000	slei	r2,r1,#0
 1441  000020c0  1440001c	bnez	r2,L87_LF2
 1442  000020c4  54000000	nop; delay slot nop
 1443  000020c8  8fc10008	lw	r1,8(r30)
 1444  000020cc  6c220010	sgti	r2,r1,#16
 1445  000020d0  1440000c	bnez	r2,L87_LF2
 1446  000020d4  54000000	nop; delay slot nop
 1447  000020d8  08000010	j	L86_LF2
 1448  000020dc  54000000	nop; delay slot nop
 1449  000020e0          	L87_LF2:
 1450  000020e0  8fc1fff4	lw	r1,-12(r30)
 1451  000020e4  08000188	j	L72_LF2
 1452  000020e8  54000000	nop; delay slot nop
 1453  000020ec          	L86_LF2:
 1454  000020ec  54000000	nop
 1455  000020f0          	L88_LF2:
 1456  000020f0  8fc10000	lw	r1,(r30)
 1457  000020f4  90220000	lbu	r2,(r1)
 1458  000020f8  6c41002f	sgtui	r1,r2,#47
 1459  000020fc  10200030	beqz	r1,L91_LF2
 1460  00002100  54000000	nop; delay slot nop
 1461  00002104  8fc10000	lw	r1,(r30)
 1462  00002108  90220000	lbu	r2,(r1)
 1463  0000210c  70410039	sleui	r1,r2,#57
 1464  00002110  1020001c	beqz	r1,L91_LF2
 1465  00002114  54000000	nop; delay slot nop
 1466  00002118  8fc10000	lw	r1,(r30)
 1467  0000211c  90220000	lbu	r2,(r1)
 1468  00002120  2041ffd0	addi	r1,r2,#-48
 1469  00002124  afc1fff0	sw	-16(r30),r1
 1470  00002128  0800008c	j	L92_LF2
 1471  0000212c  54000000	nop; delay slot nop
 1472  00002130          	L91_LF2:
 1473  00002130  8fc10000	lw	r1,(r30)
 1474  00002134  90220000	lbu	r2,(r1)
 1475  00002138  6c410060	sgtui	r1,r2,#96
 1476  0000213c  10200030	beqz	r1,L93_LF2
 1477  00002140  54000000	nop; delay slot nop
 1478  00002144  8fc10000	lw	r1,(r30)
 1479  00002148  90220000	lbu	r2,(r1)
 1480  0000214c  7041007a	sleui	r1,r2,#122
 1481  00002150  1020001c	beqz	r1,L93_LF2
 1482  00002154  54000000	nop; delay slot nop
 1483  00002158  8fc10000	lw	r1,(r30)
 1484  0000215c  90220000	lbu	r2,(r1)
 1485  00002160  2041ffa9	addi	r1,r2,#-87
 1486  00002164  afc1fff0	sw	-16(r30),r1
 1487  00002168  0800004c	j	L92_LF2
 1488  0000216c  54000000	nop; delay slot nop
 1489  00002170          	L93_LF2:
 1490  00002170  8fc10000	lw	r1,(r30)
 1491  00002174  90220000	lbu	r2,(r1)
 1492  00002178  6c410040	sgtui	r1,r2,#64
 1493  0000217c  10200030	beqz	r1,L95_LF2
 1494  00002180  54000000	nop; delay slot nop
 1495  00002184  8fc10000	lw	r1,(r30)
 1496  00002188  90220000	lbu	r2,(r1)
 1497  0000218c  7041005a	sleui	r1,r2,#90
 1498  00002190  1020001c	beqz	r1,L95_LF2
 1499  00002194  54000000	nop; delay slot nop
 1500  00002198  8fc10000	lw	r1,(r30)
 1501  0000219c  90220000	lbu	r2,(r1)
 1502  000021a0  2041ffc9	addi	r1,r2,#-55
 1503  000021a4  afc1fff0	sw	-16(r30),r1
 1504  000021a8  0800000c	j	L92_LF2
 1505  000021ac  54000000	nop; delay slot nop
 1506  000021b0          	L95_LF2:
 1507  000021b0  200103e8	addi	r1,r0,#1000
 1508  000021b4  afc1fff0	sw	-16(r30),r1
 1509  000021b8          	L96_LF2:
 1510  000021b8          	L94_LF2:
 1511  000021b8          	L92_LF2:
 1512  000021b8  8fc1fff0	lw	r1,-16(r30)
 1513  000021bc  8fc20008	lw	r2,8(r30)
 1514  000021c0  0022082a	slt	r1,r1,r2
 1515  000021c4  10200040	beqz	r1,L90_LF2
 1516  000021c8  54000000	nop; delay slot nop
 1517  000021cc  8fc1fff4	lw	r1,-12(r30)
 1518  000021d0  8fc20008	lw	r2,8(r30)
 1519  000021d4  00200035	movi2fp	f0,r1
 1520  000021d8  00400835	movi2fp	f1,r2
 1521  000021dc  0401000e	mult	f0,f0,f1
 1522  000021e0  00000834	movfp2i	r1,f0
 1523  000021e4  afc1fff4	sw	-12(r30),r1
 1524  000021e8  8fc1fff4	lw	r1,-12(r30)
 1525  000021ec  8fc2fff0	lw	r2,-16(r30)
 1526  000021f0  00220820	add	r1,r1,r2
 1527  000021f4  afc1fff4	sw	-12(r30),r1
 1528  000021f8  8fc20000	lw	r2,(r30)
 1529  000021fc  20410001	addi	r1,r2,#1
 1530  00002200  00011020	add	r2,r0,r1
 1531  00002204  afc20000	sw	(r30),r2
 1532  00002208          	L97_LF2:
 1533  00002208          	L90_LF2:
 1534  00002208  8fc1fff0	lw	r1,-16(r30)
 1535  0000220c  8fc20008	lw	r2,8(r30)
 1536  00002210  0022082a	slt	r1,r1,r2
 1537  00002214  1420000c	bnez	r1,L98_LF2
 1538  00002218  54000000	nop; delay slot nop
 1539  0000221c  0800000c	j	L89_LF2
 1540  00002220  54000000	nop; delay slot nop
 1541  00002224          	L98_LF2:
 1542  00002224  0bfffec8	j	L88_LF2
 1543  00002228  54000000	nop; delay slot nop
 1544  0000222c          	L89_LF2:
 1545  0000222c  8fc10004	lw	r1,4(r30)
 1546  00002230  64220000	snei	r2,r1,#0
 1547  00002234  10400010	beqz	r2,L99_LF2
 1548  00002238  54000000	nop; delay slot nop
 1549  0000223c  8fc10004	lw	r1,4(r30)
 1550  00002240  8fc20000	lw	r2,(r30)
 1551  00002244  ac220000	sw	(r1),r2
 1552  00002248          	L99_LF2:
 1553  00002248  8fc1fff4	lw	r1,-12(r30)
 1554  0000224c  8fc2ffec	lw	r2,-20(r30)
 1555  00002250  00200035	movi2fp	f0,r1
 1556  00002254  00400835	movi2fp	f1,r2
 1557  00002258  0401000e	mult	f0,f0,f1
 1558  0000225c  00000834	movfp2i	r1,f0
 1559  00002260  afc1fff4	sw	-12(r30),r1
 1560  00002264  8fc1fff4	lw	r1,-12(r30)
 1561  00002268  08000004	j	L72_LF2
 1562  0000226c  54000000	nop; delay slot nop
 1563  00002270          	L72_LF2:
 1564  00002270  8fa20000	lw	r2,0(r29)
 1565  00002274  8fdffff8	lw	r31,-8(r30)
 1566  00002278  001ee820	add	r29,r0,r30
 1567  0000227c  8fdefffc	lw	r30,-4(r30)
 1568  00002280  4be00000	jr	r31
 1569  00002284  54000000	nop
 1570  00002288          	.endproc _dstrtol
 1571  00002288          	.align 2
 1572  00002288          	.proc _bcopy
 1573  00002288          	.global _bcopy
 1574  00002288          	_bcopy:
 1575                      ;  Function 'bcopy'; 0 bytes of locals, 2 regs to save.
 1576  00002288  afbefffc	sw	-4(r29),r30; push fp
 1577  0000228c  001df020	add	r30,r0,r29; fp = sp
 1578  00002290  afbffff8	sw	-8(r29),r31; push ret addr
 1579  00002294  2fbd0010	subui	r29,r29,#16; alloc local storage
 1580  00002298  afa20000	sw	0(r29),r2
 1581  0000229c  afa30004	sw	4(r29),r3
 1582  000022a0  54000000	nop
 1583  000022a4          	L101_LF2:
 1584  000022a4  8fc10008	lw	r1,8(r30)
 1585  000022a8  2022ffff	addi	r2,r1,#-1
 1586  000022ac  afc20008	sw	8(r30),r2
 1587  000022b0  6c210000	sgti	r1,r1,#0
 1588  000022b4  1420000c	bnez	r1,L103_LF2
 1589  000022b8  54000000	nop; delay slot nop
 1590  000022bc  0800002c	j	L102_LF2
 1591  000022c0  54000000	nop; delay slot nop
 1592  000022c4          	L103_LF2:
 1593  000022c4  8fc10004	lw	r1,4(r30)
 1594  000022c8  20220001	addi	r2,r1,#1
 1595  000022cc  afc20004	sw	4(r30),r2
 1596  000022d0  8fc20000	lw	r2,(r30)
 1597  000022d4  20430001	addi	r3,r2,#1
 1598  000022d8  afc30000	sw	(r30),r3
 1599  000022dc  80420000	lb	r2,(r2)
 1600  000022e0  a0220000	sb	(r1),r2
 1601  000022e4  0bffffbc	j	L101_LF2
 1602  000022e8  54000000	nop; delay slot nop
 1603  000022ec          	L102_LF2:
 1604  000022ec          	L100_LF2:
 1605  000022ec  8fa20000	lw	r2,0(r29)
 1606  000022f0  8fa30004	lw	r3,4(r29)
 1607  000022f4  8fdffff8	lw	r31,-8(r30)
 1608  000022f8  001ee820	add	r29,r0,r30
 1609  000022fc  8fdefffc	lw	r30,-4(r30)
 1610  00002300  4be00000	jr	r31
 1611  00002304  54000000	nop
 1612  00002308          	.endproc _bcopy
 1613  00002308          	.align 2
 1614  00002308          	.proc _bzero
 1615  00002308          	.global _bzero
 1616  00002308          	_bzero:
 1617                      ;  Function 'bzero'; 0 bytes of locals, 1 regs to save.
 1618  00002308  afbefffc	sw	-4(r29),r30; push fp
 1619  0000230c  001df020	add	r30,r0,r29; fp = sp
 1620  00002310  afbffff8	sw	-8(r29),r31; push ret addr
 1621  00002314  2fbd0010	subui	r29,r29,#16; alloc local storage
 1622  00002318  afa20000	sw	0(r29),r2
 1623  0000231c  54000000	nop
 1624  00002320          	L105_LF2:
 1625  00002320  8fc10004	lw	r1,4(r30)
 1626  00002324  2022ffff	addi	r2,r1,#-1
 1627  00002328  afc20004	sw	4(r30),r2
 1628  0000232c  6c210000	sgti	r1,r1,#0
 1629  00002330  1420000c	bnez	r1,L107_LF2
 1630  00002334  54000000	nop; delay slot nop
 1631  00002338  08000020	j	L106_LF2
 1632  0000233c  54000000	nop; delay slot nop
 1633  00002340          	L107_LF2:
 1634  00002340  8fc10000	lw	r1,(r30)
 1635  00002344  20220001	addi	r2,r1,#1
 1636  00002348  afc20000	sw	(r30),r2
 1637  0000234c  20020000	addi	r2,r0,(#0x0)&0xff
 1638  00002350  a0220000	sb	(r1),r2
 1639  00002354  0bffffc8	j	L105_LF2
 1640  00002358  54000000	nop; delay slot nop
 1641  0000235c          	L106_LF2:
 1642  0000235c          	L104_LF2:
 1643  0000235c  8fa20000	lw	r2,0(r29)
 1644  00002360  8fdffff8	lw	r31,-8(r30)
 1645  00002364  001ee820	add	r29,r0,r30
 1646  00002368  8fdefffc	lw	r30,-4(r30)
 1647  0000236c  4be00000	jr	r31
 1648  00002370  54000000	nop
 1649  00002374          	.endproc _bzero
 1650  00002374          	.align 2
 1651  00002374          	.proc _min
 1652  00002374          	.global _min
 1653  00002374          	_min:
 1654                      ;  Function 'min'; 0 bytes of locals, 2 regs to save.
 1655  00002374  afbefffc	sw	-4(r29),r30; push fp
 1656  00002378  001df020	add	r30,r0,r29; fp = sp
 1657  0000237c  afbffff8	sw	-8(r29),r31; push ret addr
 1658  00002380  2fbd0010	subui	r29,r29,#16; alloc local storage
 1659  00002384  afa20000	sw	0(r29),r2
 1660  00002388  afa30004	sw	4(r29),r3
 1661  0000238c  8fc10000	lw	r1,(r30)
 1662  00002390  8fc20004	lw	r2,4(r30)
 1663  00002394  0022182c	sle	r3,r1,r2
 1664  00002398  14600008	bnez	r3,L109_LF2
 1665  0000239c  54000000	nop; delay slot nop
 1666  000023a0  8fc10004	lw	r1,4(r30)
 1667  000023a4          	L109_LF2:
 1668  000023a4  08000004	j	L108_LF2
 1669  000023a8  54000000	nop; delay slot nop
 1670  000023ac          	L108_LF2:
 1671  000023ac  8fa20000	lw	r2,0(r29)
 1672  000023b0  8fa30004	lw	r3,4(r29)
 1673  000023b4  8fdffff8	lw	r31,-8(r30)
 1674  000023b8  001ee820	add	r29,r0,r30
 1675  000023bc  8fdefffc	lw	r30,-4(r30)
 1676  000023c0  4be00000	jr	r31
 1677  000023c4  54000000	nop
 1678  000023c8          	.endproc _min
 1679                      ;;; Ethan L. Miller, 1999.  Released to the public domain
 1680                      ;;;
 1681                      ;;; Most of the traps are called in files from libtraps.
 1684  000023c8          	.align 2
 1685  000023c8          	.proc _exit
 1686  000023c8          	.global _exit
 1687  000023c8          	_exit:
 1688  000023c8  44000300	trap	#0x300
 1689  000023cc  4be00000	jr	r31
 1690  000023d0  54000000	nop
 1691  000023d4          	.endproc _exit
 1693                      ; for the benefit of gcc.
 1694  000023d4          	.proc ___main
 1695  000023d4          	.global ___main
 1696  000023d4          	___main:
 1697  000023d4  4be00000	jr	r31
 1698  000023d8  54000000	nop
 1699  000023dc          	.endproc ___main
 1700  000023dc          	.text
 1701  000023dc          	.global _etext
 1702  000023dc          	_etext:
 1703  000023dc          	.align 3
 1704  000023e0          	.data
 1705  00003153          	.global _edata
 1706  00003153          	_edata:
