 line   address	contents
    1                      ; Linked by DLX-LD.
    2                      ; MemSize 24576
    3                      ; Data size: 338
    4                      ; Text size: 5308
    5                      ; Stack size: 8192
    6  00000000          	.text 0x1000
    7  00001000          	.data 0x3000
    8                      ; Compiled by GCC
    9  00003000          	.text
   10  00001000          	.align 2
   11  00001000          	.proc _isspace
   12  00001000          	.global _isspace
   13  00001000          	_isspace:
   14                      ;  Function 'isspace'; 0 bytes of locals, 1 regs to save.
   15  00001000  afbefffc	sw	-4(r29),r30; push fp
   16  00001004  001df020	add	r30,r0,r29; fp = sp
   17  00001008  afbffff8	sw	-8(r29),r31; push ret addr
   18  0000100c  2fbd0010	subui	r29,r29,#16; alloc local storage
   19  00001010  afa20000	sw	0(r29),r2
   20  00001014  83c20003	lb	r2,3(r30)
   21  00001018  201f0000	addi	r31,r0,#0
   22  0000101c  304100ff	andi	r1,r2,#0x00ff
   23  00001020  60210020	seqi	r1,r1,#32
   24  00001024  14200018	bnez	r1,L6_LF0
   25  00001028  54000000	nop; not filled.
   26  0000102c  2041fff7	addi	r1,r2,#-9
   27  00001030  302100ff	andi	r1,r1,#0x00ff
   28  00001034  70210001	sleui	r1,r1,#1
   29  00001038  10200008	beqz	r1,L5_LF0
   30  0000103c  54000000	nop; not filled.
   31  00001040          	L6_LF0:
   32  00001040  201f0001	addi	r31,r0,#1
   33  00001044          	L5_LF0:
   34  00001044  001f0820	add	r1,r0,r31
   35  00001048  8fa20000	lw	r2,0(r29)
   36  0000104c  8fdffff8	lw	r31,-8(r30)
   37  00001050  001ee820	add	r29,r0,r30
   38  00001054  8fdefffc	lw	r30,-4(r30)
   39  00001058  4be00000	jr	r31
   40  0000105c  54000000	nop
   41  00001060          	.endproc _isspace
   42  00001060          	.align 2
   43  00001060          	.proc _isxdigit
   44  00001060          	.global _isxdigit
   45  00001060          	_isxdigit:
   46                      ;  Function 'isxdigit'; 0 bytes of locals, 1 regs to save.
   47  00001060  afbefffc	sw	-4(r29),r30; push fp
   48  00001064  001df020	add	r30,r0,r29; fp = sp
   49  00001068  afbffff8	sw	-8(r29),r31; push ret addr
   50  0000106c  2fbd0010	subui	r29,r29,#16; alloc local storage
   51  00001070  afa20000	sw	0(r29),r2
   52  00001074  83df0003	lb	r31,3(r30)
   53  00001078  20020000	addi	r2,r0,#0
   54  0000107c  23e1ffd0	addi	r1,r31,#-48
   55  00001080  302100ff	andi	r1,r1,#0x00ff
   56  00001084  70210009	sleui	r1,r1,#9
   57  00001088  14200028	bnez	r1,L12_LF0
   58  0000108c  54000000	nop; not filled.
   59  00001090  23e1ff9f	addi	r1,r31,#-97
   60  00001094  302100ff	andi	r1,r1,#0x00ff
   61  00001098  70210005	sleui	r1,r1,#5
   62  0000109c  14200014	bnez	r1,L12_LF0
   63  000010a0  54000000	nop; not filled.
   64  000010a4  33e100ff	andi	r1,r31,#0x00ff
   65  000010a8  64210041	snei	r1,r1,#65
   66  000010ac  14200008	bnez	r1,L11_LF0
   67  000010b0  54000000	nop; not filled.
   68  000010b4          	L12_LF0:
   69  000010b4  20020001	addi	r2,r0,#1
   70  000010b8          	L11_LF0:
   71  000010b8  00020820	add	r1,r0,r2
   72  000010bc  8fa20000	lw	r2,0(r29)
   73  000010c0  8fdffff8	lw	r31,-8(r30)
   74  000010c4  001ee820	add	r29,r0,r30
   75  000010c8  8fdefffc	lw	r30,-4(r30)
   76  000010cc  4be00000	jr	r31
   77  000010d0  54000000	nop
   78  000010d4          	.endproc _isxdigit
   79  000010d4          	.data
   80  00003000          	.align 2
   81  00003000          	LC0_LF0:
   82  00003000  55736167	.ascii "Usage: \000"
   82  00003004  653a2000	
   83  00003008          	.align 2
   84  00003008          	LC1_LF0:
   85  00003008  203c6e75	.ascii " <number of H2O molecules> <number of SO4 molecules>\n\000"
   85  0000300c  6d626572	
   85  00003010  206f6620	
   85  00003014  48324f20	
   85  00003018  6d6f6c65	
   85  0000301c  63756c65	
   85  00003020  733e203c	
   85  00003024  6e756d62	
   85  00003028  6572206f	
   85  0000302c  6620534f	
   85  00003030  34206d6f	
   85  00003034  6c656375	
   85  00003038  6c65733e	
   85  0000303c  0a00    	
   86  0000303e          	.align 2
   87  00003040          	LC2_LF0:
   88  00003040  42616420	.ascii "Bad sem_create in \000"
   88  00003044  73656d5f	
   88  00003048  63726561	
   88  0000304c  74652069	
   88  00003050  6e2000  	
   89  00003053          	.align 2
   90  00003054          	LC3_LF0:
   91  00003054  0a00    	.ascii "\n\000"
   92  00003056          	.align 2
   93  00003058          	LC4_LF0:
   94  00003058  70726f64	.ascii "producerWater.dlx.obj\000"
   94  0000305c  75636572	
   94  00003060  57617465	
   94  00003064  722e646c	
   94  00003068  782e6f62	
   94  0000306c  6a00    	
   95  0000306e          	.align 2
   96  00003070          	LC5_LF0:
   97  00003070  70726f64	.ascii "producerSulfate.dlx.obj\000"
   97  00003074  75636572	
   97  00003078  53756c66	
   97  0000307c  6174652e	
   97  00003080  646c782e	
   97  00003084  6f626a00	
   98  00003088          	.align 2
   99  00003088          	LC6_LF0:
  100  00003088  72656163	.ascii "react1.dlx.obj\000"
  100  0000308c  74312e64	
  100  00003090  6c782e6f	
  100  00003094  626a00  	
  101  00003097          	.align 2
  102  00003098          	LC7_LF0:
  103  00003098  72656163	.ascii "react2.dlx.obj\000"
  103  0000309c  74322e64	
  103  000030a0  6c782e6f	
  103  000030a4  626a00  	
  104  000030a7          	.align 2
  105  000030a8          	LC8_LF0:
  106  000030a8  72656163	.ascii "react3.dlx.obj\000"
  106  000030ac  74332e64	
  106  000030b0  6c782e6f	
  106  000030b4  626a00  	
  107  000030b7          	.align 2
  108  000030b8          	LC9_LF0:
  109  000030b8  42616420	.ascii "Bad semaphore sem_procs_completed (%d) in \000"
  109  000030bc  73656d61	
  109  000030c0  70686f72	
  109  000030c4  65207365	
  109  000030c8  6d5f7072	
  109  000030cc  6f63735f	
  109  000030d0  636f6d70	
  109  000030d4  6c657465	
  109  000030d8  64202825	
  109  000030dc  64292069	
  109  000030e0  6e2000  	
  110  000030e3          	.align 2
  111  000030e4          	LC10_LF0:
  112  000030e4  25642048	.ascii "%d H2O\'s left over. \000"
  112  000030e8  324f2773	
  112  000030ec  206c6566	
  112  000030f0  74206f76	
  112  000030f4  65722e20	
  112  000030f8  00      	
  113  000030f9          	.align 2
  114  000030fc          	LC11_LF0:
  115  000030fc  25642048	.ascii "%d H2\'s left over. \000"
  115  00003100  32277320	
  115  00003104  6c656674	
  115  00003108  206f7665	
  115  0000310c  722e2000	
  116  00003110          	.align 2
  117  00003110          	LC12_LF0:
  118  00003110  2564204f	.ascii "%d O2\'s left over. \000"
  118  00003114  32277320	
  118  00003118  6c656674	
  118  0000311c  206f7665	
  118  00003120  722e2000	
  119  00003124          	.align 2
  120  00003124          	LC13_LF0:
  121  00003124  25642053	.ascii "%d SO2\'s left over. \000"
  121  00003128  4f322773	
  121  0000312c  206c6566	
  121  00003130  74206f76	
  121  00003134  65722e20	
  121  00003138  00      	
  122  00003139          	.align 2
  123  0000313c          	LC14_LF0:
  124  0000313c  25642048	.ascii "%d H2SO4\'s created. \n\000"
  124  00003140  32534f34	
  124  00003144  27732063	
  124  00003148  72656174	
  124  0000314c  65642e20	
  124  00003150  0a00    	
  125  00003152          	.text
  126  000010d4          	.align 2
  127  000010d4          	.proc _main
  128  000010d4          	.global _main
  129  000010d4          	_main:
  130                      ;  Function 'main'; 192 bytes of locals, 0 regs to save.
  131  000010d4  afbefffc	sw	-4(r29),r30; push fp
  132  000010d8  001df020	add	r30,r0,r29; fp = sp
  133  000010dc  afbffff8	sw	-8(r29),r31; push ret addr
  134  000010e0  2fbd00c8	subui	r29,r29,#200; alloc local storage
  135  000010e4  8fc20000	lw	r2,(r30)
  136  000010e8  8fd30004	lw	r19,4(r30)
  137  000010ec  0c0013c4	jal	___main
  138  000010f0  54000000	nop; not filled.
  139  000010f4  64410003	snei	r1,r2,#3
  140  000010f8  1020004c	beqz	r1,L14_LF0
  141  000010fc  54000000	nop; not filled.
  142  00001100  23bdfff8	addi	r29,r29,#-8
  143  00001104  3c140000	lhi	r20,((LC0_LF0)>>16)&0xffff
  144  00001108  26943000	addui	r20,r20,(LC0_LF0)&0xffff
  145  0000110c  afb40000	sw	(r29),r20
  146  00001110  0c000598	jal	_Printf
  147  00001114  54000000	nop; not filled.
  148  00001118  8e740000	lw	r20,(r19)
  149  0000111c  afb40000	sw	(r29),r20
  150  00001120  0c000588	jal	_Printf
  151  00001124  54000000	nop; not filled.
  152  00001128  3c140000	lhi	r20,((LC1_LF0)>>16)&0xffff
  153  0000112c  26943008	addui	r20,r20,(LC1_LF0)&0xffff
  154  00001130  afb40000	sw	(r29),r20
  155  00001134  0c000574	jal	_Printf
  156  00001138  54000000	nop; not filled.
  157  0000113c  0c000620	jal	_Exit
  158  00001140  54000000	nop; not filled.
  159  00001144  23bd0008	addi	r29,r29,#8
  160  00001148          	L14_LF0:
  161  00001148  23bdfff0	addi	r29,r29,#-16
  162  0000114c  8e740004	lw	r20,4(r19)
  163  00001150  afb40000	sw	(r29),r20
  164  00001154  20140000	addi	r20,r0,#0
  165  00001158  afb40004	sw	4(r29),r20
  166  0000115c  2014000a	addi	r20,r0,#10
  167  00001160  afb40008	sw	8(r29),r20
  168  00001164  0c000ea4	jal	_dstrtol
  169  00001168  54000000	nop; not filled.
  170  0000116c  00019020	add	r18,r0,r1
  171  00001170  8e740008	lw	r20,8(r19)
  172  00001174  afb40000	sw	(r29),r20
  173  00001178  20140000	addi	r20,r0,#0
  174  0000117c  afb40004	sw	4(r29),r20
  175  00001180  2014000a	addi	r20,r0,#10
  176  00001184  afb40008	sw	8(r29),r20
  177  00001188  0c000e80	jal	_dstrtol
  178  0000118c  54000000	nop; not filled.
  179  00001190  00011020	add	r2,r0,r1
  180  00001194  5a41001f	srli	r1,r18,#0x1f
  181  00001198  02410820	add	r1,r18,r1
  182  0000119c  5c2f0001	srai	r15,r1,#0x1
  183  000011a0  00028820	add	r17,r0,r2
  184  000011a4  51e10001	slli	r1,r15,#0x1
  185  000011a8  afa10000	sw	(r29),r1
  186  000011ac  01f10820	add	r1,r15,r17
  187  000011b0  afa10004	sw	4(r29),r1
  188  000011b4  afb10008	sw	8(r29),r17
  189  000011b8  0c000424	jal	_min3
  190  000011bc  54000000	nop; not filled.
  191  000011c0  00018020	add	r16,r0,r1
  192  000011c4  2014fffc	addi	r20,r0,#-4
  193  000011c8  afb40000	sw	(r29),r20
  194  000011cc  0c000518	jal	_sem_create
  195  000011d0  54000000	nop; not filled.
  196  000011d4  00017020	add	r14,r0,r1
  197  000011d8  20140000	addi	r20,r0,#0
  198  000011dc  afb40000	sw	(r29),r20
  199  000011e0  0c000504	jal	_sem_create
  200  000011e4  54000000	nop; not filled.
  201  000011e8  00011820	add	r3,r0,r1
  202  000011ec  afb40000	sw	(r29),r20
  203  000011f0  0c0004f4	jal	_sem_create
  204  000011f4  54000000	nop; not filled.
  205  000011f8  00012820	add	r5,r0,r1
  206  000011fc  afb40000	sw	(r29),r20
  207  00001200  0c0004e4	jal	_sem_create
  208  00001204  54000000	nop; not filled.
  209  00001208  00013020	add	r6,r0,r1
  210  0000120c  afb40000	sw	(r29),r20
  211  00001210  0c0004d4	jal	_sem_create
  212  00001214  54000000	nop; not filled.
  213  00001218  00014020	add	r8,r0,r1
  214  0000121c  afb40000	sw	(r29),r20
  215  00001220  0c0004c4	jal	_sem_create
  216  00001224  54000000	nop; not filled.
  217  00001228  00014820	add	r9,r0,r1
  218  0000122c  afb40000	sw	(r29),r20
  219  00001230  0c0004b4	jal	_sem_create
  220  00001234  54000000	nop; not filled.
  221  00001238  00015020	add	r10,r0,r1
  222  0000123c  23bd0010	addi	r29,r29,#16
  223  00001240  61c1ffff	seqi	r1,r14,#-1
  224  00001244  1420004c	bnez	r1,L16_LF0
  225  00001248  54000000	nop; not filled.
  226  0000124c  6061ffff	seqi	r1,r3,#-1
  227  00001250  14200040	bnez	r1,L16_LF0
  228  00001254  54000000	nop; not filled.
  229  00001258  60a1ffff	seqi	r1,r5,#-1
  230  0000125c  14200034	bnez	r1,L16_LF0
  231  00001260  54000000	nop; not filled.
  232  00001264  60c1ffff	seqi	r1,r6,#-1
  233  00001268  14200028	bnez	r1,L16_LF0
  234  0000126c  54000000	nop; not filled.
  235  00001270  6101ffff	seqi	r1,r8,#-1
  236  00001274  1420001c	bnez	r1,L16_LF0
  237  00001278  54000000	nop; not filled.
  238  0000127c  6121ffff	seqi	r1,r9,#-1
  239  00001280  14200010	bnez	r1,L16_LF0
  240  00001284  54000000	nop; not filled.
  241  00001288  6141ffff	seqi	r1,r10,#-1
  242  0000128c  1020004c	beqz	r1,L15_LF0
  243  00001290  54000000	nop; not filled.
  244  00001294          	L16_LF0:
  245  00001294  23bdfff8	addi	r29,r29,#-8
  246  00001298  3c140000	lhi	r20,((LC2_LF0)>>16)&0xffff
  247  0000129c  26943040	addui	r20,r20,(LC2_LF0)&0xffff
  248  000012a0  afb40000	sw	(r29),r20
  249  000012a4  0c000404	jal	_Printf
  250  000012a8  54000000	nop; not filled.
  251  000012ac  8e740000	lw	r20,(r19)
  252  000012b0  afb40000	sw	(r29),r20
  253  000012b4  0c0003f4	jal	_Printf
  254  000012b8  54000000	nop; not filled.
  255  000012bc  3c140000	lhi	r20,((LC3_LF0)>>16)&0xffff
  256  000012c0  26943054	addui	r20,r20,(LC3_LF0)&0xffff
  257  000012c4  afb40000	sw	(r29),r20
  258  000012c8  0c0003e0	jal	_Printf
  259  000012cc  54000000	nop; not filled.
  260  000012d0  0c00048c	jal	_Exit
  261  000012d4  54000000	nop; not filled.
  262  000012d8  23bd0008	addi	r29,r29,#8
  263  000012dc          	L15_LF0:
  264  000012dc  23bdfff8	addi	r29,r29,#-8
  265  000012e0  afb20000	sw	(r29),r18
  266  000012e4  23cbffe8	addi	r11,r30,#-24
  267  000012e8  afab0004	sw	4(r29),r11
  268  000012ec  0c000b90	jal	_ditoa
  269  000012f0  54000000	nop; not filled.
  270  000012f4  afa20000	sw	(r29),r2
  271  000012f8  23ccffd8	addi	r12,r30,#-40
  272  000012fc  afac0004	sw	4(r29),r12
  273  00001300  0c000b7c	jal	_ditoa
  274  00001304  54000000	nop; not filled.
  275  00001308  afae0000	sw	(r29),r14
  276  0000130c  23c2ffc8	addi	r2,r30,#-56
  277  00001310  afa20004	sw	4(r29),r2
  278  00001314  0c000b68	jal	_ditoa
  279  00001318  54000000	nop; not filled.
  280  0000131c  afa30000	sw	(r29),r3
  281  00001320  23c4ffb8	addi	r4,r30,#-72
  282  00001324  afa40004	sw	4(r29),r4
  283  00001328  0c000b54	jal	_ditoa
  284  0000132c  54000000	nop; not filled.
  285  00001330  afa50000	sw	(r29),r5
  286  00001334  23c7ffa8	addi	r7,r30,#-88
  287  00001338  afa70004	sw	4(r29),r7
  288  0000133c  0c000b40	jal	_ditoa
  289  00001340  54000000	nop; not filled.
  290  00001344  afa60000	sw	(r29),r6
  291  00001348  23c5ff98	addi	r5,r30,#-104
  292  0000134c  afa50004	sw	4(r29),r5
  293  00001350  0c000b2c	jal	_ditoa
  294  00001354  54000000	nop; not filled.
  295  00001358  afa80000	sw	(r29),r8
  296  0000135c  23c3ff88	addi	r3,r30,#-120
  297  00001360  afa30004	sw	4(r29),r3
  298  00001364  0c000b18	jal	_ditoa
  299  00001368  54000000	nop; not filled.
  300  0000136c  afa90000	sw	(r29),r9
  301  00001370  23cdff78	addi	r13,r30,#-136
  302  00001374  afad0004	sw	4(r29),r13
  303  00001378  0c000b04	jal	_ditoa
  304  0000137c  54000000	nop; not filled.
  305  00001380  afaa0000	sw	(r29),r10
  306  00001384  23c6ff68	addi	r6,r30,#-152
  307  00001388  afa60004	sw	4(r29),r6
  308  0000138c  0c000af0	jal	_ditoa
  309  00001390  54000000	nop; not filled.
  310  00001394  afaf0000	sw	(r29),r15
  311  00001398  23c8ff58	addi	r8,r30,#-168
  312  0000139c  afa80004	sw	4(r29),r8
  313  000013a0  0c000adc	jal	_ditoa
  314  000013a4  54000000	nop; not filled.
  315  000013a8  afb10000	sw	(r29),r17
  316  000013ac  23c9ff48	addi	r9,r30,#-184
  317  000013b0  afa90004	sw	4(r29),r9
  318  000013b4  0c000ac8	jal	_ditoa
  319  000013b8  54000000	nop; not filled.
  320  000013bc  afb00000	sw	(r29),r16
  321  000013c0  23caff38	addi	r10,r30,#-200
  322  000013c4  afaa0004	sw	4(r29),r10
  323  000013c8  0c000ab4	jal	_ditoa
  324  000013cc  54000000	nop; not filled.
  325  000013d0  23bdfff0	addi	r29,r29,#-16
  326  000013d4  3c140000	lhi	r20,((LC4_LF0)>>16)&0xffff
  327  000013d8  26943058	addui	r20,r20,(LC4_LF0)&0xffff
  328  000013dc  afb40000	sw	(r29),r20
  329  000013e0  afa20004	sw	4(r29),r2
  330  000013e4  afab0008	sw	8(r29),r11
  331  000013e8  afa4000c	sw	12(r29),r4
  332  000013ec  20140000	addi	r20,r0,#0
  333  000013f0  afb40010	sw	16(r29),r20
  334  000013f4  0c0002cc	jal	_process_create
  335  000013f8  54000000	nop; not filled.
  336  000013fc  3c140000	lhi	r20,((LC5_LF0)>>16)&0xffff
  337  00001400  26943070	addui	r20,r20,(LC5_LF0)&0xffff
  338  00001404  afb40000	sw	(r29),r20
  339  00001408  afa20004	sw	4(r29),r2
  340  0000140c  afac0008	sw	8(r29),r12
  341  00001410  afa3000c	sw	12(r29),r3
  342  00001414  20140000	addi	r20,r0,#0
  343  00001418  afb40010	sw	16(r29),r20
  344  0000141c  0c0002a4	jal	_process_create
  345  00001420  54000000	nop; not filled.
  346  00001424  23bdfff8	addi	r29,r29,#-8
  347  00001428  3c140000	lhi	r20,((LC6_LF0)>>16)&0xffff
  348  0000142c  26943088	addui	r20,r20,(LC6_LF0)&0xffff
  349  00001430  afb40000	sw	(r29),r20
  350  00001434  afa20004	sw	4(r29),r2
  351  00001438  afa40008	sw	8(r29),r4
  352  0000143c  afa7000c	sw	12(r29),r7
  353  00001440  afa50010	sw	16(r29),r5
  354  00001444  afa80014	sw	20(r29),r8
  355  00001448  20140000	addi	r20,r0,#0
  356  0000144c  afb40018	sw	24(r29),r20
  357  00001450  0c000270	jal	_process_create
  358  00001454  54000000	nop; not filled.
  359  00001458  23bd0020	addi	r29,r29,#32
  360  0000145c  23bdffe0	addi	r29,r29,#-32
  361  00001460  3c140000	lhi	r20,((LC7_LF0)>>16)&0xffff
  362  00001464  26943098	addui	r20,r20,(LC7_LF0)&0xffff
  363  00001468  afb40000	sw	(r29),r20
  364  0000146c  afa20004	sw	4(r29),r2
  365  00001470  afa30008	sw	8(r29),r3
  366  00001474  afa6000c	sw	12(r29),r6
  367  00001478  afa50010	sw	16(r29),r5
  368  0000147c  afa90014	sw	20(r29),r9
  369  00001480  20140000	addi	r20,r0,#0
  370  00001484  afb40018	sw	24(r29),r20
  371  00001488  0c000238	jal	_process_create
  372  0000148c  54000000	nop; not filled.
  373  00001490  23bd0020	addi	r29,r29,#32
  374  00001494  23bdffe0	addi	r29,r29,#-32
  375  00001498  3c140000	lhi	r20,((LC8_LF0)>>16)&0xffff
  376  0000149c  269430a8	addui	r20,r20,(LC8_LF0)&0xffff
  377  000014a0  afb40000	sw	(r29),r20
  378  000014a4  afa20004	sw	4(r29),r2
  379  000014a8  afa70008	sw	8(r29),r7
  380  000014ac  afa5000c	sw	12(r29),r5
  381  000014b0  afa60010	sw	16(r29),r6
  382  000014b4  afad0014	sw	20(r29),r13
  383  000014b8  afaa0018	sw	24(r29),r10
  384  000014bc  20140000	addi	r20,r0,#0
  385  000014c0  afb4001c	sw	28(r29),r20
  386  000014c4  0c0001fc	jal	_process_create
  387  000014c8  54000000	nop; not filled.
  388  000014cc  23bd0020	addi	r29,r29,#32
  389  000014d0  23bdfff8	addi	r29,r29,#-8
  390  000014d4  afae0000	sw	(r29),r14
  391  000014d8  0c000218	jal	_sem_wait
  392  000014dc  54000000	nop; not filled.
  393  000014e0  23bd0008	addi	r29,r29,#8
  394  000014e4  64210001	snei	r1,r1,#1
  395  000014e8  10200050	beqz	r1,L17_LF0
  396  000014ec  54000000	nop; not filled.
  397  000014f0  23bdfff8	addi	r29,r29,#-8
  398  000014f4  3c140000	lhi	r20,((LC9_LF0)>>16)&0xffff
  399  000014f8  269430b8	addui	r20,r20,(LC9_LF0)&0xffff
  400  000014fc  afb40000	sw	(r29),r20
  401  00001500  afae0004	sw	4(r29),r14
  402  00001504  0c0001a4	jal	_Printf
  403  00001508  54000000	nop; not filled.
  404  0000150c  8e730000	lw	r19,(r19)
  405  00001510  afb30000	sw	(r29),r19
  406  00001514  0c000194	jal	_Printf
  407  00001518  54000000	nop; not filled.
  408  0000151c  3c140000	lhi	r20,((LC3_LF0)>>16)&0xffff
  409  00001520  26943054	addui	r20,r20,(LC3_LF0)&0xffff
  410  00001524  afb40000	sw	(r29),r20
  411  00001528  0c000180	jal	_Printf
  412  0000152c  54000000	nop; not filled.
  413  00001530  0c00022c	jal	_Exit
  414  00001534  54000000	nop; not filled.
  415  00001538  23bd0008	addi	r29,r29,#8
  416  0000153c          	L17_LF0:
  417  0000153c  23bdfff8	addi	r29,r29,#-8
  418  00001540  3c140000	lhi	r20,((LC10_LF0)>>16)&0xffff
  419  00001544  269430e4	addui	r20,r20,(LC10_LF0)&0xffff
  420  00001548  afb40000	sw	(r29),r20
  421  0000154c  51e20001	slli	r2,r15,#0x1
  422  00001550  02420822	sub	r1,r18,r2
  423  00001554  afa10004	sw	4(r29),r1
  424  00001558  0c000150	jal	_Printf
  425  0000155c  54000000	nop; not filled.
  426  00001560  3c140000	lhi	r20,((LC11_LF0)>>16)&0xffff
  427  00001564  269430fc	addui	r20,r20,(LC11_LF0)&0xffff
  428  00001568  afb40000	sw	(r29),r20
  429  0000156c  00500822	sub	r1,r2,r16
  430  00001570  afa10004	sw	4(r29),r1
  431  00001574  0c000134	jal	_Printf
  432  00001578  54000000	nop; not filled.
  433  0000157c  3c140000	lhi	r20,((LC12_LF0)>>16)&0xffff
  434  00001580  26943110	addui	r20,r20,(LC12_LF0)&0xffff
  435  00001584  afb40000	sw	(r29),r20
  436  00001588  01f10820	add	r1,r15,r17
  437  0000158c  00300822	sub	r1,r1,r16
  438  00001590  afa10004	sw	4(r29),r1
  439  00001594  0c000114	jal	_Printf
  440  00001598  54000000	nop; not filled.
  441  0000159c  3c140000	lhi	r20,((LC13_LF0)>>16)&0xffff
  442  000015a0  26943124	addui	r20,r20,(LC13_LF0)&0xffff
  443  000015a4  afb40000	sw	(r29),r20
  444  000015a8  02300822	sub	r1,r17,r16
  445  000015ac  afa10004	sw	4(r29),r1
  446  000015b0  0c0000f8	jal	_Printf
  447  000015b4  54000000	nop; not filled.
  448  000015b8  3c140000	lhi	r20,((LC14_LF0)>>16)&0xffff
  449  000015bc  2694313c	addui	r20,r20,(LC14_LF0)&0xffff
  450  000015c0  afb40000	sw	(r29),r20
  451  000015c4  afb00004	sw	4(r29),r16
  452  000015c8  0c0000e0	jal	_Printf
  453  000015cc  54000000	nop; not filled.
  454  000015d0  20010000	addi	r1,r0,#0
  455  000015d4  23bd0008	addi	r29,r29,#8
  456  000015d8  0c000ecc	jal	_exit
  457  000015dc  54000000	nop
  458  000015e0          	.endproc _main
  459  000015e0          	.align 2
  460  000015e0          	.proc _min3
  461  000015e0          	.global _min3
  462  000015e0          	_min3:
  463                      ;  Function 'min3'; 0 bytes of locals, 2 regs to save.
  464  000015e0  afbefffc	sw	-4(r29),r30; push fp
  465  000015e4  001df020	add	r30,r0,r29; fp = sp
  466  000015e8  afbffff8	sw	-8(r29),r31; push ret addr
  467  000015ec  2fbd0010	subui	r29,r29,#16; alloc local storage
  468  000015f0  afa20000	sw	0(r29),r2
  469  000015f4  afa30004	sw	4(r29),r3
  470  000015f8  8fc20000	lw	r2,(r30)
  471  000015fc  8fc30004	lw	r3,4(r30)
  472  00001600  8fdf0008	lw	r31,8(r30)
  473  00001604  0043082a	slt	r1,r2,r3
  474  00001608  1020001c	beqz	r1,L24_LF0
  475  0000160c  54000000	nop; not filled.
  476  00001610  005f082a	slt	r1,r2,r31
  477  00001614  10200010	beqz	r1,L24_LF0
  478  00001618  54000000	nop; not filled.
  479  0000161c  00020820	add	r1,r0,r2
  480  00001620  08000024	j	L28_LF0
  481  00001624  54000000	nop; not filled.
  482  00001628          	L24_LF0:
  483  00001628  0062102a	slt	r2,r3,r2
  484  0000162c  001f0820	add	r1,r0,r31
  485  00001630  10400014	beqz	r2,L28_LF0
  486  00001634  54000000	nop; not filled.
  487  00001638  007f102a	slt	r2,r3,r31
  488  0000163c  10400008	beqz	r2,L28_LF0
  489  00001640  54000000	nop; not filled.
  490  00001644  00030820	add	r1,r0,r3
  491  00001648          	L28_LF0:
  492  00001648  8fa20000	lw	r2,0(r29)
  493  0000164c  8fa30004	lw	r3,4(r29)
  494  00001650  8fdffff8	lw	r31,-8(r30)
  495  00001654  001ee820	add	r29,r0,r30
  496  00001658  8fdefffc	lw	r30,-4(r30)
  497  0000165c  4be00000	jr	r31
  498  00001660  54000000	nop
  499  00001664          	.endproc _min3
  500                      ;;;
  501                      ;;; Stub functions for DLX traps.
  502                      ;;;
  503                      ;;; Ethan L. Miller, 1999.  Released to the public domain.
  504                      ;;;
  505                      ;;; The traps such as Open and Close
  506                      ;;; (note the capital letters) are for use by user programs.  The traps
  507                      ;;; with names such as open and close (lower case) are for use by the OS.
  508                      ;;;
  511  00001664          	.align 2
  513                      ;;; The following are the traps to be used by user-level programs
  514                      ;;;
  516  00001664          	.align 2
  517  00001664          	.proc _Open
  518  00001664          	.global _Open
  519  00001664          	_Open:
  520                      ;;; Note that trap #0x213 actually causes a trap vector in the OS of
  521                      ;;; 0x1213.  The same is true for other user traps.  Thus, a user trap
  522                      ;;; with trap #0x240 will result in a trap vector of 0x1240 in the OS.
  523  00001664  44000213	trap	#0x213
  524  00001668  4be00000	jr	r31
  525  0000166c  54000000	nop
  526  00001670          	.endproc _Open
  528  00001670          	.proc _Close
  529  00001670          	.global _Close
  530  00001670          	_Close:
  531  00001670  44000214	trap	#0x214
  532  00001674  4be00000	jr	r31
  533  00001678  54000000	nop
  534  0000167c          	.endproc _Close
  536  0000167c          	.proc _Read
  537  0000167c          	.global _Read
  538  0000167c          	_Read:
  539  0000167c  44000210	trap	#0x210
  540  00001680  4be00000	jr	r31
  541  00001684  54000000	nop
  542  00001688          	.endproc _Read
  544  00001688          	.proc _Write
  545  00001688          	.global _Write
  546  00001688          	_Write:
  547  00001688  44000211	trap	#0x211
  548  0000168c  4be00000	jr	r31
  549  00001690  54000000	nop
  550  00001694          	.endproc _Write
  552  00001694          	.proc _Lseek
  553  00001694          	.global _Lseek
  554  00001694          	_Lseek:
  555  00001694  44000212	trap	#0x212
  556  00001698  4be00000	jr	r31
  557  0000169c  54000000	nop
  558  000016a0          	.endproc _Lseek
  560  000016a0          	.proc _Putchar
  561  000016a0          	.global _Putchar
  562  000016a0          	_Putchar:
  563  000016a0  44000280	trap	#0x280
  564  000016a4  4be00000	jr	r31
  565  000016a8  54000000	nop
  566  000016ac          	.endproc _Putchar
  568  000016ac          	.proc _Printf
  569  000016ac          	.global _Printf
  570  000016ac          	_Printf:
  571  000016ac  44000201	trap	#0x201
  572  000016b0  4be00000	jr	r31
  573  000016b4  54000000	nop
  574  000016b8          	.endproc _Printf
  576  000016b8          	.proc _getpid
  577  000016b8          	.global _getpid
  578  000016b8          	_getpid:
  579  000016b8  44000431	trap	#0x431
  580  000016bc  4be00000	jr	r31
  581  000016c0  54000000	nop
  582  000016c4          	.endproc _getpid
  584  000016c4          	.proc _process_create
  585  000016c4          	.global _process_create
  586  000016c4          	_process_create:
  587  000016c4  44000432	trap	#0x432
  588  000016c8  4be00000	jr	r31
  589  000016cc  54000000	nop
  590  000016d0          	.endproc _process_create
  592  000016d0          	.proc _shmget
  593  000016d0          	.global _shmget
  594  000016d0          	_shmget:
  595  000016d0  44000440	trap	#0x440
  596  000016d4  4be00000	jr	r31
  597  000016d8  54000000	nop
  598  000016dc          	.endproc _shmget
  600  000016dc          	.proc _shmat
  601  000016dc          	.global _shmat
  602  000016dc          	_shmat:
  603  000016dc  44000441	trap	#0x441
  604  000016e0  4be00000	jr	r31
  605  000016e4  54000000	nop
  606  000016e8          	.endproc _shmat
  608  000016e8          	.proc _sem_create
  609  000016e8          	.global _sem_create
  610  000016e8          	_sem_create:
  611  000016e8  44000450	trap	#0x450
  612  000016ec  4be00000	jr	r31
  613  000016f0  54000000	nop
  614  000016f4          	.endproc _sem_create
  616  000016f4          	.proc _sem_wait
  617  000016f4          	.global _sem_wait
  618  000016f4          	_sem_wait:
  619  000016f4  44000451	trap	#0x451
  620  000016f8  4be00000	jr	r31
  621  000016fc  54000000	nop
  622  00001700          	.endproc _sem_wait
  624  00001700          	.proc _sem_signal
  625  00001700          	.global _sem_signal
  626  00001700          	_sem_signal:
  627  00001700  44000452	trap	#0x452
  628  00001704  4be00000	jr	r31
  629  00001708  54000000	nop
  630  0000170c          	.endproc _sem_signal
  632  0000170c          	.proc _lock_create
  633  0000170c          	.global _lock_create
  634  0000170c          	_lock_create:
  635  0000170c  44000453	trap	#0x453
  636  00001710  4be00000	jr	r31
  637  00001714  54000000	nop
  638  00001718          	.endproc _lock_create
  640  00001718          	.proc _lock_acquire
  641  00001718          	.global _lock_acquire
  642  00001718          	_lock_acquire:
  643  00001718  44000454	trap	#0x454
  644  0000171c  4be00000	jr	r31
  645  00001720  54000000	nop
  646  00001724          	.endproc _lock_acquire
  648  00001724          	.proc _lock_release
  649  00001724          	.global _lock_release
  650  00001724          	_lock_release:
  651  00001724  44000455	trap	#0x455
  652  00001728  4be00000	jr	r31
  653  0000172c  54000000	nop
  654  00001730          	.endproc _lock_release
  656  00001730          	.proc _cond_create
  657  00001730          	.global _cond_create
  658  00001730          	_cond_create:
  659  00001730  44000456	trap	#0x456
  660  00001734  4be00000	jr	r31
  661  00001738  54000000	nop
  662  0000173c          	.endproc _cond_create
  664  0000173c          	.proc _cond_wait
  665  0000173c          	.global _cond_wait
  666  0000173c          	_cond_wait:
  667  0000173c  44000457	trap	#0x457
  668  00001740  4be00000	jr	r31
  669  00001744  54000000	nop
  670  00001748          	.endproc _cond_wait
  672  00001748          	.proc _cond_signal
  673  00001748          	.global _cond_signal
  674  00001748          	_cond_signal:
  675  00001748  44000458	trap	#0x458
  676  0000174c  4be00000	jr	r31
  677  00001750  54000000	nop
  678  00001754          	.endproc _cond_signal
  680  00001754          	.proc _cond_broadcast
  681  00001754          	.global _cond_broadcast
  682  00001754          	_cond_broadcast:
  683  00001754  44000459	trap	#0x459
  684  00001758  4be00000	jr	r31
  685  0000175c  54000000	nop
  686  00001760          	.endproc _cond_broadcast
  688  00001760          	.proc _Exit
  689  00001760          	.global _Exit
  690  00001760          	_Exit:
  691  00001760  44000500	trap	#0x500
  692  00001764  4be00000	jr	r31
  693  00001768  54000000	nop
  694  0000176c          	.endproc _Exit
  695                      ; Compiled by GCC
  697  0000176c          	.align 2
  698  0000176c          	.proc _isspace
  699  0000176c          	.global _isspace
  700  0000176c          	_isspace:
  701                      ;  Function 'isspace'; 0 bytes of locals, 3 regs to save.
  702  0000176c  afbefffc	sw	-4(r29),r30; push fp
  703  00001770  001df020	add	r30,r0,r29; fp = sp
  704  00001774  afbffff8	sw	-8(r29),r31; push ret addr
  705  00001778  2fbd0018	subui	r29,r29,#24; alloc local storage
  706  0000177c  afa20000	sw	0(r29),r2
  707  00001780  afa30004	sw	4(r29),r3
  708  00001784  afa40008	sw	8(r29),r4
  709  00001788  83c20003	lb	r2,3(r30)
  710  0000178c  20010000	addi	r1,r0,#0
  711  00001790  304300ff	andi	r3,r2,#0x00ff
  712  00001794  60640020	seqi	r4,r3,#32
  713  00001798  1480002c	bnez	r4,L3_LF2
  714  0000179c  54000000	nop; delay slot nop
  715  000017a0  304300ff	andi	r3,r2,#0x00ff
  716  000017a4  60640009	seqi	r4,r3,#9
  717  000017a8  1480001c	bnez	r4,L3_LF2
  718  000017ac  54000000	nop; delay slot nop
  719  000017b0  304300ff	andi	r3,r2,#0x00ff
  720  000017b4  6064000a	seqi	r4,r3,#10
  721  000017b8  1480000c	bnez	r4,L3_LF2
  722  000017bc  54000000	nop; delay slot nop
  723  000017c0  08000008	j	L2_LF2
  724  000017c4  54000000	nop; delay slot nop
  725  000017c8          	L3_LF2:
  726  000017c8  20010001	addi	r1,r0,#1
  727  000017cc          	L2_LF2:
  728  000017cc  08000004	j	L1_LF2
  729  000017d0  54000000	nop; delay slot nop
  730  000017d4          	L1_LF2:
  731  000017d4  8fa20000	lw	r2,0(r29)
  732  000017d8  8fa30004	lw	r3,4(r29)
  733  000017dc  8fa40008	lw	r4,8(r29)
  734  000017e0  8fdffff8	lw	r31,-8(r30)
  735  000017e4  001ee820	add	r29,r0,r30
  736  000017e8  8fdefffc	lw	r30,-4(r30)
  737  000017ec  4be00000	jr	r31
  738  000017f0  54000000	nop
  739  000017f4          	.endproc _isspace
  740  000017f4          	.align 2
  741  000017f4          	.proc _isxdigit
  742  000017f4          	.global _isxdigit
  743  000017f4          	_isxdigit:
  744                      ;  Function 'isxdigit'; 0 bytes of locals, 3 regs to save.
  745  000017f4  afbefffc	sw	-4(r29),r30; push fp
  746  000017f8  001df020	add	r30,r0,r29; fp = sp
  747  000017fc  afbffff8	sw	-8(r29),r31; push ret addr
  748  00001800  2fbd0018	subui	r29,r29,#24; alloc local storage
  749  00001804  afa20000	sw	0(r29),r2
  750  00001808  afa30004	sw	4(r29),r3
  751  0000180c  afa40008	sw	8(r29),r4
  752  00001810  83c20003	lb	r2,3(r30)
  753  00001814  20010000	addi	r1,r0,#0
  754  00001818  304300ff	andi	r3,r2,#0x00ff
  755  0000181c  6c64002f	sgtui	r4,r3,#47
  756  00001820  1080001c	beqz	r4,L7_LF2
  757  00001824  54000000	nop; delay slot nop
  758  00001828  304300ff	andi	r3,r2,#0x00ff
  759  0000182c  70640039	sleui	r4,r3,#57
  760  00001830  1480005c	bnez	r4,L6_LF2
  761  00001834  54000000	nop; delay slot nop
  762  00001838  08000004	j	L7_LF2
  763  0000183c  54000000	nop; delay slot nop
  764  00001840          	L7_LF2:
  765  00001840  304300ff	andi	r3,r2,#0x00ff
  766  00001844  6c640060	sgtui	r4,r3,#96
  767  00001848  1080001c	beqz	r4,L8_LF2
  768  0000184c  54000000	nop; delay slot nop
  769  00001850  304300ff	andi	r3,r2,#0x00ff
  770  00001854  70640066	sleui	r4,r3,#102
  771  00001858  14800034	bnez	r4,L6_LF2
  772  0000185c  54000000	nop; delay slot nop
  773  00001860  08000004	j	L8_LF2
  774  00001864  54000000	nop; delay slot nop
  775  00001868          	L8_LF2:
  776  00001868  304300ff	andi	r3,r2,#0x00ff
  777  0000186c  6c640040	sgtui	r4,r3,#64
  778  00001870  10800020	beqz	r4,L5_LF2
  779  00001874  54000000	nop; delay slot nop
  780  00001878  304300ff	andi	r3,r2,#0x00ff
  781  0000187c  70640041	sleui	r4,r3,#65
  782  00001880  1480000c	bnez	r4,L6_LF2
  783  00001884  54000000	nop; delay slot nop
  784  00001888  08000008	j	L5_LF2
  785  0000188c  54000000	nop; delay slot nop
  786  00001890          	L6_LF2:
  787  00001890  20010001	addi	r1,r0,#1
  788  00001894          	L5_LF2:
  789  00001894  08000004	j	L4_LF2
  790  00001898  54000000	nop; delay slot nop
  791  0000189c          	L4_LF2:
  792  0000189c  8fa20000	lw	r2,0(r29)
  793  000018a0  8fa30004	lw	r3,4(r29)
  794  000018a4  8fa40008	lw	r4,8(r29)
  795  000018a8  8fdffff8	lw	r31,-8(r30)
  796  000018ac  001ee820	add	r29,r0,r30
  797  000018b0  8fdefffc	lw	r30,-4(r30)
  798  000018b4  4be00000	jr	r31
  799  000018b8  54000000	nop
  800  000018bc          	.endproc _isxdigit
  801  000018bc          	.align 2
  802  000018bc          	.proc _dstrcpy
  803  000018bc          	.global _dstrcpy
  804  000018bc          	_dstrcpy:
  805                      ;  Function 'dstrcpy'; 8 bytes of locals, 2 regs to save.
  806  000018bc  afbefffc	sw	-4(r29),r30; push fp
  807  000018c0  001df020	add	r30,r0,r29; fp = sp
  808  000018c4  afbffff8	sw	-8(r29),r31; push ret addr
  809  000018c8  2fbd0018	subui	r29,r29,#24; alloc local storage
  810  000018cc  afa20000	sw	0(r29),r2
  811  000018d0  afa30004	sw	4(r29),r3
  812  000018d4  8fc10000	lw	r1,(r30)
  813  000018d8  afc1fff4	sw	-12(r30),r1
  814  000018dc          	L10_LF2:
  815  000018dc  8fc10000	lw	r1,(r30)
  816  000018e0  20220001	addi	r2,r1,#1
  817  000018e4  afc20000	sw	(r30),r2
  818  000018e8  8fc20004	lw	r2,4(r30)
  819  000018ec  20430001	addi	r3,r2,#1
  820  000018f0  afc30004	sw	4(r30),r3
  821  000018f4  80420000	lb	r2,(r2)
  822  000018f8  a0220000	sb	(r1),r2
  823  000018fc  a3c2fff3	sb	-13(r30),r2
  824  00001900          	L12_LF2:
  825  00001900  93c1fff3	lbu	r1,-13(r30)
  826  00001904  64220000	snei	r2,r1,#0
  827  00001908  1440000c	bnez	r2,L13_LF2
  828  0000190c  54000000	nop; delay slot nop
  829  00001910  0800000c	j	L11_LF2
  830  00001914  54000000	nop; delay slot nop
  831  00001918          	L13_LF2:
  832  00001918  0bffffc0	j	L10_LF2
  833  0000191c  54000000	nop; delay slot nop
  834  00001920          	L11_LF2:
  835  00001920  8fc1fff4	lw	r1,-12(r30)
  836  00001924  08000004	j	L9_LF2
  837  00001928  54000000	nop; delay slot nop
  838  0000192c          	L9_LF2:
  839  0000192c  8fa20000	lw	r2,0(r29)
  840  00001930  8fa30004	lw	r3,4(r29)
  841  00001934  8fdffff8	lw	r31,-8(r30)
  842  00001938  001ee820	add	r29,r0,r30
  843  0000193c  8fdefffc	lw	r30,-4(r30)
  844  00001940  4be00000	jr	r31
  845  00001944  54000000	nop
  846  00001948          	.endproc _dstrcpy
  847  00001948          	.align 2
  848  00001948          	.proc _dstrncpy
  849  00001948          	.global _dstrncpy
  850  00001948          	_dstrncpy:
  851                      ;  Function 'dstrncpy'; 8 bytes of locals, 2 regs to save.
  852  00001948  afbefffc	sw	-4(r29),r30; push fp
  853  0000194c  001df020	add	r30,r0,r29; fp = sp
  854  00001950  afbffff8	sw	-8(r29),r31; push ret addr
  855  00001954  2fbd0018	subui	r29,r29,#24; alloc local storage
  856  00001958  afa20000	sw	0(r29),r2
  857  0000195c  afa30004	sw	4(r29),r3
  858  00001960  8fc10000	lw	r1,(r30)
  859  00001964  afc1fff4	sw	-12(r30),r1
  860  00001968          	L15_LF2:
  861  00001968  8fc10008	lw	r1,8(r30)
  862  0000196c  2022ffff	addi	r2,r1,#-1
  863  00001970  afc20008	sw	8(r30),r2
  864  00001974  70210000	slei	r1,r1,#0
  865  00001978  1020000c	beqz	r1,L18_LF2
  866  0000197c  54000000	nop; delay slot nop
  867  00001980  08000048	j	L16_LF2
  868  00001984  54000000	nop; delay slot nop
  869  00001988          	L18_LF2:
  870  00001988  8fc10000	lw	r1,(r30)
  871  0000198c  20220001	addi	r2,r1,#1
  872  00001990  afc20000	sw	(r30),r2
  873  00001994  8fc20004	lw	r2,4(r30)
  874  00001998  20430001	addi	r3,r2,#1
  875  0000199c  afc30004	sw	4(r30),r3
  876  000019a0  80420000	lb	r2,(r2)
  877  000019a4  a0220000	sb	(r1),r2
  878  000019a8  a3c2fff3	sb	-13(r30),r2
  879  000019ac          	L17_LF2:
  880  000019ac  93c1fff3	lbu	r1,-13(r30)
  881  000019b0  64220000	snei	r2,r1,#0
  882  000019b4  1440000c	bnez	r2,L19_LF2
  883  000019b8  54000000	nop; delay slot nop
  884  000019bc  0800000c	j	L16_LF2
  885  000019c0  54000000	nop; delay slot nop
  886  000019c4          	L19_LF2:
  887  000019c4  0bffffa0	j	L15_LF2
  888  000019c8  54000000	nop; delay slot nop
  889  000019cc          	L16_LF2:
  890  000019cc  8fc1fff4	lw	r1,-12(r30)
  891  000019d0  08000004	j	L14_LF2
  892  000019d4  54000000	nop; delay slot nop
  893  000019d8          	L14_LF2:
  894  000019d8  8fa20000	lw	r2,0(r29)
  895  000019dc  8fa30004	lw	r3,4(r29)
  896  000019e0  8fdffff8	lw	r31,-8(r30)
  897  000019e4  001ee820	add	r29,r0,r30
  898  000019e8  8fdefffc	lw	r30,-4(r30)
  899  000019ec  4be00000	jr	r31
  900  000019f0  54000000	nop
  901  000019f4          	.endproc _dstrncpy
  902  000019f4          	.align 2
  903  000019f4          	.proc _dstrcat
  904  000019f4          	.global _dstrcat
  905  000019f4          	_dstrcat:
  906                      ;  Function 'dstrcat'; 8 bytes of locals, 1 regs to save.
  907  000019f4  afbefffc	sw	-4(r29),r30; push fp
  908  000019f8  001df020	add	r30,r0,r29; fp = sp
  909  000019fc  afbffff8	sw	-8(r29),r31; push ret addr
  910  00001a00  2fbd0018	subui	r29,r29,#24; alloc local storage
  911  00001a04  afa20000	sw	0(r29),r2
  912  00001a08  8fc10000	lw	r1,(r30)
  913  00001a0c  afc1fff4	sw	-12(r30),r1
  914  00001a10          	L21_LF2:
  915  00001a10  8fc10000	lw	r1,(r30)
  916  00001a14  90220000	lbu	r2,(r1)
  917  00001a18  64410000	snei	r1,r2,#0
  918  00001a1c  1420000c	bnez	r1,L23_LF2
  919  00001a20  54000000	nop; delay slot nop
  920  00001a24  0800001c	j	L22_LF2
  921  00001a28  54000000	nop; delay slot nop
  922  00001a2c          	L23_LF2:
  923  00001a2c  8fc20000	lw	r2,(r30)
  924  00001a30  20410001	addi	r1,r2,#1
  925  00001a34  00011020	add	r2,r0,r1
  926  00001a38  afc20000	sw	(r30),r2
  927  00001a3c  0bffffd0	j	L21_LF2
  928  00001a40  54000000	nop; delay slot nop
  929  00001a44          	L22_LF2:
  930  00001a44  23bdfff8	addi	r29,r29,#-8
  931  00001a48  001d0820	add	r1,r0,r29
  932  00001a4c  8fc20000	lw	r2,(r30)
  933  00001a50  ac220000	sw	(r1),r2
  934  00001a54  8fc20004	lw	r2,4(r30)
  935  00001a58  ac220004	sw	4(r1),r2
  936  00001a5c  0ffffe5c	jal	_dstrcpy
  937  00001a60  54000000	nop; delay slot nop
  938  00001a64  23bd0008	addi	r29,r29,#8
  939  00001a68  8fc1fff4	lw	r1,-12(r30)
  940  00001a6c  08000004	j	L20_LF2
  941  00001a70  54000000	nop; delay slot nop
  942  00001a74          	L20_LF2:
  943  00001a74  8fa20000	lw	r2,0(r29)
  944  00001a78  8fdffff8	lw	r31,-8(r30)
  945  00001a7c  001ee820	add	r29,r0,r30
  946  00001a80  8fdefffc	lw	r30,-4(r30)
  947  00001a84  4be00000	jr	r31
  948  00001a88  54000000	nop
  949  00001a8c          	.endproc _dstrcat
  950  00001a8c          	.align 2
  951  00001a8c          	.proc _dstrncmp
  952  00001a8c          	.global _dstrncmp
  953  00001a8c          	_dstrncmp:
  954                      ;  Function 'dstrncmp'; 8 bytes of locals, 2 regs to save.
  955  00001a8c  afbefffc	sw	-4(r29),r30; push fp
  956  00001a90  001df020	add	r30,r0,r29; fp = sp
  957  00001a94  afbffff8	sw	-8(r29),r31; push ret addr
  958  00001a98  2fbd0018	subui	r29,r29,#24; alloc local storage
  959  00001a9c  afa20000	sw	0(r29),r2
  960  00001aa0  afa30004	sw	4(r29),r3
  961  00001aa4  54000000	nop
  962  00001aa8  20010000	addi	r1,r0,#0
  963  00001aac  afc1fff4	sw	-12(r30),r1
  964  00001ab0          	L25_LF2:
  965  00001ab0  8fc1fff4	lw	r1,-12(r30)
  966  00001ab4  8fc20008	lw	r2,8(r30)
  967  00001ab8  0022082a	slt	r1,r1,r2
  968  00001abc  1420000c	bnez	r1,L28_LF2
  969  00001ac0  54000000	nop; delay slot nop
  970  00001ac4  08000088	j	L26_LF2
  971  00001ac8  54000000	nop; delay slot nop
  972  00001acc          	L28_LF2:
  973  00001acc  8fc10004	lw	r1,4(r30)
  974  00001ad0  90220000	lbu	r2,(r1)
  975  00001ad4  64410000	snei	r1,r2,#0
  976  00001ad8  14200018	bnez	r1,L29_LF2
  977  00001adc  54000000	nop; delay slot nop
  978  00001ae0  20010000	addi	r1,r0,#0
  979  00001ae4  080000d8	j	L24_LF2
  980  00001ae8  54000000	nop; delay slot nop
  981  00001aec  08000028	j	L30_LF2
  982  00001af0  54000000	nop; delay slot nop
  983  00001af4          	L29_LF2:
  984  00001af4  8fc10000	lw	r1,(r30)
  985  00001af8  8fc20004	lw	r2,4(r30)
  986  00001afc  90210000	lbu	r1,(r1)
  987  00001b00  90420000	lbu	r2,(r2)
  988  00001b04  00220829	sne	r1,r1,r2
  989  00001b08  1020000c	beqz	r1,L30_LF2
  990  00001b0c  54000000	nop; delay slot nop
  991  00001b10  0800003c	j	L26_LF2
  992  00001b14  54000000	nop; delay slot nop
  993  00001b18          	L31_LF2:
  994  00001b18          	L30_LF2:
  995  00001b18  8fc20000	lw	r2,(r30)
  996  00001b1c  20410001	addi	r1,r2,#1
  997  00001b20  00011020	add	r2,r0,r1
  998  00001b24  afc20000	sw	(r30),r2
  999  00001b28  8fc20004	lw	r2,4(r30)
 1000  00001b2c  20410001	addi	r1,r2,#1
 1001  00001b30  00011020	add	r2,r0,r1
 1002  00001b34  afc20004	sw	4(r30),r2
 1003  00001b38          	L27_LF2:
 1004  00001b38  8fc2fff4	lw	r2,-12(r30)
 1005  00001b3c  20410001	addi	r1,r2,#1
 1006  00001b40  00011020	add	r2,r0,r1
 1007  00001b44  afc2fff4	sw	-12(r30),r2
 1008  00001b48  0bffff64	j	L25_LF2
 1009  00001b4c  54000000	nop; delay slot nop
 1010  00001b50          	L26_LF2:
 1011  00001b50  8fc1fff4	lw	r1,-12(r30)
 1012  00001b54  8fc20008	lw	r2,8(r30)
 1013  00001b58  00220828	seq	r1,r1,r2
 1014  00001b5c  10200018	beqz	r1,L32_LF2
 1015  00001b60  54000000	nop; delay slot nop
 1016  00001b64  20010000	addi	r1,r0,#0
 1017  00001b68  08000054	j	L24_LF2
 1018  00001b6c  54000000	nop; delay slot nop
 1019  00001b70  0800004c	j	L33_LF2
 1020  00001b74  54000000	nop; delay slot nop
 1021  00001b78          	L32_LF2:
 1022  00001b78  8fc20000	lw	r2,(r30)
 1023  00001b7c  90410000	lbu	r1,(r2)
 1024  00001b80  8fc20004	lw	r2,4(r30)
 1025  00001b84  90430000	lbu	r3,(r2)
 1026  00001b88  00230822	sub	r1,r1,r3
 1027  00001b8c  74220000	sgei	r2,r1,#0
 1028  00001b90  10400020	beqz	r2,L34_LF2
 1029  00001b94  54000000	nop; delay slot nop
 1030  00001b98  8fc10000	lw	r1,(r30)
 1031  00001b9c  8fc20004	lw	r2,4(r30)
 1032  00001ba0  90210000	lbu	r1,(r1)
 1033  00001ba4  90420000	lbu	r2,(r2)
 1034  00001ba8  00220829	sne	r1,r1,r2
 1035  00001bac  08000008	j	L35_LF2
 1036  00001bb0  54000000	nop; delay slot nop
 1037  00001bb4          	L34_LF2:
 1038  00001bb4  2001ffff	addi	r1,r0,#-1
 1039  00001bb8          	L35_LF2:
 1040  00001bb8  08000004	j	L24_LF2
 1041  00001bbc  54000000	nop; delay slot nop
 1042  00001bc0          	L33_LF2:
 1043  00001bc0          	L24_LF2:
 1044  00001bc0  8fa20000	lw	r2,0(r29)
 1045  00001bc4  8fa30004	lw	r3,4(r29)
 1046  00001bc8  8fdffff8	lw	r31,-8(r30)
 1047  00001bcc  001ee820	add	r29,r0,r30
 1048  00001bd0  8fdefffc	lw	r30,-4(r30)
 1049  00001bd4  4be00000	jr	r31
 1050  00001bd8  54000000	nop
 1051  00001bdc          	.endproc _dstrncmp
 1052  00001bdc          	.align 2
 1053  00001bdc          	.proc _dstrlen
 1054  00001bdc          	.global _dstrlen
 1055  00001bdc          	_dstrlen:
 1056                      ;  Function 'dstrlen'; 8 bytes of locals, 1 regs to save.
 1057  00001bdc  afbefffc	sw	-4(r29),r30; push fp
 1058  00001be0  001df020	add	r30,r0,r29; fp = sp
 1059  00001be4  afbffff8	sw	-8(r29),r31; push ret addr
 1060  00001be8  2fbd0018	subui	r29,r29,#24; alloc local storage
 1061  00001bec  afa20000	sw	0(r29),r2
 1062  00001bf0  20010000	addi	r1,r0,#0
 1063  00001bf4  afc1fff4	sw	-12(r30),r1
 1064  00001bf8          	L37_LF2:
 1065  00001bf8  8fc10000	lw	r1,(r30)
 1066  00001bfc  20220001	addi	r2,r1,#1
 1067  00001c00  afc20000	sw	(r30),r2
 1068  00001c04  90210000	lbu	r1,(r1)
 1069  00001c08  64220000	snei	r2,r1,#0
 1070  00001c0c  1440000c	bnez	r2,L39_LF2
 1071  00001c10  54000000	nop; delay slot nop
 1072  00001c14  0800001c	j	L38_LF2
 1073  00001c18  54000000	nop; delay slot nop
 1074  00001c1c          	L39_LF2:
 1075  00001c1c  8fc2fff4	lw	r2,-12(r30)
 1076  00001c20  20410001	addi	r1,r2,#1
 1077  00001c24  00011020	add	r2,r0,r1
 1078  00001c28  afc2fff4	sw	-12(r30),r2
 1079  00001c2c  0bffffc8	j	L37_LF2
 1080  00001c30  54000000	nop; delay slot nop
 1081  00001c34          	L38_LF2:
 1082  00001c34  8fc1fff4	lw	r1,-12(r30)
 1083  00001c38  08000004	j	L36_LF2
 1084  00001c3c  54000000	nop; delay slot nop
 1085  00001c40          	L36_LF2:
 1086  00001c40  8fa20000	lw	r2,0(r29)
 1087  00001c44  8fdffff8	lw	r31,-8(r30)
 1088  00001c48  001ee820	add	r29,r0,r30
 1089  00001c4c  8fdefffc	lw	r30,-4(r30)
 1090  00001c50  4be00000	jr	r31
 1091  00001c54  54000000	nop
 1092  00001c58          	.endproc _dstrlen
 1093  00001c58          	.align 2
 1094  00001c58          	.proc _dstrstr
 1095  00001c58          	.global _dstrstr
 1096  00001c58          	_dstrstr:
 1097                      ;  Function 'dstrstr'; 8 bytes of locals, 1 regs to save.
 1098  00001c58  afbefffc	sw	-4(r29),r30; push fp
 1099  00001c5c  001df020	add	r30,r0,r29; fp = sp
 1100  00001c60  afbffff8	sw	-8(r29),r31; push ret addr
 1101  00001c64  2fbd0018	subui	r29,r29,#24; alloc local storage
 1102  00001c68  afa20000	sw	0(r29),r2
 1103  00001c6c  23bdfff8	addi	r29,r29,#-8
 1104  00001c70  001d0820	add	r1,r0,r29
 1105  00001c74  8fc20004	lw	r2,4(r30)
 1106  00001c78  ac220000	sw	(r1),r2
 1107  00001c7c  0fffff5c	jal	_dstrlen
 1108  00001c80  54000000	nop; delay slot nop
 1109  00001c84  23bd0008	addi	r29,r29,#8
 1110  00001c88  afc1fff4	sw	-12(r30),r1
 1111  00001c8c          	L41_LF2:
 1112  00001c8c  8fc10000	lw	r1,(r30)
 1113  00001c90  90220000	lbu	r2,(r1)
 1114  00001c94  64410000	snei	r1,r2,#0
 1115  00001c98  1420000c	bnez	r1,L43_LF2
 1116  00001c9c  54000000	nop; delay slot nop
 1117  00001ca0  08000060	j	L42_LF2
 1118  00001ca4  54000000	nop; delay slot nop
 1119  00001ca8          	L43_LF2:
 1120  00001ca8  23bdfff0	addi	r29,r29,#-16
 1121  00001cac  001d0820	add	r1,r0,r29
 1122  00001cb0  8fc20000	lw	r2,(r30)
 1123  00001cb4  ac220000	sw	(r1),r2
 1124  00001cb8  8fc20004	lw	r2,4(r30)
 1125  00001cbc  ac220004	sw	4(r1),r2
 1126  00001cc0  8fc2fff4	lw	r2,-12(r30)
 1127  00001cc4  ac220008	sw	8(r1),r2
 1128  00001cc8  0ffffdc0	jal	_dstrncmp
 1129  00001ccc  54000000	nop; delay slot nop
 1130  00001cd0  23bd0010	addi	r29,r29,#16
 1131  00001cd4  64220000	snei	r2,r1,#0
 1132  00001cd8  14400010	bnez	r2,L44_LF2
 1133  00001cdc  54000000	nop; delay slot nop
 1134  00001ce0  8fc10000	lw	r1,(r30)
 1135  00001ce4  08000028	j	L40_LF2
 1136  00001ce8  54000000	nop; delay slot nop
 1137  00001cec          	L44_LF2:
 1138  00001cec  8fc20000	lw	r2,(r30)
 1139  00001cf0  20410001	addi	r1,r2,#1
 1140  00001cf4  00011020	add	r2,r0,r1
 1141  00001cf8  afc20000	sw	(r30),r2
 1142  00001cfc  0bffff8c	j	L41_LF2
 1143  00001d00  54000000	nop; delay slot nop
 1144  00001d04          	L42_LF2:
 1145  00001d04  20010000	addi	r1,r0,#0
 1146  00001d08  08000004	j	L40_LF2
 1147  00001d0c  54000000	nop; delay slot nop
 1148  00001d10          	L40_LF2:
 1149  00001d10  8fa20000	lw	r2,0(r29)
 1150  00001d14  8fdffff8	lw	r31,-8(r30)
 1151  00001d18  001ee820	add	r29,r0,r30
 1152  00001d1c  8fdefffc	lw	r30,-4(r30)
 1153  00001d20  4be00000	jr	r31
 1154  00001d24  54000000	nop
 1155  00001d28          	.endproc _dstrstr
 1156  00001d28          	.align 2
 1157  00001d28          	.proc _dmindex
 1158  00001d28          	.global _dmindex
 1159  00001d28          	_dmindex:
 1160                      ;  Function 'dmindex'; 8 bytes of locals, 1 regs to save.
 1161  00001d28  afbefffc	sw	-4(r29),r30; push fp
 1162  00001d2c  001df020	add	r30,r0,r29; fp = sp
 1163  00001d30  afbffff8	sw	-8(r29),r31; push ret addr
 1164  00001d34  2fbd0018	subui	r29,r29,#24; alloc local storage
 1165  00001d38  afa20000	sw	0(r29),r2
 1166  00001d3c  54000000	nop
 1167  00001d40          	L46_LF2:
 1168  00001d40  8fc10000	lw	r1,(r30)
 1169  00001d44  90220000	lbu	r2,(r1)
 1170  00001d48  64410000	snei	r1,r2,#0
 1171  00001d4c  1420000c	bnez	r1,L48_LF2
 1172  00001d50  54000000	nop; delay slot nop
 1173  00001d54  08000070	j	L47_LF2
 1174  00001d58  54000000	nop; delay slot nop
 1175  00001d5c          	L48_LF2:
 1176  00001d5c  8fc10004	lw	r1,4(r30)
 1177  00001d60  afc1fff4	sw	-12(r30),r1
 1178  00001d64          	L49_LF2:
 1179  00001d64  8fc1fff4	lw	r1,-12(r30)
 1180  00001d68  90220000	lbu	r2,(r1)
 1181  00001d6c  64410000	snei	r1,r2,#0
 1182  00001d70  1420000c	bnez	r1,L52_LF2
 1183  00001d74  54000000	nop; delay slot nop
 1184  00001d78  08000044	j	L50_LF2
 1185  00001d7c  54000000	nop; delay slot nop
 1186  00001d80          	L52_LF2:
 1187  00001d80  8fc10000	lw	r1,(r30)
 1188  00001d84  8fc2fff4	lw	r2,-12(r30)
 1189  00001d88  90210000	lbu	r1,(r1)
 1190  00001d8c  90420000	lbu	r2,(r2)
 1191  00001d90  00220828	seq	r1,r1,r2
 1192  00001d94  10200010	beqz	r1,L51_LF2
 1193  00001d98  54000000	nop; delay slot nop
 1194  00001d9c  8fc10000	lw	r1,(r30)
 1195  00001da0  08000030	j	L45_LF2
 1196  00001da4  54000000	nop; delay slot nop
 1197  00001da8          	L53_LF2:
 1198  00001da8          	L51_LF2:
 1199  00001da8  8fc2fff4	lw	r2,-12(r30)
 1200  00001dac  20410001	addi	r1,r2,#1
 1201  00001db0  00011020	add	r2,r0,r1
 1202  00001db4  afc2fff4	sw	-12(r30),r2
 1203  00001db8  0bffffa8	j	L49_LF2
 1204  00001dbc  54000000	nop; delay slot nop
 1205  00001dc0          	L50_LF2:
 1206  00001dc0  0bffff7c	j	L46_LF2
 1207  00001dc4  54000000	nop; delay slot nop
 1208  00001dc8          	L47_LF2:
 1209  00001dc8  20010000	addi	r1,r0,#0
 1210  00001dcc  08000004	j	L45_LF2
 1211  00001dd0  54000000	nop; delay slot nop
 1212  00001dd4          	L45_LF2:
 1213  00001dd4  8fa20000	lw	r2,0(r29)
 1214  00001dd8  8fdffff8	lw	r31,-8(r30)
 1215  00001ddc  001ee820	add	r29,r0,r30
 1216  00001de0  8fdefffc	lw	r30,-4(r30)
 1217  00001de4  4be00000	jr	r31
 1218  00001de8  54000000	nop
 1219  00001dec          	.endproc _dmindex
 1220  00001dec          	.align 2
 1221  00001dec          	.proc _dindex
 1222  00001dec          	.global _dindex
 1223  00001dec          	_dindex:
 1224                      ;  Function 'dindex'; 0 bytes of locals, 1 regs to save.
 1225  00001dec  afbefffc	sw	-4(r29),r30; push fp
 1226  00001df0  001df020	add	r30,r0,r29; fp = sp
 1227  00001df4  afbffff8	sw	-8(r29),r31; push ret addr
 1228  00001df8  2fbd0010	subui	r29,r29,#16; alloc local storage
 1229  00001dfc  afa20000	sw	0(r29),r2
 1230  00001e00  54000000	nop
 1231  00001e04          	L55_LF2:
 1232  00001e04  8fc10000	lw	r1,(r30)
 1233  00001e08  90220000	lbu	r2,(r1)
 1234  00001e0c  64410000	snei	r1,r2,#0
 1235  00001e10  1420000c	bnez	r1,L57_LF2
 1236  00001e14  54000000	nop; delay slot nop
 1237  00001e18  08000040	j	L56_LF2
 1238  00001e1c  54000000	nop; delay slot nop
 1239  00001e20          	L57_LF2:
 1240  00001e20  8fc10000	lw	r1,(r30)
 1241  00001e24  90220000	lbu	r2,(r1)
 1242  00001e28  8fc10004	lw	r1,4(r30)
 1243  00001e2c  00411028	seq	r2,r2,r1
 1244  00001e30  10400010	beqz	r2,L58_LF2
 1245  00001e34  54000000	nop; delay slot nop
 1246  00001e38  8fc10000	lw	r1,(r30)
 1247  00001e3c  08000028	j	L54_LF2
 1248  00001e40  54000000	nop; delay slot nop
 1249  00001e44          	L58_LF2:
 1250  00001e44  8fc20000	lw	r2,(r30)
 1251  00001e48  20410001	addi	r1,r2,#1
 1252  00001e4c  00011020	add	r2,r0,r1
 1253  00001e50  afc20000	sw	(r30),r2
 1254  00001e54  0bffffac	j	L55_LF2
 1255  00001e58  54000000	nop; delay slot nop
 1256  00001e5c          	L56_LF2:
 1257  00001e5c  20010000	addi	r1,r0,#0
 1258  00001e60  08000004	j	L54_LF2
 1259  00001e64  54000000	nop; delay slot nop
 1260  00001e68          	L54_LF2:
 1261  00001e68  8fa20000	lw	r2,0(r29)
 1262  00001e6c  8fdffff8	lw	r31,-8(r30)
 1263  00001e70  001ee820	add	r29,r0,r30
 1264  00001e74  8fdefffc	lw	r30,-4(r30)
 1265  00001e78  4be00000	jr	r31
 1266  00001e7c  54000000	nop
 1267  00001e80          	.endproc _dindex
 1268  00001e80          	.align 2
 1269  00001e80          	.proc _ditoa
 1270  00001e80          	.global _ditoa
 1271  00001e80          	_ditoa:
 1272                      ;  Function 'ditoa'; 8 bytes of locals, 2 regs to save.
 1273  00001e80  afbefffc	sw	-4(r29),r30; push fp
 1274  00001e84  001df020	add	r30,r0,r29; fp = sp
 1275  00001e88  afbffff8	sw	-8(r29),r31; push ret addr
 1276  00001e8c  2fbd0018	subui	r29,r29,#24; alloc local storage
 1277  00001e90  afa20000	sw	0(r29),r2
 1278  00001e94  afa30004	sw	4(r29),r3
 1279  00001e98  8fc10000	lw	r1,(r30)
 1280  00001e9c  68220000	slti	r2,r1,#0
 1281  00001ea0  1040002c	beqz	r2,L60_LF2
 1282  00001ea4  54000000	nop; delay slot nop
 1283  00001ea8  8fc10004	lw	r1,4(r30)
 1284  00001eac  20220001	addi	r2,r1,#1
 1285  00001eb0  afc20004	sw	4(r30),r2
 1286  00001eb4  2002002d	addi	r2,r0,(#0x2d)&0xff
 1287  00001eb8  a0220000	sb	(r1),r2
 1288  00001ebc  8fc10000	lw	r1,(r30)
 1289  00001ec0  00011022	sub	r2,r0,r1
 1290  00001ec4  afc20000	sw	(r30),r2
 1291  00001ec8  08000118	j	L61_LF2
 1292  00001ecc  54000000	nop; delay slot nop
 1293  00001ed0          	L60_LF2:
 1294  00001ed0  8fc10000	lw	r1,(r30)
 1295  00001ed4  64220000	snei	r2,r1,#0
 1296  00001ed8  14400020	bnez	r2,L62_LF2
 1297  00001edc  54000000	nop; delay slot nop
 1298  00001ee0  8fc10004	lw	r1,4(r30)
 1299  00001ee4  20220001	addi	r2,r1,#1
 1300  00001ee8  afc20004	sw	4(r30),r2
 1301  00001eec  20020030	addi	r2,r0,(#0x30)&0xff
 1302  00001ef0  a0220000	sb	(r1),r2
 1303  00001ef4  080000ec	j	L61_LF2
 1304  00001ef8  54000000	nop; delay slot nop
 1305  00001efc          	L62_LF2:
 1306  00001efc  20010001	addi	r1,r0,#1
 1307  00001f00  afc1fff4	sw	-12(r30),r1
 1308  00001f04          	L64_LF2:
 1309  00001f04  8fc1fff4	lw	r1,-12(r30)
 1310  00001f08  8fc20000	lw	r2,(r30)
 1311  00001f0c  0022082c	sle	r1,r1,r2
 1312  00001f10  1420000c	bnez	r1,L66_LF2
 1313  00001f14  54000000	nop; delay slot nop
 1314  00001f18  08000024	j	L65_LF2
 1315  00001f1c  54000000	nop; delay slot nop
 1316  00001f20          	L67_LF2:
 1317  00001f20          	L66_LF2:
 1318  00001f20  8fc1fff4	lw	r1,-12(r30)
 1319  00001f24  00011820	add	r3,r0,r1
 1320  00001f28  50620002	slli	r2,r3,#0x2
 1321  00001f2c  00411020	add	r2,r2,r1
 1322  00001f30  50410001	slli	r1,r2,#0x1
 1323  00001f34  afc1fff4	sw	-12(r30),r1
 1324  00001f38  0bffffc8	j	L64_LF2
 1325  00001f3c  54000000	nop; delay slot nop
 1326  00001f40          	L65_LF2:
 1327  00001f40  54000000	nop
 1328  00001f44          	L68_LF2:
 1329  00001f44  8fc1fff4	lw	r1,-12(r30)
 1330  00001f48  2002000a	addi	r2,r0,#10
 1331  00001f4c  00200035	movi2fp	f0,r1
 1332  00001f50  00400835	movi2fp	f1,r2
 1333  00001f54  0401000f	div	f0,f0,f1
 1334  00001f58  00000834	movfp2i	r1,f0
 1335  00001f5c  afc1fff4	sw	-12(r30),r1
 1336  00001f60  8fc10004	lw	r1,4(r30)
 1337  00001f64  20220001	addi	r2,r1,#1
 1338  00001f68  afc20004	sw	4(r30),r2
 1339  00001f6c  8fc20000	lw	r2,(r30)
 1340  00001f70  8fc3fff4	lw	r3,-12(r30)
 1341  00001f74  00400035	movi2fp	f0,r2
 1342  00001f78  00600835	movi2fp	f1,r3
 1343  00001f7c  0401000f	div	f0,f0,f1
 1344  00001f80  00001034	movfp2i	r2,f0
 1345  00001f84  00021820	add	r3,r0,r2
 1346  00001f88  20620030	addi	r2,r3,#48
 1347  00001f8c  a0220000	sb	(r1),r2
 1348  00001f90  8fc10000	lw	r1,(r30)
 1349  00001f94  8fc3fff4	lw	r3,-12(r30)
 1350  00001f98  00200035	movi2fp	f0,r1
 1351  00001f9c  00600835	movi2fp	f1,r3
 1352  00001fa0  0401000f	div	f0,f0,f1
 1353  00001fa4  00001034	movfp2i	r2,f0
 1354  00001fa8  8fc3fff4	lw	r3,-12(r30)
 1355  00001fac  00400035	movi2fp	f0,r2
 1356  00001fb0  00600835	movi2fp	f1,r3
 1357  00001fb4  0401000e	mult	f0,f0,f1
 1358  00001fb8  00001034	movfp2i	r2,f0
 1359  00001fbc  00220822	sub	r1,r1,r2
 1360  00001fc0  afc10000	sw	(r30),r1
 1361  00001fc4          	L70_LF2:
 1362  00001fc4  8fc1fff4	lw	r1,-12(r30)
 1363  00001fc8  6c220001	sgti	r2,r1,#1
 1364  00001fcc  1440000c	bnez	r2,L71_LF2
 1365  00001fd0  54000000	nop; delay slot nop
 1366  00001fd4  0800000c	j	L61_LF2
 1367  00001fd8  54000000	nop; delay slot nop
 1368  00001fdc          	L71_LF2:
 1369  00001fdc  0bffff64	j	L68_LF2
 1370  00001fe0  54000000	nop; delay slot nop
 1371  00001fe4          	L69_LF2:
 1372  00001fe4          	L63_LF2:
 1373  00001fe4          	L61_LF2:
 1374  00001fe4  8fc10004	lw	r1,4(r30)
 1375  00001fe8  20020000	addi	r2,r0,(#0x0)&0xff
 1376  00001fec  a0220000	sb	(r1),r2
 1377  00001ff0          	L59_LF2:
 1378  00001ff0  8fa20000	lw	r2,0(r29)
 1379  00001ff4  8fa30004	lw	r3,4(r29)
 1380  00001ff8  8fdffff8	lw	r31,-8(r30)
 1381  00001ffc  001ee820	add	r29,r0,r30
 1382  00002000  8fdefffc	lw	r30,-4(r30)
 1383  00002004  4be00000	jr	r31
 1384  00002008  54000000	nop
 1385  0000200c          	.endproc _ditoa
 1386  0000200c          	.align 2
 1387  0000200c          	.proc _dstrtol
 1388  0000200c          	.global _dstrtol
 1389  0000200c          	_dstrtol:
 1390                      ;  Function 'dstrtol'; 16 bytes of locals, 1 regs to save.
 1391  0000200c  afbefffc	sw	-4(r29),r30; push fp
 1392  00002010  001df020	add	r30,r0,r29; fp = sp
 1393  00002014  afbffff8	sw	-8(r29),r31; push ret addr
 1394  00002018  2fbd0020	subui	r29,r29,#32; alloc local storage
 1395  0000201c  afa20000	sw	0(r29),r2
 1396  00002020  20010000	addi	r1,r0,#0
 1397  00002024  afc1fff4	sw	-12(r30),r1
 1398  00002028          	L73_LF2:
 1399  00002028  8fc10000	lw	r1,(r30)
 1400  0000202c  90220000	lbu	r2,(r1)
 1401  00002030  60410020	seqi	r1,r2,#32
 1402  00002034  14200034	bnez	r1,L75_LF2
 1403  00002038  54000000	nop; delay slot nop
 1404  0000203c  8fc10000	lw	r1,(r30)
 1405  00002040  90220000	lbu	r2,(r1)
 1406  00002044  60410009	seqi	r1,r2,#9
 1407  00002048  14200020	bnez	r1,L75_LF2
 1408  0000204c  54000000	nop; delay slot nop
 1409  00002050  8fc10000	lw	r1,(r30)
 1410  00002054  90220000	lbu	r2,(r1)
 1411  00002058  6041000a	seqi	r1,r2,#10
 1412  0000205c  1420000c	bnez	r1,L75_LF2
 1413  00002060  54000000	nop; delay slot nop
 1414  00002064  0800001c	j	L74_LF2
 1415  00002068  54000000	nop; delay slot nop
 1416  0000206c          	L75_LF2:
 1417  0000206c  8fc20000	lw	r2,(r30)
 1418  00002070  20410001	addi	r1,r2,#1
 1419  00002074  00011020	add	r2,r0,r1
 1420  00002078  afc20000	sw	(r30),r2
 1421  0000207c  0bffffa8	j	L73_LF2
 1422  00002080  54000000	nop; delay slot nop
 1423  00002084          	L74_LF2:
 1424  00002084  8fc10004	lw	r1,4(r30)
 1425  00002088  64220000	snei	r2,r1,#0
 1426  0000208c  10400010	beqz	r2,L76_LF2
 1427  00002090  54000000	nop; delay slot nop
 1428  00002094  8fc10004	lw	r1,4(r30)
 1429  00002098  8fc20000	lw	r2,(r30)
 1430  0000209c  ac220000	sw	(r1),r2
 1431  000020a0          	L76_LF2:
 1432  000020a0  8fc10000	lw	r1,(r30)
 1433  000020a4  90220000	lbu	r2,(r1)
 1434  000020a8  64410000	snei	r1,r2,#0
 1435  000020ac  14200010	bnez	r1,L77_LF2
 1436  000020b0  54000000	nop; delay slot nop
 1437  000020b4  8fc1fff4	lw	r1,-12(r30)
 1438  000020b8  08000294	j	L72_LF2
 1439  000020bc  54000000	nop; delay slot nop
 1440  000020c0          	L77_LF2:
 1441  000020c0  8fc10000	lw	r1,(r30)
 1442  000020c4  90220000	lbu	r2,(r1)
 1443  000020c8  6041002d	seqi	r1,r2,#45
 1444  000020cc  10200024	beqz	r1,L78_LF2
 1445  000020d0  54000000	nop; delay slot nop
 1446  000020d4  2001ffff	addi	r1,r0,#-1
 1447  000020d8  afc1ffec	sw	-20(r30),r1
 1448  000020dc  8fc20000	lw	r2,(r30)
 1449  000020e0  20410001	addi	r1,r2,#1
 1450  000020e4  00011020	add	r2,r0,r1
 1451  000020e8  afc20000	sw	(r30),r2
 1452  000020ec  0800000c	j	L79_LF2
 1453  000020f0  54000000	nop; delay slot nop
 1454  000020f4          	L78_LF2:
 1455  000020f4  20010001	addi	r1,r0,#1
 1456  000020f8  afc1ffec	sw	-20(r30),r1
 1457  000020fc          	L79_LF2:
 1458  000020fc  8fc10008	lw	r1,8(r30)
 1459  00002100  64220000	snei	r2,r1,#0
 1460  00002104  14400090	bnez	r2,L80_LF2
 1461  00002108  54000000	nop; delay slot nop
 1462  0000210c  8fc10000	lw	r1,(r30)
 1463  00002110  90220000	lbu	r2,(r1)
 1464  00002114  60410030	seqi	r1,r2,#48
 1465  00002118  10200074	beqz	r1,L81_LF2
 1466  0000211c  54000000	nop; delay slot nop
 1467  00002120  8fc20000	lw	r2,(r30)
 1468  00002124  20410001	addi	r1,r2,#1
 1469  00002128  00011020	add	r2,r0,r1
 1470  0000212c  afc20000	sw	(r30),r2
 1471  00002130  8fc10000	lw	r1,(r30)
 1472  00002134  90220000	lbu	r2,(r1)
 1473  00002138  60410078	seqi	r1,r2,#120
 1474  0000213c  14200020	bnez	r1,L83_LF2
 1475  00002140  54000000	nop; delay slot nop
 1476  00002144  8fc10000	lw	r1,(r30)
 1477  00002148  90220000	lbu	r2,(r1)
 1478  0000214c  60410058	seqi	r1,r2,#88
 1479  00002150  1420000c	bnez	r1,L83_LF2
 1480  00002154  54000000	nop; delay slot nop
 1481  00002158  08000024	j	L82_LF2
 1482  0000215c  54000000	nop; delay slot nop
 1483  00002160          	L83_LF2:
 1484  00002160  20010010	addi	r1,r0,#16
 1485  00002164  afc10008	sw	8(r30),r1
 1486  00002168  8fc20000	lw	r2,(r30)
 1487  0000216c  20410001	addi	r1,r2,#1
 1488  00002170  00011020	add	r2,r0,r1
 1489  00002174  afc20000	sw	(r30),r2
 1490  00002178  0800000c	j	L84_LF2
 1491  0000217c  54000000	nop; delay slot nop
 1492  00002180          	L82_LF2:
 1493  00002180  20010008	addi	r1,r0,#8
 1494  00002184  afc10008	sw	8(r30),r1
 1495  00002188          	L84_LF2:
 1496  00002188  0800000c	j	L80_LF2
 1497  0000218c  54000000	nop; delay slot nop
 1498  00002190          	L81_LF2:
 1499  00002190  2001000a	addi	r1,r0,#10
 1500  00002194  afc10008	sw	8(r30),r1
 1501  00002198          	L85_LF2:
 1502  00002198          	L80_LF2:
 1503  00002198  8fc10008	lw	r1,8(r30)
 1504  0000219c  70220000	slei	r2,r1,#0
 1505  000021a0  1440001c	bnez	r2,L87_LF2
 1506  000021a4  54000000	nop; delay slot nop
 1507  000021a8  8fc10008	lw	r1,8(r30)
 1508  000021ac  6c220010	sgti	r2,r1,#16
 1509  000021b0  1440000c	bnez	r2,L87_LF2
 1510  000021b4  54000000	nop; delay slot nop
 1511  000021b8  08000010	j	L86_LF2
 1512  000021bc  54000000	nop; delay slot nop
 1513  000021c0          	L87_LF2:
 1514  000021c0  8fc1fff4	lw	r1,-12(r30)
 1515  000021c4  08000188	j	L72_LF2
 1516  000021c8  54000000	nop; delay slot nop
 1517  000021cc          	L86_LF2:
 1518  000021cc  54000000	nop
 1519  000021d0          	L88_LF2:
 1520  000021d0  8fc10000	lw	r1,(r30)
 1521  000021d4  90220000	lbu	r2,(r1)
 1522  000021d8  6c41002f	sgtui	r1,r2,#47
 1523  000021dc  10200030	beqz	r1,L91_LF2
 1524  000021e0  54000000	nop; delay slot nop
 1525  000021e4  8fc10000	lw	r1,(r30)
 1526  000021e8  90220000	lbu	r2,(r1)
 1527  000021ec  70410039	sleui	r1,r2,#57
 1528  000021f0  1020001c	beqz	r1,L91_LF2
 1529  000021f4  54000000	nop; delay slot nop
 1530  000021f8  8fc10000	lw	r1,(r30)
 1531  000021fc  90220000	lbu	r2,(r1)
 1532  00002200  2041ffd0	addi	r1,r2,#-48
 1533  00002204  afc1fff0	sw	-16(r30),r1
 1534  00002208  0800008c	j	L92_LF2
 1535  0000220c  54000000	nop; delay slot nop
 1536  00002210          	L91_LF2:
 1537  00002210  8fc10000	lw	r1,(r30)
 1538  00002214  90220000	lbu	r2,(r1)
 1539  00002218  6c410060	sgtui	r1,r2,#96
 1540  0000221c  10200030	beqz	r1,L93_LF2
 1541  00002220  54000000	nop; delay slot nop
 1542  00002224  8fc10000	lw	r1,(r30)
 1543  00002228  90220000	lbu	r2,(r1)
 1544  0000222c  7041007a	sleui	r1,r2,#122
 1545  00002230  1020001c	beqz	r1,L93_LF2
 1546  00002234  54000000	nop; delay slot nop
 1547  00002238  8fc10000	lw	r1,(r30)
 1548  0000223c  90220000	lbu	r2,(r1)
 1549  00002240  2041ffa9	addi	r1,r2,#-87
 1550  00002244  afc1fff0	sw	-16(r30),r1
 1551  00002248  0800004c	j	L92_LF2
 1552  0000224c  54000000	nop; delay slot nop
 1553  00002250          	L93_LF2:
 1554  00002250  8fc10000	lw	r1,(r30)
 1555  00002254  90220000	lbu	r2,(r1)
 1556  00002258  6c410040	sgtui	r1,r2,#64
 1557  0000225c  10200030	beqz	r1,L95_LF2
 1558  00002260  54000000	nop; delay slot nop
 1559  00002264  8fc10000	lw	r1,(r30)
 1560  00002268  90220000	lbu	r2,(r1)
 1561  0000226c  7041005a	sleui	r1,r2,#90
 1562  00002270  1020001c	beqz	r1,L95_LF2
 1563  00002274  54000000	nop; delay slot nop
 1564  00002278  8fc10000	lw	r1,(r30)
 1565  0000227c  90220000	lbu	r2,(r1)
 1566  00002280  2041ffc9	addi	r1,r2,#-55
 1567  00002284  afc1fff0	sw	-16(r30),r1
 1568  00002288  0800000c	j	L92_LF2
 1569  0000228c  54000000	nop; delay slot nop
 1570  00002290          	L95_LF2:
 1571  00002290  200103e8	addi	r1,r0,#1000
 1572  00002294  afc1fff0	sw	-16(r30),r1
 1573  00002298          	L96_LF2:
 1574  00002298          	L94_LF2:
 1575  00002298          	L92_LF2:
 1576  00002298  8fc1fff0	lw	r1,-16(r30)
 1577  0000229c  8fc20008	lw	r2,8(r30)
 1578  000022a0  0022082a	slt	r1,r1,r2
 1579  000022a4  10200040	beqz	r1,L90_LF2
 1580  000022a8  54000000	nop; delay slot nop
 1581  000022ac  8fc1fff4	lw	r1,-12(r30)
 1582  000022b0  8fc20008	lw	r2,8(r30)
 1583  000022b4  00200035	movi2fp	f0,r1
 1584  000022b8  00400835	movi2fp	f1,r2
 1585  000022bc  0401000e	mult	f0,f0,f1
 1586  000022c0  00000834	movfp2i	r1,f0
 1587  000022c4  afc1fff4	sw	-12(r30),r1
 1588  000022c8  8fc1fff4	lw	r1,-12(r30)
 1589  000022cc  8fc2fff0	lw	r2,-16(r30)
 1590  000022d0  00220820	add	r1,r1,r2
 1591  000022d4  afc1fff4	sw	-12(r30),r1
 1592  000022d8  8fc20000	lw	r2,(r30)
 1593  000022dc  20410001	addi	r1,r2,#1
 1594  000022e0  00011020	add	r2,r0,r1
 1595  000022e4  afc20000	sw	(r30),r2
 1596  000022e8          	L97_LF2:
 1597  000022e8          	L90_LF2:
 1598  000022e8  8fc1fff0	lw	r1,-16(r30)
 1599  000022ec  8fc20008	lw	r2,8(r30)
 1600  000022f0  0022082a	slt	r1,r1,r2
 1601  000022f4  1420000c	bnez	r1,L98_LF2
 1602  000022f8  54000000	nop; delay slot nop
 1603  000022fc  0800000c	j	L89_LF2
 1604  00002300  54000000	nop; delay slot nop
 1605  00002304          	L98_LF2:
 1606  00002304  0bfffec8	j	L88_LF2
 1607  00002308  54000000	nop; delay slot nop
 1608  0000230c          	L89_LF2:
 1609  0000230c  8fc10004	lw	r1,4(r30)
 1610  00002310  64220000	snei	r2,r1,#0
 1611  00002314  10400010	beqz	r2,L99_LF2
 1612  00002318  54000000	nop; delay slot nop
 1613  0000231c  8fc10004	lw	r1,4(r30)
 1614  00002320  8fc20000	lw	r2,(r30)
 1615  00002324  ac220000	sw	(r1),r2
 1616  00002328          	L99_LF2:
 1617  00002328  8fc1fff4	lw	r1,-12(r30)
 1618  0000232c  8fc2ffec	lw	r2,-20(r30)
 1619  00002330  00200035	movi2fp	f0,r1
 1620  00002334  00400835	movi2fp	f1,r2
 1621  00002338  0401000e	mult	f0,f0,f1
 1622  0000233c  00000834	movfp2i	r1,f0
 1623  00002340  afc1fff4	sw	-12(r30),r1
 1624  00002344  8fc1fff4	lw	r1,-12(r30)
 1625  00002348  08000004	j	L72_LF2
 1626  0000234c  54000000	nop; delay slot nop
 1627  00002350          	L72_LF2:
 1628  00002350  8fa20000	lw	r2,0(r29)
 1629  00002354  8fdffff8	lw	r31,-8(r30)
 1630  00002358  001ee820	add	r29,r0,r30
 1631  0000235c  8fdefffc	lw	r30,-4(r30)
 1632  00002360  4be00000	jr	r31
 1633  00002364  54000000	nop
 1634  00002368          	.endproc _dstrtol
 1635  00002368          	.align 2
 1636  00002368          	.proc _bcopy
 1637  00002368          	.global _bcopy
 1638  00002368          	_bcopy:
 1639                      ;  Function 'bcopy'; 0 bytes of locals, 2 regs to save.
 1640  00002368  afbefffc	sw	-4(r29),r30; push fp
 1641  0000236c  001df020	add	r30,r0,r29; fp = sp
 1642  00002370  afbffff8	sw	-8(r29),r31; push ret addr
 1643  00002374  2fbd0010	subui	r29,r29,#16; alloc local storage
 1644  00002378  afa20000	sw	0(r29),r2
 1645  0000237c  afa30004	sw	4(r29),r3
 1646  00002380  54000000	nop
 1647  00002384          	L101_LF2:
 1648  00002384  8fc10008	lw	r1,8(r30)
 1649  00002388  2022ffff	addi	r2,r1,#-1
 1650  0000238c  afc20008	sw	8(r30),r2
 1651  00002390  6c210000	sgti	r1,r1,#0
 1652  00002394  1420000c	bnez	r1,L103_LF2
 1653  00002398  54000000	nop; delay slot nop
 1654  0000239c  0800002c	j	L102_LF2
 1655  000023a0  54000000	nop; delay slot nop
 1656  000023a4          	L103_LF2:
 1657  000023a4  8fc10004	lw	r1,4(r30)
 1658  000023a8  20220001	addi	r2,r1,#1
 1659  000023ac  afc20004	sw	4(r30),r2
 1660  000023b0  8fc20000	lw	r2,(r30)
 1661  000023b4  20430001	addi	r3,r2,#1
 1662  000023b8  afc30000	sw	(r30),r3
 1663  000023bc  80420000	lb	r2,(r2)
 1664  000023c0  a0220000	sb	(r1),r2
 1665  000023c4  0bffffbc	j	L101_LF2
 1666  000023c8  54000000	nop; delay slot nop
 1667  000023cc          	L102_LF2:
 1668  000023cc          	L100_LF2:
 1669  000023cc  8fa20000	lw	r2,0(r29)
 1670  000023d0  8fa30004	lw	r3,4(r29)
 1671  000023d4  8fdffff8	lw	r31,-8(r30)
 1672  000023d8  001ee820	add	r29,r0,r30
 1673  000023dc  8fdefffc	lw	r30,-4(r30)
 1674  000023e0  4be00000	jr	r31
 1675  000023e4  54000000	nop
 1676  000023e8          	.endproc _bcopy
 1677  000023e8          	.align 2
 1678  000023e8          	.proc _bzero
 1679  000023e8          	.global _bzero
 1680  000023e8          	_bzero:
 1681                      ;  Function 'bzero'; 0 bytes of locals, 1 regs to save.
 1682  000023e8  afbefffc	sw	-4(r29),r30; push fp
 1683  000023ec  001df020	add	r30,r0,r29; fp = sp
 1684  000023f0  afbffff8	sw	-8(r29),r31; push ret addr
 1685  000023f4  2fbd0010	subui	r29,r29,#16; alloc local storage
 1686  000023f8  afa20000	sw	0(r29),r2
 1687  000023fc  54000000	nop
 1688  00002400          	L105_LF2:
 1689  00002400  8fc10004	lw	r1,4(r30)
 1690  00002404  2022ffff	addi	r2,r1,#-1
 1691  00002408  afc20004	sw	4(r30),r2
 1692  0000240c  6c210000	sgti	r1,r1,#0
 1693  00002410  1420000c	bnez	r1,L107_LF2
 1694  00002414  54000000	nop; delay slot nop
 1695  00002418  08000020	j	L106_LF2
 1696  0000241c  54000000	nop; delay slot nop
 1697  00002420          	L107_LF2:
 1698  00002420  8fc10000	lw	r1,(r30)
 1699  00002424  20220001	addi	r2,r1,#1
 1700  00002428  afc20000	sw	(r30),r2
 1701  0000242c  20020000	addi	r2,r0,(#0x0)&0xff
 1702  00002430  a0220000	sb	(r1),r2
 1703  00002434  0bffffc8	j	L105_LF2
 1704  00002438  54000000	nop; delay slot nop
 1705  0000243c          	L106_LF2:
 1706  0000243c          	L104_LF2:
 1707  0000243c  8fa20000	lw	r2,0(r29)
 1708  00002440  8fdffff8	lw	r31,-8(r30)
 1709  00002444  001ee820	add	r29,r0,r30
 1710  00002448  8fdefffc	lw	r30,-4(r30)
 1711  0000244c  4be00000	jr	r31
 1712  00002450  54000000	nop
 1713  00002454          	.endproc _bzero
 1714  00002454          	.align 2
 1715  00002454          	.proc _min
 1716  00002454          	.global _min
 1717  00002454          	_min:
 1718                      ;  Function 'min'; 0 bytes of locals, 2 regs to save.
 1719  00002454  afbefffc	sw	-4(r29),r30; push fp
 1720  00002458  001df020	add	r30,r0,r29; fp = sp
 1721  0000245c  afbffff8	sw	-8(r29),r31; push ret addr
 1722  00002460  2fbd0010	subui	r29,r29,#16; alloc local storage
 1723  00002464  afa20000	sw	0(r29),r2
 1724  00002468  afa30004	sw	4(r29),r3
 1725  0000246c  8fc10000	lw	r1,(r30)
 1726  00002470  8fc20004	lw	r2,4(r30)
 1727  00002474  0022182c	sle	r3,r1,r2
 1728  00002478  14600008	bnez	r3,L109_LF2
 1729  0000247c  54000000	nop; delay slot nop
 1730  00002480  8fc10004	lw	r1,4(r30)
 1731  00002484          	L109_LF2:
 1732  00002484  08000004	j	L108_LF2
 1733  00002488  54000000	nop; delay slot nop
 1734  0000248c          	L108_LF2:
 1735  0000248c  8fa20000	lw	r2,0(r29)
 1736  00002490  8fa30004	lw	r3,4(r29)
 1737  00002494  8fdffff8	lw	r31,-8(r30)
 1738  00002498  001ee820	add	r29,r0,r30
 1739  0000249c  8fdefffc	lw	r30,-4(r30)
 1740  000024a0  4be00000	jr	r31
 1741  000024a4  54000000	nop
 1742  000024a8          	.endproc _min
 1743                      ;;; Ethan L. Miller, 1999.  Released to the public domain
 1744                      ;;;
 1745                      ;;; Most of the traps are called in files from libtraps.
 1748  000024a8          	.align 2
 1749  000024a8          	.proc _exit
 1750  000024a8          	.global _exit
 1751  000024a8          	_exit:
 1752  000024a8  44000300	trap	#0x300
 1753  000024ac  4be00000	jr	r31
 1754  000024b0  54000000	nop
 1755  000024b4          	.endproc _exit
 1757                      ; for the benefit of gcc.
 1758  000024b4          	.proc ___main
 1759  000024b4          	.global ___main
 1760  000024b4          	___main:
 1761  000024b4  4be00000	jr	r31
 1762  000024b8  54000000	nop
 1763  000024bc          	.endproc ___main
 1764  000024bc          	.text
 1765  000024bc          	.global _etext
 1766  000024bc          	_etext:
 1767  000024bc          	.align 3
 1768  000024c0          	.data
 1769  00003152          	.global _edata
 1770  00003152          	_edata:
