 line   address	contents
    1                      ; Linked by DLX-LD.
    2                      ; MemSize 24576
    3                      ; Data size: 134
    4                      ; Text size: 4824
    5                      ; Stack size: 8192
    6  00000000          	.text 0x1000
    7  00001000          	.data 0x3000
    8                      ; Compiled by GCC
    9  00003000          	.text
   10  00001000          	.align 2
   11  00001000          	.proc _isspace
   12  00001000          	.global _isspace
   13  00001000          	_isspace:
   14                      ;  Function 'isspace'; 0 bytes of locals, 1 regs to save.
   15  00001000  afbefffc	sw	-4(r29),r30; push fp
   16  00001004  001df020	add	r30,r0,r29; fp = sp
   17  00001008  afbffff8	sw	-8(r29),r31; push ret addr
   18  0000100c  2fbd0010	subui	r29,r29,#16; alloc local storage
   19  00001010  afa20000	sw	0(r29),r2
   20  00001014  83c20003	lb	r2,3(r30)
   21  00001018  201f0000	addi	r31,r0,#0
   22  0000101c  304100ff	andi	r1,r2,#0x00ff
   23  00001020  60210020	seqi	r1,r1,#32
   24  00001024  14200018	bnez	r1,L6_LF0
   25  00001028  54000000	nop; not filled.
   26  0000102c  2041fff7	addi	r1,r2,#-9
   27  00001030  302100ff	andi	r1,r1,#0x00ff
   28  00001034  70210001	sleui	r1,r1,#1
   29  00001038  10200008	beqz	r1,L5_LF0
   30  0000103c  54000000	nop; not filled.
   31  00001040          	L6_LF0:
   32  00001040  201f0001	addi	r31,r0,#1
   33  00001044          	L5_LF0:
   34  00001044  001f0820	add	r1,r0,r31
   35  00001048  8fa20000	lw	r2,0(r29)
   36  0000104c  8fdffff8	lw	r31,-8(r30)
   37  00001050  001ee820	add	r29,r0,r30
   38  00001054  8fdefffc	lw	r30,-4(r30)
   39  00001058  4be00000	jr	r31
   40  0000105c  54000000	nop
   41  00001060          	.endproc _isspace
   42  00001060          	.align 2
   43  00001060          	.proc _isxdigit
   44  00001060          	.global _isxdigit
   45  00001060          	_isxdigit:
   46                      ;  Function 'isxdigit'; 0 bytes of locals, 1 regs to save.
   47  00001060  afbefffc	sw	-4(r29),r30; push fp
   48  00001064  001df020	add	r30,r0,r29; fp = sp
   49  00001068  afbffff8	sw	-8(r29),r31; push ret addr
   50  0000106c  2fbd0010	subui	r29,r29,#16; alloc local storage
   51  00001070  afa20000	sw	0(r29),r2
   52  00001074  83df0003	lb	r31,3(r30)
   53  00001078  20020000	addi	r2,r0,#0
   54  0000107c  23e1ffd0	addi	r1,r31,#-48
   55  00001080  302100ff	andi	r1,r1,#0x00ff
   56  00001084  70210009	sleui	r1,r1,#9
   57  00001088  14200028	bnez	r1,L12_LF0
   58  0000108c  54000000	nop; not filled.
   59  00001090  23e1ff9f	addi	r1,r31,#-97
   60  00001094  302100ff	andi	r1,r1,#0x00ff
   61  00001098  70210005	sleui	r1,r1,#5
   62  0000109c  14200014	bnez	r1,L12_LF0
   63  000010a0  54000000	nop; not filled.
   64  000010a4  33e100ff	andi	r1,r31,#0x00ff
   65  000010a8  64210041	snei	r1,r1,#65
   66  000010ac  14200008	bnez	r1,L11_LF0
   67  000010b0  54000000	nop; not filled.
   68  000010b4          	L12_LF0:
   69  000010b4  20020001	addi	r2,r0,#1
   70  000010b8          	L11_LF0:
   71  000010b8  00020820	add	r1,r0,r2
   72  000010bc  8fa20000	lw	r2,0(r29)
   73  000010c0  8fdffff8	lw	r31,-8(r30)
   74  000010c4  001ee820	add	r29,r0,r30
   75  000010c8  8fdefffc	lw	r30,-4(r30)
   76  000010cc  4be00000	jr	r31
   77  000010d0  54000000	nop
   78  000010d4          	.endproc _isxdigit
   79  000010d4          	.data
   80  00003000          	.align 2
   81  00003000          	LC0_LF0:
   82  00003000  496e636f	.ascii "Incorrect Arguments for %s\000"
   82  00003004  72726563	
   82  00003008  74204172	
   82  0000300c  67756d65	
   82  00003010  6e747320	
   82  00003014  666f7220	
   82  00003018  257300  	
   83  0000301b          	.align 2
   84  0000301c          	LC1_LF0:
   85  0000301c  42616420	.ascii "Bad semaphore sem_procs_completed (%d) in \000"
   85  00003020  73656d61	
   85  00003024  70686f72	
   85  00003028  65207365	
   85  0000302c  6d5f7072	
   85  00003030  6f63735f	
   85  00003034  636f6d70	
   85  00003038  6c657465	
   85  0000303c  64202825	
   85  00003040  64292069	
   85  00003044  6e2000  	
   86  00003047          	.align 2
   87  00003048          	LC2_LF0:
   88  00003048  2c206578	.ascii ", exiting...\n\000"
   88  0000304c  6974696e	
   88  00003050  672e2e2e	
   88  00003054  0a00    	
   89  00003056          	.align 2
   90  00003058          	LC3_LF0:
   91  00003058  28256429	.ascii "(%d) H2 + O2 + SO2 -> H2SO4 reacted, PID: %d\n\000"
   91  0000305c  20483220	
   91  00003060  2b204f32	
   91  00003064  202b2053	
   91  00003068  4f32202d	
   91  0000306c  3e204832	
   91  00003070  534f3420	
   91  00003074  72656163	
   91  00003078  7465642c	
   91  0000307c  20504944	
   91  00003080  3a202564	
   91  00003084  0a00    	
   92  00003086          	.text
   93  000010d4          	.align 2
   94  000010d4          	.proc _main
   95  000010d4          	.global _main
   96  000010d4          	_main:
   97                      ;  Function 'main'; 0 bytes of locals, 0 regs to save.
   98  000010d4  afbefffc	sw	-4(r29),r30; push fp
   99  000010d8  001df020	add	r30,r0,r29; fp = sp
  100  000010dc  afbffff8	sw	-8(r29),r31; push ret addr
  101  000010e0  2fbd0008	subui	r29,r29,#8; alloc local storage
  102  000010e4  8fc20000	lw	r2,(r30)
  103  000010e8  8fc40004	lw	r4,4(r30)
  104  000010ec  0c0011e0	jal	___main
  105  000010f0  54000000	nop; not filled.
  106  000010f4  64410007	snei	r1,r2,#7
  107  000010f8  10200030	beqz	r1,L14_LF0
  108  000010fc  54000000	nop; not filled.
  109  00001100  23bdfff8	addi	r29,r29,#-8
  110  00001104  3c0a0000	lhi	r10,((LC0_LF0)>>16)&0xffff
  111  00001108  254a3000	addui	r10,r10,(LC0_LF0)&0xffff
  112  0000110c  afaa0000	sw	(r29),r10
  113  00001110  8c810000	lw	r1,(r4)
  114  00001114  afa10004	sw	4(r29),r1
  115  00001118  0c0003ac	jal	_Printf
  116  0000111c  54000000	nop; not filled.
  117  00001120  0c000458	jal	_Exit
  118  00001124  54000000	nop; not filled.
  119  00001128  23bd0008	addi	r29,r29,#8
  120  0000112c          	L14_LF0:
  121  0000112c  23bdfff0	addi	r29,r29,#-16
  122  00001130  8c8a0004	lw	r10,4(r4)
  123  00001134  afaa0000	sw	(r29),r10
  124  00001138  200a0000	addi	r10,r0,#0
  125  0000113c  afaa0004	sw	4(r29),r10
  126  00001140  200a000a	addi	r10,r0,#10
  127  00001144  afaa0008	sw	8(r29),r10
  128  00001148  0c000cdc	jal	_dstrtol
  129  0000114c  54000000	nop; not filled.
  130  00001150  00011820	add	r3,r0,r1
  131  00001154  8c8a0008	lw	r10,8(r4)
  132  00001158  afaa0000	sw	(r29),r10
  133  0000115c  200a0000	addi	r10,r0,#0
  134  00001160  afaa0004	sw	4(r29),r10
  135  00001164  200a000a	addi	r10,r0,#10
  136  00001168  afaa0008	sw	8(r29),r10
  137  0000116c  0c000cb8	jal	_dstrtol
  138  00001170  54000000	nop; not filled.
  139  00001174  00014820	add	r9,r0,r1
  140  00001178  8c8a000c	lw	r10,12(r4)
  141  0000117c  afaa0000	sw	(r29),r10
  142  00001180  200a0000	addi	r10,r0,#0
  143  00001184  afaa0004	sw	4(r29),r10
  144  00001188  200a000a	addi	r10,r0,#10
  145  0000118c  afaa0008	sw	8(r29),r10
  146  00001190  0c000c94	jal	_dstrtol
  147  00001194  54000000	nop; not filled.
  148  00001198  00014020	add	r8,r0,r1
  149  0000119c  8c8a0010	lw	r10,16(r4)
  150  000011a0  afaa0000	sw	(r29),r10
  151  000011a4  200a0000	addi	r10,r0,#0
  152  000011a8  afaa0004	sw	4(r29),r10
  153  000011ac  200a000a	addi	r10,r0,#10
  154  000011b0  afaa0008	sw	8(r29),r10
  155  000011b4  0c000c70	jal	_dstrtol
  156  000011b8  54000000	nop; not filled.
  157  000011bc  00013820	add	r7,r0,r1
  158  000011c0  8c8a0014	lw	r10,20(r4)
  159  000011c4  afaa0000	sw	(r29),r10
  160  000011c8  200a0000	addi	r10,r0,#0
  161  000011cc  afaa0004	sw	4(r29),r10
  162  000011d0  200a000a	addi	r10,r0,#10
  163  000011d4  afaa0008	sw	8(r29),r10
  164  000011d8  0c000c4c	jal	_dstrtol
  165  000011dc  54000000	nop; not filled.
  166  000011e0  00013020	add	r6,r0,r1
  167  000011e4  8c8a0018	lw	r10,24(r4)
  168  000011e8  afaa0000	sw	(r29),r10
  169  000011ec  200a0000	addi	r10,r0,#0
  170  000011f0  afaa0004	sw	4(r29),r10
  171  000011f4  200a000a	addi	r10,r0,#10
  172  000011f8  afaa0008	sw	8(r29),r10
  173  000011fc  0c000c28	jal	_dstrtol
  174  00001200  54000000	nop; not filled.
  175  00001204  00012820	add	r5,r0,r1
  176  00001208  20020000	addi	r2,r0,#0
  177  0000120c  23bd0010	addi	r29,r29,#16
  178  00001210  0045082a	slt	r1,r2,r5
  179  00001214  102001f0	beqz	r1,L16_LF0
  180  00001218  54000000	nop; not filled.
  181  0000121c          	L18_LF0:
  182  0000121c  23bdfff8	addi	r29,r29,#-8
  183  00001220  afa90000	sw	(r29),r9
  184  00001224  0c0002e8	jal	_sem_wait
  185  00001228  54000000	nop; not filled.
  186  0000122c  23bd0008	addi	r29,r29,#8
  187  00001230  64210001	snei	r1,r1,#1
  188  00001234  10200050	beqz	r1,L19_LF0
  189  00001238  54000000	nop; not filled.
  190  0000123c  23bdfff8	addi	r29,r29,#-8
  191  00001240  3c0a0000	lhi	r10,((LC1_LF0)>>16)&0xffff
  192  00001244  254a301c	addui	r10,r10,(LC1_LF0)&0xffff
  193  00001248  afaa0000	sw	(r29),r10
  194  0000124c  afa30004	sw	4(r29),r3
  195  00001250  0c000274	jal	_Printf
  196  00001254  54000000	nop; not filled.
  197  00001258  8c8a0000	lw	r10,(r4)
  198  0000125c  afaa0000	sw	(r29),r10
  199  00001260  0c000264	jal	_Printf
  200  00001264  54000000	nop; not filled.
  201  00001268  3c0a0000	lhi	r10,((LC2_LF0)>>16)&0xffff
  202  0000126c  254a3048	addui	r10,r10,(LC2_LF0)&0xffff
  203  00001270  afaa0000	sw	(r29),r10
  204  00001274  0c000250	jal	_Printf
  205  00001278  54000000	nop; not filled.
  206  0000127c  0c0002fc	jal	_Exit
  207  00001280  54000000	nop; not filled.
  208  00001284  23bd0008	addi	r29,r29,#8
  209  00001288          	L19_LF0:
  210  00001288  23bdfff8	addi	r29,r29,#-8
  211  0000128c  afa80000	sw	(r29),r8
  212  00001290  0c00027c	jal	_sem_wait
  213  00001294  54000000	nop; not filled.
  214  00001298  23bd0008	addi	r29,r29,#8
  215  0000129c  64210001	snei	r1,r1,#1
  216  000012a0  10200050	beqz	r1,L20_LF0
  217  000012a4  54000000	nop; not filled.
  218  000012a8  23bdfff8	addi	r29,r29,#-8
  219  000012ac  3c0a0000	lhi	r10,((LC1_LF0)>>16)&0xffff
  220  000012b0  254a301c	addui	r10,r10,(LC1_LF0)&0xffff
  221  000012b4  afaa0000	sw	(r29),r10
  222  000012b8  afa30004	sw	4(r29),r3
  223  000012bc  0c000208	jal	_Printf
  224  000012c0  54000000	nop; not filled.
  225  000012c4  8c8a0000	lw	r10,(r4)
  226  000012c8  afaa0000	sw	(r29),r10
  227  000012cc  0c0001f8	jal	_Printf
  228  000012d0  54000000	nop; not filled.
  229  000012d4  3c0a0000	lhi	r10,((LC2_LF0)>>16)&0xffff
  230  000012d8  254a3048	addui	r10,r10,(LC2_LF0)&0xffff
  231  000012dc  afaa0000	sw	(r29),r10
  232  000012e0  0c0001e4	jal	_Printf
  233  000012e4  54000000	nop; not filled.
  234  000012e8  0c000290	jal	_Exit
  235  000012ec  54000000	nop; not filled.
  236  000012f0  23bd0008	addi	r29,r29,#8
  237  000012f4          	L20_LF0:
  238  000012f4  23bdfff8	addi	r29,r29,#-8
  239  000012f8  afa70000	sw	(r29),r7
  240  000012fc  0c000210	jal	_sem_wait
  241  00001300  54000000	nop; not filled.
  242  00001304  23bd0008	addi	r29,r29,#8
  243  00001308  64210001	snei	r1,r1,#1
  244  0000130c  10200050	beqz	r1,L21_LF0
  245  00001310  54000000	nop; not filled.
  246  00001314  23bdfff8	addi	r29,r29,#-8
  247  00001318  3c0a0000	lhi	r10,((LC1_LF0)>>16)&0xffff
  248  0000131c  254a301c	addui	r10,r10,(LC1_LF0)&0xffff
  249  00001320  afaa0000	sw	(r29),r10
  250  00001324  afa30004	sw	4(r29),r3
  251  00001328  0c00019c	jal	_Printf
  252  0000132c  54000000	nop; not filled.
  253  00001330  8c8a0000	lw	r10,(r4)
  254  00001334  afaa0000	sw	(r29),r10
  255  00001338  0c00018c	jal	_Printf
  256  0000133c  54000000	nop; not filled.
  257  00001340  3c0a0000	lhi	r10,((LC2_LF0)>>16)&0xffff
  258  00001344  254a3048	addui	r10,r10,(LC2_LF0)&0xffff
  259  00001348  afaa0000	sw	(r29),r10
  260  0000134c  0c000178	jal	_Printf
  261  00001350  54000000	nop; not filled.
  262  00001354  0c000224	jal	_Exit
  263  00001358  54000000	nop; not filled.
  264  0000135c  23bd0008	addi	r29,r29,#8
  265  00001360          	L21_LF0:
  266  00001360  23bdfff8	addi	r29,r29,#-8
  267  00001364  afa60000	sw	(r29),r6
  268  00001368  0c0001b0	jal	_sem_signal
  269  0000136c  54000000	nop; not filled.
  270  00001370  23bd0008	addi	r29,r29,#8
  271  00001374  64210001	snei	r1,r1,#1
  272  00001378  10200050	beqz	r1,L22_LF0
  273  0000137c  54000000	nop; not filled.
  274  00001380  23bdfff8	addi	r29,r29,#-8
  275  00001384  3c0a0000	lhi	r10,((LC1_LF0)>>16)&0xffff
  276  00001388  254a301c	addui	r10,r10,(LC1_LF0)&0xffff
  277  0000138c  afaa0000	sw	(r29),r10
  278  00001390  afa30004	sw	4(r29),r3
  279  00001394  0c000130	jal	_Printf
  280  00001398  54000000	nop; not filled.
  281  0000139c  8c8a0000	lw	r10,(r4)
  282  000013a0  afaa0000	sw	(r29),r10
  283  000013a4  0c000120	jal	_Printf
  284  000013a8  54000000	nop; not filled.
  285  000013ac  3c0a0000	lhi	r10,((LC2_LF0)>>16)&0xffff
  286  000013b0  254a3048	addui	r10,r10,(LC2_LF0)&0xffff
  287  000013b4  afaa0000	sw	(r29),r10
  288  000013b8  0c00010c	jal	_Printf
  289  000013bc  54000000	nop; not filled.
  290  000013c0  0c0001b8	jal	_Exit
  291  000013c4  54000000	nop; not filled.
  292  000013c8  23bd0008	addi	r29,r29,#8
  293  000013cc          	L22_LF0:
  294  000013cc  0c000104	jal	_getpid
  295  000013d0  54000000	nop; not filled.
  296  000013d4  23bdfff0	addi	r29,r29,#-16
  297  000013d8  3c0a0000	lhi	r10,((LC3_LF0)>>16)&0xffff
  298  000013dc  254a3058	addui	r10,r10,(LC3_LF0)&0xffff
  299  000013e0  afaa0000	sw	(r29),r10
  300  000013e4  afa20004	sw	4(r29),r2
  301  000013e8  afa10008	sw	8(r29),r1
  302  000013ec  0c0000d8	jal	_Printf
  303  000013f0  54000000	nop; not filled.
  304  000013f4  23bd0010	addi	r29,r29,#16
  305  000013f8  20420001	addi	r2,r2,#1
  306  000013fc  0045082a	slt	r1,r2,r5
  307  00001400  1420fe18	bnez	r1,L18_LF0
  308  00001404  54000000	nop; not filled.
  309  00001408          	L16_LF0:
  310  00001408  23bdfff8	addi	r29,r29,#-8
  311  0000140c  afa30000	sw	(r29),r3
  312  00001410  0c000108	jal	_sem_signal
  313  00001414  54000000	nop; not filled.
  314  00001418  23bd0008	addi	r29,r29,#8
  315  0000141c  64210001	snei	r1,r1,#1
  316  00001420  10200050	beqz	r1,L24_LF0
  317  00001424  54000000	nop; not filled.
  318  00001428  23bdfff8	addi	r29,r29,#-8
  319  0000142c  3c0a0000	lhi	r10,((LC1_LF0)>>16)&0xffff
  320  00001430  254a301c	addui	r10,r10,(LC1_LF0)&0xffff
  321  00001434  afaa0000	sw	(r29),r10
  322  00001438  afa30004	sw	4(r29),r3
  323  0000143c  0c000088	jal	_Printf
  324  00001440  54000000	nop; not filled.
  325  00001444  8c840000	lw	r4,(r4)
  326  00001448  afa40000	sw	(r29),r4
  327  0000144c  0c000078	jal	_Printf
  328  00001450  54000000	nop; not filled.
  329  00001454  3c0a0000	lhi	r10,((LC2_LF0)>>16)&0xffff
  330  00001458  254a3048	addui	r10,r10,(LC2_LF0)&0xffff
  331  0000145c  afaa0000	sw	(r29),r10
  332  00001460  0c000064	jal	_Printf
  333  00001464  54000000	nop; not filled.
  334  00001468  0c000110	jal	_Exit
  335  0000146c  54000000	nop; not filled.
  336  00001470  23bd0008	addi	r29,r29,#8
  337  00001474          	L24_LF0:
  338  00001474  20010000	addi	r1,r0,#0
  339  00001478  0c000e48	jal	_exit
  340  0000147c  54000000	nop
  341  00001480          	.endproc _main
  342                      ;;;
  343                      ;;; Stub functions for DLX traps.
  344                      ;;;
  345                      ;;; Ethan L. Miller, 1999.  Released to the public domain.
  346                      ;;;
  347                      ;;; The traps such as Open and Close
  348                      ;;; (note the capital letters) are for use by user programs.  The traps
  349                      ;;; with names such as open and close (lower case) are for use by the OS.
  350                      ;;;
  353  00001480          	.align 2
  355                      ;;; The following are the traps to be used by user-level programs
  356                      ;;;
  358  00001480          	.align 2
  359  00001480          	.proc _Open
  360  00001480          	.global _Open
  361  00001480          	_Open:
  362                      ;;; Note that trap #0x213 actually causes a trap vector in the OS of
  363                      ;;; 0x1213.  The same is true for other user traps.  Thus, a user trap
  364                      ;;; with trap #0x240 will result in a trap vector of 0x1240 in the OS.
  365  00001480  44000213	trap	#0x213
  366  00001484  4be00000	jr	r31
  367  00001488  54000000	nop
  368  0000148c          	.endproc _Open
  370  0000148c          	.proc _Close
  371  0000148c          	.global _Close
  372  0000148c          	_Close:
  373  0000148c  44000214	trap	#0x214
  374  00001490  4be00000	jr	r31
  375  00001494  54000000	nop
  376  00001498          	.endproc _Close
  378  00001498          	.proc _Read
  379  00001498          	.global _Read
  380  00001498          	_Read:
  381  00001498  44000210	trap	#0x210
  382  0000149c  4be00000	jr	r31
  383  000014a0  54000000	nop
  384  000014a4          	.endproc _Read
  386  000014a4          	.proc _Write
  387  000014a4          	.global _Write
  388  000014a4          	_Write:
  389  000014a4  44000211	trap	#0x211
  390  000014a8  4be00000	jr	r31
  391  000014ac  54000000	nop
  392  000014b0          	.endproc _Write
  394  000014b0          	.proc _Lseek
  395  000014b0          	.global _Lseek
  396  000014b0          	_Lseek:
  397  000014b0  44000212	trap	#0x212
  398  000014b4  4be00000	jr	r31
  399  000014b8  54000000	nop
  400  000014bc          	.endproc _Lseek
  402  000014bc          	.proc _Putchar
  403  000014bc          	.global _Putchar
  404  000014bc          	_Putchar:
  405  000014bc  44000280	trap	#0x280
  406  000014c0  4be00000	jr	r31
  407  000014c4  54000000	nop
  408  000014c8          	.endproc _Putchar
  410  000014c8          	.proc _Printf
  411  000014c8          	.global _Printf
  412  000014c8          	_Printf:
  413  000014c8  44000201	trap	#0x201
  414  000014cc  4be00000	jr	r31
  415  000014d0  54000000	nop
  416  000014d4          	.endproc _Printf
  418  000014d4          	.proc _getpid
  419  000014d4          	.global _getpid
  420  000014d4          	_getpid:
  421  000014d4  44000431	trap	#0x431
  422  000014d8  4be00000	jr	r31
  423  000014dc  54000000	nop
  424  000014e0          	.endproc _getpid
  426  000014e0          	.proc _process_create
  427  000014e0          	.global _process_create
  428  000014e0          	_process_create:
  429  000014e0  44000432	trap	#0x432
  430  000014e4  4be00000	jr	r31
  431  000014e8  54000000	nop
  432  000014ec          	.endproc _process_create
  434  000014ec          	.proc _shmget
  435  000014ec          	.global _shmget
  436  000014ec          	_shmget:
  437  000014ec  44000440	trap	#0x440
  438  000014f0  4be00000	jr	r31
  439  000014f4  54000000	nop
  440  000014f8          	.endproc _shmget
  442  000014f8          	.proc _shmat
  443  000014f8          	.global _shmat
  444  000014f8          	_shmat:
  445  000014f8  44000441	trap	#0x441
  446  000014fc  4be00000	jr	r31
  447  00001500  54000000	nop
  448  00001504          	.endproc _shmat
  450  00001504          	.proc _sem_create
  451  00001504          	.global _sem_create
  452  00001504          	_sem_create:
  453  00001504  44000450	trap	#0x450
  454  00001508  4be00000	jr	r31
  455  0000150c  54000000	nop
  456  00001510          	.endproc _sem_create
  458  00001510          	.proc _sem_wait
  459  00001510          	.global _sem_wait
  460  00001510          	_sem_wait:
  461  00001510  44000451	trap	#0x451
  462  00001514  4be00000	jr	r31
  463  00001518  54000000	nop
  464  0000151c          	.endproc _sem_wait
  466  0000151c          	.proc _sem_signal
  467  0000151c          	.global _sem_signal
  468  0000151c          	_sem_signal:
  469  0000151c  44000452	trap	#0x452
  470  00001520  4be00000	jr	r31
  471  00001524  54000000	nop
  472  00001528          	.endproc _sem_signal
  474  00001528          	.proc _lock_create
  475  00001528          	.global _lock_create
  476  00001528          	_lock_create:
  477  00001528  44000453	trap	#0x453
  478  0000152c  4be00000	jr	r31
  479  00001530  54000000	nop
  480  00001534          	.endproc _lock_create
  482  00001534          	.proc _lock_acquire
  483  00001534          	.global _lock_acquire
  484  00001534          	_lock_acquire:
  485  00001534  44000454	trap	#0x454
  486  00001538  4be00000	jr	r31
  487  0000153c  54000000	nop
  488  00001540          	.endproc _lock_acquire
  490  00001540          	.proc _lock_release
  491  00001540          	.global _lock_release
  492  00001540          	_lock_release:
  493  00001540  44000455	trap	#0x455
  494  00001544  4be00000	jr	r31
  495  00001548  54000000	nop
  496  0000154c          	.endproc _lock_release
  498  0000154c          	.proc _cond_create
  499  0000154c          	.global _cond_create
  500  0000154c          	_cond_create:
  501  0000154c  44000456	trap	#0x456
  502  00001550  4be00000	jr	r31
  503  00001554  54000000	nop
  504  00001558          	.endproc _cond_create
  506  00001558          	.proc _cond_wait
  507  00001558          	.global _cond_wait
  508  00001558          	_cond_wait:
  509  00001558  44000457	trap	#0x457
  510  0000155c  4be00000	jr	r31
  511  00001560  54000000	nop
  512  00001564          	.endproc _cond_wait
  514  00001564          	.proc _cond_signal
  515  00001564          	.global _cond_signal
  516  00001564          	_cond_signal:
  517  00001564  44000458	trap	#0x458
  518  00001568  4be00000	jr	r31
  519  0000156c  54000000	nop
  520  00001570          	.endproc _cond_signal
  522  00001570          	.proc _cond_broadcast
  523  00001570          	.global _cond_broadcast
  524  00001570          	_cond_broadcast:
  525  00001570  44000459	trap	#0x459
  526  00001574  4be00000	jr	r31
  527  00001578  54000000	nop
  528  0000157c          	.endproc _cond_broadcast
  530  0000157c          	.proc _Exit
  531  0000157c          	.global _Exit
  532  0000157c          	_Exit:
  533  0000157c  44000500	trap	#0x500
  534  00001580  4be00000	jr	r31
  535  00001584  54000000	nop
  536  00001588          	.endproc _Exit
  537                      ; Compiled by GCC
  539  00001588          	.align 2
  540  00001588          	.proc _isspace
  541  00001588          	.global _isspace
  542  00001588          	_isspace:
  543                      ;  Function 'isspace'; 0 bytes of locals, 3 regs to save.
  544  00001588  afbefffc	sw	-4(r29),r30; push fp
  545  0000158c  001df020	add	r30,r0,r29; fp = sp
  546  00001590  afbffff8	sw	-8(r29),r31; push ret addr
  547  00001594  2fbd0018	subui	r29,r29,#24; alloc local storage
  548  00001598  afa20000	sw	0(r29),r2
  549  0000159c  afa30004	sw	4(r29),r3
  550  000015a0  afa40008	sw	8(r29),r4
  551  000015a4  83c20003	lb	r2,3(r30)
  552  000015a8  20010000	addi	r1,r0,#0
  553  000015ac  304300ff	andi	r3,r2,#0x00ff
  554  000015b0  60640020	seqi	r4,r3,#32
  555  000015b4  1480002c	bnez	r4,L3_LF2
  556  000015b8  54000000	nop; delay slot nop
  557  000015bc  304300ff	andi	r3,r2,#0x00ff
  558  000015c0  60640009	seqi	r4,r3,#9
  559  000015c4  1480001c	bnez	r4,L3_LF2
  560  000015c8  54000000	nop; delay slot nop
  561  000015cc  304300ff	andi	r3,r2,#0x00ff
  562  000015d0  6064000a	seqi	r4,r3,#10
  563  000015d4  1480000c	bnez	r4,L3_LF2
  564  000015d8  54000000	nop; delay slot nop
  565  000015dc  08000008	j	L2_LF2
  566  000015e0  54000000	nop; delay slot nop
  567  000015e4          	L3_LF2:
  568  000015e4  20010001	addi	r1,r0,#1
  569  000015e8          	L2_LF2:
  570  000015e8  08000004	j	L1_LF2
  571  000015ec  54000000	nop; delay slot nop
  572  000015f0          	L1_LF2:
  573  000015f0  8fa20000	lw	r2,0(r29)
  574  000015f4  8fa30004	lw	r3,4(r29)
  575  000015f8  8fa40008	lw	r4,8(r29)
  576  000015fc  8fdffff8	lw	r31,-8(r30)
  577  00001600  001ee820	add	r29,r0,r30
  578  00001604  8fdefffc	lw	r30,-4(r30)
  579  00001608  4be00000	jr	r31
  580  0000160c  54000000	nop
  581  00001610          	.endproc _isspace
  582  00001610          	.align 2
  583  00001610          	.proc _isxdigit
  584  00001610          	.global _isxdigit
  585  00001610          	_isxdigit:
  586                      ;  Function 'isxdigit'; 0 bytes of locals, 3 regs to save.
  587  00001610  afbefffc	sw	-4(r29),r30; push fp
  588  00001614  001df020	add	r30,r0,r29; fp = sp
  589  00001618  afbffff8	sw	-8(r29),r31; push ret addr
  590  0000161c  2fbd0018	subui	r29,r29,#24; alloc local storage
  591  00001620  afa20000	sw	0(r29),r2
  592  00001624  afa30004	sw	4(r29),r3
  593  00001628  afa40008	sw	8(r29),r4
  594  0000162c  83c20003	lb	r2,3(r30)
  595  00001630  20010000	addi	r1,r0,#0
  596  00001634  304300ff	andi	r3,r2,#0x00ff
  597  00001638  6c64002f	sgtui	r4,r3,#47
  598  0000163c  1080001c	beqz	r4,L7_LF2
  599  00001640  54000000	nop; delay slot nop
  600  00001644  304300ff	andi	r3,r2,#0x00ff
  601  00001648  70640039	sleui	r4,r3,#57
  602  0000164c  1480005c	bnez	r4,L6_LF2
  603  00001650  54000000	nop; delay slot nop
  604  00001654  08000004	j	L7_LF2
  605  00001658  54000000	nop; delay slot nop
  606  0000165c          	L7_LF2:
  607  0000165c  304300ff	andi	r3,r2,#0x00ff
  608  00001660  6c640060	sgtui	r4,r3,#96
  609  00001664  1080001c	beqz	r4,L8_LF2
  610  00001668  54000000	nop; delay slot nop
  611  0000166c  304300ff	andi	r3,r2,#0x00ff
  612  00001670  70640066	sleui	r4,r3,#102
  613  00001674  14800034	bnez	r4,L6_LF2
  614  00001678  54000000	nop; delay slot nop
  615  0000167c  08000004	j	L8_LF2
  616  00001680  54000000	nop; delay slot nop
  617  00001684          	L8_LF2:
  618  00001684  304300ff	andi	r3,r2,#0x00ff
  619  00001688  6c640040	sgtui	r4,r3,#64
  620  0000168c  10800020	beqz	r4,L5_LF2
  621  00001690  54000000	nop; delay slot nop
  622  00001694  304300ff	andi	r3,r2,#0x00ff
  623  00001698  70640041	sleui	r4,r3,#65
  624  0000169c  1480000c	bnez	r4,L6_LF2
  625  000016a0  54000000	nop; delay slot nop
  626  000016a4  08000008	j	L5_LF2
  627  000016a8  54000000	nop; delay slot nop
  628  000016ac          	L6_LF2:
  629  000016ac  20010001	addi	r1,r0,#1
  630  000016b0          	L5_LF2:
  631  000016b0  08000004	j	L4_LF2
  632  000016b4  54000000	nop; delay slot nop
  633  000016b8          	L4_LF2:
  634  000016b8  8fa20000	lw	r2,0(r29)
  635  000016bc  8fa30004	lw	r3,4(r29)
  636  000016c0  8fa40008	lw	r4,8(r29)
  637  000016c4  8fdffff8	lw	r31,-8(r30)
  638  000016c8  001ee820	add	r29,r0,r30
  639  000016cc  8fdefffc	lw	r30,-4(r30)
  640  000016d0  4be00000	jr	r31
  641  000016d4  54000000	nop
  642  000016d8          	.endproc _isxdigit
  643  000016d8          	.align 2
  644  000016d8          	.proc _dstrcpy
  645  000016d8          	.global _dstrcpy
  646  000016d8          	_dstrcpy:
  647                      ;  Function 'dstrcpy'; 8 bytes of locals, 2 regs to save.
  648  000016d8  afbefffc	sw	-4(r29),r30; push fp
  649  000016dc  001df020	add	r30,r0,r29; fp = sp
  650  000016e0  afbffff8	sw	-8(r29),r31; push ret addr
  651  000016e4  2fbd0018	subui	r29,r29,#24; alloc local storage
  652  000016e8  afa20000	sw	0(r29),r2
  653  000016ec  afa30004	sw	4(r29),r3
  654  000016f0  8fc10000	lw	r1,(r30)
  655  000016f4  afc1fff4	sw	-12(r30),r1
  656  000016f8          	L10_LF2:
  657  000016f8  8fc10000	lw	r1,(r30)
  658  000016fc  20220001	addi	r2,r1,#1
  659  00001700  afc20000	sw	(r30),r2
  660  00001704  8fc20004	lw	r2,4(r30)
  661  00001708  20430001	addi	r3,r2,#1
  662  0000170c  afc30004	sw	4(r30),r3
  663  00001710  80420000	lb	r2,(r2)
  664  00001714  a0220000	sb	(r1),r2
  665  00001718  a3c2fff3	sb	-13(r30),r2
  666  0000171c          	L12_LF2:
  667  0000171c  93c1fff3	lbu	r1,-13(r30)
  668  00001720  64220000	snei	r2,r1,#0
  669  00001724  1440000c	bnez	r2,L13_LF2
  670  00001728  54000000	nop; delay slot nop
  671  0000172c  0800000c	j	L11_LF2
  672  00001730  54000000	nop; delay slot nop
  673  00001734          	L13_LF2:
  674  00001734  0bffffc0	j	L10_LF2
  675  00001738  54000000	nop; delay slot nop
  676  0000173c          	L11_LF2:
  677  0000173c  8fc1fff4	lw	r1,-12(r30)
  678  00001740  08000004	j	L9_LF2
  679  00001744  54000000	nop; delay slot nop
  680  00001748          	L9_LF2:
  681  00001748  8fa20000	lw	r2,0(r29)
  682  0000174c  8fa30004	lw	r3,4(r29)
  683  00001750  8fdffff8	lw	r31,-8(r30)
  684  00001754  001ee820	add	r29,r0,r30
  685  00001758  8fdefffc	lw	r30,-4(r30)
  686  0000175c  4be00000	jr	r31
  687  00001760  54000000	nop
  688  00001764          	.endproc _dstrcpy
  689  00001764          	.align 2
  690  00001764          	.proc _dstrncpy
  691  00001764          	.global _dstrncpy
  692  00001764          	_dstrncpy:
  693                      ;  Function 'dstrncpy'; 8 bytes of locals, 2 regs to save.
  694  00001764  afbefffc	sw	-4(r29),r30; push fp
  695  00001768  001df020	add	r30,r0,r29; fp = sp
  696  0000176c  afbffff8	sw	-8(r29),r31; push ret addr
  697  00001770  2fbd0018	subui	r29,r29,#24; alloc local storage
  698  00001774  afa20000	sw	0(r29),r2
  699  00001778  afa30004	sw	4(r29),r3
  700  0000177c  8fc10000	lw	r1,(r30)
  701  00001780  afc1fff4	sw	-12(r30),r1
  702  00001784          	L15_LF2:
  703  00001784  8fc10008	lw	r1,8(r30)
  704  00001788  2022ffff	addi	r2,r1,#-1
  705  0000178c  afc20008	sw	8(r30),r2
  706  00001790  70210000	slei	r1,r1,#0
  707  00001794  1020000c	beqz	r1,L18_LF2
  708  00001798  54000000	nop; delay slot nop
  709  0000179c  08000048	j	L16_LF2
  710  000017a0  54000000	nop; delay slot nop
  711  000017a4          	L18_LF2:
  712  000017a4  8fc10000	lw	r1,(r30)
  713  000017a8  20220001	addi	r2,r1,#1
  714  000017ac  afc20000	sw	(r30),r2
  715  000017b0  8fc20004	lw	r2,4(r30)
  716  000017b4  20430001	addi	r3,r2,#1
  717  000017b8  afc30004	sw	4(r30),r3
  718  000017bc  80420000	lb	r2,(r2)
  719  000017c0  a0220000	sb	(r1),r2
  720  000017c4  a3c2fff3	sb	-13(r30),r2
  721  000017c8          	L17_LF2:
  722  000017c8  93c1fff3	lbu	r1,-13(r30)
  723  000017cc  64220000	snei	r2,r1,#0
  724  000017d0  1440000c	bnez	r2,L19_LF2
  725  000017d4  54000000	nop; delay slot nop
  726  000017d8  0800000c	j	L16_LF2
  727  000017dc  54000000	nop; delay slot nop
  728  000017e0          	L19_LF2:
  729  000017e0  0bffffa0	j	L15_LF2
  730  000017e4  54000000	nop; delay slot nop
  731  000017e8          	L16_LF2:
  732  000017e8  8fc1fff4	lw	r1,-12(r30)
  733  000017ec  08000004	j	L14_LF2
  734  000017f0  54000000	nop; delay slot nop
  735  000017f4          	L14_LF2:
  736  000017f4  8fa20000	lw	r2,0(r29)
  737  000017f8  8fa30004	lw	r3,4(r29)
  738  000017fc  8fdffff8	lw	r31,-8(r30)
  739  00001800  001ee820	add	r29,r0,r30
  740  00001804  8fdefffc	lw	r30,-4(r30)
  741  00001808  4be00000	jr	r31
  742  0000180c  54000000	nop
  743  00001810          	.endproc _dstrncpy
  744  00001810          	.align 2
  745  00001810          	.proc _dstrcat
  746  00001810          	.global _dstrcat
  747  00001810          	_dstrcat:
  748                      ;  Function 'dstrcat'; 8 bytes of locals, 1 regs to save.
  749  00001810  afbefffc	sw	-4(r29),r30; push fp
  750  00001814  001df020	add	r30,r0,r29; fp = sp
  751  00001818  afbffff8	sw	-8(r29),r31; push ret addr
  752  0000181c  2fbd0018	subui	r29,r29,#24; alloc local storage
  753  00001820  afa20000	sw	0(r29),r2
  754  00001824  8fc10000	lw	r1,(r30)
  755  00001828  afc1fff4	sw	-12(r30),r1
  756  0000182c          	L21_LF2:
  757  0000182c  8fc10000	lw	r1,(r30)
  758  00001830  90220000	lbu	r2,(r1)
  759  00001834  64410000	snei	r1,r2,#0
  760  00001838  1420000c	bnez	r1,L23_LF2
  761  0000183c  54000000	nop; delay slot nop
  762  00001840  0800001c	j	L22_LF2
  763  00001844  54000000	nop; delay slot nop
  764  00001848          	L23_LF2:
  765  00001848  8fc20000	lw	r2,(r30)
  766  0000184c  20410001	addi	r1,r2,#1
  767  00001850  00011020	add	r2,r0,r1
  768  00001854  afc20000	sw	(r30),r2
  769  00001858  0bffffd0	j	L21_LF2
  770  0000185c  54000000	nop; delay slot nop
  771  00001860          	L22_LF2:
  772  00001860  23bdfff8	addi	r29,r29,#-8
  773  00001864  001d0820	add	r1,r0,r29
  774  00001868  8fc20000	lw	r2,(r30)
  775  0000186c  ac220000	sw	(r1),r2
  776  00001870  8fc20004	lw	r2,4(r30)
  777  00001874  ac220004	sw	4(r1),r2
  778  00001878  0ffffe5c	jal	_dstrcpy
  779  0000187c  54000000	nop; delay slot nop
  780  00001880  23bd0008	addi	r29,r29,#8
  781  00001884  8fc1fff4	lw	r1,-12(r30)
  782  00001888  08000004	j	L20_LF2
  783  0000188c  54000000	nop; delay slot nop
  784  00001890          	L20_LF2:
  785  00001890  8fa20000	lw	r2,0(r29)
  786  00001894  8fdffff8	lw	r31,-8(r30)
  787  00001898  001ee820	add	r29,r0,r30
  788  0000189c  8fdefffc	lw	r30,-4(r30)
  789  000018a0  4be00000	jr	r31
  790  000018a4  54000000	nop
  791  000018a8          	.endproc _dstrcat
  792  000018a8          	.align 2
  793  000018a8          	.proc _dstrncmp
  794  000018a8          	.global _dstrncmp
  795  000018a8          	_dstrncmp:
  796                      ;  Function 'dstrncmp'; 8 bytes of locals, 2 regs to save.
  797  000018a8  afbefffc	sw	-4(r29),r30; push fp
  798  000018ac  001df020	add	r30,r0,r29; fp = sp
  799  000018b0  afbffff8	sw	-8(r29),r31; push ret addr
  800  000018b4  2fbd0018	subui	r29,r29,#24; alloc local storage
  801  000018b8  afa20000	sw	0(r29),r2
  802  000018bc  afa30004	sw	4(r29),r3
  803  000018c0  54000000	nop
  804  000018c4  20010000	addi	r1,r0,#0
  805  000018c8  afc1fff4	sw	-12(r30),r1
  806  000018cc          	L25_LF2:
  807  000018cc  8fc1fff4	lw	r1,-12(r30)
  808  000018d0  8fc20008	lw	r2,8(r30)
  809  000018d4  0022082a	slt	r1,r1,r2
  810  000018d8  1420000c	bnez	r1,L28_LF2
  811  000018dc  54000000	nop; delay slot nop
  812  000018e0  08000088	j	L26_LF2
  813  000018e4  54000000	nop; delay slot nop
  814  000018e8          	L28_LF2:
  815  000018e8  8fc10004	lw	r1,4(r30)
  816  000018ec  90220000	lbu	r2,(r1)
  817  000018f0  64410000	snei	r1,r2,#0
  818  000018f4  14200018	bnez	r1,L29_LF2
  819  000018f8  54000000	nop; delay slot nop
  820  000018fc  20010000	addi	r1,r0,#0
  821  00001900  080000d8	j	L24_LF2
  822  00001904  54000000	nop; delay slot nop
  823  00001908  08000028	j	L30_LF2
  824  0000190c  54000000	nop; delay slot nop
  825  00001910          	L29_LF2:
  826  00001910  8fc10000	lw	r1,(r30)
  827  00001914  8fc20004	lw	r2,4(r30)
  828  00001918  90210000	lbu	r1,(r1)
  829  0000191c  90420000	lbu	r2,(r2)
  830  00001920  00220829	sne	r1,r1,r2
  831  00001924  1020000c	beqz	r1,L30_LF2
  832  00001928  54000000	nop; delay slot nop
  833  0000192c  0800003c	j	L26_LF2
  834  00001930  54000000	nop; delay slot nop
  835  00001934          	L31_LF2:
  836  00001934          	L30_LF2:
  837  00001934  8fc20000	lw	r2,(r30)
  838  00001938  20410001	addi	r1,r2,#1
  839  0000193c  00011020	add	r2,r0,r1
  840  00001940  afc20000	sw	(r30),r2
  841  00001944  8fc20004	lw	r2,4(r30)
  842  00001948  20410001	addi	r1,r2,#1
  843  0000194c  00011020	add	r2,r0,r1
  844  00001950  afc20004	sw	4(r30),r2
  845  00001954          	L27_LF2:
  846  00001954  8fc2fff4	lw	r2,-12(r30)
  847  00001958  20410001	addi	r1,r2,#1
  848  0000195c  00011020	add	r2,r0,r1
  849  00001960  afc2fff4	sw	-12(r30),r2
  850  00001964  0bffff64	j	L25_LF2
  851  00001968  54000000	nop; delay slot nop
  852  0000196c          	L26_LF2:
  853  0000196c  8fc1fff4	lw	r1,-12(r30)
  854  00001970  8fc20008	lw	r2,8(r30)
  855  00001974  00220828	seq	r1,r1,r2
  856  00001978  10200018	beqz	r1,L32_LF2
  857  0000197c  54000000	nop; delay slot nop
  858  00001980  20010000	addi	r1,r0,#0
  859  00001984  08000054	j	L24_LF2
  860  00001988  54000000	nop; delay slot nop
  861  0000198c  0800004c	j	L33_LF2
  862  00001990  54000000	nop; delay slot nop
  863  00001994          	L32_LF2:
  864  00001994  8fc20000	lw	r2,(r30)
  865  00001998  90410000	lbu	r1,(r2)
  866  0000199c  8fc20004	lw	r2,4(r30)
  867  000019a0  90430000	lbu	r3,(r2)
  868  000019a4  00230822	sub	r1,r1,r3
  869  000019a8  74220000	sgei	r2,r1,#0
  870  000019ac  10400020	beqz	r2,L34_LF2
  871  000019b0  54000000	nop; delay slot nop
  872  000019b4  8fc10000	lw	r1,(r30)
  873  000019b8  8fc20004	lw	r2,4(r30)
  874  000019bc  90210000	lbu	r1,(r1)
  875  000019c0  90420000	lbu	r2,(r2)
  876  000019c4  00220829	sne	r1,r1,r2
  877  000019c8  08000008	j	L35_LF2
  878  000019cc  54000000	nop; delay slot nop
  879  000019d0          	L34_LF2:
  880  000019d0  2001ffff	addi	r1,r0,#-1
  881  000019d4          	L35_LF2:
  882  000019d4  08000004	j	L24_LF2
  883  000019d8  54000000	nop; delay slot nop
  884  000019dc          	L33_LF2:
  885  000019dc          	L24_LF2:
  886  000019dc  8fa20000	lw	r2,0(r29)
  887  000019e0  8fa30004	lw	r3,4(r29)
  888  000019e4  8fdffff8	lw	r31,-8(r30)
  889  000019e8  001ee820	add	r29,r0,r30
  890  000019ec  8fdefffc	lw	r30,-4(r30)
  891  000019f0  4be00000	jr	r31
  892  000019f4  54000000	nop
  893  000019f8          	.endproc _dstrncmp
  894  000019f8          	.align 2
  895  000019f8          	.proc _dstrlen
  896  000019f8          	.global _dstrlen
  897  000019f8          	_dstrlen:
  898                      ;  Function 'dstrlen'; 8 bytes of locals, 1 regs to save.
  899  000019f8  afbefffc	sw	-4(r29),r30; push fp
  900  000019fc  001df020	add	r30,r0,r29; fp = sp
  901  00001a00  afbffff8	sw	-8(r29),r31; push ret addr
  902  00001a04  2fbd0018	subui	r29,r29,#24; alloc local storage
  903  00001a08  afa20000	sw	0(r29),r2
  904  00001a0c  20010000	addi	r1,r0,#0
  905  00001a10  afc1fff4	sw	-12(r30),r1
  906  00001a14          	L37_LF2:
  907  00001a14  8fc10000	lw	r1,(r30)
  908  00001a18  20220001	addi	r2,r1,#1
  909  00001a1c  afc20000	sw	(r30),r2
  910  00001a20  90210000	lbu	r1,(r1)
  911  00001a24  64220000	snei	r2,r1,#0
  912  00001a28  1440000c	bnez	r2,L39_LF2
  913  00001a2c  54000000	nop; delay slot nop
  914  00001a30  0800001c	j	L38_LF2
  915  00001a34  54000000	nop; delay slot nop
  916  00001a38          	L39_LF2:
  917  00001a38  8fc2fff4	lw	r2,-12(r30)
  918  00001a3c  20410001	addi	r1,r2,#1
  919  00001a40  00011020	add	r2,r0,r1
  920  00001a44  afc2fff4	sw	-12(r30),r2
  921  00001a48  0bffffc8	j	L37_LF2
  922  00001a4c  54000000	nop; delay slot nop
  923  00001a50          	L38_LF2:
  924  00001a50  8fc1fff4	lw	r1,-12(r30)
  925  00001a54  08000004	j	L36_LF2
  926  00001a58  54000000	nop; delay slot nop
  927  00001a5c          	L36_LF2:
  928  00001a5c  8fa20000	lw	r2,0(r29)
  929  00001a60  8fdffff8	lw	r31,-8(r30)
  930  00001a64  001ee820	add	r29,r0,r30
  931  00001a68  8fdefffc	lw	r30,-4(r30)
  932  00001a6c  4be00000	jr	r31
  933  00001a70  54000000	nop
  934  00001a74          	.endproc _dstrlen
  935  00001a74          	.align 2
  936  00001a74          	.proc _dstrstr
  937  00001a74          	.global _dstrstr
  938  00001a74          	_dstrstr:
  939                      ;  Function 'dstrstr'; 8 bytes of locals, 1 regs to save.
  940  00001a74  afbefffc	sw	-4(r29),r30; push fp
  941  00001a78  001df020	add	r30,r0,r29; fp = sp
  942  00001a7c  afbffff8	sw	-8(r29),r31; push ret addr
  943  00001a80  2fbd0018	subui	r29,r29,#24; alloc local storage
  944  00001a84  afa20000	sw	0(r29),r2
  945  00001a88  23bdfff8	addi	r29,r29,#-8
  946  00001a8c  001d0820	add	r1,r0,r29
  947  00001a90  8fc20004	lw	r2,4(r30)
  948  00001a94  ac220000	sw	(r1),r2
  949  00001a98  0fffff5c	jal	_dstrlen
  950  00001a9c  54000000	nop; delay slot nop
  951  00001aa0  23bd0008	addi	r29,r29,#8
  952  00001aa4  afc1fff4	sw	-12(r30),r1
  953  00001aa8          	L41_LF2:
  954  00001aa8  8fc10000	lw	r1,(r30)
  955  00001aac  90220000	lbu	r2,(r1)
  956  00001ab0  64410000	snei	r1,r2,#0
  957  00001ab4  1420000c	bnez	r1,L43_LF2
  958  00001ab8  54000000	nop; delay slot nop
  959  00001abc  08000060	j	L42_LF2
  960  00001ac0  54000000	nop; delay slot nop
  961  00001ac4          	L43_LF2:
  962  00001ac4  23bdfff0	addi	r29,r29,#-16
  963  00001ac8  001d0820	add	r1,r0,r29
  964  00001acc  8fc20000	lw	r2,(r30)
  965  00001ad0  ac220000	sw	(r1),r2
  966  00001ad4  8fc20004	lw	r2,4(r30)
  967  00001ad8  ac220004	sw	4(r1),r2
  968  00001adc  8fc2fff4	lw	r2,-12(r30)
  969  00001ae0  ac220008	sw	8(r1),r2
  970  00001ae4  0ffffdc0	jal	_dstrncmp
  971  00001ae8  54000000	nop; delay slot nop
  972  00001aec  23bd0010	addi	r29,r29,#16
  973  00001af0  64220000	snei	r2,r1,#0
  974  00001af4  14400010	bnez	r2,L44_LF2
  975  00001af8  54000000	nop; delay slot nop
  976  00001afc  8fc10000	lw	r1,(r30)
  977  00001b00  08000028	j	L40_LF2
  978  00001b04  54000000	nop; delay slot nop
  979  00001b08          	L44_LF2:
  980  00001b08  8fc20000	lw	r2,(r30)
  981  00001b0c  20410001	addi	r1,r2,#1
  982  00001b10  00011020	add	r2,r0,r1
  983  00001b14  afc20000	sw	(r30),r2
  984  00001b18  0bffff8c	j	L41_LF2
  985  00001b1c  54000000	nop; delay slot nop
  986  00001b20          	L42_LF2:
  987  00001b20  20010000	addi	r1,r0,#0
  988  00001b24  08000004	j	L40_LF2
  989  00001b28  54000000	nop; delay slot nop
  990  00001b2c          	L40_LF2:
  991  00001b2c  8fa20000	lw	r2,0(r29)
  992  00001b30  8fdffff8	lw	r31,-8(r30)
  993  00001b34  001ee820	add	r29,r0,r30
  994  00001b38  8fdefffc	lw	r30,-4(r30)
  995  00001b3c  4be00000	jr	r31
  996  00001b40  54000000	nop
  997  00001b44          	.endproc _dstrstr
  998  00001b44          	.align 2
  999  00001b44          	.proc _dmindex
 1000  00001b44          	.global _dmindex
 1001  00001b44          	_dmindex:
 1002                      ;  Function 'dmindex'; 8 bytes of locals, 1 regs to save.
 1003  00001b44  afbefffc	sw	-4(r29),r30; push fp
 1004  00001b48  001df020	add	r30,r0,r29; fp = sp
 1005  00001b4c  afbffff8	sw	-8(r29),r31; push ret addr
 1006  00001b50  2fbd0018	subui	r29,r29,#24; alloc local storage
 1007  00001b54  afa20000	sw	0(r29),r2
 1008  00001b58  54000000	nop
 1009  00001b5c          	L46_LF2:
 1010  00001b5c  8fc10000	lw	r1,(r30)
 1011  00001b60  90220000	lbu	r2,(r1)
 1012  00001b64  64410000	snei	r1,r2,#0
 1013  00001b68  1420000c	bnez	r1,L48_LF2
 1014  00001b6c  54000000	nop; delay slot nop
 1015  00001b70  08000070	j	L47_LF2
 1016  00001b74  54000000	nop; delay slot nop
 1017  00001b78          	L48_LF2:
 1018  00001b78  8fc10004	lw	r1,4(r30)
 1019  00001b7c  afc1fff4	sw	-12(r30),r1
 1020  00001b80          	L49_LF2:
 1021  00001b80  8fc1fff4	lw	r1,-12(r30)
 1022  00001b84  90220000	lbu	r2,(r1)
 1023  00001b88  64410000	snei	r1,r2,#0
 1024  00001b8c  1420000c	bnez	r1,L52_LF2
 1025  00001b90  54000000	nop; delay slot nop
 1026  00001b94  08000044	j	L50_LF2
 1027  00001b98  54000000	nop; delay slot nop
 1028  00001b9c          	L52_LF2:
 1029  00001b9c  8fc10000	lw	r1,(r30)
 1030  00001ba0  8fc2fff4	lw	r2,-12(r30)
 1031  00001ba4  90210000	lbu	r1,(r1)
 1032  00001ba8  90420000	lbu	r2,(r2)
 1033  00001bac  00220828	seq	r1,r1,r2
 1034  00001bb0  10200010	beqz	r1,L51_LF2
 1035  00001bb4  54000000	nop; delay slot nop
 1036  00001bb8  8fc10000	lw	r1,(r30)
 1037  00001bbc  08000030	j	L45_LF2
 1038  00001bc0  54000000	nop; delay slot nop
 1039  00001bc4          	L53_LF2:
 1040  00001bc4          	L51_LF2:
 1041  00001bc4  8fc2fff4	lw	r2,-12(r30)
 1042  00001bc8  20410001	addi	r1,r2,#1
 1043  00001bcc  00011020	add	r2,r0,r1
 1044  00001bd0  afc2fff4	sw	-12(r30),r2
 1045  00001bd4  0bffffa8	j	L49_LF2
 1046  00001bd8  54000000	nop; delay slot nop
 1047  00001bdc          	L50_LF2:
 1048  00001bdc  0bffff7c	j	L46_LF2
 1049  00001be0  54000000	nop; delay slot nop
 1050  00001be4          	L47_LF2:
 1051  00001be4  20010000	addi	r1,r0,#0
 1052  00001be8  08000004	j	L45_LF2
 1053  00001bec  54000000	nop; delay slot nop
 1054  00001bf0          	L45_LF2:
 1055  00001bf0  8fa20000	lw	r2,0(r29)
 1056  00001bf4  8fdffff8	lw	r31,-8(r30)
 1057  00001bf8  001ee820	add	r29,r0,r30
 1058  00001bfc  8fdefffc	lw	r30,-4(r30)
 1059  00001c00  4be00000	jr	r31
 1060  00001c04  54000000	nop
 1061  00001c08          	.endproc _dmindex
 1062  00001c08          	.align 2
 1063  00001c08          	.proc _dindex
 1064  00001c08          	.global _dindex
 1065  00001c08          	_dindex:
 1066                      ;  Function 'dindex'; 0 bytes of locals, 1 regs to save.
 1067  00001c08  afbefffc	sw	-4(r29),r30; push fp
 1068  00001c0c  001df020	add	r30,r0,r29; fp = sp
 1069  00001c10  afbffff8	sw	-8(r29),r31; push ret addr
 1070  00001c14  2fbd0010	subui	r29,r29,#16; alloc local storage
 1071  00001c18  afa20000	sw	0(r29),r2
 1072  00001c1c  54000000	nop
 1073  00001c20          	L55_LF2:
 1074  00001c20  8fc10000	lw	r1,(r30)
 1075  00001c24  90220000	lbu	r2,(r1)
 1076  00001c28  64410000	snei	r1,r2,#0
 1077  00001c2c  1420000c	bnez	r1,L57_LF2
 1078  00001c30  54000000	nop; delay slot nop
 1079  00001c34  08000040	j	L56_LF2
 1080  00001c38  54000000	nop; delay slot nop
 1081  00001c3c          	L57_LF2:
 1082  00001c3c  8fc10000	lw	r1,(r30)
 1083  00001c40  90220000	lbu	r2,(r1)
 1084  00001c44  8fc10004	lw	r1,4(r30)
 1085  00001c48  00411028	seq	r2,r2,r1
 1086  00001c4c  10400010	beqz	r2,L58_LF2
 1087  00001c50  54000000	nop; delay slot nop
 1088  00001c54  8fc10000	lw	r1,(r30)
 1089  00001c58  08000028	j	L54_LF2
 1090  00001c5c  54000000	nop; delay slot nop
 1091  00001c60          	L58_LF2:
 1092  00001c60  8fc20000	lw	r2,(r30)
 1093  00001c64  20410001	addi	r1,r2,#1
 1094  00001c68  00011020	add	r2,r0,r1
 1095  00001c6c  afc20000	sw	(r30),r2
 1096  00001c70  0bffffac	j	L55_LF2
 1097  00001c74  54000000	nop; delay slot nop
 1098  00001c78          	L56_LF2:
 1099  00001c78  20010000	addi	r1,r0,#0
 1100  00001c7c  08000004	j	L54_LF2
 1101  00001c80  54000000	nop; delay slot nop
 1102  00001c84          	L54_LF2:
 1103  00001c84  8fa20000	lw	r2,0(r29)
 1104  00001c88  8fdffff8	lw	r31,-8(r30)
 1105  00001c8c  001ee820	add	r29,r0,r30
 1106  00001c90  8fdefffc	lw	r30,-4(r30)
 1107  00001c94  4be00000	jr	r31
 1108  00001c98  54000000	nop
 1109  00001c9c          	.endproc _dindex
 1110  00001c9c          	.align 2
 1111  00001c9c          	.proc _ditoa
 1112  00001c9c          	.global _ditoa
 1113  00001c9c          	_ditoa:
 1114                      ;  Function 'ditoa'; 8 bytes of locals, 2 regs to save.
 1115  00001c9c  afbefffc	sw	-4(r29),r30; push fp
 1116  00001ca0  001df020	add	r30,r0,r29; fp = sp
 1117  00001ca4  afbffff8	sw	-8(r29),r31; push ret addr
 1118  00001ca8  2fbd0018	subui	r29,r29,#24; alloc local storage
 1119  00001cac  afa20000	sw	0(r29),r2
 1120  00001cb0  afa30004	sw	4(r29),r3
 1121  00001cb4  8fc10000	lw	r1,(r30)
 1122  00001cb8  68220000	slti	r2,r1,#0
 1123  00001cbc  1040002c	beqz	r2,L60_LF2
 1124  00001cc0  54000000	nop; delay slot nop
 1125  00001cc4  8fc10004	lw	r1,4(r30)
 1126  00001cc8  20220001	addi	r2,r1,#1
 1127  00001ccc  afc20004	sw	4(r30),r2
 1128  00001cd0  2002002d	addi	r2,r0,(#0x2d)&0xff
 1129  00001cd4  a0220000	sb	(r1),r2
 1130  00001cd8  8fc10000	lw	r1,(r30)
 1131  00001cdc  00011022	sub	r2,r0,r1
 1132  00001ce0  afc20000	sw	(r30),r2
 1133  00001ce4  08000118	j	L61_LF2
 1134  00001ce8  54000000	nop; delay slot nop
 1135  00001cec          	L60_LF2:
 1136  00001cec  8fc10000	lw	r1,(r30)
 1137  00001cf0  64220000	snei	r2,r1,#0
 1138  00001cf4  14400020	bnez	r2,L62_LF2
 1139  00001cf8  54000000	nop; delay slot nop
 1140  00001cfc  8fc10004	lw	r1,4(r30)
 1141  00001d00  20220001	addi	r2,r1,#1
 1142  00001d04  afc20004	sw	4(r30),r2
 1143  00001d08  20020030	addi	r2,r0,(#0x30)&0xff
 1144  00001d0c  a0220000	sb	(r1),r2
 1145  00001d10  080000ec	j	L61_LF2
 1146  00001d14  54000000	nop; delay slot nop
 1147  00001d18          	L62_LF2:
 1148  00001d18  20010001	addi	r1,r0,#1
 1149  00001d1c  afc1fff4	sw	-12(r30),r1
 1150  00001d20          	L64_LF2:
 1151  00001d20  8fc1fff4	lw	r1,-12(r30)
 1152  00001d24  8fc20000	lw	r2,(r30)
 1153  00001d28  0022082c	sle	r1,r1,r2
 1154  00001d2c  1420000c	bnez	r1,L66_LF2
 1155  00001d30  54000000	nop; delay slot nop
 1156  00001d34  08000024	j	L65_LF2
 1157  00001d38  54000000	nop; delay slot nop
 1158  00001d3c          	L67_LF2:
 1159  00001d3c          	L66_LF2:
 1160  00001d3c  8fc1fff4	lw	r1,-12(r30)
 1161  00001d40  00011820	add	r3,r0,r1
 1162  00001d44  50620002	slli	r2,r3,#0x2
 1163  00001d48  00411020	add	r2,r2,r1
 1164  00001d4c  50410001	slli	r1,r2,#0x1
 1165  00001d50  afc1fff4	sw	-12(r30),r1
 1166  00001d54  0bffffc8	j	L64_LF2
 1167  00001d58  54000000	nop; delay slot nop
 1168  00001d5c          	L65_LF2:
 1169  00001d5c  54000000	nop
 1170  00001d60          	L68_LF2:
 1171  00001d60  8fc1fff4	lw	r1,-12(r30)
 1172  00001d64  2002000a	addi	r2,r0,#10
 1173  00001d68  00200035	movi2fp	f0,r1
 1174  00001d6c  00400835	movi2fp	f1,r2
 1175  00001d70  0401000f	div	f0,f0,f1
 1176  00001d74  00000834	movfp2i	r1,f0
 1177  00001d78  afc1fff4	sw	-12(r30),r1
 1178  00001d7c  8fc10004	lw	r1,4(r30)
 1179  00001d80  20220001	addi	r2,r1,#1
 1180  00001d84  afc20004	sw	4(r30),r2
 1181  00001d88  8fc20000	lw	r2,(r30)
 1182  00001d8c  8fc3fff4	lw	r3,-12(r30)
 1183  00001d90  00400035	movi2fp	f0,r2
 1184  00001d94  00600835	movi2fp	f1,r3
 1185  00001d98  0401000f	div	f0,f0,f1
 1186  00001d9c  00001034	movfp2i	r2,f0
 1187  00001da0  00021820	add	r3,r0,r2
 1188  00001da4  20620030	addi	r2,r3,#48
 1189  00001da8  a0220000	sb	(r1),r2
 1190  00001dac  8fc10000	lw	r1,(r30)
 1191  00001db0  8fc3fff4	lw	r3,-12(r30)
 1192  00001db4  00200035	movi2fp	f0,r1
 1193  00001db8  00600835	movi2fp	f1,r3
 1194  00001dbc  0401000f	div	f0,f0,f1
 1195  00001dc0  00001034	movfp2i	r2,f0
 1196  00001dc4  8fc3fff4	lw	r3,-12(r30)
 1197  00001dc8  00400035	movi2fp	f0,r2
 1198  00001dcc  00600835	movi2fp	f1,r3
 1199  00001dd0  0401000e	mult	f0,f0,f1
 1200  00001dd4  00001034	movfp2i	r2,f0
 1201  00001dd8  00220822	sub	r1,r1,r2
 1202  00001ddc  afc10000	sw	(r30),r1
 1203  00001de0          	L70_LF2:
 1204  00001de0  8fc1fff4	lw	r1,-12(r30)
 1205  00001de4  6c220001	sgti	r2,r1,#1
 1206  00001de8  1440000c	bnez	r2,L71_LF2
 1207  00001dec  54000000	nop; delay slot nop
 1208  00001df0  0800000c	j	L61_LF2
 1209  00001df4  54000000	nop; delay slot nop
 1210  00001df8          	L71_LF2:
 1211  00001df8  0bffff64	j	L68_LF2
 1212  00001dfc  54000000	nop; delay slot nop
 1213  00001e00          	L69_LF2:
 1214  00001e00          	L63_LF2:
 1215  00001e00          	L61_LF2:
 1216  00001e00  8fc10004	lw	r1,4(r30)
 1217  00001e04  20020000	addi	r2,r0,(#0x0)&0xff
 1218  00001e08  a0220000	sb	(r1),r2
 1219  00001e0c          	L59_LF2:
 1220  00001e0c  8fa20000	lw	r2,0(r29)
 1221  00001e10  8fa30004	lw	r3,4(r29)
 1222  00001e14  8fdffff8	lw	r31,-8(r30)
 1223  00001e18  001ee820	add	r29,r0,r30
 1224  00001e1c  8fdefffc	lw	r30,-4(r30)
 1225  00001e20  4be00000	jr	r31
 1226  00001e24  54000000	nop
 1227  00001e28          	.endproc _ditoa
 1228  00001e28          	.align 2
 1229  00001e28          	.proc _dstrtol
 1230  00001e28          	.global _dstrtol
 1231  00001e28          	_dstrtol:
 1232                      ;  Function 'dstrtol'; 16 bytes of locals, 1 regs to save.
 1233  00001e28  afbefffc	sw	-4(r29),r30; push fp
 1234  00001e2c  001df020	add	r30,r0,r29; fp = sp
 1235  00001e30  afbffff8	sw	-8(r29),r31; push ret addr
 1236  00001e34  2fbd0020	subui	r29,r29,#32; alloc local storage
 1237  00001e38  afa20000	sw	0(r29),r2
 1238  00001e3c  20010000	addi	r1,r0,#0
 1239  00001e40  afc1fff4	sw	-12(r30),r1
 1240  00001e44          	L73_LF2:
 1241  00001e44  8fc10000	lw	r1,(r30)
 1242  00001e48  90220000	lbu	r2,(r1)
 1243  00001e4c  60410020	seqi	r1,r2,#32
 1244  00001e50  14200034	bnez	r1,L75_LF2
 1245  00001e54  54000000	nop; delay slot nop
 1246  00001e58  8fc10000	lw	r1,(r30)
 1247  00001e5c  90220000	lbu	r2,(r1)
 1248  00001e60  60410009	seqi	r1,r2,#9
 1249  00001e64  14200020	bnez	r1,L75_LF2
 1250  00001e68  54000000	nop; delay slot nop
 1251  00001e6c  8fc10000	lw	r1,(r30)
 1252  00001e70  90220000	lbu	r2,(r1)
 1253  00001e74  6041000a	seqi	r1,r2,#10
 1254  00001e78  1420000c	bnez	r1,L75_LF2
 1255  00001e7c  54000000	nop; delay slot nop
 1256  00001e80  0800001c	j	L74_LF2
 1257  00001e84  54000000	nop; delay slot nop
 1258  00001e88          	L75_LF2:
 1259  00001e88  8fc20000	lw	r2,(r30)
 1260  00001e8c  20410001	addi	r1,r2,#1
 1261  00001e90  00011020	add	r2,r0,r1
 1262  00001e94  afc20000	sw	(r30),r2
 1263  00001e98  0bffffa8	j	L73_LF2
 1264  00001e9c  54000000	nop; delay slot nop
 1265  00001ea0          	L74_LF2:
 1266  00001ea0  8fc10004	lw	r1,4(r30)
 1267  00001ea4  64220000	snei	r2,r1,#0
 1268  00001ea8  10400010	beqz	r2,L76_LF2
 1269  00001eac  54000000	nop; delay slot nop
 1270  00001eb0  8fc10004	lw	r1,4(r30)
 1271  00001eb4  8fc20000	lw	r2,(r30)
 1272  00001eb8  ac220000	sw	(r1),r2
 1273  00001ebc          	L76_LF2:
 1274  00001ebc  8fc10000	lw	r1,(r30)
 1275  00001ec0  90220000	lbu	r2,(r1)
 1276  00001ec4  64410000	snei	r1,r2,#0
 1277  00001ec8  14200010	bnez	r1,L77_LF2
 1278  00001ecc  54000000	nop; delay slot nop
 1279  00001ed0  8fc1fff4	lw	r1,-12(r30)
 1280  00001ed4  08000294	j	L72_LF2
 1281  00001ed8  54000000	nop; delay slot nop
 1282  00001edc          	L77_LF2:
 1283  00001edc  8fc10000	lw	r1,(r30)
 1284  00001ee0  90220000	lbu	r2,(r1)
 1285  00001ee4  6041002d	seqi	r1,r2,#45
 1286  00001ee8  10200024	beqz	r1,L78_LF2
 1287  00001eec  54000000	nop; delay slot nop
 1288  00001ef0  2001ffff	addi	r1,r0,#-1
 1289  00001ef4  afc1ffec	sw	-20(r30),r1
 1290  00001ef8  8fc20000	lw	r2,(r30)
 1291  00001efc  20410001	addi	r1,r2,#1
 1292  00001f00  00011020	add	r2,r0,r1
 1293  00001f04  afc20000	sw	(r30),r2
 1294  00001f08  0800000c	j	L79_LF2
 1295  00001f0c  54000000	nop; delay slot nop
 1296  00001f10          	L78_LF2:
 1297  00001f10  20010001	addi	r1,r0,#1
 1298  00001f14  afc1ffec	sw	-20(r30),r1
 1299  00001f18          	L79_LF2:
 1300  00001f18  8fc10008	lw	r1,8(r30)
 1301  00001f1c  64220000	snei	r2,r1,#0
 1302  00001f20  14400090	bnez	r2,L80_LF2
 1303  00001f24  54000000	nop; delay slot nop
 1304  00001f28  8fc10000	lw	r1,(r30)
 1305  00001f2c  90220000	lbu	r2,(r1)
 1306  00001f30  60410030	seqi	r1,r2,#48
 1307  00001f34  10200074	beqz	r1,L81_LF2
 1308  00001f38  54000000	nop; delay slot nop
 1309  00001f3c  8fc20000	lw	r2,(r30)
 1310  00001f40  20410001	addi	r1,r2,#1
 1311  00001f44  00011020	add	r2,r0,r1
 1312  00001f48  afc20000	sw	(r30),r2
 1313  00001f4c  8fc10000	lw	r1,(r30)
 1314  00001f50  90220000	lbu	r2,(r1)
 1315  00001f54  60410078	seqi	r1,r2,#120
 1316  00001f58  14200020	bnez	r1,L83_LF2
 1317  00001f5c  54000000	nop; delay slot nop
 1318  00001f60  8fc10000	lw	r1,(r30)
 1319  00001f64  90220000	lbu	r2,(r1)
 1320  00001f68  60410058	seqi	r1,r2,#88
 1321  00001f6c  1420000c	bnez	r1,L83_LF2
 1322  00001f70  54000000	nop; delay slot nop
 1323  00001f74  08000024	j	L82_LF2
 1324  00001f78  54000000	nop; delay slot nop
 1325  00001f7c          	L83_LF2:
 1326  00001f7c  20010010	addi	r1,r0,#16
 1327  00001f80  afc10008	sw	8(r30),r1
 1328  00001f84  8fc20000	lw	r2,(r30)
 1329  00001f88  20410001	addi	r1,r2,#1
 1330  00001f8c  00011020	add	r2,r0,r1
 1331  00001f90  afc20000	sw	(r30),r2
 1332  00001f94  0800000c	j	L84_LF2
 1333  00001f98  54000000	nop; delay slot nop
 1334  00001f9c          	L82_LF2:
 1335  00001f9c  20010008	addi	r1,r0,#8
 1336  00001fa0  afc10008	sw	8(r30),r1
 1337  00001fa4          	L84_LF2:
 1338  00001fa4  0800000c	j	L80_LF2
 1339  00001fa8  54000000	nop; delay slot nop
 1340  00001fac          	L81_LF2:
 1341  00001fac  2001000a	addi	r1,r0,#10
 1342  00001fb0  afc10008	sw	8(r30),r1
 1343  00001fb4          	L85_LF2:
 1344  00001fb4          	L80_LF2:
 1345  00001fb4  8fc10008	lw	r1,8(r30)
 1346  00001fb8  70220000	slei	r2,r1,#0
 1347  00001fbc  1440001c	bnez	r2,L87_LF2
 1348  00001fc0  54000000	nop; delay slot nop
 1349  00001fc4  8fc10008	lw	r1,8(r30)
 1350  00001fc8  6c220010	sgti	r2,r1,#16
 1351  00001fcc  1440000c	bnez	r2,L87_LF2
 1352  00001fd0  54000000	nop; delay slot nop
 1353  00001fd4  08000010	j	L86_LF2
 1354  00001fd8  54000000	nop; delay slot nop
 1355  00001fdc          	L87_LF2:
 1356  00001fdc  8fc1fff4	lw	r1,-12(r30)
 1357  00001fe0  08000188	j	L72_LF2
 1358  00001fe4  54000000	nop; delay slot nop
 1359  00001fe8          	L86_LF2:
 1360  00001fe8  54000000	nop
 1361  00001fec          	L88_LF2:
 1362  00001fec  8fc10000	lw	r1,(r30)
 1363  00001ff0  90220000	lbu	r2,(r1)
 1364  00001ff4  6c41002f	sgtui	r1,r2,#47
 1365  00001ff8  10200030	beqz	r1,L91_LF2
 1366  00001ffc  54000000	nop; delay slot nop
 1367  00002000  8fc10000	lw	r1,(r30)
 1368  00002004  90220000	lbu	r2,(r1)
 1369  00002008  70410039	sleui	r1,r2,#57
 1370  0000200c  1020001c	beqz	r1,L91_LF2
 1371  00002010  54000000	nop; delay slot nop
 1372  00002014  8fc10000	lw	r1,(r30)
 1373  00002018  90220000	lbu	r2,(r1)
 1374  0000201c  2041ffd0	addi	r1,r2,#-48
 1375  00002020  afc1fff0	sw	-16(r30),r1
 1376  00002024  0800008c	j	L92_LF2
 1377  00002028  54000000	nop; delay slot nop
 1378  0000202c          	L91_LF2:
 1379  0000202c  8fc10000	lw	r1,(r30)
 1380  00002030  90220000	lbu	r2,(r1)
 1381  00002034  6c410060	sgtui	r1,r2,#96
 1382  00002038  10200030	beqz	r1,L93_LF2
 1383  0000203c  54000000	nop; delay slot nop
 1384  00002040  8fc10000	lw	r1,(r30)
 1385  00002044  90220000	lbu	r2,(r1)
 1386  00002048  7041007a	sleui	r1,r2,#122
 1387  0000204c  1020001c	beqz	r1,L93_LF2
 1388  00002050  54000000	nop; delay slot nop
 1389  00002054  8fc10000	lw	r1,(r30)
 1390  00002058  90220000	lbu	r2,(r1)
 1391  0000205c  2041ffa9	addi	r1,r2,#-87
 1392  00002060  afc1fff0	sw	-16(r30),r1
 1393  00002064  0800004c	j	L92_LF2
 1394  00002068  54000000	nop; delay slot nop
 1395  0000206c          	L93_LF2:
 1396  0000206c  8fc10000	lw	r1,(r30)
 1397  00002070  90220000	lbu	r2,(r1)
 1398  00002074  6c410040	sgtui	r1,r2,#64
 1399  00002078  10200030	beqz	r1,L95_LF2
 1400  0000207c  54000000	nop; delay slot nop
 1401  00002080  8fc10000	lw	r1,(r30)
 1402  00002084  90220000	lbu	r2,(r1)
 1403  00002088  7041005a	sleui	r1,r2,#90
 1404  0000208c  1020001c	beqz	r1,L95_LF2
 1405  00002090  54000000	nop; delay slot nop
 1406  00002094  8fc10000	lw	r1,(r30)
 1407  00002098  90220000	lbu	r2,(r1)
 1408  0000209c  2041ffc9	addi	r1,r2,#-55
 1409  000020a0  afc1fff0	sw	-16(r30),r1
 1410  000020a4  0800000c	j	L92_LF2
 1411  000020a8  54000000	nop; delay slot nop
 1412  000020ac          	L95_LF2:
 1413  000020ac  200103e8	addi	r1,r0,#1000
 1414  000020b0  afc1fff0	sw	-16(r30),r1
 1415  000020b4          	L96_LF2:
 1416  000020b4          	L94_LF2:
 1417  000020b4          	L92_LF2:
 1418  000020b4  8fc1fff0	lw	r1,-16(r30)
 1419  000020b8  8fc20008	lw	r2,8(r30)
 1420  000020bc  0022082a	slt	r1,r1,r2
 1421  000020c0  10200040	beqz	r1,L90_LF2
 1422  000020c4  54000000	nop; delay slot nop
 1423  000020c8  8fc1fff4	lw	r1,-12(r30)
 1424  000020cc  8fc20008	lw	r2,8(r30)
 1425  000020d0  00200035	movi2fp	f0,r1
 1426  000020d4  00400835	movi2fp	f1,r2
 1427  000020d8  0401000e	mult	f0,f0,f1
 1428  000020dc  00000834	movfp2i	r1,f0
 1429  000020e0  afc1fff4	sw	-12(r30),r1
 1430  000020e4  8fc1fff4	lw	r1,-12(r30)
 1431  000020e8  8fc2fff0	lw	r2,-16(r30)
 1432  000020ec  00220820	add	r1,r1,r2
 1433  000020f0  afc1fff4	sw	-12(r30),r1
 1434  000020f4  8fc20000	lw	r2,(r30)
 1435  000020f8  20410001	addi	r1,r2,#1
 1436  000020fc  00011020	add	r2,r0,r1
 1437  00002100  afc20000	sw	(r30),r2
 1438  00002104          	L97_LF2:
 1439  00002104          	L90_LF2:
 1440  00002104  8fc1fff0	lw	r1,-16(r30)
 1441  00002108  8fc20008	lw	r2,8(r30)
 1442  0000210c  0022082a	slt	r1,r1,r2
 1443  00002110  1420000c	bnez	r1,L98_LF2
 1444  00002114  54000000	nop; delay slot nop
 1445  00002118  0800000c	j	L89_LF2
 1446  0000211c  54000000	nop; delay slot nop
 1447  00002120          	L98_LF2:
 1448  00002120  0bfffec8	j	L88_LF2
 1449  00002124  54000000	nop; delay slot nop
 1450  00002128          	L89_LF2:
 1451  00002128  8fc10004	lw	r1,4(r30)
 1452  0000212c  64220000	snei	r2,r1,#0
 1453  00002130  10400010	beqz	r2,L99_LF2
 1454  00002134  54000000	nop; delay slot nop
 1455  00002138  8fc10004	lw	r1,4(r30)
 1456  0000213c  8fc20000	lw	r2,(r30)
 1457  00002140  ac220000	sw	(r1),r2
 1458  00002144          	L99_LF2:
 1459  00002144  8fc1fff4	lw	r1,-12(r30)
 1460  00002148  8fc2ffec	lw	r2,-20(r30)
 1461  0000214c  00200035	movi2fp	f0,r1
 1462  00002150  00400835	movi2fp	f1,r2
 1463  00002154  0401000e	mult	f0,f0,f1
 1464  00002158  00000834	movfp2i	r1,f0
 1465  0000215c  afc1fff4	sw	-12(r30),r1
 1466  00002160  8fc1fff4	lw	r1,-12(r30)
 1467  00002164  08000004	j	L72_LF2
 1468  00002168  54000000	nop; delay slot nop
 1469  0000216c          	L72_LF2:
 1470  0000216c  8fa20000	lw	r2,0(r29)
 1471  00002170  8fdffff8	lw	r31,-8(r30)
 1472  00002174  001ee820	add	r29,r0,r30
 1473  00002178  8fdefffc	lw	r30,-4(r30)
 1474  0000217c  4be00000	jr	r31
 1475  00002180  54000000	nop
 1476  00002184          	.endproc _dstrtol
 1477  00002184          	.align 2
 1478  00002184          	.proc _bcopy
 1479  00002184          	.global _bcopy
 1480  00002184          	_bcopy:
 1481                      ;  Function 'bcopy'; 0 bytes of locals, 2 regs to save.
 1482  00002184  afbefffc	sw	-4(r29),r30; push fp
 1483  00002188  001df020	add	r30,r0,r29; fp = sp
 1484  0000218c  afbffff8	sw	-8(r29),r31; push ret addr
 1485  00002190  2fbd0010	subui	r29,r29,#16; alloc local storage
 1486  00002194  afa20000	sw	0(r29),r2
 1487  00002198  afa30004	sw	4(r29),r3
 1488  0000219c  54000000	nop
 1489  000021a0          	L101_LF2:
 1490  000021a0  8fc10008	lw	r1,8(r30)
 1491  000021a4  2022ffff	addi	r2,r1,#-1
 1492  000021a8  afc20008	sw	8(r30),r2
 1493  000021ac  6c210000	sgti	r1,r1,#0
 1494  000021b0  1420000c	bnez	r1,L103_LF2
 1495  000021b4  54000000	nop; delay slot nop
 1496  000021b8  0800002c	j	L102_LF2
 1497  000021bc  54000000	nop; delay slot nop
 1498  000021c0          	L103_LF2:
 1499  000021c0  8fc10004	lw	r1,4(r30)
 1500  000021c4  20220001	addi	r2,r1,#1
 1501  000021c8  afc20004	sw	4(r30),r2
 1502  000021cc  8fc20000	lw	r2,(r30)
 1503  000021d0  20430001	addi	r3,r2,#1
 1504  000021d4  afc30000	sw	(r30),r3
 1505  000021d8  80420000	lb	r2,(r2)
 1506  000021dc  a0220000	sb	(r1),r2
 1507  000021e0  0bffffbc	j	L101_LF2
 1508  000021e4  54000000	nop; delay slot nop
 1509  000021e8          	L102_LF2:
 1510  000021e8          	L100_LF2:
 1511  000021e8  8fa20000	lw	r2,0(r29)
 1512  000021ec  8fa30004	lw	r3,4(r29)
 1513  000021f0  8fdffff8	lw	r31,-8(r30)
 1514  000021f4  001ee820	add	r29,r0,r30
 1515  000021f8  8fdefffc	lw	r30,-4(r30)
 1516  000021fc  4be00000	jr	r31
 1517  00002200  54000000	nop
 1518  00002204          	.endproc _bcopy
 1519  00002204          	.align 2
 1520  00002204          	.proc _bzero
 1521  00002204          	.global _bzero
 1522  00002204          	_bzero:
 1523                      ;  Function 'bzero'; 0 bytes of locals, 1 regs to save.
 1524  00002204  afbefffc	sw	-4(r29),r30; push fp
 1525  00002208  001df020	add	r30,r0,r29; fp = sp
 1526  0000220c  afbffff8	sw	-8(r29),r31; push ret addr
 1527  00002210  2fbd0010	subui	r29,r29,#16; alloc local storage
 1528  00002214  afa20000	sw	0(r29),r2
 1529  00002218  54000000	nop
 1530  0000221c          	L105_LF2:
 1531  0000221c  8fc10004	lw	r1,4(r30)
 1532  00002220  2022ffff	addi	r2,r1,#-1
 1533  00002224  afc20004	sw	4(r30),r2
 1534  00002228  6c210000	sgti	r1,r1,#0
 1535  0000222c  1420000c	bnez	r1,L107_LF2
 1536  00002230  54000000	nop; delay slot nop
 1537  00002234  08000020	j	L106_LF2
 1538  00002238  54000000	nop; delay slot nop
 1539  0000223c          	L107_LF2:
 1540  0000223c  8fc10000	lw	r1,(r30)
 1541  00002240  20220001	addi	r2,r1,#1
 1542  00002244  afc20000	sw	(r30),r2
 1543  00002248  20020000	addi	r2,r0,(#0x0)&0xff
 1544  0000224c  a0220000	sb	(r1),r2
 1545  00002250  0bffffc8	j	L105_LF2
 1546  00002254  54000000	nop; delay slot nop
 1547  00002258          	L106_LF2:
 1548  00002258          	L104_LF2:
 1549  00002258  8fa20000	lw	r2,0(r29)
 1550  0000225c  8fdffff8	lw	r31,-8(r30)
 1551  00002260  001ee820	add	r29,r0,r30
 1552  00002264  8fdefffc	lw	r30,-4(r30)
 1553  00002268  4be00000	jr	r31
 1554  0000226c  54000000	nop
 1555  00002270          	.endproc _bzero
 1556  00002270          	.align 2
 1557  00002270          	.proc _min
 1558  00002270          	.global _min
 1559  00002270          	_min:
 1560                      ;  Function 'min'; 0 bytes of locals, 2 regs to save.
 1561  00002270  afbefffc	sw	-4(r29),r30; push fp
 1562  00002274  001df020	add	r30,r0,r29; fp = sp
 1563  00002278  afbffff8	sw	-8(r29),r31; push ret addr
 1564  0000227c  2fbd0010	subui	r29,r29,#16; alloc local storage
 1565  00002280  afa20000	sw	0(r29),r2
 1566  00002284  afa30004	sw	4(r29),r3
 1567  00002288  8fc10000	lw	r1,(r30)
 1568  0000228c  8fc20004	lw	r2,4(r30)
 1569  00002290  0022182c	sle	r3,r1,r2
 1570  00002294  14600008	bnez	r3,L109_LF2
 1571  00002298  54000000	nop; delay slot nop
 1572  0000229c  8fc10004	lw	r1,4(r30)
 1573  000022a0          	L109_LF2:
 1574  000022a0  08000004	j	L108_LF2
 1575  000022a4  54000000	nop; delay slot nop
 1576  000022a8          	L108_LF2:
 1577  000022a8  8fa20000	lw	r2,0(r29)
 1578  000022ac  8fa30004	lw	r3,4(r29)
 1579  000022b0  8fdffff8	lw	r31,-8(r30)
 1580  000022b4  001ee820	add	r29,r0,r30
 1581  000022b8  8fdefffc	lw	r30,-4(r30)
 1582  000022bc  4be00000	jr	r31
 1583  000022c0  54000000	nop
 1584  000022c4          	.endproc _min
 1585                      ;;; Ethan L. Miller, 1999.  Released to the public domain
 1586                      ;;;
 1587                      ;;; Most of the traps are called in files from libtraps.
 1590  000022c4          	.align 2
 1591  000022c4          	.proc _exit
 1592  000022c4          	.global _exit
 1593  000022c4          	_exit:
 1594  000022c4  44000300	trap	#0x300
 1595  000022c8  4be00000	jr	r31
 1596  000022cc  54000000	nop
 1597  000022d0          	.endproc _exit
 1599                      ; for the benefit of gcc.
 1600  000022d0          	.proc ___main
 1601  000022d0          	.global ___main
 1602  000022d0          	___main:
 1603  000022d0  4be00000	jr	r31
 1604  000022d4  54000000	nop
 1605  000022d8          	.endproc ___main
 1606  000022d8          	.text
 1607  000022d8          	.global _etext
 1608  000022d8          	_etext:
 1609  000022d8          	.align 3
 1610  000022d8          	.data
 1611  00003086          	.global _edata
 1612  00003086          	_edata:
